        "_raw": "11/03/2018 09:51:48 PM\nLogName=Security\nSourceName=Microsoft Windows security auditing.\nEventCode=4674\nEventType=0\nType=Information\nComputerName=employee-01.corp.wheelzapp.com\nTaskCategory=Sensitive Privilege Use\nOpCode=Info\nRecordNumber=232415\nKeywords=Audit Success\nMessage=An operation was attempted on a privileged object.\n\nSubject:\n\tSecurity ID:\t\tCORP\\bsakamoto\n\tAccount Name:\t\tbsakamoto\n\tAccount Domain:\t\tCORP\n\tLogon ID:\t\t0xB87FF2\n\nObject:\n\tObject Server:\tSecurity\n\tObject Type:\t-\n\tObject Name:\t-\n\tObject Handle:\t0x1268\n\nProcess Information:\n\tProcess ID:\t0x778\n\tProcess Name:\tC:\\Windows\\explorer.exe\n\nRequested Operation:\n\tDesired Access:\t1048577\n\tPrivileges:\t\tSeBackupPrivilege",
        "_serial": "227263",
        "_si": [
          "index01",
          "main"
        ],
        "_time": "2018-11-03 21:51:48.000 UTC",
        "host": "t1-corp-employee-01",
        "index": "main",
        "linecount": "32",
        "source": "WinEventLog:Security",
        "sourcetype": "WinEventLog",
        "splunk_server": "index01"
      },
      {
        "Message": "An operation was attempted on a privileged object.\n\nSubject:\n\tSecurity ID:\t\tCORP\\bsakamoto\n\tAccount Name:\t\tbsakamoto\n\tAccount Domain:\t\tCORP\n\tLogon ID:\t\t0xB87FF2\n\nObject:\n\tObject Server:\tSecurity\n\tObject Type:\t-\n\tObject Name:\t-\n\tObject Handle:\t0x1268\n\nProcess Information:\n\tProcess ID:\t0x778\n\tProcess Name:\tC:\\Windows\\explorer.exe\n\nRequested Operation:\n\tDesired Access:\t1048577\n\tPrivileges:\t\tSeBackupPrivilege",
        "_bkt": "main~46~B135F5F1-8761-4D6B-9993-723ECD8DFAF7",
        "_cd": "46:210950195",
        "_indextime": "1541281909",
        "_pre_msg": "11/03/2018 09:51:48 PM\nLogName=Security\nSourceName=Microsoft Windows security auditing.\nEventCode=4674\nEventType=0\nType=Information\nComputerName=employee-01.corp.wheelzapp.com\nTaskCategory=Sensitive Privilege Use\nOpCode=Info\nRecordNumber=232414\nKeywords=Audit Success",
        "_raw": "11/03/2018 09:51:48 PM\nLogName=Security\nSourceName=Microsoft Windows security auditing.\nEventCode=4674\nEventType=0\nType=Information\nComputerName=employee-01.corp.wheelzapp.com\nTaskCategory=Sensitive Privilege Use\nOpCode=Info\nRecordNumber=232414\nKeywords=Audit Success\nMessage=An operation was attempted on a privileged object.\n\nSubject:\n\tSecurity ID:\t\tCORP\\bsakamoto\n\tAccount Name:\t\tbsakamoto\n\tAccount Domain:\t\tCORP\n\tLogon ID:\t\t0xB87FF2\n\nObject:\n\tObject Server:\tSecurity\n\tObject Type:\t-\n\tObject Name:\t-\n\tObject Handle:\t0x1268\n\nProcess Information:\n\tProcess ID:\t0x778\n\tProcess Name:\tC:\\Windows\\explorer.exe\n\nRequested Operation:\n\tDesired Access:\t1048577\n\tPrivileges:\t\tSeBackupPrivilege",
        "_serial": "227264",
        "_si": [
          "index01",
          "main"
        ],
        "_time": "2018-11-03 21:51:48.000 UTC",
        "host": "t1-corp-employee-01",
        "index": "main",
        "linecount": "32",
        "source": "WinEventLog:Security",
        "sourcetype": "WinEventLog",
        "splunk_server": "index01"
      },
      {
        "Message": "An operation was attempted on a privileged object.\n\nSubject:\n\tSecurity ID:\t\tCORP\\bsakamoto\n\tAccount Name:\t\tbsakamoto\n\tAccount Domain:\t\tCORP\n\tLogon ID:\t\t0xB87FF2\n\nObject:\n\tObject Server:\tSecurity\n\tObject Type:\t-\n\tObject Name:\t-\n\tObject Handle:\t0x1268\n\nProcess Information:\n\tProcess ID:\t0x778\n\tProcess Name:\tC:\\Windows\\explorer.exe\n\nRequested Operation:\n\tDesired Access:\t1048577\n\tPrivileges:\t\tSeBackupPrivilege",
        "_bkt": "main~46~B135F5F1-8761-4D6B-9993-723ECD8DFAF7",
        "_cd": "46:210950171",
        "_indextime": "1541281909",
        "_pre_msg": "11/03/2018 09:51:48 PM\nLogName=Security\nSourceName=Microsoft Windows security auditing.\nEventCode=4674\nEventType=0\nType=Information\nComputerName=employee-01.corp.wheelzapp.com\nTaskCategory=Sensitive Privilege Use\nOpCode=Info\nRecordNumber=232413\nKeywords=Audit Success",
        "_raw": "11/03/2018 09:51:48 PM\nLogName=Security\nSourceName=Microsoft Windows security auditing.\nEventCode=4674\nEventType=0\nType=Information\nComputerName=employee-01.corp.wheelzapp.com\nTaskCategory=Sensitive Privilege Use\nOpCode=Info\nRecordNumber=232413\nKeywords=Audit Success\nMessage=An operation was attempted on a privileged object.\n\nSubject:\n\tSecurity ID:\t\tCORP\\bsakamoto\n\tAccount Name:\t\tbsakamoto\n\tAccount Domain:\t\tCORP\n\tLogon ID:\t\t0xB87FF2\n\nObject:\n\tObject Server:\tSecurity\n\tObject Type:\t-\n\tObject Name:\t-\n\tObject Handle:\t0x1268\n\nProcess Information:\n\tProcess ID:\t0x778\n\tProcess Name:\tC:\\Windows\\explorer.exe\n\nRequested Operation:\n\tDesired Access:\t1048577\n\tPrivileges:\t\tSeBackupPrivilege",
        "_serial": "227265",
        "_si": [
          "index01",
          "main"
        ],
        "_time": "2018-11-03 21:51:48.000 UTC",
        "host": "t1-corp-employee-01",
        "index": "main",
        "linecount": "32",
        "source": "WinEventLog:Security",
        "sourcetype": "WinEventLog",
        "splunk_server": "index01"
      },
      {
        "Message": "An operation was attempted on a privileged object.\n\nSubject:\n\tSecurity ID:\t\tCORP\\bsakamoto\n\tAccount Name:\t\tbsakamoto\n\tAccount Domain:\t\tCORP\n\tLogon ID:\t\t0xB87FF2\n\nObject:\n\tObject Server:\tSecurity\n\tObject Type:\t-\n\tObject Name:\t-\n\tObject Handle:\t0x1268\n\nProcess Information:\n\tProcess ID:\t0x778\n\tProcess Name:\tC:\\Windows\\explorer.exe\n\nRequested Operation:\n\tDesired Access:\t1048577\n\tPrivileges:\t\tSeBackupPrivilege",
        "_bkt": "main~46~B135F5F1-8761-4D6B-9993-723ECD8DFAF7",
        "_cd": "46:210950147",
        "_indextime": "1541281909",
        "_pre_msg": "11/03/2018 09:51:48 PM\nLogName=Security\nSourceName=Microsoft Windows security auditing.\nEventCode=4674\nEventType=0\nType=Information\nComputerName=employee-01.corp.wheelzapp.com\nTaskCategory=Sensitive Privilege Use\nOpCode=Info\nRecordNumber=232412\nKeywords=Audit Success",
        "_raw": "11/03/2018 09:51:48 PM\nLogName=Security\nSourceName=Microsoft Windows security auditing.\nEventCode=4674\nEventType=0\nType=Information\nComputerName=employee-01.corp.wheelzapp.com\nTaskCategory=Sensitive Privilege Use\nOpCode=Info\nRecordNumber=232412\nKeywords=Audit Success\nMessage=An operation was attempted on a privileged object.\n\nSubject:\n\tSecurity ID:\t\tCORP\\bsakamoto\n\tAccount Name:\t\tbsakamoto\n\tAccount Domain:\t\tCORP\n\tLogon ID:\t\t0xB87FF2\n\nObject:\n\tObject Server:\tSecurity\n\tObject Type:\t-\n\tObject Name:\t-\n\tObject Handle:\t0x1268\n\nProcess Information:\n\tProcess ID:\t0x778\n\tProcess Name:\tC:\\Windows\\explorer.exe\n\nRequested Operation:\n\tDesired Access:\t1048577\n\tPrivileges:\t\tSeBackupPrivilege",
        "_serial": "227266",
        "_si": [
          "index01",
          "main"
        ],
        "_time": "2018-11-03 21:51:48.000 UTC",
        "host": "t1-corp-employee-01",
        "index": "main",
        "linecount": "32",
        "source": "WinEventLog:Security",
        "sourcetype": "WinEventLog",
        "splunk_server": "index01"
      },
      {
        "Message": "An operation was attempted on a privileged object.\n\nSubject:\n\tSecurity ID:\t\tCORP\\bsakamoto\n\tAccount Name:\t\tbsakamoto\n\tAccount Domain:\t\tCORP\n\tLogon ID:\t\t0xB87FF2\n\nObject:\n\tObject Server:\tSecurity\n\tObject Type:\t-\n\tObject Name:\t-\n\tObject Handle:\t0x1268\n\nProcess Information:\n\tProcess ID:\t0x778\n\tProcess Name:\tC:\\Windows\\explorer.exe\n\nRequested Operation:\n\tDesired Access:\t1048577\n\tPrivileges:\t\tSeBackupPrivilege",
        "_bkt": "main~46~B135F5F1-8761-4D6B-9993-723ECD8DFAF7",
        "_cd": "46:210950123",
        "_indextime": "1541281909",
        "_pre_msg": "11/03/2018 09:51:48 PM\nLogName=Security\nSourceName=Microsoft Windows security auditing.\nEventCode=4674\nEventType=0\nType=Information\nComputerName=employee-01.corp.wheelzapp.com\nTaskCategory=Sensitive Privilege Use\nOpCode=Info\nRecordNumber=232411\nKeywords=Audit Success",
        "_raw": "11/03/2018 09:51:48 PM\nLogName=Security\nSourceName=Microsoft Windows security auditing.\nEventCode=4674\nEventType=0\nType=Information\nComputerName=employee-01.corp.wheelzapp.com\nTaskCategory=Sensitive Privilege Use\nOpCode=Info\nRecordNumber=232411\nKeywords=Audit Success\nMessage=An operation was attempted on a privileged object.\n\nSubject:\n\tSecurity ID:\t\tCORP\\bsakamoto\n\tAccount Name:\t\tbsakamoto\n\tAccount Domain:\t\tCORP\n\tLogon ID:\t\t0xB87FF2\n\nObject:\n\tObject Server:\tSecurity\n\tObject Type:\t-\n\tObject Name:\t-\n\tObject Handle:\t0x1268\n\nProcess Information:\n\tProcess ID:\t0x778\n\tProcess Name:\tC:\\Windows\\explorer.exe\n\nRequested Operation:\n\tDesired Access:\t1048577\n\tPrivileges:\t\tSeBackupPrivilege",
        "_serial": "227267",
        "_si": [
          "index01",
          "main"
        ],
        "_time": "2018-11-03 21:51:48.000 UTC",
        "host": "t1-corp-employee-01",
        "index": "main",
        "linecount": "32",
        "source": "WinEventLog:Security",
        "sourcetype": "WinEventLog",
        "splunk_server": "index01"
      },
      {
        "Message": "An operation was attempted on a privileged object.\n\nSubject:\n\tSecurity ID:\t\tCORP\\bsakamoto\n\tAccount Name:\t\tbsakamoto\n\tAccount Domain:\t\tCORP\n\tLogon ID:\t\t0xB87FF2\n\nObject:\n\tObject Server:\tSecurity\n\tObject Type:\t-\n\tObject Name:\t-\n\tObject Handle:\t0x1268\n\nProcess Information:\n\tProcess ID:\t0x778\n\tProcess Name:\tC:\\Windows\\explorer.exe\n\nRequested Operation:\n\tDesired Access:\t1048577\n\tPrivileges:\t\tSeBackupPrivilege",
        "_bkt": "main~46~B135F5F1-8761-4D6B-9993-723ECD8DFAF7",
        "_cd": "46:210950099",
        "_indextime": "1541281909",
        "_pre_msg": "11/03/2018 09:51:48 PM\nLogName=Security\nSourceName=Microsoft Windows security auditing.\nEventCode=4674\nEventType=0\nType=Information\nComputerName=employee-01.corp.wheelzapp.com\nTaskCategory=Sensitive Privilege Use\nOpCode=Info\nRecordNumber=232410\nKeywords=Audit Success",
        "_raw": "11/03/2018 09:51:48 PM\nLogName=Security\nSourceName=Microsoft Windows security auditing.\nEventCode=4674\nEventType=0\nType=Information\nComputerName=employee-01.corp.wheelzapp.com\nTaskCategory=Sensitive Privilege Use\nOpCode=Info\nRecordNumber=232410\nKeywords=Audit Success\nMessage=An operation was attempted on a privileged object.\n\nSubject:\n\tSecurity ID:\t\tCORP\\bsakamoto\n\tAccount Name:\t\tbsakamoto\n\tAccount Domain:\t\tCORP\n\tLogon ID:\t\t0xB87FF2\n\nObject:\n\tObject Server:\tSecurity\n\tObject Type:\t-\n\tObject Name:\t-\n\tObject Handle:\t0x1268\n\nProcess Information:\n\tProcess ID:\t0x778\n\tProcess Name:\tC:\\Windows\\explorer.exe\n\nRequested Operation:\n\tDesired Access:\t1048577\n\tPrivileges:\t\tSeBackupPrivilege",
        "_serial": "227268",
        "_si": [
          "index01",
          "main"
        ],
        "_time": "2018-11-03 21:51:48.000 UTC",
        "host": "t1-corp-employee-01",
        "index": "main",
        "linecount": "32",
        "source": "WinEventLog:Security",
        "sourcetype": "WinEventLog",
        "splunk_server": "index01"
      },
      {
        "Message": "An operation was attempted on a privileged object.\n\nSubject:\n\tSecurity ID:\t\tCORP\\bsakamoto\n\tAccount Name:\t\tbsakamoto\n\tAccount Domain:\t\tCORP\n\tLogon ID:\t\t0xB87FF2\n\nObject:\n\tObject Server:\tSecurity\n\tObject Type:\t-\n\tObject Name:\t-\n\tObject Handle:\t0x1268\n\nProcess Information:\n\tProcess ID:\t0x778\n\tProcess Name:\tC:\\Windows\\explorer.exe\n\nRequested Operation:\n\tDesired Access:\t1048577\n\tPrivileges:\t\tSeBackupPrivilege",
        "_bkt": "main~46~B135F5F1-8761-4D6B-9993-723ECD8DFAF7",
        "_cd": "46:210950075",
        "_indextime": "1541281909",
        "_pre_msg": "11/03/2018 09:51:48 PM\nLogName=Security\nSourceName=Microsoft Windows security auditing.\nEventCode=4674\nEventType=0\nType=Information\nComputerName=employee-01.corp.wheelzapp.com\nTaskCategory=Sensitive Privilege Use\nOpCode=Info\nRecordNumber=232409\nKeywords=Audit Success",
        "_raw": "11/03/2018 09:51:48 PM\nLogName=Security\nSourceName=Microsoft Windows security auditing.\nEventCode=4674\nEventType=0\nType=Information\nComputerName=employee-01.corp.wheelzapp.com\nTaskCategory=Sensitive Privilege Use\nOpCode=Info\nRecordNumber=232409\nKeywords=Audit Success\nMessage=An operation was attempted on a privileged object.\n\nSubject:\n\tSecurity ID:\t\tCORP\\bsakamoto\n\tAccount Name:\t\tbsakamoto\n\tAccount Domain:\t\tCORP\n\tLogon ID:\t\t0xB87FF2\n\nObject:\n\tObject Server:\tSecurity\n\tObject Type:\t-\n\tObject Name:\t-\n\tObject Handle:\t0x1268\n\nProcess Information:\n\tProcess ID:\t0x778\n\tProcess Name:\tC:\\Windows\\explorer.exe\n\nRequested Operation:\n\tDesired Access:\t1048577\n\tPrivileges:\t\tSeBackupPrivilege",
        "_serial": "227269",
        "_si": [
          "index01",
          "main"
        ],
        "_time": "2018-11-03 21:51:48.000 UTC",
        "host": "t1-corp-employee-01",
        "index": "main",
        "linecount": "32",
        "source": "WinEventLog:Security",
        "sourcetype": "WinEventLog",
        "splunk_server": "index01"
      },
      {
        "Message": "An operation was attempted on a privileged object.\n\nSubject:\n\tSecurity ID:\t\tCORP\\bsakamoto\n\tAccount Name:\t\tbsakamoto\n\tAccount Domain:\t\tCORP\n\tLogon ID:\t\t0xB87FF2\n\nObject:\n\tObject Server:\tSecurity\n\tObject Type:\t-\n\tObject Name:\t-\n\tObject Handle:\t0x1268\n\nProcess Information:\n\tProcess ID:\t0x778\n\tProcess Name:\tC:\\Windows\\explorer.exe\n\nRequested Operation:\n\tDesired Access:\t1048577\n\tPrivileges:\t\tSeBackupPrivilege",
        "_bkt": "main~46~B135F5F1-8761-4D6B-9993-723ECD8DFAF7",
        "_cd": "46:210948507",
        "_indextime": "1541281909",
        "_pre_msg": "11/03/2018 09:51:48 PM\nLogName=Security\nSourceName=Microsoft Windows security auditing.\nEventCode=4674\nEventType=0\nType=Information\nComputerName=employee-01.corp.wheelzapp.com\nTaskCategory=Sensitive Privilege Use\nOpCode=Info\nRecordNumber=232408\nKeywords=Audit Success",
        "_raw": "11/03/2018 09:51:48 PM\nLogName=Security\nSourceName=Microsoft Windows security auditing.\nEventCode=4674\nEventType=0\nType=Information\nComputerName=employee-01.corp.wheelzapp.com\nTaskCategory=Sensitive Privilege Use\nOpCode=Info\nRecordNumber=232408\nKeywords=Audit Success\nMessage=An operation was attempted on a privileged object.\n\nSubject:\n\tSecurity ID:\t\tCORP\\bsakamoto\n\tAccount Name:\t\tbsakamoto\n\tAccount Domain:\t\tCORP\n\tLogon ID:\t\t0xB87FF2\n\nObject:\n\tObject Server:\tSecurity\n\tObject Type:\t-\n\tObject Name:\t-\n\tObject Handle:\t0x1268\n\nProcess Information:\n\tProcess ID:\t0x778\n\tProcess Name:\tC:\\Windows\\explorer.exe\n\nRequested Operation:\n\tDesired Access:\t1048577\n\tPrivileges:\t\tSeBackupPrivilege",
        "_serial": "227270",
        "_si": [
          "index01",
          "main"
        ],
        "_time": "2018-11-03 21:51:48.000 UTC",
        "host": "t1-corp-employee-01",
        "index": "main",
        "linecount": "32",
        "source": "WinEventLog:Security",
        "sourcetype": "WinEventLog",
        "splunk_server": "index01"
      },
      {
        "Message": "The handle to an object was closed.\n\nSubject :\n\tSecurity ID:\t\tCORP\\bsakamoto\n\tAccount Name:\t\tbsakamoto\n\tAccount Domain:\t\tCORP\n\tLogon ID:\t\t0xB87FF2\n\nObject:\n\tObject Server:\t\tSecurity\n\tHandle ID:\t\t0x128\n\nProcess Information:\n\tProcess ID:\t\t0x1734\n\tProcess Name:\t\tC:\\Windows\\SysWOW64\\dllhost.exe",
        "_bkt": "main~46~B135F5F1-8761-4D6B-9993-723ECD8DFAF7",
        "_cd": "46:210948487",
        "_indextime": "1541281909",
        "_pre_msg": "11/03/2018 09:51:48 PM\nLogName=Security\nSourceName=Microsoft Windows security auditing.\nEventCode=4658\nEventType=0\nType=Information\nComputerName=employee-01.corp.wheelzapp.com\nTaskCategory=Kernel Object\nOpCode=Info\nRecordNumber=232407\nKeywords=Audit Success",
        "_raw": "11/03/2018 09:51:48 PM\nLogName=Security\nSourceName=Microsoft Windows security auditing.\nEventCode=4658\nEventType=0\nType=Information\nComputerName=employee-01.corp.wheelzapp.com\nTaskCategory=Kernel Object\nOpCode=Info\nRecordNumber=232407\nKeywords=Audit Success\nMessage=The handle to an object was closed.\n\nSubject :\n\tSecurity ID:\t\tCORP\\bsakamoto\n\tAccount Name:\t\tbsakamoto\n\tAccount Domain:\t\tCORP\n\tLogon ID:\t\t0xB87FF2\n\nObject:\n\tObject Server:\t\tSecurity\n\tHandle ID:\t\t0x128\n\nProcess Information:\n\tProcess ID:\t\t0x1734\n\tProcess Name:\t\tC:\\Windows\\SysWOW64\\dllhost.exe",
        "_serial": "227271",
        "_si": [
          "index01",
          "main"
        ],
        "_time": "2018-11-03 21:51:48.000 UTC",
        "host": "t1-corp-employee-01",
        "index": "main",
        "linecount": "26",
        "source": "WinEventLog:Security",
        "sourcetype": "WinEventLog",
        "splunk_server": "index01"
      },
      {
        "Message": "A process has exited.\n\nSubject:\n\tSecurity ID:\t\tCORP\\bsakamoto\n\tAccount Name:\t\tbsakamoto\n\tAccount Domain:\t\tCORP\n\tLogon ID:\t\t0xB87FF2\n\nProcess Information:\n\tProcess ID:\t0x1734\n\tProcess Name:\tC:\\Windows\\SysWOW64\\dllhost.exe\n\tExit Status:\t0x0",
        "_bkt": "main~46~B135F5F1-8761-4D6B-9993-723ECD8DFAF7",
        "_cd": "46:210948469",
        "_indextime": "1541281909",
        "_pre_msg": "11/03/2018 09:51:48 PM\nLogName=Security\nSourceName=Microsoft Windows security auditing.\nEventCode=4689\nEventType=0\nType=Information\nComputerName=employee-01.corp.wheelzapp.com\nTaskCategory=Process Termination\nOpCode=Info\nRecordNumber=232406\nKeywords=Audit Success",
        "_raw": "11/03/2018 09:51:48 PM\nLogName=Security\nSourceName=Microsoft Windows security auditing.\nEventCode=4689\nEventType=0\nType=Information\nComputerName=employee-01.corp.wheelzapp.com\nTaskCategory=Process Termination\nOpCode=Info\nRecordNumber=232406\nKeywords=Audit Success\nMessage=A process has exited.\n\nSubject:\n\tSecurity ID:\t\tCORP\\bsakamoto\n\tAccount Name:\t\tbsakamoto\n\tAccount Domain:\t\tCORP\n\tLogon ID:\t\t0xB87FF2\n\nProcess Information:\n\tProcess ID:\t0x1734\n\tProcess Name:\tC:\\Windows\\SysWOW64\\dllhost.exe\n\tExit Status:\t0x0",
        "_serial": "227272",
        "_si": [
          "index01",
          "main"
        ],
        "_time": "2018-11-03 21:51:48.000 UTC",
        "host": "t1-corp-employee-01",
        "index": "main",
        "linecount": "23",
        "source": "WinEventLog:Security",
        "sourcetype": "WinEventLog",
        "splunk_server": "index01"
      },
      {
        "Message": "The handle to an object was closed.\n\nSubject :\n\tSecurity ID:\t\tCORP\\bsakamoto\n\tAccount Name:\t\tbsakamoto\n\tAccount Domain:\t\tCORP\n\tLogon ID:\t\t0xB87FF2\n\nObject:\n\tObject Server:\t\tSecurity\n\tHandle ID:\t\t0x19c\n\nProcess Information:\n\tProcess ID:\t\t0x1734\n\tProcess Name:\t\tC:\\Windows\\SysWOW64\\dllhost.exe",
        "_bkt": "main~46~B135F5F1-8761-4D6B-9993-723ECD8DFAF7",
        "_cd": "46:210948449",
        "_indextime": "1541281909",
        "_pre_msg": "11/03/2018 09:51:48 PM\nLogName=Security\nSourceName=Microsoft Windows security auditing.\nEventCode=4658\nEventType=0\nType=Information\nComputerName=employee-01.corp.wheelzapp.com\nTaskCategory=Kernel Object\nOpCode=Info\nRecordNumber=232405\nKeywords=Audit Success",
        "_raw": "11/03/2018 09:51:48 PM\nLogName=Security\nSourceName=Microsoft Windows security auditing.\nEventCode=4658\nEventType=0\nType=Information\nComputerName=employee-01.corp.wheelzapp.com\nTaskCategory=Kernel Object\nOpCode=Info\nRecordNumber=232405\nKeywords=Audit Success\nMessage=The handle to an object was closed.\n\nSubject :\n\tSecurity ID:\t\tCORP\\bsakamoto\n\tAccount Name:\t\tbsakamoto\n\tAccount Domain:\t\tCORP\n\tLogon ID:\t\t0xB87FF2\n\nObject:\n\tObject Server:\t\tSecurity\n\tHandle ID:\t\t0x19c\n\nProcess Information:\n\tProcess ID:\t\t0x1734\n\tProcess Name:\t\tC:\\Windows\\SysWOW64\\dllhost.exe",
        "_serial": "227273",
        "_si": [
          "index01",
          "main"
        ],
        "_time": "2018-11-03 21:51:48.000 UTC",
        "host": "t1-corp-employee-01",
        "index": "main",
        "linecount": "26",
        "source": "WinEventLog:Security",
        "sourcetype": "WinEventLog",
        "splunk_server": "index01"
      },
      {
        "Message": "An operation was attempted on a privileged object.\n\nSubject:\n\tSecurity ID:\t\tCORP\\bsakamoto\n\tAccount Name:\t\tbsakamoto\n\tAccount Domain:\t\tCORP\n\tLogon ID:\t\t0xB87FF2\n\nObject:\n\tObject Server:\tSecurity\n\tObject Type:\t-\n\tObject Name:\t-\n\tObject Handle:\t0x10c0\n\nProcess Information:\n\tProcess ID:\t0x778\n\tProcess Name:\tC:\\Windows\\explorer.exe\n\nRequested Operation:\n\tDesired Access:\t1048577\n\tPrivileges:\t\tSeBackupPrivilege",
        "_bkt": "main~46~B135F5F1-8761-4D6B-9993-723ECD8DFAF7",
        "_cd": "46:210948425",
        "_indextime": "1541281909",
        "_pre_msg": "11/03/2018 09:51:48 PM\nLogName=Security\nSourceName=Microsoft Windows security auditing.\nEventCode=4674\nEventType=0\nType=Information\nComputerName=employee-01.corp.wheelzapp.com\nTaskCategory=Sensitive Privilege Use\nOpCode=Info\nRecordNumber=232404\nKeywords=Audit Success",
        "_raw": "11/03/2018 09:51:48 PM\nLogName=Security\nSourceName=Microsoft Windows security auditing.\nEventCode=4674\nEventType=0\nType=Information\nComputerName=employee-01.corp.wheelzapp.com\nTaskCategory=Sensitive Privilege Use\nOpCode=Info\nRecordNumber=232404\nKeywords=Audit Success\nMessage=An operation was attempted on a privileged object.\n\nSubject:\n\tSecurity ID:\t\tCORP\\bsakamoto\n\tAccount Name:\t\tbsakamoto\n\tAccount Domain:\t\tCORP\n\tLogon ID:\t\t0xB87FF2\n\nObject:\n\tObject Server:\tSecurity\n\tObject Type:\t-\n\tObject Name:\t-\n\tObject Handle:\t0x10c0\n\nProcess Information:\n\tProcess ID:\t0x778\n\tProcess Name:\tC:\\Windows\\explorer.exe\n\nRequested Operation:\n\tDesired Access:\t1048577\n\tPrivileges:\t\tSeBackupPrivilege",
        "_serial": "227274",
        "_si": [
          "index01",
          "main"
        ],
        "_time": "2018-11-03 21:51:48.000 UTC",
        "host": "t1-corp-employee-01",
        "index": "main",
        "linecount": "32",
        "source": "WinEventLog:Security",
        "sourcetype": "WinEventLog",
        "splunk_server": "index01"
      },
      {
        "Message": "An operation was attempted on a privileged object.\n\nSubject:\n\tSecurity ID:\t\tCORP\\bsakamoto\n\tAccount Name:\t\tbsakamoto\n\tAccount Domain:\t\tCORP\n\tLogon ID:\t\t0xB87FF2\n\nObject:\n\tObject Server:\tSecurity\n\tObject Type:\t-\n\tObject Name:\t-\n\tObject Handle:\t0xfcc\n\nProcess Information:\n\tProcess ID:\t0x778\n\tProcess Name:\tC:\\Windows\\explorer.exe\n\nRequested Operation:\n\tDesired Access:\t1048577\n\tPrivileges:\t\tSeBackupPrivilege",
        "_bkt": "main~46~B135F5F1-8761-4D6B-9993-723ECD8DFAF7",
        "_cd": "46:210948401",
        "_indextime": "1541281909",
        "_pre_msg": "11/03/2018 09:51:48 PM\nLogName=Security\nSourceName=Microsoft Windows security auditing.\nEventCode=4674\nEventType=0\nType=Information\nComputerName=employee-01.corp.wheelzapp.com\nTaskCategory=Sensitive Privilege Use\nOpCode=Info\nRecordNumber=232403\nKeywords=Audit Success",
        "_raw": "11/03/2018 09:51:48 PM\nLogName=Security\nSourceName=Microsoft Windows security auditing.\nEventCode=4674\nEventType=0\nType=Information\nComputerName=employee-01.corp.wheelzapp.com\nTaskCategory=Sensitive Privilege Use\nOpCode=Info\nRecordNumber=232403\nKeywords=Audit Success\nMessage=An operation was attempted on a privileged object.\n\nSubject:\n\tSecurity ID:\t\tCORP\\bsakamoto\n\tAccount Name:\t\tbsakamoto\n\tAccount Domain:\t\tCORP\n\tLogon ID:\t\t0xB87FF2\n\nObject:\n\tObject Server:\tSecurity\n\tObject Type:\t-\n\tObject Name:\t-\n\tObject Handle:\t0xfcc\n\nProcess Information:\n\tProcess ID:\t0x778\n\tProcess Name:\tC:\\Windows\\explorer.exe\n\nRequested Operation:\n\tDesired Access:\t1048577\n\tPrivileges:\t\tSeBackupPrivilege",
        "_serial": "227275",
        "_si": [
          "index01",
          "main"
        ],
        "_time": "2018-11-03 21:51:48.000 UTC",
        "host": "t1-corp-employee-01",
        "index": "main",
        "linecount": "32",
        "source": "WinEventLog:Security",
        "sourcetype": "WinEventLog",
        "splunk_server": "index01"
      },
      {
        "Message": "An operation was attempted on a privileged object.\n\nSubject:\n\tSecurity ID:\t\tCORP\\bsakamoto\n\tAccount Name:\t\tbsakamoto\n\tAccount Domain:\t\tCORP\n\tLogon ID:\t\t0xB87FF2\n\nObject:\n\tObject Server:\tSecurity\n\tObject Type:\t-\n\tObject Name:\t-\n\tObject Handle:\t0xfcc\n\nProcess Information:\n\tProcess ID:\t0x778\n\tProcess Name:\tC:\\Windows\\explorer.exe\n\nRequested Operation:\n\tDesired Access:\t1048577\n\tPrivileges:\t\tSeBackupPrivilege",
        "_bkt": "main~46~B135F5F1-8761-4D6B-9993-723ECD8DFAF7",
        "_cd": "46:210948377",
        "_indextime": "1541281909",
        "_pre_msg": "11/03/2018 09:51:48 PM\nLogName=Security\nSourceName=Microsoft Windows security auditing.\nEventCode=4674\nEventType=0\nType=Information\nComputerName=employee-01.corp.wheelzapp.com\nTaskCategory=Sensitive Privilege Use\nOpCode=Info\nRecordNumber=232402\nKeywords=Audit Success",
        "_raw": "11/03/2018 09:51:48 PM\nLogName=Security\nSourceName=Microsoft Windows security auditing.\nEventCode=4674\nEventType=0\nType=Information\nComputerName=employee-01.corp.wheelzapp.com\nTaskCategory=Sensitive Privilege Use\nOpCode=Info\nRecordNumber=232402\nKeywords=Audit Success\nMessage=An operation was attempted on a privileged object.\n\nSubject:\n\tSecurity ID:\t\tCORP\\bsakamoto\n\tAccount Name:\t\tbsakamoto\n\tAccount Domain:\t\tCORP\n\tLogon ID:\t\t0xB87FF2\n\nObject:\n\tObject Server:\tSecurity\n\tObject Type:\t-\n\tObject Name:\t-\n\tObject Handle:\t0xfcc\n\nProcess Information:\n\tProcess ID:\t0x778\n\tProcess Name:\tC:\\Windows\\explorer.exe\n\nRequested Operation:\n\tDesired Access:\t1048577\n\tPrivileges:\t\tSeBackupPrivilege",
        "_serial": "227276",
        "_si": [
          "index01",
          "main"
        ],
        "_time": "2018-11-03 21:51:48.000 UTC",
        "host": "t1-corp-employee-01",
        "index": "main",
        "linecount": "32",
        "source": "WinEventLog:Security",
        "sourcetype": "WinEventLog",
        "splunk_server": "index01"
      },
      {
        "Message": "An operation was attempted on a privileged object.\n\nSubject:\n\tSecurity ID:\t\tCORP\\bsakamoto\n\tAccount Name:\t\tbsakamoto\n\tAccount Domain:\t\tCORP\n\tLogon ID:\t\t0xB87FF2\n\nObject:\n\tObject Server:\tSecurity\n\tObject Type:\t-\n\tObject Name:\t-\n\tObject Handle:\t0xfcc\n\nProcess Information:\n\tProcess ID:\t0x778\n\tProcess Name:\tC:\\Windows\\explorer.exe\n\nRequested Operation:\n\tDesired Access:\t1048577\n\tPrivileges:\t\tSeBackupPrivilege",
        "_bkt": "main~46~B135F5F1-8761-4D6B-9993-723ECD8DFAF7",
        "_cd": "46:210948353",
        "_indextime": "1541281909",
        "_pre_msg": "11/03/2018 09:51:48 PM\nLogName=Security\nSourceName=Microsoft Windows security auditing.\nEventCode=4674\nEventType=0\nType=Information\nComputerName=employee-01.corp.wheelzapp.com\nTaskCategory=Sensitive Privilege Use\nOpCode=Info\nRecordNumber=232401\nKeywords=Audit Success",
        "_raw": "11/03/2018 09:51:48 PM\nLogName=Security\nSourceName=Microsoft Windows security auditing.\nEventCode=4674\nEventType=0\nType=Information\nComputerName=employee-01.corp.wheelzapp.com\nTaskCategory=Sensitive Privilege Use\nOpCode=Info\nRecordNumber=232401\nKeywords=Audit Success\nMessage=An operation was attempted on a privileged object.\n\nSubject:\n\tSecurity ID:\t\tCORP\\bsakamoto\n\tAccount Name:\t\tbsakamoto\n\tAccount Domain:\t\tCORP\n\tLogon ID:\t\t0xB87FF2\n\nObject:\n\tObject Server:\tSecurity\n\tObject Type:\t-\n\tObject Name:\t-\n\tObject Handle:\t0xfcc\n\nProcess Information:\n\tProcess ID:\t0x778\n\tProcess Name:\tC:\\Windows\\explorer.exe\n\nRequested Operation:\n\tDesired Access:\t1048577\n\tPrivileges:\t\tSeBackupPrivilege",
        "_serial": "227277",
        "_si": [
          "index01",
          "main"
        ],
        "_time": "2018-11-03 21:51:48.000 UTC",
        "host": "t1-corp-employee-01",
        "index": "main",
        "linecount": "32",
        "source": "WinEventLog:Security",
        "sourcetype": "WinEventLog",
        "splunk_server": "index01"
      },
      {
        "Message": "An operation was attempted on a privileged object.\n\nSubject:\n\tSecurity ID:\t\tCORP\\bsakamoto\n\tAccount Name:\t\tbsakamoto\n\tAccount Domain:\t\tCORP\n\tLogon ID:\t\t0xB87FF2\n\nObject:\n\tObject Server:\tSecurity\n\tObject Type:\t-\n\tObject Name:\t-\n\tObject Handle:\t0xfcc\n\nProcess Information:\n\tProcess ID:\t0x778\n\tProcess Name:\tC:\\Windows\\explorer.exe\n\nRequested Operation:\n\tDesired Access:\t1048577\n\tPrivileges:\t\tSeBackupPrivilege",
        "_bkt": "main~46~B135F5F1-8761-4D6B-9993-723ECD8DFAF7",
        "_cd": "46:210948329",
        "_indextime": "1541281909",
        "_pre_msg": "11/03/2018 09:51:48 PM\nLogName=Security\nSourceName=Microsoft Windows security auditing.\nEventCode=4674\nEventType=0\nType=Information\nComputerName=employee-01.corp.wheelzapp.com\nTaskCategory=Sensitive Privilege Use\nOpCode=Info\nRecordNumber=232400\nKeywords=Audit Success",
        "_raw": "11/03/2018 09:51:48 PM\nLogName=Security\nSourceName=Microsoft Windows security auditing.\nEventCode=4674\nEventType=0\nType=Information\nComputerName=employee-01.corp.wheelzapp.com\nTaskCategory=Sensitive Privilege Use\nOpCode=Info\nRecordNumber=232400\nKeywords=Audit Success\nMessage=An operation was attempted on a privileged object.\n\nSubject:\n\tSecurity ID:\t\tCORP\\bsakamoto\n\tAccount Name:\t\tbsakamoto\n\tAccount Domain:\t\tCORP\n\tLogon ID:\t\t0xB87FF2\n\nObject:\n\tObject Server:\tSecurity\n\tObject Type:\t-\n\tObject Name:\t-\n\tObject Handle:\t0xfcc\n\nProcess Information:\n\tProcess ID:\t0x778\n\tProcess Name:\tC:\\Windows\\explorer.exe\n\nRequested Operation:\n\tDesired Access:\t1048577\n\tPrivileges:\t\tSeBackupPrivilege",
        "_serial": "227278",
        "_si": [
          "index01",
          "main"
        ],
        "_time": "2018-11-03 21:51:48.000 UTC",
        "host": "t1-corp-employee-01",
        "index": "main",
        "linecount": "32",
        "source": "WinEventLog:Security",
        "sourcetype": "WinEventLog",
        "splunk_server": "index01"
      },
      {
        "Message": "An operation was attempted on a privileged object.\n\nSubject:\n\tSecurity ID:\t\tCORP\\bsakamoto\n\tAccount Name:\t\tbsakamoto\n\tAccount Domain:\t\tCORP\n\tLogon ID:\t\t0xB87FF2\n\nObject:\n\tObject Server:\tSecurity\n\tObject Type:\t-\n\tObject Name:\t-\n\tObject Handle:\t0xfcc\n\nProcess Information:\n\tProcess ID:\t0x778\n\tProcess Name:\tC:\\Windows\\explorer.exe\n\nRequested Operation:\n\tDesired Access:\t1048577\n\tPrivileges:\t\tSeBackupPrivilege",
        "_bkt": "main~46~B135F5F1-8761-4D6B-9993-723ECD8DFAF7",
        "_cd": "46:210948305",
        "_indextime": "1541281909",
        "_pre_msg": "11/03/2018 09:51:48 PM\nLogName=Security\nSourceName=Microsoft Windows security auditing.\nEventCode=4674\nEventType=0\nType=Information\nComputerName=employee-01.corp.wheelzapp.com\nTaskCategory=Sensitive Privilege Use\nOpCode=Info\nRecordNumber=232399\nKeywords=Audit Success",
        "_raw": "11/03/2018 09:51:48 PM\nLogName=Security\nSourceName=Microsoft Windows security auditing.\nEventCode=4674\nEventType=0\nType=Information\nComputerName=employee-01.corp.wheelzapp.com\nTaskCategory=Sensitive Privilege Use\nOpCode=Info\nRecordNumber=232399\nKeywords=Audit Success\nMessage=An operation was attempted on a privileged object.\n\nSubject:\n\tSecurity ID:\t\tCORP\\bsakamoto\n\tAccount Name:\t\tbsakamoto\n\tAccount Domain:\t\tCORP\n\tLogon ID:\t\t0xB87FF2\n\nObject:\n\tObject Server:\tSecurity\n\tObject Type:\t-\n\tObject Name:\t-\n\tObject Handle:\t0xfcc\n\nProcess Information:\n\tProcess ID:\t0x778\n\tProcess Name:\tC:\\Windows\\explorer.exe\n\nRequested Operation:\n\tDesired Access:\t1048577\n\tPrivileges:\t\tSeBackupPrivilege",
        "_serial": "227279",
        "_si": [
          "index01",
          "main"
        ],
        "_time": "2018-11-03 21:51:48.000 UTC",
        "host": "t1-corp-employee-01",
        "index": "main",
        "linecount": "32",
        "source": "WinEventLog:Security",
        "sourcetype": "WinEventLog",
        "splunk_server": "index01"
      },
      {
        "Message": "An operation was attempted on a privileged object.\n\nSubject:\n\tSecurity ID:\t\tCORP\\bsakamoto\n\tAccount Name:\t\tbsakamoto\n\tAccount Domain:\t\tCORP\n\tLogon ID:\t\t0xB87FF2\n\nObject:\n\tObject Server:\tSecurity\n\tObject Type:\t-\n\tObject Name:\t-\n\tObject Handle:\t0xfcc\n\nProcess Information:\n\tProcess ID:\t0x778\n\tProcess Name:\tC:\\Windows\\explorer.exe\n\nRequested Operation:\n\tDesired Access:\t1048577\n\tPrivileges:\t\tSeBackupPrivilege",
        "_bkt": "main~46~B135F5F1-8761-4D6B-9993-723ECD8DFAF7",
        "_cd": "46:210948281",
        "_indextime": "1541281909",
        "_pre_msg": "11/03/2018 09:51:48 PM\nLogName=Security\nSourceName=Microsoft Windows security auditing.\nEventCode=4674\nEventType=0\nType=Information\nComputerName=employee-01.corp.wheelzapp.com\nTaskCategory=Sensitive Privilege Use\nOpCode=Info\nRecordNumber=232398\nKeywords=Audit Success",
        "_raw": "11/03/2018 09:51:48 PM\nLogName=Security\nSourceName=Microsoft Windows security auditing.\nEventCode=4674\nEventType=0\nType=Information\nComputerName=employee-01.corp.wheelzapp.com\nTaskCategory=Sensitive Privilege Use\nOpCode=Info\nRecordNumber=232398\nKeywords=Audit Success\nMessage=An operation was attempted on a privileged object.\n\nSubject:\n\tSecurity ID:\t\tCORP\\bsakamoto\n\tAccount Name:\t\tbsakamoto\n\tAccount Domain:\t\tCORP\n\tLogon ID:\t\t0xB87FF2\n\nObject:\n\tObject Server:\tSecurity\n\tObject Type:\t-\n\tObject Name:\t-\n\tObject Handle:\t0xfcc\n\nProcess Information:\n\tProcess ID:\t0x778\n\tProcess Name:\tC:\\Windows\\explorer.exe\n\nRequested Operation:\n\tDesired Access:\t1048577\n\tPrivileges:\t\tSeBackupPrivilege",
        "_serial": "227280",
        "_si": [
          "index01",
          "main"
        ],
        "_time": "2018-11-03 21:51:48.000 UTC",
        "host": "t1-corp-employee-01",
        "index": "main",
        "linecount": "32",
        "source": "WinEventLog:Security",
        "sourcetype": "WinEventLog",
        "splunk_server": "index01"
      },
      {
        "Message": "An operation was attempted on a privileged object.\n\nSubject:\n\tSecurity ID:\t\tCORP\\bsakamoto\n\tAccount Name:\t\tbsakamoto\n\tAccount Domain:\t\tCORP\n\tLogon ID:\t\t0xB87FF2\n\nObject:\n\tObject Server:\tSecurity\n\tObject Type:\t-\n\tObject Name:\t-\n\tObject Handle:\t0x10c0\n\nProcess Information:\n\tProcess ID:\t0x778\n\tProcess Name:\tC:\\Windows\\explorer.exe\n\nRequested Operation:\n\tDesired Access:\t1048577\n\tPrivileges:\t\tSeBackupPrivilege",
        "_bkt": "main~46~B135F5F1-8761-4D6B-9993-723ECD8DFAF7",
        "_cd": "46:210948257",
        "_indextime": "1541281909",
        "_pre_msg": "11/03/2018 09:51:48 PM\nLogName=Security\nSourceName=Microsoft Windows security auditing.\nEventCode=4674\nEventType=0\nType=Information\nComputerName=employee-01.corp.wheelzapp.com\nTaskCategory=Sensitive Privilege Use\nOpCode=Info\nRecordNumber=232397\nKeywords=Audit Success",
        "_raw": "11/03/2018 09:51:48 PM\nLogName=Security\nSourceName=Microsoft Windows security auditing.\nEventCode=4674\nEventType=0\nType=Information\nComputerName=employee-01.corp.wheelzapp.com\nTaskCategory=Sensitive Privilege Use\nOpCode=Info\nRecordNumber=232397\nKeywords=Audit Success\nMessage=An operation was attempted on a privileged object.\n\nSubject:\n\tSecurity ID:\t\tCORP\\bsakamoto\n\tAccount Name:\t\tbsakamoto\n\tAccount Domain:\t\tCORP\n\tLogon ID:\t\t0xB87FF2\n\nObject:\n\tObject Server:\tSecurity\n\tObject Type:\t-\n\tObject Name:\t-\n\tObject Handle:\t0x10c0\n\nProcess Information:\n\tProcess ID:\t0x778\n\tProcess Name:\tC:\\Windows\\explorer.exe\n\nRequested Operation:\n\tDesired Access:\t1048577\n\tPrivileges:\t\tSeBackupPrivilege",
        "_serial": "227281",
        "_si": [
          "index01",
          "main"
        ],
        "_time": "2018-11-03 21:51:48.000 UTC",
        "host": "t1-corp-employee-01",
        "index": "main",
        "linecount": "32",
        "source": "WinEventLog:Security",
        "sourcetype": "WinEventLog",
        "splunk_server": "index01"
      },
      {
        "Message": "An operation was attempted on a privileged object.\n\nSubject:\n\tSecurity ID:\t\tCORP\\bsakamoto\n\tAccount Name:\t\tbsakamoto\n\tAccount Domain:\t\tCORP\n\tLogon ID:\t\t0xB87FF2\n\nObject:\n\tObject Server:\tSecurity\n\tObject Type:\t-\n\tObject Name:\t-\n\tObject Handle:\t0x10c0\n\nProcess Information:\n\tProcess ID:\t0x778\n\tProcess Name:\tC:\\Windows\\explorer.exe\n\nRequested Operation:\n\tDesired Access:\t1048577\n\tPrivileges:\t\tSeBackupPrivilege",
        "_bkt": "main~46~B135F5F1-8761-4D6B-9993-723ECD8DFAF7",
        "_cd": "46:210948233",
        "_indextime": "1541281909",
        "_pre_msg": "11/03/2018 09:51:48 PM\nLogName=Security\nSourceName=Microsoft Windows security auditing.\nEventCode=4674\nEventType=0\nType=Information\nComputerName=employee-01.corp.wheelzapp.com\nTaskCategory=Sensitive Privilege Use\nOpCode=Info\nRecordNumber=232396\nKeywords=Audit Success",
        "_raw": "11/03/2018 09:51:48 PM\nLogName=Security\nSourceName=Microsoft Windows security auditing.\nEventCode=4674\nEventType=0\nType=Information\nComputerName=employee-01.corp.wheelzapp.com\nTaskCategory=Sensitive Privilege Use\nOpCode=Info\nRecordNumber=232396\nKeywords=Audit Success\nMessage=An operation was attempted on a privileged object.\n\nSubject:\n\tSecurity ID:\t\tCORP\\bsakamoto\n\tAccount Name:\t\tbsakamoto\n\tAccount Domain:\t\tCORP\n\tLogon ID:\t\t0xB87FF2\n\nObject:\n\tObject Server:\tSecurity\n\tObject Type:\t-\n\tObject Name:\t-\n\tObject Handle:\t0x10c0\n\nProcess Information:\n\tProcess ID:\t0x778\n\tProcess Name:\tC:\\Windows\\explorer.exe\n\nRequested Operation:\n\tDesired Access:\t1048577\n\tPrivileges:\t\tSeBackupPrivilege",
        "_serial": "227282",
        "_si": [
          "index01",
          "main"
        ],
        "_time": "2018-11-03 21:51:48.000 UTC",
        "host": "t1-corp-employee-01",
        "index": "main",
        "linecount": "32",
        "source": "WinEventLog:Security",
        "sourcetype": "WinEventLog",
        "splunk_server": "index01"
      },
      {
        "Message": "An operation was attempted on a privileged object.\n\nSubject:\n\tSecurity ID:\t\tCORP\\bsakamoto\n\tAccount Name:\t\tbsakamoto\n\tAccount Domain:\t\tCORP\n\tLogon ID:\t\t0xB87FF2\n\nObject:\n\tObject Server:\tSecurity\n\tObject Type:\t-\n\tObject Name:\t-\n\tObject Handle:\t0xfcc\n\nProcess Information:\n\tProcess ID:\t0x778\n\tProcess Name:\tC:\\Windows\\explorer.exe\n\nRequested Operation:\n\tDesired Access:\t1048577\n\tPrivileges:\t\tSeBackupPrivilege",
        "_bkt": "main~46~B135F5F1-8761-4D6B-9993-723ECD8DFAF7",
        "_cd": "46:210948209",
        "_indextime": "1541281909",
        "_pre_msg": "11/03/2018 09:51:48 PM\nLogName=Security\nSourceName=Microsoft Windows security auditing.\nEventCode=4674\nEventType=0\nType=Information\nComputerName=employee-01.corp.wheelzapp.com\nTaskCategory=Sensitive Privilege Use\nOpCode=Info\nRecordNumber=232395\nKeywords=Audit Success",
        "_raw": "11/03/2018 09:51:48 PM\nLogName=Security\nSourceName=Microsoft Windows security auditing.\nEventCode=4674\nEventType=0\nType=Information\nComputerName=employee-01.corp.wheelzapp.com\nTaskCategory=Sensitive Privilege Use\nOpCode=Info\nRecordNumber=232395\nKeywords=Audit Success\nMessage=An operation was attempted on a privileged object.\n\nSubject:\n\tSecurity ID:\t\tCORP\\bsakamoto\n\tAccount Name:\t\tbsakamoto\n\tAccount Domain:\t\tCORP\n\tLogon ID:\t\t0xB87FF2\n\nObject:\n\tObject Server:\tSecurity\n\tObject Type:\t-\n\tObject Name:\t-\n\tObject Handle:\t0xfcc\n\nProcess Information:\n\tProcess ID:\t0x778\n\tProcess Name:\tC:\\Windows\\explorer.exe\n\nRequested Operation:\n\tDesired Access:\t1048577\n\tPrivileges:\t\tSeBackupPrivilege",
        "_serial": "227283",
        "_si": [
          "index01",
          "main"
        ],
        "_time": "2018-11-03 21:51:48.000 UTC",
        "host": "t1-corp-employee-01",
        "index": "main",
        "linecount": "32",
        "source": "WinEventLog:Security",
        "sourcetype": "WinEventLog",
        "splunk_server": "index01"
      }
    ]
  },
  {
    "g": [
      {
        "_bkt": "ids~21~309B8BB8-F45C-44CE-ABE5-EF8B9EC8A780",
        "_cd": "21:36084160",
        "_indextime": "1541280868",
        "_raw": "{\"timestamp\":\"2018-11-03T21:34:28.000425+0000\",\"flow_id\":70590272508654,\"in_iface\":\"ens4\",\"event_type\":\"alert\",\"src_ip\":\"10.0.1.5\",\"src_port\":38528,\"dest_ip\":\"169.254.169.254\",\"dest_port\":80,\"proto\":\"TCP\",\"tx_id\":0,\"alert\":{\"action\":\"allowed\",\"gid\":1,\"signature_id\":2013031,\"rev\":6,\"signature\":\"ET POLICY Python-urllib\\/ Suspicious User Agent\",\"category\":\"Attempted Information Leak\",\"severity\":2},\"http\":{\"hostname\":\"metadata.google.internal\",\"url\":\"\\/computeMetadata\\/v1\\/?alt=json&last_etag=24e80ef6d3d749c6&recursive=True&timeout_sec=69&wait_for_change=True\",\"http_user_agent\":\"Python-urllib\\/3.6\",\"http_content_type\":\"application\\/json\",\"http_method\":\"GET\",\"protocol\":\"HTTP\\/1.1\",\"status\":200,\"length\":1148},\"app_proto\":\"http\",\"payload\":\"R0VUIC9jb21wdXRlTWV0YWRhdGEvdjEvP2FsdD1qc29uJmxhc3RfZXRhZz0yNGU4MGVmNmQzZDc0OWM2JnJlY3Vyc2l2ZT1UcnVlJnRpbWVvdXRfc2VjPTY5JndhaXRfZm9yX2NoYW5nZT1UcnVlIEhUVFAvMS4xDQpBY2NlcHQtRW5jb2Rpbmc6IGlkZW50aXR5DQpIb3N0OiBtZXRhZGF0YS5nb29nbGUuaW50ZXJuYWwNClVzZXItQWdlbnQ6IFB5dGhvbi11cmxsaWIvMy42DQpNZXRhZGF0YS1GbGF2b3I6IEdvb2dsZQ0KQ29ubmVjdGlvbjogY2xvc2UNCg0K\",\"stream\":1,\"packet\":\"QgEKAAEBQgEKAAEFCABFAAAoHiZAAEAGvagKAAEFqf6p\\/paAAFCX9XjSJNx7l1AQeghfHAAA\",\"packet_info\":{\"linktype\":1}}",
        "_serial": "8244",
        "_si": [
          "index01",
          "ids"
        ],
        "_subsecond": ".000425",
        "_time": "2018-11-03 21:34:28.000 UTC",
        "host": "t1-prod-frontend-00",
        "index": "ids",
        "linecount": "1",
        "source": "/var/log/suricata/alert-json.log",
        "sourcetype": "suricata:alert",
        "splunk_server": "index01"
      }
    ],
    "e": [
      {
        "Message": "The handle to an object was closed.\n\nSubject :\n\tSecurity ID:\t\tNT AUTHORITY\\SYSTEM\n\tAccount Name:\t\tAD-00$\n\tAccount Domain:\t\tCORP\n\tLogon ID:\t\t0x3E7\n\nObject:\n\tObject Server:\t\tSecurity\n\tHandle ID:\t\t0x688\n\nProcess Information:\n\tProcess ID:\t\t0x1114\n\tProcess Name:\t\tC:\\Program Files (x86)\\BigFix Enterprise\\BES Client\\BESClient.exe",
        "_bkt": "main~47~309B8BB8-F45C-44CE-ABE5-EF8B9EC8A780",
        "_cd": "47:163460444",
        "_indextime": "1541280870",
        "_pre_msg": "11/03/2018 09:34:28 PM\nLogName=Security\nSourceName=Microsoft Windows security auditing.\nEventCode=4658\nEventType=0\nType=Information\nComputerName=ad-00.corp.wheelzapp.com\nTaskCategory=Kernel Object\nOpCode=Info\nRecordNumber=873531\nKeywords=Audit Success",
        "_raw": "11/03/2018 09:34:28 PM\nLogName=Security\nSourceName=Microsoft Windows security auditing.\nEventCode=4658\nEventType=0\nType=Information\nComputerName=ad-00.corp.wheelzapp.com\nTaskCategory=Kernel Object\nOpCode=Info\nRecordNumber=873531\nKeywords=Audit Success\nMessage=The handle to an object was closed.\n\nSubject :\n\tSecurity ID:\t\tNT AUTHORITY\\SYSTEM\n\tAccount Name:\t\tAD-00$\n\tAccount Domain:\t\tCORP\n\tLogon ID:\t\t0x3E7\n\nObject:\n\tObject Server:\t\tSecurity\n\tHandle ID:\t\t0x688\n\nProcess Information:\n\tProcess ID:\t\t0x1114\n\tProcess Name:\t\tC:\\Program Files (x86)\\BigFix Enterprise\\BES Client\\BESClient.exe",
        "_serial": "274566",
        "_si": [
          "index01",
          "main"
        ],
        "_time": "2018-11-03 21:34:28.000 UTC",
        "host": "t1-corp-ad-00",
        "index": "main",
        "linecount": "26",
        "source": "WinEventLog:Security",
        "sourcetype": "WinEventLog",
        "splunk_server": "index01"
      },
      {
        "Message": "A handle to an object was requested.\n\nSubject:\n\tSecurity ID:\t\tNT AUTHORITY\\SYSTEM\n\tAccount Name:\t\tAD-00$\n\tAccount Domain:\t\tCORP\n\tLogon ID:\t\t0x3E7\n\nObject:\n\tObject Server:\t\tSecurity\n\tObject Type:\t\tProcess\n\tObject Name:\t\t\\Device\\HarddiskVolume1\\Windows\\System32\\lsass.exe\n\tHandle ID:\t\t0x688\n\tResource Attributes:\t-\n\nProcess Information:\n\tProcess ID:\t\t0x1114\n\tProcess Name:\t\tC:\\Program Files (x86)\\BigFix Enterprise\\BES Client\\BESClient.exe\n\nAccess Request Information:\n\tTransaction ID:\t\t{00000000-0000-0000-0000-000000000000}\n\tAccesses:\t\tRead from process memory\n\t\t\t\tQuery process information\n\t\t\t\tUndefined Access (no effect) Bit 12\n\t\t\t\t\n\tAccess Reasons:\t\t-\n\tAccess Mask:\t\t0x1410\n\tPrivileges Used for Access Check:\t-\n\tRestricted SID Count:\t0",
        "_bkt": "main~47~309B8BB8-F45C-44CE-ABE5-EF8B9EC8A780",
        "_cd": "47:163460410",
        "_indextime": "1541280870",
        "_pre_msg": "11/03/2018 09:34:28 PM\nLogName=Security\nSourceName=Microsoft Windows security auditing.\nEventCode=4656\nEventType=0\nType=Information\nComputerName=ad-00.corp.wheelzapp.com\nTaskCategory=Kernel Object\nOpCode=Info\nRecordNumber=873530\nKeywords=Audit Success",
        "_raw": "11/03/2018 09:34:28 PM\nLogName=Security\nSourceName=Microsoft Windows security auditing.\nEventCode=4656\nEventType=0\nType=Information\nComputerName=ad-00.corp.wheelzapp.com\nTaskCategory=Kernel Object\nOpCode=Info\nRecordNumber=873530\nKeywords=Audit Success\nMessage=A handle to an object was requested.\n\nSubject:\n\tSecurity ID:\t\tNT AUTHORITY\\SYSTEM\n\tAccount Name:\t\tAD-00$\n\tAccount Domain:\t\tCORP\n\tLogon ID:\t\t0x3E7\n\nObject:\n\tObject Server:\t\tSecurity\n\tObject Type:\t\tProcess\n\tObject Name:\t\t\\Device\\HarddiskVolume1\\Windows\\System32\\lsass.exe\n\tHandle ID:\t\t0x688\n\tResource Attributes:\t-\n\nProcess Information:\n\tProcess ID:\t\t0x1114\n\tProcess Name:\t\tC:\\Program Files (x86)\\BigFix Enterprise\\BES Client\\BESClient.exe\n\nAccess Request Information:\n\tTransaction ID:\t\t{00000000-0000-0000-0000-000000000000}\n\tAccesses:\t\tRead from process memory\n\t\t\t\tQuery process information\n\t\t\t\tUndefined Access (no effect) Bit 12\n\t\t\t\t\n\tAccess Reasons:\t\t-\n\tAccess Mask:\t\t0x1410\n\tPrivileges Used for Access Check:\t-\n\tRestricted SID Count:\t0",
        "_serial": "274567",
        "_si": [
          "index01",
          "main"
        ],
        "_time": "2018-11-03 21:34:28.000 UTC",
        "host": "t1-corp-ad-00",
        "index": "main",
        "linecount": "40",
        "source": "WinEventLog:Security",
        "sourcetype": "WinEventLog",
        "splunk_server": "index01"
      },
      {
        "Message": "The handle to an object was closed.\n\nSubject :\n\tSecurity ID:\t\tNT AUTHORITY\\SYSTEM\n\tAccount Name:\t\tAD-00$\n\tAccount Domain:\t\tCORP\n\tLogon ID:\t\t0x3E7\n\nObject:\n\tObject Server:\t\tSecurity\n\tHandle ID:\t\t0xf44\n\nProcess Information:\n\tProcess ID:\t\t0x1114\n\tProcess Name:\t\tC:\\Program Files (x86)\\BigFix Enterprise\\BES Client\\BESClient.exe",
        "_bkt": "main~47~309B8BB8-F45C-44CE-ABE5-EF8B9EC8A780",
        "_cd": "47:163460389",
        "_indextime": "1541280870",
        "_pre_msg": "11/03/2018 09:34:28 PM\nLogName=Security\nSourceName=Microsoft Windows security auditing.\nEventCode=4658\nEventType=0\nType=Information\nComputerName=ad-00.corp.wheelzapp.com\nTaskCategory=Kernel Object\nOpCode=Info\nRecordNumber=873529\nKeywords=Audit Success",
        "_raw": "11/03/2018 09:34:28 PM\nLogName=Security\nSourceName=Microsoft Windows security auditing.\nEventCode=4658\nEventType=0\nType=Information\nComputerName=ad-00.corp.wheelzapp.com\nTaskCategory=Kernel Object\nOpCode=Info\nRecordNumber=873529\nKeywords=Audit Success\nMessage=The handle to an object was closed.\n\nSubject :\n\tSecurity ID:\t\tNT AUTHORITY\\SYSTEM\n\tAccount Name:\t\tAD-00$\n\tAccount Domain:\t\tCORP\n\tLogon ID:\t\t0x3E7\n\nObject:\n\tObject Server:\t\tSecurity\n\tHandle ID:\t\t0xf44\n\nProcess Information:\n\tProcess ID:\t\t0x1114\n\tProcess Name:\t\tC:\\Program Files (x86)\\BigFix Enterprise\\BES Client\\BESClient.exe",
        "_serial": "274568",
        "_si": [
          "index01",
          "main"
        ],
        "_time": "2018-11-03 21:34:28.000 UTC",
        "host": "t1-corp-ad-00",
        "index": "main",
        "linecount": "26",
        "source": "WinEventLog:Security",
        "sourcetype": "WinEventLog",
        "splunk_server": "index01"
      },
      {
        "Message": "An attempt was made to duplicate a handle to an object.\n\nSubject:\n\tSecurity ID:\t\tNT AUTHORITY\\SYSTEM\n\tAccount Name:\t\tAD-00$\n\tAccount Domain:\t\tCORP\n\tLogon ID:\t\t0x3E7\n\nSource Handle Information:\n\tSource Handle ID:\t0x688\n\tSource Process ID:\t0x1114\n\nNew Handle Information:\n\tTarget Handle ID:\t0xf44\n\tTarget Process ID:\t0x4",
        "_bkt": "main~47~309B8BB8-F45C-44CE-ABE5-EF8B9EC8A780",
        "_cd": "47:163460368",
        "_indextime": "1541280870",
