        "_raw": "11/03/2018 09:55:46 PM\nLogName=Security\nSourceName=Microsoft Windows security auditing.\nEventCode=4658\nEventType=0\nType=Information\nComputerName=employee-01.corp.wheelzapp.com\nTaskCategory=Kernel Object\nOpCode=Info\nRecordNumber=238668\nKeywords=Audit Success\nMessage=The handle to an object was closed.\n\nSubject :\n\tSecurity ID:\t\tCORP\\bsakamoto\n\tAccount Name:\t\tbsakamoto\n\tAccount Domain:\t\tCORP\n\tLogon ID:\t\t0xB87FF2\n\nObject:\n\tObject Server:\t\tSecurity\n\tHandle ID:\t\t0x23a4\n\nProcess Information:\n\tProcess ID:\t\t0x778\n\tProcess Name:\t\tC:\\Windows\\explorer.exe",
        "_serial": "214948",
        "_si": [
          "index01",
          "main"
        ],
        "_time": "2018-11-03 21:55:46.000 UTC",
        "host": "t1-corp-employee-01",
        "index": "main",
        "linecount": "26",
        "source": "WinEventLog:Security",
        "sourcetype": "WinEventLog",
        "splunk_server": "index01"
      },
      {
        "Message": "An attempt was made to access an object.\n\nSubject:\n\tSecurity ID:\t\tCORP\\bsakamoto\n\tAccount Name:\t\tbsakamoto\n\tAccount Domain:\t\tCORP\n\tLogon ID:\t\t0xB87FF2\n\nObject:\n\tObject Server:\t\tSecurity\n\tObject Type:\t\tSymbolicLink\n\tObject Name:\t\t\\GLOBAL??\\C:\n\tHandle ID:\t\t0x23a4\n\tResource Attributes:\t-\n\nProcess Information:\n\tProcess ID:\t\t0x778\n\tProcess Name:\t\tC:\\Windows\\explorer.exe\n\nAccess Request Information:\n\tAccesses:\t\tUse symbolic link\n\t\t\t\t\n\tAccess Mask:\t\t0x1",
        "_bkt": "main~47~309B8BB8-F45C-44CE-ABE5-EF8B9EC8A780",
        "_cd": "47:288992534",
        "_indextime": "1541282148",
        "_pre_msg": "11/03/2018 09:55:46 PM\nLogName=Security\nSourceName=Microsoft Windows security auditing.\nEventCode=4663\nEventType=0\nType=Information\nComputerName=employee-01.corp.wheelzapp.com\nTaskCategory=Kernel Object\nOpCode=Info\nRecordNumber=238667\nKeywords=Audit Success",
        "_raw": "11/03/2018 09:55:46 PM\nLogName=Security\nSourceName=Microsoft Windows security auditing.\nEventCode=4663\nEventType=0\nType=Information\nComputerName=employee-01.corp.wheelzapp.com\nTaskCategory=Kernel Object\nOpCode=Info\nRecordNumber=238667\nKeywords=Audit Success\nMessage=An attempt was made to access an object.\n\nSubject:\n\tSecurity ID:\t\tCORP\\bsakamoto\n\tAccount Name:\t\tbsakamoto\n\tAccount Domain:\t\tCORP\n\tLogon ID:\t\t0xB87FF2\n\nObject:\n\tObject Server:\t\tSecurity\n\tObject Type:\t\tSymbolicLink\n\tObject Name:\t\t\\GLOBAL??\\C:\n\tHandle ID:\t\t0x23a4\n\tResource Attributes:\t-\n\nProcess Information:\n\tProcess ID:\t\t0x778\n\tProcess Name:\t\tC:\\Windows\\explorer.exe\n\nAccess Request Information:\n\tAccesses:\t\tUse symbolic link\n\t\t\t\t\n\tAccess Mask:\t\t0x1",
        "_serial": "214949",
        "_si": [
          "index01",
          "main"
        ],
        "_time": "2018-11-03 21:55:46.000 UTC",
        "host": "t1-corp-employee-01",
        "index": "main",
        "linecount": "34",
        "source": "WinEventLog:Security",
        "sourcetype": "WinEventLog",
        "splunk_server": "index01"
      },
      {
        "Message": "A handle to an object was requested.\n\nSubject:\n\tSecurity ID:\t\tCORP\\bsakamoto\n\tAccount Name:\t\tbsakamoto\n\tAccount Domain:\t\tCORP\n\tLogon ID:\t\t0xB87FF2\n\nObject:\n\tObject Server:\t\tSecurity\n\tObject Type:\t\tSymbolicLink\n\tObject Name:\t\t\\GLOBAL??\\C:\n\tHandle ID:\t\t0x23a4\n\tResource Attributes:\t-\n\nProcess Information:\n\tProcess ID:\t\t0x778\n\tProcess Name:\t\tC:\\Windows\\explorer.exe\n\nAccess Request Information:\n\tTransaction ID:\t\t{00000000-0000-0000-0000-000000000000}\n\tAccesses:\t\tUse symbolic link\n\t\t\t\t\n\tAccess Reasons:\t\t-\n\tAccess Mask:\t\t0x1\n\tPrivileges Used for Access Check:\t-\n\tRestricted SID Count:\t0",
        "_bkt": "main~47~309B8BB8-F45C-44CE-ABE5-EF8B9EC8A780",
        "_cd": "47:288992504",
        "_indextime": "1541282148",
        "_pre_msg": "11/03/2018 09:55:46 PM\nLogName=Security\nSourceName=Microsoft Windows security auditing.\nEventCode=4656\nEventType=0\nType=Information\nComputerName=employee-01.corp.wheelzapp.com\nTaskCategory=Kernel Object\nOpCode=Info\nRecordNumber=238666\nKeywords=Audit Success",
        "_raw": "11/03/2018 09:55:46 PM\nLogName=Security\nSourceName=Microsoft Windows security auditing.\nEventCode=4656\nEventType=0\nType=Information\nComputerName=employee-01.corp.wheelzapp.com\nTaskCategory=Kernel Object\nOpCode=Info\nRecordNumber=238666\nKeywords=Audit Success\nMessage=A handle to an object was requested.\n\nSubject:\n\tSecurity ID:\t\tCORP\\bsakamoto\n\tAccount Name:\t\tbsakamoto\n\tAccount Domain:\t\tCORP\n\tLogon ID:\t\t0xB87FF2\n\nObject:\n\tObject Server:\t\tSecurity\n\tObject Type:\t\tSymbolicLink\n\tObject Name:\t\t\\GLOBAL??\\C:\n\tHandle ID:\t\t0x23a4\n\tResource Attributes:\t-\n\nProcess Information:\n\tProcess ID:\t\t0x778\n\tProcess Name:\t\tC:\\Windows\\explorer.exe\n\nAccess Request Information:\n\tTransaction ID:\t\t{00000000-0000-0000-0000-000000000000}\n\tAccesses:\t\tUse symbolic link\n\t\t\t\t\n\tAccess Reasons:\t\t-\n\tAccess Mask:\t\t0x1\n\tPrivileges Used for Access Check:\t-\n\tRestricted SID Count:\t0",
        "_serial": "214950",
        "_si": [
          "index01",
          "main"
        ],
        "_time": "2018-11-03 21:55:46.000 UTC",
        "host": "t1-corp-employee-01",
        "index": "main",
        "linecount": "38",
        "source": "WinEventLog:Security",
        "sourcetype": "WinEventLog",
        "splunk_server": "index01"
      },
      {
        "Message": "The handle to an object was closed.\n\nSubject :\n\tSecurity ID:\t\tCORP\\bsakamoto\n\tAccount Name:\t\tbsakamoto\n\tAccount Domain:\t\tCORP\n\tLogon ID:\t\t0xB87FF2\n\nObject:\n\tObject Server:\t\tSecurity\n\tHandle ID:\t\t0x1024\n\nProcess Information:\n\tProcess ID:\t\t0x778\n\tProcess Name:\t\tC:\\Windows\\explorer.exe",
        "_bkt": "main~47~309B8BB8-F45C-44CE-ABE5-EF8B9EC8A780",
        "_cd": "47:288992485",
        "_indextime": "1541282148",
        "_pre_msg": "11/03/2018 09:55:46 PM\nLogName=Security\nSourceName=Microsoft Windows security auditing.\nEventCode=4658\nEventType=0\nType=Information\nComputerName=employee-01.corp.wheelzapp.com\nTaskCategory=Kernel Object\nOpCode=Info\nRecordNumber=238665\nKeywords=Audit Success",
        "_raw": "11/03/2018 09:55:46 PM\nLogName=Security\nSourceName=Microsoft Windows security auditing.\nEventCode=4658\nEventType=0\nType=Information\nComputerName=employee-01.corp.wheelzapp.com\nTaskCategory=Kernel Object\nOpCode=Info\nRecordNumber=238665\nKeywords=Audit Success\nMessage=The handle to an object was closed.\n\nSubject :\n\tSecurity ID:\t\tCORP\\bsakamoto\n\tAccount Name:\t\tbsakamoto\n\tAccount Domain:\t\tCORP\n\tLogon ID:\t\t0xB87FF2\n\nObject:\n\tObject Server:\t\tSecurity\n\tHandle ID:\t\t0x1024\n\nProcess Information:\n\tProcess ID:\t\t0x778\n\tProcess Name:\t\tC:\\Windows\\explorer.exe",
        "_serial": "214951",
        "_si": [
          "index01",
          "main"
        ],
        "_time": "2018-11-03 21:55:46.000 UTC",
        "host": "t1-corp-employee-01",
        "index": "main",
        "linecount": "26",
        "source": "WinEventLog:Security",
        "sourcetype": "WinEventLog",
        "splunk_server": "index01"
      },
      {
        "Message": "An attempt was made to duplicate a handle to an object.\n\nSubject:\n\tSecurity ID:\t\tCORP\\bsakamoto\n\tAccount Name:\t\tbsakamoto\n\tAccount Domain:\t\tCORP\n\tLogon ID:\t\t0xB87FF2\n\nSource Handle Information:\n\tSource Handle ID:\t0x23a4\n\tSource Process ID:\t0x778\n\nNew Handle Information:\n\tTarget Handle ID:\t0x1024\n\tTarget Process ID:\t0x4",
        "_bkt": "main~47~309B8BB8-F45C-44CE-ABE5-EF8B9EC8A780",
        "_cd": "47:288992464",
        "_indextime": "1541282148",
        "_pre_msg": "11/03/2018 09:55:46 PM\nLogName=Security\nSourceName=Microsoft Windows security auditing.\nEventCode=4690\nEventType=0\nType=Information\nComputerName=employee-01.corp.wheelzapp.com\nTaskCategory=Handle Manipulation\nOpCode=Info\nRecordNumber=238664\nKeywords=Audit Success",
        "_raw": "11/03/2018 09:55:46 PM\nLogName=Security\nSourceName=Microsoft Windows security auditing.\nEventCode=4690\nEventType=0\nType=Information\nComputerName=employee-01.corp.wheelzapp.com\nTaskCategory=Handle Manipulation\nOpCode=Info\nRecordNumber=238664\nKeywords=Audit Success\nMessage=An attempt was made to duplicate a handle to an object.\n\nSubject:\n\tSecurity ID:\t\tCORP\\bsakamoto\n\tAccount Name:\t\tbsakamoto\n\tAccount Domain:\t\tCORP\n\tLogon ID:\t\t0xB87FF2\n\nSource Handle Information:\n\tSource Handle ID:\t0x23a4\n\tSource Process ID:\t0x778\n\nNew Handle Information:\n\tTarget Handle ID:\t0x1024\n\tTarget Process ID:\t0x4",
        "_serial": "214952",
        "_si": [
          "index01",
          "main"
        ],
        "_time": "2018-11-03 21:55:46.000 UTC",
        "host": "t1-corp-employee-01",
        "index": "main",
        "linecount": "26",
        "source": "WinEventLog:Security",
        "sourcetype": "WinEventLog",
        "splunk_server": "index01"
      },
      {
        "Message": "The handle to an object was closed.\n\nSubject :\n\tSecurity ID:\t\tCORP\\bsakamoto\n\tAccount Name:\t\tbsakamoto\n\tAccount Domain:\t\tCORP\n\tLogon ID:\t\t0xB87FF2\n\nObject:\n\tObject Server:\t\tSecurity\n\tHandle ID:\t\t0x1bb4\n\nProcess Information:\n\tProcess ID:\t\t0x778\n\tProcess Name:\t\tC:\\Windows\\explorer.exe",
        "_bkt": "main~47~309B8BB8-F45C-44CE-ABE5-EF8B9EC8A780",
        "_cd": "47:288992445",
        "_indextime": "1541282148",
        "_pre_msg": "11/03/2018 09:55:46 PM\nLogName=Security\nSourceName=Microsoft Windows security auditing.\nEventCode=4658\nEventType=0\nType=Information\nComputerName=employee-01.corp.wheelzapp.com\nTaskCategory=File System\nOpCode=Info\nRecordNumber=238663\nKeywords=Audit Success",
        "_raw": "11/03/2018 09:55:46 PM\nLogName=Security\nSourceName=Microsoft Windows security auditing.\nEventCode=4658\nEventType=0\nType=Information\nComputerName=employee-01.corp.wheelzapp.com\nTaskCategory=File System\nOpCode=Info\nRecordNumber=238663\nKeywords=Audit Success\nMessage=The handle to an object was closed.\n\nSubject :\n\tSecurity ID:\t\tCORP\\bsakamoto\n\tAccount Name:\t\tbsakamoto\n\tAccount Domain:\t\tCORP\n\tLogon ID:\t\t0xB87FF2\n\nObject:\n\tObject Server:\t\tSecurity\n\tHandle ID:\t\t0x1bb4\n\nProcess Information:\n\tProcess ID:\t\t0x778\n\tProcess Name:\t\tC:\\Windows\\explorer.exe",
        "_serial": "214953",
        "_si": [
          "index01",
          "main"
        ],
        "_time": "2018-11-03 21:55:46.000 UTC",
        "host": "t1-corp-employee-01",
        "index": "main",
        "linecount": "26",
        "source": "WinEventLog:Security",
        "sourcetype": "WinEventLog",
        "splunk_server": "index01"
      },
      {
        "Message": "A handle to an object was requested.\n\nSubject:\n\tSecurity ID:\t\tCORP\\bsakamoto\n\tAccount Name:\t\tbsakamoto\n\tAccount Domain:\t\tCORP\n\tLogon ID:\t\t0xB87FF2\n\nObject:\n\tObject Server:\t\tSecurity\n\tObject Type:\t\tFile\n\tObject Name:\t\t\\Device\\MountPointManager\n\tHandle ID:\t\t0x1bb4\n\tResource Attributes:\t-\n\nProcess Information:\n\tProcess ID:\t\t0x778\n\tProcess Name:\t\tC:\\Windows\\explorer.exe\n\nAccess Request Information:\n\tTransaction ID:\t\t{00000000-0000-0000-0000-000000000000}\n\tAccesses:\t\tSYNCHRONIZE\n\t\t\t\tReadAttributes\n\t\t\t\t\n\tAccess Reasons:\t\t-\n\tAccess Mask:\t\t0x100080\n\tPrivileges Used for Access Check:\t-\n\tRestricted SID Count:\t0",
        "_bkt": "main~47~309B8BB8-F45C-44CE-ABE5-EF8B9EC8A780",
        "_cd": "47:288992415",
        "_indextime": "1541282148",
        "_pre_msg": "11/03/2018 09:55:46 PM\nLogName=Security\nSourceName=Microsoft Windows security auditing.\nEventCode=4656\nEventType=0\nType=Information\nComputerName=employee-01.corp.wheelzapp.com\nTaskCategory=File System\nOpCode=Info\nRecordNumber=238662\nKeywords=Audit Success",
        "_raw": "11/03/2018 09:55:46 PM\nLogName=Security\nSourceName=Microsoft Windows security auditing.\nEventCode=4656\nEventType=0\nType=Information\nComputerName=employee-01.corp.wheelzapp.com\nTaskCategory=File System\nOpCode=Info\nRecordNumber=238662\nKeywords=Audit Success\nMessage=A handle to an object was requested.\n\nSubject:\n\tSecurity ID:\t\tCORP\\bsakamoto\n\tAccount Name:\t\tbsakamoto\n\tAccount Domain:\t\tCORP\n\tLogon ID:\t\t0xB87FF2\n\nObject:\n\tObject Server:\t\tSecurity\n\tObject Type:\t\tFile\n\tObject Name:\t\t\\Device\\MountPointManager\n\tHandle ID:\t\t0x1bb4\n\tResource Attributes:\t-\n\nProcess Information:\n\tProcess ID:\t\t0x778\n\tProcess Name:\t\tC:\\Windows\\explorer.exe\n\nAccess Request Information:\n\tTransaction ID:\t\t{00000000-0000-0000-0000-000000000000}\n\tAccesses:\t\tSYNCHRONIZE\n\t\t\t\tReadAttributes\n\t\t\t\t\n\tAccess Reasons:\t\t-\n\tAccess Mask:\t\t0x100080\n\tPrivileges Used for Access Check:\t-\n\tRestricted SID Count:\t0",
        "_serial": "214954",
        "_si": [
          "index01",
          "main"
        ],
        "_time": "2018-11-03 21:55:46.000 UTC",
        "host": "t1-corp-employee-01",
        "index": "main",
        "linecount": "39",
        "source": "WinEventLog:Security",
        "sourcetype": "WinEventLog",
        "splunk_server": "index01"
      },
      {
        "Message": "The handle to an object was closed.\n\nSubject :\n\tSecurity ID:\t\tCORP\\bsakamoto\n\tAccount Name:\t\tbsakamoto\n\tAccount Domain:\t\tCORP\n\tLogon ID:\t\t0xB87FF2\n\nObject:\n\tObject Server:\t\tSecurity\n\tHandle ID:\t\t0xea4\n\nProcess Information:\n\tProcess ID:\t\t0x778\n\tProcess Name:\t\tC:\\Windows\\explorer.exe",
        "_bkt": "main~47~309B8BB8-F45C-44CE-ABE5-EF8B9EC8A780",
        "_cd": "47:288992396",
        "_indextime": "1541282148",
        "_pre_msg": "11/03/2018 09:55:46 PM\nLogName=Security\nSourceName=Microsoft Windows security auditing.\nEventCode=4658\nEventType=0\nType=Information\nComputerName=employee-01.corp.wheelzapp.com\nTaskCategory=File System\nOpCode=Info\nRecordNumber=238661\nKeywords=Audit Success",
        "_raw": "11/03/2018 09:55:46 PM\nLogName=Security\nSourceName=Microsoft Windows security auditing.\nEventCode=4658\nEventType=0\nType=Information\nComputerName=employee-01.corp.wheelzapp.com\nTaskCategory=File System\nOpCode=Info\nRecordNumber=238661\nKeywords=Audit Success\nMessage=The handle to an object was closed.\n\nSubject :\n\tSecurity ID:\t\tCORP\\bsakamoto\n\tAccount Name:\t\tbsakamoto\n\tAccount Domain:\t\tCORP\n\tLogon ID:\t\t0xB87FF2\n\nObject:\n\tObject Server:\t\tSecurity\n\tHandle ID:\t\t0xea4\n\nProcess Information:\n\tProcess ID:\t\t0x778\n\tProcess Name:\t\tC:\\Windows\\explorer.exe",
        "_serial": "214955",
        "_si": [
          "index01",
          "main"
        ],
        "_time": "2018-11-03 21:55:46.000 UTC",
        "host": "t1-corp-employee-01",
        "index": "main",
        "linecount": "26",
        "source": "WinEventLog:Security",
        "sourcetype": "WinEventLog",
        "splunk_server": "index01"
      },
      {
        "Message": "An attempt was made to duplicate a handle to an object.\n\nSubject:\n\tSecurity ID:\t\tCORP\\bsakamoto\n\tAccount Name:\t\tbsakamoto\n\tAccount Domain:\t\tCORP\n\tLogon ID:\t\t0xB87FF2\n\nSource Handle Information:\n\tSource Handle ID:\t0x1bb4\n\tSource Process ID:\t0x778\n\nNew Handle Information:\n\tTarget Handle ID:\t0xea4\n\tTarget Process ID:\t0x4",
        "_bkt": "main~47~309B8BB8-F45C-44CE-ABE5-EF8B9EC8A780",
        "_cd": "47:288992375",
        "_indextime": "1541282148",
        "_pre_msg": "11/03/2018 09:55:46 PM\nLogName=Security\nSourceName=Microsoft Windows security auditing.\nEventCode=4690\nEventType=0\nType=Information\nComputerName=employee-01.corp.wheelzapp.com\nTaskCategory=Handle Manipulation\nOpCode=Info\nRecordNumber=238660\nKeywords=Audit Success",
        "_raw": "11/03/2018 09:55:46 PM\nLogName=Security\nSourceName=Microsoft Windows security auditing.\nEventCode=4690\nEventType=0\nType=Information\nComputerName=employee-01.corp.wheelzapp.com\nTaskCategory=Handle Manipulation\nOpCode=Info\nRecordNumber=238660\nKeywords=Audit Success\nMessage=An attempt was made to duplicate a handle to an object.\n\nSubject:\n\tSecurity ID:\t\tCORP\\bsakamoto\n\tAccount Name:\t\tbsakamoto\n\tAccount Domain:\t\tCORP\n\tLogon ID:\t\t0xB87FF2\n\nSource Handle Information:\n\tSource Handle ID:\t0x1bb4\n\tSource Process ID:\t0x778\n\nNew Handle Information:\n\tTarget Handle ID:\t0xea4\n\tTarget Process ID:\t0x4",
        "_serial": "214956",
        "_si": [
          "index01",
          "main"
        ],
        "_time": "2018-11-03 21:55:46.000 UTC",
        "host": "t1-corp-employee-01",
        "index": "main",
        "linecount": "26",
        "source": "WinEventLog:Security",
        "sourcetype": "WinEventLog",
        "splunk_server": "index01"
      },
      {
        "Message": "The handle to an object was closed.\n\nSubject :\n\tSecurity ID:\t\tCORP\\bsakamoto\n\tAccount Name:\t\tbsakamoto\n\tAccount Domain:\t\tCORP\n\tLogon ID:\t\t0xB87FF2\n\nObject:\n\tObject Server:\t\tSecurity\n\tHandle ID:\t\t0x1bb4\n\nProcess Information:\n\tProcess ID:\t\t0x778\n\tProcess Name:\t\tC:\\Windows\\explorer.exe",
        "_bkt": "main~47~309B8BB8-F45C-44CE-ABE5-EF8B9EC8A780",
        "_cd": "47:288992355",
        "_indextime": "1541282148",
        "_pre_msg": "11/03/2018 09:55:46 PM\nLogName=Security\nSourceName=Microsoft Windows security auditing.\nEventCode=4658\nEventType=0\nType=Information\nComputerName=employee-01.corp.wheelzapp.com\nTaskCategory=Removable Storage\nOpCode=Info\nRecordNumber=238659\nKeywords=Audit Success",
        "_raw": "11/03/2018 09:55:46 PM\nLogName=Security\nSourceName=Microsoft Windows security auditing.\nEventCode=4658\nEventType=0\nType=Information\nComputerName=employee-01.corp.wheelzapp.com\nTaskCategory=Removable Storage\nOpCode=Info\nRecordNumber=238659\nKeywords=Audit Success\nMessage=The handle to an object was closed.\n\nSubject :\n\tSecurity ID:\t\tCORP\\bsakamoto\n\tAccount Name:\t\tbsakamoto\n\tAccount Domain:\t\tCORP\n\tLogon ID:\t\t0xB87FF2\n\nObject:\n\tObject Server:\t\tSecurity\n\tHandle ID:\t\t0x1bb4\n\nProcess Information:\n\tProcess ID:\t\t0x778\n\tProcess Name:\t\tC:\\Windows\\explorer.exe",
        "_serial": "214957",
        "_si": [
          "index01",
          "main"
        ],
        "_time": "2018-11-03 21:55:46.000 UTC",
        "host": "t1-corp-employee-01",
        "index": "main",
        "linecount": "26",
        "source": "WinEventLog:Security",
        "sourcetype": "WinEventLog",
        "splunk_server": "index01"
      },
      {
        "Message": "A handle to an object was requested.\n\nSubject:\n\tSecurity ID:\t\tCORP\\bsakamoto\n\tAccount Name:\t\tbsakamoto\n\tAccount Domain:\t\tCORP\n\tLogon ID:\t\t0xB87FF2\n\nObject:\n\tObject Server:\t\tSecurity\n\tObject Type:\t\tFile\n\tObject Name:\t\t\\Device\\HarddiskVolume1\n\tHandle ID:\t\t0x1bb4\n\tResource Attributes:\t-\n\nProcess Information:\n\tProcess ID:\t\t0x778\n\tProcess Name:\t\tC:\\Windows\\explorer.exe\n\nAccess Request Information:\n\tTransaction ID:\t\t{00000000-0000-0000-0000-000000000000}\n\tAccesses:\t\tSYNCHRONIZE\n\t\t\t\tReadAttributes\n\t\t\t\t\n\tAccess Reasons:\t\t-\n\tAccess Mask:\t\t0x100080\n\tPrivileges Used for Access Check:\t-\n\tRestricted SID Count:\t0",
        "_bkt": "main~47~309B8BB8-F45C-44CE-ABE5-EF8B9EC8A780",
        "_cd": "47:288992324",
        "_indextime": "1541282148",
        "_pre_msg": "11/03/2018 09:55:46 PM\nLogName=Security\nSourceName=Microsoft Windows security auditing.\nEventCode=4656\nEventType=0\nType=Information\nComputerName=employee-01.corp.wheelzapp.com\nTaskCategory=Removable Storage\nOpCode=Info\nRecordNumber=238658\nKeywords=Audit Success",
        "_raw": "11/03/2018 09:55:46 PM\nLogName=Security\nSourceName=Microsoft Windows security auditing.\nEventCode=4656\nEventType=0\nType=Information\nComputerName=employee-01.corp.wheelzapp.com\nTaskCategory=Removable Storage\nOpCode=Info\nRecordNumber=238658\nKeywords=Audit Success\nMessage=A handle to an object was requested.\n\nSubject:\n\tSecurity ID:\t\tCORP\\bsakamoto\n\tAccount Name:\t\tbsakamoto\n\tAccount Domain:\t\tCORP\n\tLogon ID:\t\t0xB87FF2\n\nObject:\n\tObject Server:\t\tSecurity\n\tObject Type:\t\tFile\n\tObject Name:\t\t\\Device\\HarddiskVolume1\n\tHandle ID:\t\t0x1bb4\n\tResource Attributes:\t-\n\nProcess Information:\n\tProcess ID:\t\t0x778\n\tProcess Name:\t\tC:\\Windows\\explorer.exe\n\nAccess Request Information:\n\tTransaction ID:\t\t{00000000-0000-0000-0000-000000000000}\n\tAccesses:\t\tSYNCHRONIZE\n\t\t\t\tReadAttributes\n\t\t\t\t\n\tAccess Reasons:\t\t-\n\tAccess Mask:\t\t0x100080\n\tPrivileges Used for Access Check:\t-\n\tRestricted SID Count:\t0",
        "_serial": "214958",
        "_si": [
          "index01",
          "main"
        ],
        "_time": "2018-11-03 21:55:46.000 UTC",
        "host": "t1-corp-employee-01",
        "index": "main",
        "linecount": "39",
        "source": "WinEventLog:Security",
        "sourcetype": "WinEventLog",
        "splunk_server": "index01"
      },
      {
        "Message": "The handle to an object was closed.\n\nSubject :\n\tSecurity ID:\t\tCORP\\bsakamoto\n\tAccount Name:\t\tbsakamoto\n\tAccount Domain:\t\tCORP\n\tLogon ID:\t\t0xB87FF2\n\nObject:\n\tObject Server:\t\tSecurity\n\tHandle ID:\t\t0xea4\n\nProcess Information:\n\tProcess ID:\t\t0x778\n\tProcess Name:\t\tC:\\Windows\\explorer.exe",
        "_bkt": "main~47~309B8BB8-F45C-44CE-ABE5-EF8B9EC8A780",
        "_cd": "47:288992304",
        "_indextime": "1541282148",
        "_pre_msg": "11/03/2018 09:55:46 PM\nLogName=Security\nSourceName=Microsoft Windows security auditing.\nEventCode=4658\nEventType=0\nType=Information\nComputerName=employee-01.corp.wheelzapp.com\nTaskCategory=Removable Storage\nOpCode=Info\nRecordNumber=238657\nKeywords=Audit Success",
        "_raw": "11/03/2018 09:55:46 PM\nLogName=Security\nSourceName=Microsoft Windows security auditing.\nEventCode=4658\nEventType=0\nType=Information\nComputerName=employee-01.corp.wheelzapp.com\nTaskCategory=Removable Storage\nOpCode=Info\nRecordNumber=238657\nKeywords=Audit Success\nMessage=The handle to an object was closed.\n\nSubject :\n\tSecurity ID:\t\tCORP\\bsakamoto\n\tAccount Name:\t\tbsakamoto\n\tAccount Domain:\t\tCORP\n\tLogon ID:\t\t0xB87FF2\n\nObject:\n\tObject Server:\t\tSecurity\n\tHandle ID:\t\t0xea4\n\nProcess Information:\n\tProcess ID:\t\t0x778\n\tProcess Name:\t\tC:\\Windows\\explorer.exe",
        "_serial": "214959",
        "_si": [
          "index01",
          "main"
        ],
        "_time": "2018-11-03 21:55:46.000 UTC",
        "host": "t1-corp-employee-01",
        "index": "main",
        "linecount": "26",
        "source": "WinEventLog:Security",
        "sourcetype": "WinEventLog",
        "splunk_server": "index01"
      },
      {
        "Message": "An attempt was made to duplicate a handle to an object.\n\nSubject:\n\tSecurity ID:\t\tCORP\\bsakamoto\n\tAccount Name:\t\tbsakamoto\n\tAccount Domain:\t\tCORP\n\tLogon ID:\t\t0xB87FF2\n\nSource Handle Information:\n\tSource Handle ID:\t0x1bb4\n\tSource Process ID:\t0x778\n\nNew Handle Information:\n\tTarget Handle ID:\t0xea4\n\tTarget Process ID:\t0x4",
        "_bkt": "main~47~309B8BB8-F45C-44CE-ABE5-EF8B9EC8A780",
        "_cd": "47:288992283",
        "_indextime": "1541282148",
        "_pre_msg": "11/03/2018 09:55:46 PM\nLogName=Security\nSourceName=Microsoft Windows security auditing.\nEventCode=4690\nEventType=0\nType=Information\nComputerName=employee-01.corp.wheelzapp.com\nTaskCategory=Handle Manipulation\nOpCode=Info\nRecordNumber=238656\nKeywords=Audit Success",
        "_raw": "11/03/2018 09:55:46 PM\nLogName=Security\nSourceName=Microsoft Windows security auditing.\nEventCode=4690\nEventType=0\nType=Information\nComputerName=employee-01.corp.wheelzapp.com\nTaskCategory=Handle Manipulation\nOpCode=Info\nRecordNumber=238656\nKeywords=Audit Success\nMessage=An attempt was made to duplicate a handle to an object.\n\nSubject:\n\tSecurity ID:\t\tCORP\\bsakamoto\n\tAccount Name:\t\tbsakamoto\n\tAccount Domain:\t\tCORP\n\tLogon ID:\t\t0xB87FF2\n\nSource Handle Information:\n\tSource Handle ID:\t0x1bb4\n\tSource Process ID:\t0x778\n\nNew Handle Information:\n\tTarget Handle ID:\t0xea4\n\tTarget Process ID:\t0x4",
        "_serial": "214960",
        "_si": [
          "index01",
          "main"
        ],
        "_time": "2018-11-03 21:55:46.000 UTC",
        "host": "t1-corp-employee-01",
        "index": "main",
        "linecount": "26",
        "source": "WinEventLog:Security",
        "sourcetype": "WinEventLog",
        "splunk_server": "index01"
      },
      {
        "Message": "The handle to an object was closed.\n\nSubject :\n\tSecurity ID:\t\tCORP\\bsakamoto\n\tAccount Name:\t\tbsakamoto\n\tAccount Domain:\t\tCORP\n\tLogon ID:\t\t0xB87FF2\n\nObject:\n\tObject Server:\t\tSecurity\n\tHandle ID:\t\t0x24e8\n\nProcess Information:\n\tProcess ID:\t\t0x778\n\tProcess Name:\t\tC:\\Windows\\explorer.exe",
        "_bkt": "main~47~309B8BB8-F45C-44CE-ABE5-EF8B9EC8A780",
        "_cd": "47:288992264",
        "_indextime": "1541282148",
        "_pre_msg": "11/03/2018 09:55:46 PM\nLogName=Security\nSourceName=Microsoft Windows security auditing.\nEventCode=4658\nEventType=0\nType=Information\nComputerName=employee-01.corp.wheelzapp.com\nTaskCategory=Kernel Object\nOpCode=Info\nRecordNumber=238655\nKeywords=Audit Success",
        "_raw": "11/03/2018 09:55:46 PM\nLogName=Security\nSourceName=Microsoft Windows security auditing.\nEventCode=4658\nEventType=0\nType=Information\nComputerName=employee-01.corp.wheelzapp.com\nTaskCategory=Kernel Object\nOpCode=Info\nRecordNumber=238655\nKeywords=Audit Success\nMessage=The handle to an object was closed.\n\nSubject :\n\tSecurity ID:\t\tCORP\\bsakamoto\n\tAccount Name:\t\tbsakamoto\n\tAccount Domain:\t\tCORP\n\tLogon ID:\t\t0xB87FF2\n\nObject:\n\tObject Server:\t\tSecurity\n\tHandle ID:\t\t0x24e8\n\nProcess Information:\n\tProcess ID:\t\t0x778\n\tProcess Name:\t\tC:\\Windows\\explorer.exe",
        "_serial": "214961",
        "_si": [
          "index01",
          "main"
        ],
        "_time": "2018-11-03 21:55:46.000 UTC",
        "host": "t1-corp-employee-01",
        "index": "main",
        "linecount": "26",
        "source": "WinEventLog:Security",
        "sourcetype": "WinEventLog",
        "splunk_server": "index01"
      },
      {
        "Message": "An attempt was made to access an object.\n\nSubject:\n\tSecurity ID:\t\tCORP\\bsakamoto\n\tAccount Name:\t\tbsakamoto\n\tAccount Domain:\t\tCORP\n\tLogon ID:\t\t0xB87FF2\n\nObject:\n\tObject Server:\t\tSecurity\n\tObject Type:\t\tSymbolicLink\n\tObject Name:\t\t\\GLOBAL??\\C:\n\tHandle ID:\t\t0x24e8\n\tResource Attributes:\t-\n\nProcess Information:\n\tProcess ID:\t\t0x778\n\tProcess Name:\t\tC:\\Windows\\explorer.exe\n\nAccess Request Information:\n\tAccesses:\t\tUse symbolic link\n\t\t\t\t\n\tAccess Mask:\t\t0x1",
        "_bkt": "main~47~309B8BB8-F45C-44CE-ABE5-EF8B9EC8A780",
        "_cd": "47:288992239",
        "_indextime": "1541282148",
        "_pre_msg": "11/03/2018 09:55:46 PM\nLogName=Security\nSourceName=Microsoft Windows security auditing.\nEventCode=4663\nEventType=0\nType=Information\nComputerName=employee-01.corp.wheelzapp.com\nTaskCategory=Kernel Object\nOpCode=Info\nRecordNumber=238654\nKeywords=Audit Success",
        "_raw": "11/03/2018 09:55:46 PM\nLogName=Security\nSourceName=Microsoft Windows security auditing.\nEventCode=4663\nEventType=0\nType=Information\nComputerName=employee-01.corp.wheelzapp.com\nTaskCategory=Kernel Object\nOpCode=Info\nRecordNumber=238654\nKeywords=Audit Success\nMessage=An attempt was made to access an object.\n\nSubject:\n\tSecurity ID:\t\tCORP\\bsakamoto\n\tAccount Name:\t\tbsakamoto\n\tAccount Domain:\t\tCORP\n\tLogon ID:\t\t0xB87FF2\n\nObject:\n\tObject Server:\t\tSecurity\n\tObject Type:\t\tSymbolicLink\n\tObject Name:\t\t\\GLOBAL??\\C:\n\tHandle ID:\t\t0x24e8\n\tResource Attributes:\t-\n\nProcess Information:\n\tProcess ID:\t\t0x778\n\tProcess Name:\t\tC:\\Windows\\explorer.exe\n\nAccess Request Information:\n\tAccesses:\t\tUse symbolic link\n\t\t\t\t\n\tAccess Mask:\t\t0x1",
        "_serial": "214962",
        "_si": [
          "index01",
          "main"
        ],
        "_time": "2018-11-03 21:55:46.000 UTC",
        "host": "t1-corp-employee-01",
        "index": "main",
        "linecount": "34",
        "source": "WinEventLog:Security",
        "sourcetype": "WinEventLog",
        "splunk_server": "index01"
      },
      {
        "Message": "A handle to an object was requested.\n\nSubject:\n\tSecurity ID:\t\tCORP\\bsakamoto\n\tAccount Name:\t\tbsakamoto\n\tAccount Domain:\t\tCORP\n\tLogon ID:\t\t0xB87FF2\n\nObject:\n\tObject Server:\t\tSecurity\n\tObject Type:\t\tSymbolicLink\n\tObject Name:\t\t\\GLOBAL??\\C:\n\tHandle ID:\t\t0x24e8\n\tResource Attributes:\t-\n\nProcess Information:\n\tProcess ID:\t\t0x778\n\tProcess Name:\t\tC:\\Windows\\explorer.exe\n\nAccess Request Information:\n\tTransaction ID:\t\t{00000000-0000-0000-0000-000000000000}\n\tAccesses:\t\tUse symbolic link\n\t\t\t\t\n\tAccess Reasons:\t\t-\n\tAccess Mask:\t\t0x1\n\tPrivileges Used for Access Check:\t-\n\tRestricted SID Count:\t0",
        "_bkt": "main~47~309B8BB8-F45C-44CE-ABE5-EF8B9EC8A780",
        "_cd": "47:288992209",
        "_indextime": "1541282148",
        "_pre_msg": "11/03/2018 09:55:46 PM\nLogName=Security\nSourceName=Microsoft Windows security auditing.\nEventCode=4656\nEventType=0\nType=Information\nComputerName=employee-01.corp.wheelzapp.com\nTaskCategory=Kernel Object\nOpCode=Info\nRecordNumber=238653\nKeywords=Audit Success",
        "_raw": "11/03/2018 09:55:46 PM\nLogName=Security\nSourceName=Microsoft Windows security auditing.\nEventCode=4656\nEventType=0\nType=Information\nComputerName=employee-01.corp.wheelzapp.com\nTaskCategory=Kernel Object\nOpCode=Info\nRecordNumber=238653\nKeywords=Audit Success\nMessage=A handle to an object was requested.\n\nSubject:\n\tSecurity ID:\t\tCORP\\bsakamoto\n\tAccount Name:\t\tbsakamoto\n\tAccount Domain:\t\tCORP\n\tLogon ID:\t\t0xB87FF2\n\nObject:\n\tObject Server:\t\tSecurity\n\tObject Type:\t\tSymbolicLink\n\tObject Name:\t\t\\GLOBAL??\\C:\n\tHandle ID:\t\t0x24e8\n\tResource Attributes:\t-\n\nProcess Information:\n\tProcess ID:\t\t0x778\n\tProcess Name:\t\tC:\\Windows\\explorer.exe\n\nAccess Request Information:\n\tTransaction ID:\t\t{00000000-0000-0000-0000-000000000000}\n\tAccesses:\t\tUse symbolic link\n\t\t\t\t\n\tAccess Reasons:\t\t-\n\tAccess Mask:\t\t0x1\n\tPrivileges Used for Access Check:\t-\n\tRestricted SID Count:\t0",
        "_serial": "214963",
        "_si": [
          "index01",
          "main"
        ],
        "_time": "2018-11-03 21:55:46.000 UTC",
        "host": "t1-corp-employee-01",
        "index": "main",
        "linecount": "38",
        "source": "WinEventLog:Security",
        "sourcetype": "WinEventLog",
        "splunk_server": "index01"
      },
      {
        "Message": "The handle to an object was closed.\n\nSubject :\n\tSecurity ID:\t\tCORP\\bsakamoto\n\tAccount Name:\t\tbsakamoto\n\tAccount Domain:\t\tCORP\n\tLogon ID:\t\t0xB87FF2\n\nObject:\n\tObject Server:\t\tSecurity\n\tHandle ID:\t\t0xea4\n\nProcess Information:\n\tProcess ID:\t\t0x778\n\tProcess Name:\t\tC:\\Windows\\explorer.exe",
        "_bkt": "main~47~309B8BB8-F45C-44CE-ABE5-EF8B9EC8A780",
        "_cd": "47:288992190",
        "_indextime": "1541282148",
        "_pre_msg": "11/03/2018 09:55:46 PM\nLogName=Security\nSourceName=Microsoft Windows security auditing.\nEventCode=4658\nEventType=0\nType=Information\nComputerName=employee-01.corp.wheelzapp.com\nTaskCategory=Kernel Object\nOpCode=Info\nRecordNumber=238652\nKeywords=Audit Success",
        "_raw": "11/03/2018 09:55:46 PM\nLogName=Security\nSourceName=Microsoft Windows security auditing.\nEventCode=4658\nEventType=0\nType=Information\nComputerName=employee-01.corp.wheelzapp.com\nTaskCategory=Kernel Object\nOpCode=Info\nRecordNumber=238652\nKeywords=Audit Success\nMessage=The handle to an object was closed.\n\nSubject :\n\tSecurity ID:\t\tCORP\\bsakamoto\n\tAccount Name:\t\tbsakamoto\n\tAccount Domain:\t\tCORP\n\tLogon ID:\t\t0xB87FF2\n\nObject:\n\tObject Server:\t\tSecurity\n\tHandle ID:\t\t0xea4\n\nProcess Information:\n\tProcess ID:\t\t0x778\n\tProcess Name:\t\tC:\\Windows\\explorer.exe",
        "_serial": "214964",
        "_si": [
          "index01",
          "main"
        ],
        "_time": "2018-11-03 21:55:46.000 UTC",
        "host": "t1-corp-employee-01",
        "index": "main",
        "linecount": "26",
        "source": "WinEventLog:Security",
        "sourcetype": "WinEventLog",
        "splunk_server": "index01"
      },
      {
        "Message": "An attempt was made to duplicate a handle to an object.\n\nSubject:\n\tSecurity ID:\t\tCORP\\bsakamoto\n\tAccount Name:\t\tbsakamoto\n\tAccount Domain:\t\tCORP\n\tLogon ID:\t\t0xB87FF2\n\nSource Handle Information:\n\tSource Handle ID:\t0x24e8\n\tSource Process ID:\t0x778\n\nNew Handle Information:\n\tTarget Handle ID:\t0xea4\n\tTarget Process ID:\t0x4",
        "_bkt": "main~47~309B8BB8-F45C-44CE-ABE5-EF8B9EC8A780",
        "_cd": "47:288991889",
        "_indextime": "1541282148",
        "_pre_msg": "11/03/2018 09:55:46 PM\nLogName=Security\nSourceName=Microsoft Windows security auditing.\nEventCode=4690\nEventType=0\nType=Information\nComputerName=employee-01.corp.wheelzapp.com\nTaskCategory=Handle Manipulation\nOpCode=Info\nRecordNumber=238651\nKeywords=Audit Success",
        "_raw": "11/03/2018 09:55:46 PM\nLogName=Security\nSourceName=Microsoft Windows security auditing.\nEventCode=4690\nEventType=0\nType=Information\nComputerName=employee-01.corp.wheelzapp.com\nTaskCategory=Handle Manipulation\nOpCode=Info\nRecordNumber=238651\nKeywords=Audit Success\nMessage=An attempt was made to duplicate a handle to an object.\n\nSubject:\n\tSecurity ID:\t\tCORP\\bsakamoto\n\tAccount Name:\t\tbsakamoto\n\tAccount Domain:\t\tCORP\n\tLogon ID:\t\t0xB87FF2\n\nSource Handle Information:\n\tSource Handle ID:\t0x24e8\n\tSource Process ID:\t0x778\n\nNew Handle Information:\n\tTarget Handle ID:\t0xea4\n\tTarget Process ID:\t0x4",
        "_serial": "214965",
        "_si": [
          "index01",
          "main"
        ],
        "_time": "2018-11-03 21:55:46.000 UTC",
        "host": "t1-corp-employee-01",
        "index": "main",
        "linecount": "26",
        "source": "WinEventLog:Security",
        "sourcetype": "WinEventLog",
        "splunk_server": "index01"
      }
    ]
  },
  {
    "g": [
      {
        "_bkt": "ids~21~309B8BB8-F45C-44CE-ABE5-EF8B9EC8A780",
        "_cd": "21:39418685",
        "_indextime": "1541281908",
        "_raw": "{\"timestamp\":\"2018-11-03T21:51:48.000251+0000\",\"flow_id\":2193057952235996,\"in_iface\":\"ens4\",\"event_type\":\"alert\",\"src_ip\":\"10.0.0.244\",\"src_port\":46302,\"dest_ip\":\"169.254.169.254\",\"dest_port\":80,\"proto\":\"TCP\",\"tx_id\":0,\"alert\":{\"action\":\"allowed\",\"gid\":1,\"signature_id\":2013031,\"rev\":6,\"signature\":\"ET POLICY Python-urllib\\/ Suspicious User Agent\",\"category\":\"Attempted Information Leak\",\"severity\":2},\"http\":{\"hostname\":\"metadata.google.internal\",\"url\":\"\\/computeMetadata\\/v1\\/instance\\/virtual-clock\\/drift-token?alt=json&last_etag=c6a7bbfe995acc98&recursive=False&timeout_sec=60&wait_for_change=True\",\"http_user_agent\":\"Python-urllib\\/3.6\",\"http_content_type\":\"application\\/json\",\"http_method\":\"GET\",\"protocol\":\"HTTP\\/1.1\",\"status\":200,\"length\":3},\"app_proto\":\"http\",\"payload\":\"R0VUIC9jb21wdXRlTWV0YWRhdGEvdjEvaW5zdGFuY2UvdmlydHVhbC1jbG9jay9kcmlmdC10b2tlbj9hbHQ9anNvbiZsYXN0X2V0YWc9YzZhN2JiZmU5OTVhY2M5OCZyZWN1cnNpdmU9RmFsc2UmdGltZW91dF9zZWM9NjAmd2FpdF9mb3JfY2hhbmdlPVRydWUgSFRUUC8xLjENCkFjY2VwdC1FbmNvZGluZzogaWRlbnRpdHkNCkhvc3Q6IG1ldGFkYXRhLmdvb2dsZS5pbnRlcm5hbA0KVXNlci1BZ2VudDogUHl0aG9uLXVybGxpYi8zLjYNCk1ldGFkYXRhLUZsYXZvcjogR29vZ2xlDQpDb25uZWN0aW9uOiBjbG9zZQ0KDQo=\",\"stream\":1,\"packet\":\"QgEKAAABQgEKAAD0CABFAAAoAhdAAEAG2cgKAAD0qf6p\\/rTeAFDwLWlk2cUbK1AQcRBfCwAA\",\"packet_info\":{\"linktype\":1}}",
        "_serial": "5937",
        "_si": [
          "index01",
          "ids"
        ],
        "_subsecond": ".000251",
        "_time": "2018-11-03 21:51:48.000 UTC",
        "host": "t1-corp-employee-03",
        "index": "ids",
        "linecount": "1",
        "source": "/var/log/suricata/alert-json.log",
        "sourcetype": "suricata:alert",
        "splunk_server": "index01"
      }
    ],
    "e": [
      {
        "Message": "The handle to an object was closed.\n\nSubject :\n\tSecurity ID:\t\tNT AUTHORITY\\SYSTEM\n\tAccount Name:\t\tEMPLOYEE-00$\n\tAccount Domain:\t\tCORP\n\tLogon ID:\t\t0x3E7\n\nObject:\n\tObject Server:\t\tSecurity\n\tHandle ID:\t\t0x81c\n\nProcess Information:\n\tProcess ID:\t\t0x6e8\n\tProcess Name:\t\tC:\\Windows\\System32\\svchost.exe",
        "_bkt": "main~47~309B8BB8-F45C-44CE-ABE5-EF8B9EC8A780",
        "_cd": "47:248170237",
        "_indextime": "1541281909",
        "_pre_msg": "11/03/2018 09:51:48 PM\nLogName=Security\nSourceName=Microsoft Windows security auditing.\nEventCode=4658\nEventType=0\nType=Information\nComputerName=employee-00.corp.wheelzapp.com\nTaskCategory=Removable Storage\nOpCode=Info\nRecordNumber=197393\nKeywords=Audit Success",
        "_raw": "11/03/2018 09:51:48 PM\nLogName=Security\nSourceName=Microsoft Windows security auditing.\nEventCode=4658\nEventType=0\nType=Information\nComputerName=employee-00.corp.wheelzapp.com\nTaskCategory=Removable Storage\nOpCode=Info\nRecordNumber=197393\nKeywords=Audit Success\nMessage=The handle to an object was closed.\n\nSubject :\n\tSecurity ID:\t\tNT AUTHORITY\\SYSTEM\n\tAccount Name:\t\tEMPLOYEE-00$\n\tAccount Domain:\t\tCORP\n\tLogon ID:\t\t0x3E7\n\nObject:\n\tObject Server:\t\tSecurity\n\tHandle ID:\t\t0x81c\n\nProcess Information:\n\tProcess ID:\t\t0x6e8\n\tProcess Name:\t\tC:\\Windows\\System32\\svchost.exe",
        "_serial": "227168",
        "_si": [
          "index01",
          "main"
        ],
        "_time": "2018-11-03 21:51:48.000 UTC",
        "host": "t1-corp-employee-00",
        "index": "main",
        "linecount": "26",
        "source": "WinEventLog:Security",
        "sourcetype": "WinEventLog",
        "splunk_server": "index01"
      },
      {
        "Message": "A handle to an object was requested.\n\nSubject:\n\tSecurity ID:\t\tNT AUTHORITY\\SYSTEM\n\tAccount Name:\t\tEMPLOYEE-00$\n\tAccount Domain:\t\tCORP\n\tLogon ID:\t\t0x3E7\n\nObject:\n\tObject Server:\t\tSecurity\n\tObject Type:\t\tFile\n\tObject Name:\t\tC:\\Windows\\WinSxS\\FileMaps\\$$_system32_21f9a9c4a2f8b514.cdf-ms\n\tHandle ID:\t\t0x81c\n\tResource Attributes:\t-\n\nProcess Information:\n\tProcess ID:\t\t0x6e8\n\tProcess Name:\t\tC:\\Windows\\System32\\svchost.exe\n\nAccess Request Information:\n\tTransaction ID:\t\t{00000000-0000-0000-0000-000000000000}\n\tAccesses:\t\tREAD_CONTROL\n\t\t\t\tSYNCHRONIZE\n\t\t\t\tReadData (or ListDirectory)\n\t\t\t\tReadEA\n\t\t\t\tReadAttributes\n\t\t\t\t\n\tAccess Reasons:\t\tREAD_CONTROL:\tGranted by\tD:(A;;0x1200a9;;;BA)\n\t\t\t\tSYNCHRONIZE:\tGranted by\tD:(A;;0x1200a9;;;BA)\n\t\t\t\tReadData (or ListDirectory):\tGranted by\tD:(A;;0x1200a9;;;BA)\n\t\t\t\tReadEA:\tGranted by\tD:(A;;0x1200a9;;;BA)\n\t\t\t\tReadAttributes:\tGranted by\tD:(A;;0x1200a9;;;BA)\n\t\t\t\t\n\tAccess Mask:\t\t0x120089\n\tPrivileges Used for Access Check:\t-\n\tRestricted SID Count:\t0",
        "_bkt": "main~47~309B8BB8-F45C-44CE-ABE5-EF8B9EC8A780",
        "_cd": "47:248170194",
        "_indextime": "1541281909",
        "_pre_msg": "11/03/2018 09:51:48 PM\nLogName=Security\nSourceName=Microsoft Windows security auditing.\nEventCode=4656\nEventType=0\nType=Information\nComputerName=employee-00.corp.wheelzapp.com\nTaskCategory=Removable Storage\nOpCode=Info\nRecordNumber=197392\nKeywords=Audit Success",
        "_raw": "11/03/2018 09:51:48 PM\nLogName=Security\nSourceName=Microsoft Windows security auditing.\nEventCode=4656\nEventType=0\nType=Information\nComputerName=employee-00.corp.wheelzapp.com\nTaskCategory=Removable Storage\nOpCode=Info\nRecordNumber=197392\nKeywords=Audit Success\nMessage=A handle to an object was requested.\n\nSubject:\n\tSecurity ID:\t\tNT AUTHORITY\\SYSTEM\n\tAccount Name:\t\tEMPLOYEE-00$\n\tAccount Domain:\t\tCORP\n\tLogon ID:\t\t0x3E7\n\nObject:\n\tObject Server:\t\tSecurity\n\tObject Type:\t\tFile\n\tObject Name:\t\tC:\\Windows\\WinSxS\\FileMaps\\$$_system32_21f9a9c4a2f8b514.cdf-ms\n\tHandle ID:\t\t0x81c\n\tResource Attributes:\t-\n\nProcess Information:\n\tProcess ID:\t\t0x6e8\n\tProcess Name:\t\tC:\\Windows\\System32\\svchost.exe\n\nAccess Request Information:\n\tTransaction ID:\t\t{00000000-0000-0000-0000-000000000000}\n\tAccesses:\t\tREAD_CONTROL\n\t\t\t\tSYNCHRONIZE\n\t\t\t\tReadData (or ListDirectory)\n\t\t\t\tReadEA\n\t\t\t\tReadAttributes\n\t\t\t\t\n\tAccess Reasons:\t\tREAD_CONTROL:\tGranted by\tD:(A;;0x1200a9;;;BA)\n\t\t\t\tSYNCHRONIZE:\tGranted by\tD:(A;;0x1200a9;;;BA)\n\t\t\t\tReadData (or ListDirectory):\tGranted by\tD:(A;;0x1200a9;;;BA)\n\t\t\t\tReadEA:\tGranted by\tD:(A;;0x1200a9;;;BA)\n\t\t\t\tReadAttributes:\tGranted by\tD:(A;;0x1200a9;;;BA)\n\t\t\t\t\n\tAccess Mask:\t\t0x120089\n\tPrivileges Used for Access Check:\t-\n\tRestricted SID Count:\t0",
        "_serial": "227169",
        "_si": [
          "index01",
          "main"
        ],
        "_time": "2018-11-03 21:51:48.000 UTC",
        "host": "t1-corp-employee-00",
        "index": "main",
        "linecount": "47",
        "source": "WinEventLog:Security",
        "sourcetype": "WinEventLog",
        "splunk_server": "index01"
      },
      {
        "Message": "The handle to an object was closed.\n\nSubject :\n\tSecurity ID:\t\tNT AUTHORITY\\SYSTEM\n\tAccount Name:\t\tEMPLOYEE-00$\n\tAccount Domain:\t\tCORP\n\tLogon ID:\t\t0x3E7\n\nObject:\n\tObject Server:\t\tSecurity\n\tHandle ID:\t\t0xefc\n\nProcess Information:\n\tProcess ID:\t\t0x6e8\n\tProcess Name:\t\tC:\\Windows\\System32\\svchost.exe",
        "_bkt": "main~47~309B8BB8-F45C-44CE-ABE5-EF8B9EC8A780",
        "_cd": "47:248170174",
        "_indextime": "1541281909",
        "_pre_msg": "11/03/2018 09:51:48 PM\nLogName=Security\nSourceName=Microsoft Windows security auditing.\nEventCode=4658\nEventType=0\nType=Information\nComputerName=employee-00.corp.wheelzapp.com\nTaskCategory=Removable Storage\nOpCode=Info\nRecordNumber=197391\nKeywords=Audit Success",
        "_raw": "11/03/2018 09:51:48 PM\nLogName=Security\nSourceName=Microsoft Windows security auditing.\nEventCode=4658\nEventType=0\nType=Information\nComputerName=employee-00.corp.wheelzapp.com\nTaskCategory=Removable Storage\nOpCode=Info\nRecordNumber=197391\nKeywords=Audit Success\nMessage=The handle to an object was closed.\n\nSubject :\n\tSecurity ID:\t\tNT AUTHORITY\\SYSTEM\n\tAccount Name:\t\tEMPLOYEE-00$\n\tAccount Domain:\t\tCORP\n\tLogon ID:\t\t0x3E7\n\nObject:\n\tObject Server:\t\tSecurity\n\tHandle ID:\t\t0xefc\n\nProcess Information:\n\tProcess ID:\t\t0x6e8\n\tProcess Name:\t\tC:\\Windows\\System32\\svchost.exe",
        "_serial": "227170",
        "_si": [
          "index01",
          "main"
        ],
        "_time": "2018-11-03 21:51:48.000 UTC",
        "host": "t1-corp-employee-00",
        "index": "main",
        "linecount": "26",
        "source": "WinEventLog:Security",
        "sourcetype": "WinEventLog",
        "splunk_server": "index01"
      },
      {
        "Message": "An attempt was made to duplicate a handle to an object.\n\nSubject:\n\tSecurity ID:\t\tNT AUTHORITY\\SYSTEM\n\tAccount Name:\t\tEMPLOYEE-00$\n\tAccount Domain:\t\tCORP\n\tLogon ID:\t\t0x3E7\n\nSource Handle Information:\n\tSource Handle ID:\t0x81c\n\tSource Process ID:\t0x6e8\n\nNew Handle Information:\n\tTarget Handle ID:\t0xefc\n\tTarget Process ID:\t0x4",
        "_bkt": "main~47~309B8BB8-F45C-44CE-ABE5-EF8B9EC8A780",
        "_cd": "47:248170153",
        "_indextime": "1541281909",
        "_pre_msg": "11/03/2018 09:51:48 PM\nLogName=Security\nSourceName=Microsoft Windows security auditing.\nEventCode=4690\nEventType=0\nType=Information\nComputerName=employee-00.corp.wheelzapp.com\nTaskCategory=Handle Manipulation\nOpCode=Info\nRecordNumber=197390\nKeywords=Audit Success",
        "_raw": "11/03/2018 09:51:48 PM\nLogName=Security\nSourceName=Microsoft Windows security auditing.\nEventCode=4690\nEventType=0\nType=Information\nComputerName=employee-00.corp.wheelzapp.com\nTaskCategory=Handle Manipulation\nOpCode=Info\nRecordNumber=197390\nKeywords=Audit Success\nMessage=An attempt was made to duplicate a handle to an object.\n\nSubject:\n\tSecurity ID:\t\tNT AUTHORITY\\SYSTEM\n\tAccount Name:\t\tEMPLOYEE-00$\n\tAccount Domain:\t\tCORP\n\tLogon ID:\t\t0x3E7\n\nSource Handle Information:\n\tSource Handle ID:\t0x81c\n\tSource Process ID:\t0x6e8\n\nNew Handle Information:\n\tTarget Handle ID:\t0xefc\n\tTarget Process ID:\t0x4",
        "_serial": "227171",
        "_si": [
          "index01",
          "main"
        ],
        "_time": "2018-11-03 21:51:48.000 UTC",
        "host": "t1-corp-employee-00",
        "index": "main",
        "linecount": "26",
        "source": "WinEventLog:Security",
        "sourcetype": "WinEventLog",
        "splunk_server": "index01"
      },
      {
        "Message": "The handle to an object was closed.\n\nSubject :\n\tSecurity ID:\t\tNT AUTHORITY\\SYSTEM\n\tAccount Name:\t\tEMPLOYEE-00$\n\tAccount Domain:\t\tCORP\n\tLogon ID:\t\t0x3E7\n\nObject:\n\tObject Server:\t\tSecurity\n\tHandle ID:\t\t0x7c8\n\nProcess Information:\n\tProcess ID:\t\t0x6e8\n\tProcess Name:\t\tC:\\Windows\\System32\\svchost.exe",
        "_bkt": "main~47~309B8BB8-F45C-44CE-ABE5-EF8B9EC8A780",
        "_cd": "47:248169769",
        "_indextime": "1541281909",
        "_pre_msg": "11/03/2018 09:51:48 PM\nLogName=Security\nSourceName=Microsoft Windows security auditing.\nEventCode=4658\nEventType=0\nType=Information\nComputerName=employee-00.corp.wheelzapp.com\nTaskCategory=Removable Storage\nOpCode=Info\nRecordNumber=197389\nKeywords=Audit Success",
        "_raw": "11/03/2018 09:51:48 PM\nLogName=Security\nSourceName=Microsoft Windows security auditing.\nEventCode=4658\nEventType=0\nType=Information\nComputerName=employee-00.corp.wheelzapp.com\nTaskCategory=Removable Storage\nOpCode=Info\nRecordNumber=197389\nKeywords=Audit Success\nMessage=The handle to an object was closed.\n\nSubject :\n\tSecurity ID:\t\tNT AUTHORITY\\SYSTEM\n\tAccount Name:\t\tEMPLOYEE-00$\n\tAccount Domain:\t\tCORP\n\tLogon ID:\t\t0x3E7\n\nObject:\n\tObject Server:\t\tSecurity\n\tHandle ID:\t\t0x7c8\n\nProcess Information:\n\tProcess ID:\t\t0x6e8\n\tProcess Name:\t\tC:\\Windows\\System32\\svchost.exe",
        "_serial": "227172",
        "_si": [
          "index01",
          "main"
        ],
        "_time": "2018-11-03 21:51:48.000 UTC",
        "host": "t1-corp-employee-00",
        "index": "main",
        "linecount": "26",
        "source": "WinEventLog:Security",
        "sourcetype": "WinEventLog",
        "splunk_server": "index01"
      },
      {
        "Message": "A handle to an object was requested.\n\nSubject:\n\tSecurity ID:\t\tNT AUTHORITY\\SYSTEM\n\tAccount Name:\t\tEMPLOYEE-00$\n\tAccount Domain:\t\tCORP\n\tLogon ID:\t\t0x3E7\n\nObject:\n\tObject Server:\t\tSecurity\n\tObject Type:\t\tFile\n\tObject Name:\t\tC:\\Windows\\WinSxS\\FileMaps\\$$_system32_21f9a9c4a2f8b514.cdf-ms\n\tHandle ID:\t\t0x7c8\n\tResource Attributes:\t-\n\nProcess Information:\n\tProcess ID:\t\t0x6e8\n\tProcess Name:\t\tC:\\Windows\\System32\\svchost.exe\n\nAccess Request Information:\n\tTransaction ID:\t\t{00000000-0000-0000-0000-000000000000}\n\tAccesses:\t\tREAD_CONTROL\n\t\t\t\tSYNCHRONIZE\n\t\t\t\tReadData (or ListDirectory)\n\t\t\t\tReadEA\n\t\t\t\tReadAttributes\n\t\t\t\t\n\tAccess Reasons:\t\tREAD_CONTROL:\tGranted by\tD:(A;;0x1200a9;;;BA)\n\t\t\t\tSYNCHRONIZE:\tGranted by\tD:(A;;0x1200a9;;;BA)\n\t\t\t\tReadData (or ListDirectory):\tGranted by\tD:(A;;0x1200a9;;;BA)\n\t\t\t\tReadEA:\tGranted by\tD:(A;;0x1200a9;;;BA)\n\t\t\t\tReadAttributes:\tGranted by\tD:(A;;0x1200a9;;;BA)\n\t\t\t\t\n\tAccess Mask:\t\t0x120089\n\tPrivileges Used for Access Check:\t-\n\tRestricted SID Count:\t0",
        "_bkt": "main~47~309B8BB8-F45C-44CE-ABE5-EF8B9EC8A780",
        "_cd": "47:248169726",
        "_indextime": "1541281909",
        "_pre_msg": "11/03/2018 09:51:48 PM\nLogName=Security\nSourceName=Microsoft Windows security auditing.\nEventCode=4656\nEventType=0\nType=Information\nComputerName=employee-00.corp.wheelzapp.com\nTaskCategory=Removable Storage\nOpCode=Info\nRecordNumber=197388\nKeywords=Audit Success",
