        "_raw": "11/03/2018 08:16:53 PM\nLogName=Security\nSourceName=Microsoft Windows security auditing.\nEventCode=4656\nEventType=0\nType=Information\nComputerName=ad-00.corp.wheelzapp.com\nTaskCategory=File System\nOpCode=Info\nRecordNumber=824536\nKeywords=Audit Success\nMessage=A handle to an object was requested.\n\nSubject:\n\tSecurity ID:\t\tNT AUTHORITY\\SYSTEM\n\tAccount Name:\t\tAD-00$\n\tAccount Domain:\t\tCORP\n\tLogon ID:\t\t0x3E7\n\nObject:\n\tObject Server:\t\tSecurity\n\tObject Type:\t\tFile\n\tObject Name:\t\t\\DEVICE\\NETBT_TCPIP_{6E518B67-5D4A-42D2-92E8-03142CDA38BA}\n\tHandle ID:\t\t0xcd4\n\tResource Attributes:\t-\n\nProcess Information:\n\tProcess ID:\t\t0x1370\n\tProcess Name:\t\tC:\\Windows\\System32\\wbem\\WmiPrvSE.exe\n\nAccess Request Information:\n\tTransaction ID:\t\t{00000000-0000-0000-0000-000000000000}\n\tAccesses:\t\tSYNCHRONIZE\n\t\t\t\tReadData (or ListDirectory)\n\t\t\t\t\n\tAccess Reasons:\t\t-\n\tAccess Mask:\t\t0x100001\n\tPrivileges Used for Access Check:\t-\n\tRestricted SID Count:\t0",
        "_serial": "387715",
        "_si": [
          "index01",
          "main"
        ],
        "_time": "2018-11-03 20:16:53.000 UTC",
        "host": "t1-corp-ad-00",
        "index": "main",
        "linecount": "39",
        "source": "WinEventLog:Security",
        "sourcetype": "WinEventLog",
        "splunk_server": "index01"
      },
      {
        "Message": "The handle to an object was closed.\n\nSubject :\n\tSecurity ID:\t\tNT AUTHORITY\\SYSTEM\n\tAccount Name:\t\tAD-00$\n\tAccount Domain:\t\tCORP\n\tLogon ID:\t\t0x3E7\n\nObject:\n\tObject Server:\t\tSecurity\n\tHandle ID:\t\t0xd94\n\nProcess Information:\n\tProcess ID:\t\t0x1370\n\tProcess Name:\t\tC:\\Windows\\System32\\wbem\\WmiPrvSE.exe",
        "_bkt": "main~45~B135F5F1-8761-4D6B-9993-723ECD8DFAF7",
        "_cd": "45:9340118",
        "_indextime": "1541276213",
        "_pre_msg": "11/03/2018 08:16:53 PM\nLogName=Security\nSourceName=Microsoft Windows security auditing.\nEventCode=4658\nEventType=0\nType=Information\nComputerName=ad-00.corp.wheelzapp.com\nTaskCategory=File System\nOpCode=Info\nRecordNumber=824535\nKeywords=Audit Success",
        "_raw": "11/03/2018 08:16:53 PM\nLogName=Security\nSourceName=Microsoft Windows security auditing.\nEventCode=4658\nEventType=0\nType=Information\nComputerName=ad-00.corp.wheelzapp.com\nTaskCategory=File System\nOpCode=Info\nRecordNumber=824535\nKeywords=Audit Success\nMessage=The handle to an object was closed.\n\nSubject :\n\tSecurity ID:\t\tNT AUTHORITY\\SYSTEM\n\tAccount Name:\t\tAD-00$\n\tAccount Domain:\t\tCORP\n\tLogon ID:\t\t0x3E7\n\nObject:\n\tObject Server:\t\tSecurity\n\tHandle ID:\t\t0xd94\n\nProcess Information:\n\tProcess ID:\t\t0x1370\n\tProcess Name:\t\tC:\\Windows\\System32\\wbem\\WmiPrvSE.exe",
        "_serial": "387716",
        "_si": [
          "index01",
          "main"
        ],
        "_time": "2018-11-03 20:16:53.000 UTC",
        "host": "t1-corp-ad-00",
        "index": "main",
        "linecount": "26",
        "source": "WinEventLog:Security",
        "sourcetype": "WinEventLog",
        "splunk_server": "index01"
      },
      {
        "Message": "An attempt was made to duplicate a handle to an object.\n\nSubject:\n\tSecurity ID:\t\tNT AUTHORITY\\SYSTEM\n\tAccount Name:\t\tAD-00$\n\tAccount Domain:\t\tCORP\n\tLogon ID:\t\t0x3E7\n\nSource Handle Information:\n\tSource Handle ID:\t0xcd4\n\tSource Process ID:\t0x1370\n\nNew Handle Information:\n\tTarget Handle ID:\t0xd94\n\tTarget Process ID:\t0x4",
        "_bkt": "main~45~B135F5F1-8761-4D6B-9993-723ECD8DFAF7",
        "_cd": "45:9340097",
        "_indextime": "1541276213",
        "_pre_msg": "11/03/2018 08:16:53 PM\nLogName=Security\nSourceName=Microsoft Windows security auditing.\nEventCode=4690\nEventType=0\nType=Information\nComputerName=ad-00.corp.wheelzapp.com\nTaskCategory=Handle Manipulation\nOpCode=Info\nRecordNumber=824534\nKeywords=Audit Success",
        "_raw": "11/03/2018 08:16:53 PM\nLogName=Security\nSourceName=Microsoft Windows security auditing.\nEventCode=4690\nEventType=0\nType=Information\nComputerName=ad-00.corp.wheelzapp.com\nTaskCategory=Handle Manipulation\nOpCode=Info\nRecordNumber=824534\nKeywords=Audit Success\nMessage=An attempt was made to duplicate a handle to an object.\n\nSubject:\n\tSecurity ID:\t\tNT AUTHORITY\\SYSTEM\n\tAccount Name:\t\tAD-00$\n\tAccount Domain:\t\tCORP\n\tLogon ID:\t\t0x3E7\n\nSource Handle Information:\n\tSource Handle ID:\t0xcd4\n\tSource Process ID:\t0x1370\n\nNew Handle Information:\n\tTarget Handle ID:\t0xd94\n\tTarget Process ID:\t0x4",
        "_serial": "387717",
        "_si": [
          "index01",
          "main"
        ],
        "_time": "2018-11-03 20:16:53.000 UTC",
        "host": "t1-corp-ad-00",
        "index": "main",
        "linecount": "26",
        "source": "WinEventLog:Security",
        "sourcetype": "WinEventLog",
        "splunk_server": "index01"
      },
      {
        "Message": "A token right was adjusted.\n\nSubject:\n\tSecurity ID:\t\tNT AUTHORITY\\SYSTEM\n\tAccount Name:\t\tAD-00$\n\tAccount Domain:\t\tCORP\n\tLogon ID:\t\t0x3E7\n\nTarget Account:\n\tSecurity ID:\t\tNULL SID\n\tAccount Name:\t\tAD-00$\n\tAccount Domain:\t\tCORP\n\tLogon ID:\t\t0x3E7\n\nProcess Information:\n\tProcess ID:\t\t0x3e4\n\tProcess Name:\t\tC:\\Windows\\System32\\svchost.exe\n\nEnabled Privileges:\n\t\t\tSeAssignPrimaryTokenPrivilege\n\t\t\tSeIncreaseQuotaPrivilege\n\t\t\tSeSecurityPrivilege\n\t\t\tSeTakeOwnershipPrivilege\n\t\t\tSeLoadDriverPrivilege\n\t\t\tSeSystemtimePrivilege\n\t\t\tSeBackupPrivilege\n\t\t\tSeRestorePrivilege\n\t\t\tSeShutdownPrivilege\n\t\t\tSeSystemEnvironmentPrivilege\n\t\t\tSeUndockPrivilege\n\t\t\tSeManageVolumePrivilege\n\nDisabled Privileges:\n\t\t\t-",
        "_bkt": "main~45~B135F5F1-8761-4D6B-9993-723ECD8DFAF7",
        "_cd": "45:9340063",
        "_indextime": "1541276213",
        "_pre_msg": "11/03/2018 08:16:53 PM\nLogName=Security\nSourceName=Microsoft Windows security auditing.\nEventCode=4703\nEventType=0\nType=Information\nComputerName=ad-00.corp.wheelzapp.com\nTaskCategory=Token Right Adjusted Events\nOpCode=Info\nRecordNumber=824533\nKeywords=Audit Success",
        "_raw": "11/03/2018 08:16:53 PM\nLogName=Security\nSourceName=Microsoft Windows security auditing.\nEventCode=4703\nEventType=0\nType=Information\nComputerName=ad-00.corp.wheelzapp.com\nTaskCategory=Token Right Adjusted Events\nOpCode=Info\nRecordNumber=824533\nKeywords=Audit Success\nMessage=A token right was adjusted.\n\nSubject:\n\tSecurity ID:\t\tNT AUTHORITY\\SYSTEM\n\tAccount Name:\t\tAD-00$\n\tAccount Domain:\t\tCORP\n\tLogon ID:\t\t0x3E7\n\nTarget Account:\n\tSecurity ID:\t\tNULL SID\n\tAccount Name:\t\tAD-00$\n\tAccount Domain:\t\tCORP\n\tLogon ID:\t\t0x3E7\n\nProcess Information:\n\tProcess ID:\t\t0x3e4\n\tProcess Name:\t\tC:\\Windows\\System32\\svchost.exe\n\nEnabled Privileges:\n\t\t\tSeAssignPrimaryTokenPrivilege\n\t\t\tSeIncreaseQuotaPrivilege\n\t\t\tSeSecurityPrivilege\n\t\t\tSeTakeOwnershipPrivilege\n\t\t\tSeLoadDriverPrivilege\n\t\t\tSeSystemtimePrivilege\n\t\t\tSeBackupPrivilege\n\t\t\tSeRestorePrivilege\n\t\t\tSeShutdownPrivilege\n\t\t\tSeSystemEnvironmentPrivilege\n\t\t\tSeUndockPrivilege\n\t\t\tSeManageVolumePrivilege\n\nDisabled Privileges:\n\t\t\t-",
        "_serial": "387718",
        "_si": [
          "index01",
          "main"
        ],
        "_time": "2018-11-03 20:16:53.000 UTC",
        "host": "t1-corp-ad-00",
        "index": "main",
        "linecount": "45",
        "source": "WinEventLog:Security",
        "sourcetype": "WinEventLog",
        "splunk_server": "index01"
      },
      {
        "Message": "A token right was adjusted.\n\nSubject:\n\tSecurity ID:\t\tNT AUTHORITY\\SYSTEM\n\tAccount Name:\t\tAD-00$\n\tAccount Domain:\t\tCORP\n\tLogon ID:\t\t0x3E7\n\nTarget Account:\n\tSecurity ID:\t\tNULL SID\n\tAccount Name:\t\tAD-00$\n\tAccount Domain:\t\tCORP\n\tLogon ID:\t\t0x3E7\n\nProcess Information:\n\tProcess ID:\t\t0x3e4\n\tProcess Name:\t\tC:\\Windows\\System32\\svchost.exe\n\nEnabled Privileges:\n\t\t\tSeAssignPrimaryTokenPrivilege\n\t\t\tSeIncreaseQuotaPrivilege\n\t\t\tSeSecurityPrivilege\n\t\t\tSeTakeOwnershipPrivilege\n\t\t\tSeLoadDriverPrivilege\n\t\t\tSeSystemtimePrivilege\n\t\t\tSeBackupPrivilege\n\t\t\tSeRestorePrivilege\n\t\t\tSeShutdownPrivilege\n\t\t\tSeSystemEnvironmentPrivilege\n\t\t\tSeUndockPrivilege\n\t\t\tSeManageVolumePrivilege\n\nDisabled Privileges:\n\t\t\t-",
        "_bkt": "main~45~B135F5F1-8761-4D6B-9993-723ECD8DFAF7",
        "_cd": "45:9340029",
        "_indextime": "1541276213",
        "_pre_msg": "11/03/2018 08:16:53 PM\nLogName=Security\nSourceName=Microsoft Windows security auditing.\nEventCode=4703\nEventType=0\nType=Information\nComputerName=ad-00.corp.wheelzapp.com\nTaskCategory=Token Right Adjusted Events\nOpCode=Info\nRecordNumber=824532\nKeywords=Audit Success",
        "_raw": "11/03/2018 08:16:53 PM\nLogName=Security\nSourceName=Microsoft Windows security auditing.\nEventCode=4703\nEventType=0\nType=Information\nComputerName=ad-00.corp.wheelzapp.com\nTaskCategory=Token Right Adjusted Events\nOpCode=Info\nRecordNumber=824532\nKeywords=Audit Success\nMessage=A token right was adjusted.\n\nSubject:\n\tSecurity ID:\t\tNT AUTHORITY\\SYSTEM\n\tAccount Name:\t\tAD-00$\n\tAccount Domain:\t\tCORP\n\tLogon ID:\t\t0x3E7\n\nTarget Account:\n\tSecurity ID:\t\tNULL SID\n\tAccount Name:\t\tAD-00$\n\tAccount Domain:\t\tCORP\n\tLogon ID:\t\t0x3E7\n\nProcess Information:\n\tProcess ID:\t\t0x3e4\n\tProcess Name:\t\tC:\\Windows\\System32\\svchost.exe\n\nEnabled Privileges:\n\t\t\tSeAssignPrimaryTokenPrivilege\n\t\t\tSeIncreaseQuotaPrivilege\n\t\t\tSeSecurityPrivilege\n\t\t\tSeTakeOwnershipPrivilege\n\t\t\tSeLoadDriverPrivilege\n\t\t\tSeSystemtimePrivilege\n\t\t\tSeBackupPrivilege\n\t\t\tSeRestorePrivilege\n\t\t\tSeShutdownPrivilege\n\t\t\tSeSystemEnvironmentPrivilege\n\t\t\tSeUndockPrivilege\n\t\t\tSeManageVolumePrivilege\n\nDisabled Privileges:\n\t\t\t-",
        "_serial": "387719",
        "_si": [
          "index01",
          "main"
        ],
        "_time": "2018-11-03 20:16:53.000 UTC",
        "host": "t1-corp-ad-00",
        "index": "main",
        "linecount": "45",
        "source": "WinEventLog:Security",
        "sourcetype": "WinEventLog",
        "splunk_server": "index01"
      },
      {
        "Message": "Permissions on an object were changed.\n\nSubject:\n\tSecurity ID:\t\tNT AUTHORITY\\SYSTEM\n\tAccount Name:\t\tAD-00$\n\tAccount Domain:\t\tCORP\n\tLogon ID:\t\t0x3E7\n\nObject:\n\tObject Server:\tSecurity\n\tObject Type:\tToken\n\tObject Name:\t-\n\tHandle ID:\t0x1904\n\nProcess:\n\tProcess ID:\t0x3e4\n\tProcess Name:\tC:\\Windows\\System32\\svchost.exe\n\nPermissions Change:\n\tOriginal Security Descriptor:\tD:(A;;GA;;;SY)(A;;GA;;;NS)\n\tNew Security Descriptor:\tD:(A;;GA;;;SY)(A;;RC;;;OW)(A;;GA;;;S-1-5-86-615999462-62705297-2911207457-59056572-3668589837)",
        "_bkt": "main~45~B135F5F1-8761-4D6B-9993-723ECD8DFAF7",
        "_cd": "45:9340002",
        "_indextime": "1541276213",
        "_pre_msg": "11/03/2018 08:16:53 PM\nLogName=Security\nSourceName=Microsoft Windows security auditing.\nEventCode=4670\nEventType=0\nType=Information\nComputerName=ad-00.corp.wheelzapp.com\nTaskCategory=Authorization Policy Change\nOpCode=Info\nRecordNumber=824531\nKeywords=Audit Success",
        "_raw": "11/03/2018 08:16:53 PM\nLogName=Security\nSourceName=Microsoft Windows security auditing.\nEventCode=4670\nEventType=0\nType=Information\nComputerName=ad-00.corp.wheelzapp.com\nTaskCategory=Authorization Policy Change\nOpCode=Info\nRecordNumber=824531\nKeywords=Audit Success\nMessage=Permissions on an object were changed.\n\nSubject:\n\tSecurity ID:\t\tNT AUTHORITY\\SYSTEM\n\tAccount Name:\t\tAD-00$\n\tAccount Domain:\t\tCORP\n\tLogon ID:\t\t0x3E7\n\nObject:\n\tObject Server:\tSecurity\n\tObject Type:\tToken\n\tObject Name:\t-\n\tHandle ID:\t0x1904\n\nProcess:\n\tProcess ID:\t0x3e4\n\tProcess Name:\tC:\\Windows\\System32\\svchost.exe\n\nPermissions Change:\n\tOriginal Security Descriptor:\tD:(A;;GA;;;SY)(A;;GA;;;NS)\n\tNew Security Descriptor:\tD:(A;;GA;;;SY)(A;;RC;;;OW)(A;;GA;;;S-1-5-86-615999462-62705297-2911207457-59056572-3668589837)",
        "_serial": "387720",
        "_si": [
          "index01",
          "main"
        ],
        "_time": "2018-11-03 20:16:53.000 UTC",
        "host": "t1-corp-ad-00",
        "index": "main",
        "linecount": "32",
        "source": "WinEventLog:Security",
        "sourcetype": "WinEventLog",
        "splunk_server": "index01"
      },
      {
        "Message": "A token right was adjusted.\n\nSubject:\n\tSecurity ID:\t\tNT AUTHORITY\\SYSTEM\n\tAccount Name:\t\tAD-00$\n\tAccount Domain:\t\tCORP\n\tLogon ID:\t\t0x3E7\n\nTarget Account:\n\tSecurity ID:\t\tNULL SID\n\tAccount Name:\t\tAD-00$\n\tAccount Domain:\t\tCORP\n\tLogon ID:\t\t0x3E7\n\nProcess Information:\n\tProcess ID:\t\t0x3e4\n\tProcess Name:\t\tC:\\Windows\\System32\\svchost.exe\n\nEnabled Privileges:\n\t\t\tSeAssignPrimaryTokenPrivilege\n\t\t\tSeIncreaseQuotaPrivilege\n\t\t\tSeSecurityPrivilege\n\t\t\tSeTakeOwnershipPrivilege\n\t\t\tSeLoadDriverPrivilege\n\t\t\tSeSystemtimePrivilege\n\t\t\tSeBackupPrivilege\n\t\t\tSeRestorePrivilege\n\t\t\tSeShutdownPrivilege\n\t\t\tSeSystemEnvironmentPrivilege\n\t\t\tSeUndockPrivilege\n\t\t\tSeManageVolumePrivilege\n\nDisabled Privileges:\n\t\t\t-",
        "_bkt": "main~45~B135F5F1-8761-4D6B-9993-723ECD8DFAF7",
        "_cd": "45:9339968",
        "_indextime": "1541276213",
        "_pre_msg": "11/03/2018 08:16:53 PM\nLogName=Security\nSourceName=Microsoft Windows security auditing.\nEventCode=4703\nEventType=0\nType=Information\nComputerName=ad-00.corp.wheelzapp.com\nTaskCategory=Token Right Adjusted Events\nOpCode=Info\nRecordNumber=824530\nKeywords=Audit Success",
        "_raw": "11/03/2018 08:16:53 PM\nLogName=Security\nSourceName=Microsoft Windows security auditing.\nEventCode=4703\nEventType=0\nType=Information\nComputerName=ad-00.corp.wheelzapp.com\nTaskCategory=Token Right Adjusted Events\nOpCode=Info\nRecordNumber=824530\nKeywords=Audit Success\nMessage=A token right was adjusted.\n\nSubject:\n\tSecurity ID:\t\tNT AUTHORITY\\SYSTEM\n\tAccount Name:\t\tAD-00$\n\tAccount Domain:\t\tCORP\n\tLogon ID:\t\t0x3E7\n\nTarget Account:\n\tSecurity ID:\t\tNULL SID\n\tAccount Name:\t\tAD-00$\n\tAccount Domain:\t\tCORP\n\tLogon ID:\t\t0x3E7\n\nProcess Information:\n\tProcess ID:\t\t0x3e4\n\tProcess Name:\t\tC:\\Windows\\System32\\svchost.exe\n\nEnabled Privileges:\n\t\t\tSeAssignPrimaryTokenPrivilege\n\t\t\tSeIncreaseQuotaPrivilege\n\t\t\tSeSecurityPrivilege\n\t\t\tSeTakeOwnershipPrivilege\n\t\t\tSeLoadDriverPrivilege\n\t\t\tSeSystemtimePrivilege\n\t\t\tSeBackupPrivilege\n\t\t\tSeRestorePrivilege\n\t\t\tSeShutdownPrivilege\n\t\t\tSeSystemEnvironmentPrivilege\n\t\t\tSeUndockPrivilege\n\t\t\tSeManageVolumePrivilege\n\nDisabled Privileges:\n\t\t\t-",
        "_serial": "387721",
        "_si": [
          "index01",
          "main"
        ],
        "_time": "2018-11-03 20:16:53.000 UTC",
        "host": "t1-corp-ad-00",
        "index": "main",
        "linecount": "45",
        "source": "WinEventLog:Security",
        "sourcetype": "WinEventLog",
        "splunk_server": "index01"
      },
      {
        "Message": "A token right was adjusted.\n\nSubject:\n\tSecurity ID:\t\tNT AUTHORITY\\SYSTEM\n\tAccount Name:\t\tAD-00$\n\tAccount Domain:\t\tCORP\n\tLogon ID:\t\t0x3E7\n\nTarget Account:\n\tSecurity ID:\t\tNULL SID\n\tAccount Name:\t\tAD-00$\n\tAccount Domain:\t\tCORP\n\tLogon ID:\t\t0x3E7\n\nProcess Information:\n\tProcess ID:\t\t0x3e4\n\tProcess Name:\t\tC:\\Windows\\System32\\svchost.exe\n\nEnabled Privileges:\n\t\t\tSeAssignPrimaryTokenPrivilege\n\t\t\tSeIncreaseQuotaPrivilege\n\t\t\tSeSecurityPrivilege\n\t\t\tSeTakeOwnershipPrivilege\n\t\t\tSeLoadDriverPrivilege\n\t\t\tSeSystemtimePrivilege\n\t\t\tSeBackupPrivilege\n\t\t\tSeRestorePrivilege\n\t\t\tSeShutdownPrivilege\n\t\t\tSeSystemEnvironmentPrivilege\n\t\t\tSeUndockPrivilege\n\t\t\tSeManageVolumePrivilege\n\nDisabled Privileges:\n\t\t\t-",
        "_bkt": "main~45~B135F5F1-8761-4D6B-9993-723ECD8DFAF7",
        "_cd": "45:9339934",
        "_indextime": "1541276213",
        "_pre_msg": "11/03/2018 08:16:53 PM\nLogName=Security\nSourceName=Microsoft Windows security auditing.\nEventCode=4703\nEventType=0\nType=Information\nComputerName=ad-00.corp.wheelzapp.com\nTaskCategory=Token Right Adjusted Events\nOpCode=Info\nRecordNumber=824529\nKeywords=Audit Success",
        "_raw": "11/03/2018 08:16:53 PM\nLogName=Security\nSourceName=Microsoft Windows security auditing.\nEventCode=4703\nEventType=0\nType=Information\nComputerName=ad-00.corp.wheelzapp.com\nTaskCategory=Token Right Adjusted Events\nOpCode=Info\nRecordNumber=824529\nKeywords=Audit Success\nMessage=A token right was adjusted.\n\nSubject:\n\tSecurity ID:\t\tNT AUTHORITY\\SYSTEM\n\tAccount Name:\t\tAD-00$\n\tAccount Domain:\t\tCORP\n\tLogon ID:\t\t0x3E7\n\nTarget Account:\n\tSecurity ID:\t\tNULL SID\n\tAccount Name:\t\tAD-00$\n\tAccount Domain:\t\tCORP\n\tLogon ID:\t\t0x3E7\n\nProcess Information:\n\tProcess ID:\t\t0x3e4\n\tProcess Name:\t\tC:\\Windows\\System32\\svchost.exe\n\nEnabled Privileges:\n\t\t\tSeAssignPrimaryTokenPrivilege\n\t\t\tSeIncreaseQuotaPrivilege\n\t\t\tSeSecurityPrivilege\n\t\t\tSeTakeOwnershipPrivilege\n\t\t\tSeLoadDriverPrivilege\n\t\t\tSeSystemtimePrivilege\n\t\t\tSeBackupPrivilege\n\t\t\tSeRestorePrivilege\n\t\t\tSeShutdownPrivilege\n\t\t\tSeSystemEnvironmentPrivilege\n\t\t\tSeUndockPrivilege\n\t\t\tSeManageVolumePrivilege\n\nDisabled Privileges:\n\t\t\t-",
        "_serial": "387722",
        "_si": [
          "index01",
          "main"
        ],
        "_time": "2018-11-03 20:16:53.000 UTC",
        "host": "t1-corp-ad-00",
        "index": "main",
        "linecount": "45",
        "source": "WinEventLog:Security",
        "sourcetype": "WinEventLog",
        "splunk_server": "index01"
      },
      {
        "Message": "A token right was adjusted.\n\nSubject:\n\tSecurity ID:\t\tNT AUTHORITY\\SYSTEM\n\tAccount Name:\t\tAD-00$\n\tAccount Domain:\t\tCORP\n\tLogon ID:\t\t0x3E7\n\nTarget Account:\n\tSecurity ID:\t\tNULL SID\n\tAccount Name:\t\tAD-00$\n\tAccount Domain:\t\tCORP\n\tLogon ID:\t\t0x3E7\n\nProcess Information:\n\tProcess ID:\t\t0x3e4\n\tProcess Name:\t\tC:\\Windows\\System32\\svchost.exe\n\nEnabled Privileges:\n\t\t\tSeAssignPrimaryTokenPrivilege\n\t\t\tSeIncreaseQuotaPrivilege\n\t\t\tSeSecurityPrivilege\n\t\t\tSeTakeOwnershipPrivilege\n\t\t\tSeLoadDriverPrivilege\n\t\t\tSeSystemtimePrivilege\n\t\t\tSeBackupPrivilege\n\t\t\tSeRestorePrivilege\n\t\t\tSeShutdownPrivilege\n\t\t\tSeSystemEnvironmentPrivilege\n\t\t\tSeUndockPrivilege\n\t\t\tSeManageVolumePrivilege\n\nDisabled Privileges:\n\t\t\t-",
        "_bkt": "main~45~B135F5F1-8761-4D6B-9993-723ECD8DFAF7",
        "_cd": "45:9339900",
        "_indextime": "1541276213",
        "_pre_msg": "11/03/2018 08:16:53 PM\nLogName=Security\nSourceName=Microsoft Windows security auditing.\nEventCode=4703\nEventType=0\nType=Information\nComputerName=ad-00.corp.wheelzapp.com\nTaskCategory=Token Right Adjusted Events\nOpCode=Info\nRecordNumber=824528\nKeywords=Audit Success",
        "_raw": "11/03/2018 08:16:53 PM\nLogName=Security\nSourceName=Microsoft Windows security auditing.\nEventCode=4703\nEventType=0\nType=Information\nComputerName=ad-00.corp.wheelzapp.com\nTaskCategory=Token Right Adjusted Events\nOpCode=Info\nRecordNumber=824528\nKeywords=Audit Success\nMessage=A token right was adjusted.\n\nSubject:\n\tSecurity ID:\t\tNT AUTHORITY\\SYSTEM\n\tAccount Name:\t\tAD-00$\n\tAccount Domain:\t\tCORP\n\tLogon ID:\t\t0x3E7\n\nTarget Account:\n\tSecurity ID:\t\tNULL SID\n\tAccount Name:\t\tAD-00$\n\tAccount Domain:\t\tCORP\n\tLogon ID:\t\t0x3E7\n\nProcess Information:\n\tProcess ID:\t\t0x3e4\n\tProcess Name:\t\tC:\\Windows\\System32\\svchost.exe\n\nEnabled Privileges:\n\t\t\tSeAssignPrimaryTokenPrivilege\n\t\t\tSeIncreaseQuotaPrivilege\n\t\t\tSeSecurityPrivilege\n\t\t\tSeTakeOwnershipPrivilege\n\t\t\tSeLoadDriverPrivilege\n\t\t\tSeSystemtimePrivilege\n\t\t\tSeBackupPrivilege\n\t\t\tSeRestorePrivilege\n\t\t\tSeShutdownPrivilege\n\t\t\tSeSystemEnvironmentPrivilege\n\t\t\tSeUndockPrivilege\n\t\t\tSeManageVolumePrivilege\n\nDisabled Privileges:\n\t\t\t-",
        "_serial": "387723",
        "_si": [
          "index01",
          "main"
        ],
        "_time": "2018-11-03 20:16:53.000 UTC",
        "host": "t1-corp-ad-00",
        "index": "main",
        "linecount": "45",
        "source": "WinEventLog:Security",
        "sourcetype": "WinEventLog",
        "splunk_server": "index01"
      },
      {
        "Message": "A token right was adjusted.\n\nSubject:\n\tSecurity ID:\t\tNT AUTHORITY\\SYSTEM\n\tAccount Name:\t\tAD-00$\n\tAccount Domain:\t\tCORP\n\tLogon ID:\t\t0x3E7\n\nTarget Account:\n\tSecurity ID:\t\tNULL SID\n\tAccount Name:\t\tAD-00$\n\tAccount Domain:\t\tCORP\n\tLogon ID:\t\t0x3E7\n\nProcess Information:\n\tProcess ID:\t\t0x3e4\n\tProcess Name:\t\tC:\\Windows\\System32\\svchost.exe\n\nEnabled Privileges:\n\t\t\tSeAssignPrimaryTokenPrivilege\n\t\t\tSeIncreaseQuotaPrivilege\n\t\t\tSeSecurityPrivilege\n\t\t\tSeTakeOwnershipPrivilege\n\t\t\tSeLoadDriverPrivilege\n\t\t\tSeSystemtimePrivilege\n\t\t\tSeBackupPrivilege\n\t\t\tSeRestorePrivilege\n\t\t\tSeShutdownPrivilege\n\t\t\tSeSystemEnvironmentPrivilege\n\t\t\tSeUndockPrivilege\n\t\t\tSeManageVolumePrivilege\n\nDisabled Privileges:\n\t\t\t-",
        "_bkt": "main~45~B135F5F1-8761-4D6B-9993-723ECD8DFAF7",
        "_cd": "45:9339816",
        "_indextime": "1541276213",
        "_pre_msg": "11/03/2018 08:16:53 PM\nLogName=Security\nSourceName=Microsoft Windows security auditing.\nEventCode=4703\nEventType=0\nType=Information\nComputerName=ad-00.corp.wheelzapp.com\nTaskCategory=Token Right Adjusted Events\nOpCode=Info\nRecordNumber=824527\nKeywords=Audit Success",
        "_raw": "11/03/2018 08:16:53 PM\nLogName=Security\nSourceName=Microsoft Windows security auditing.\nEventCode=4703\nEventType=0\nType=Information\nComputerName=ad-00.corp.wheelzapp.com\nTaskCategory=Token Right Adjusted Events\nOpCode=Info\nRecordNumber=824527\nKeywords=Audit Success\nMessage=A token right was adjusted.\n\nSubject:\n\tSecurity ID:\t\tNT AUTHORITY\\SYSTEM\n\tAccount Name:\t\tAD-00$\n\tAccount Domain:\t\tCORP\n\tLogon ID:\t\t0x3E7\n\nTarget Account:\n\tSecurity ID:\t\tNULL SID\n\tAccount Name:\t\tAD-00$\n\tAccount Domain:\t\tCORP\n\tLogon ID:\t\t0x3E7\n\nProcess Information:\n\tProcess ID:\t\t0x3e4\n\tProcess Name:\t\tC:\\Windows\\System32\\svchost.exe\n\nEnabled Privileges:\n\t\t\tSeAssignPrimaryTokenPrivilege\n\t\t\tSeIncreaseQuotaPrivilege\n\t\t\tSeSecurityPrivilege\n\t\t\tSeTakeOwnershipPrivilege\n\t\t\tSeLoadDriverPrivilege\n\t\t\tSeSystemtimePrivilege\n\t\t\tSeBackupPrivilege\n\t\t\tSeRestorePrivilege\n\t\t\tSeShutdownPrivilege\n\t\t\tSeSystemEnvironmentPrivilege\n\t\t\tSeUndockPrivilege\n\t\t\tSeManageVolumePrivilege\n\nDisabled Privileges:\n\t\t\t-",
        "_serial": "387724",
        "_si": [
          "index01",
          "main"
        ],
        "_time": "2018-11-03 20:16:53.000 UTC",
        "host": "t1-corp-ad-00",
        "index": "main",
        "linecount": "45",
        "source": "WinEventLog:Security",
        "sourcetype": "WinEventLog",
        "splunk_server": "index01"
      },
      {
        "Message": "A handle to an object was requested.\n\nSubject:\n\tSecurity ID:\t\tNT AUTHORITY\\SYSTEM\n\tAccount Name:\t\tAD-00$\n\tAccount Domain:\t\tCORP\n\tLogon ID:\t\t0x3E7\n\nObject:\n\tObject Server:\t\tSecurity\n\tObject Type:\t\tEvent\n\tObject Name:\t\t\\KernelObjects\\MaximumCommitCondition\n\tHandle ID:\t\t0x15c\n\tResource Attributes:\t-\n\nProcess Information:\n\tProcess ID:\t\t0xe8c\n\tProcess Name:\t\tC:\\Program Files\\SplunkUniversalForwarder\\bin\\splunk-winhostinfo.exe\n\nAccess Request Information:\n\tTransaction ID:\t\t{00000000-0000-0000-0000-000000000000}\n\tAccesses:\t\tSYNCHRONIZE\n\t\t\t\tQuery event state\n\t\t\t\t\n\tAccess Reasons:\t\t-\n\tAccess Mask:\t\t0x100001\n\tPrivileges Used for Access Check:\t-\n\tRestricted SID Count:\t0",
        "_bkt": "main~45~B135F5F1-8761-4D6B-9993-723ECD8DFAF7",
        "_cd": "45:9339784",
        "_indextime": "1541276213",
        "_pre_msg": "11/03/2018 08:16:53 PM\nLogName=Security\nSourceName=Microsoft Windows security auditing.\nEventCode=4656\nEventType=0\nType=Information\nComputerName=ad-00.corp.wheelzapp.com\nTaskCategory=Kernel Object\nOpCode=Info\nRecordNumber=824526\nKeywords=Audit Success",
        "_raw": "11/03/2018 08:16:53 PM\nLogName=Security\nSourceName=Microsoft Windows security auditing.\nEventCode=4656\nEventType=0\nType=Information\nComputerName=ad-00.corp.wheelzapp.com\nTaskCategory=Kernel Object\nOpCode=Info\nRecordNumber=824526\nKeywords=Audit Success\nMessage=A handle to an object was requested.\n\nSubject:\n\tSecurity ID:\t\tNT AUTHORITY\\SYSTEM\n\tAccount Name:\t\tAD-00$\n\tAccount Domain:\t\tCORP\n\tLogon ID:\t\t0x3E7\n\nObject:\n\tObject Server:\t\tSecurity\n\tObject Type:\t\tEvent\n\tObject Name:\t\t\\KernelObjects\\MaximumCommitCondition\n\tHandle ID:\t\t0x15c\n\tResource Attributes:\t-\n\nProcess Information:\n\tProcess ID:\t\t0xe8c\n\tProcess Name:\t\tC:\\Program Files\\SplunkUniversalForwarder\\bin\\splunk-winhostinfo.exe\n\nAccess Request Information:\n\tTransaction ID:\t\t{00000000-0000-0000-0000-000000000000}\n\tAccesses:\t\tSYNCHRONIZE\n\t\t\t\tQuery event state\n\t\t\t\t\n\tAccess Reasons:\t\t-\n\tAccess Mask:\t\t0x100001\n\tPrivileges Used for Access Check:\t-\n\tRestricted SID Count:\t0",
        "_serial": "387725",
        "_si": [
          "index01",
          "main"
        ],
        "_time": "2018-11-03 20:16:53.000 UTC",
        "host": "t1-corp-ad-00",
        "index": "main",
        "linecount": "39",
        "source": "WinEventLog:Security",
        "sourcetype": "WinEventLog",
        "splunk_server": "index01"
      },
      {
        "Message": "The handle to an object was closed.\n\nSubject :\n\tSecurity ID:\t\tNT AUTHORITY\\SYSTEM\n\tAccount Name:\t\tAD-00$\n\tAccount Domain:\t\tCORP\n\tLogon ID:\t\t0x3E7\n\nObject:\n\tObject Server:\t\tSecurity\n\tHandle ID:\t\t0xd94\n\nProcess Information:\n\tProcess ID:\t\t0xe8c\n\tProcess Name:\t\tC:\\Program Files\\SplunkUniversalForwarder\\bin\\splunk-winhostinfo.exe",
        "_bkt": "main~45~B135F5F1-8761-4D6B-9993-723ECD8DFAF7",
        "_cd": "45:9339763",
        "_indextime": "1541276213",
        "_pre_msg": "11/03/2018 08:16:53 PM\nLogName=Security\nSourceName=Microsoft Windows security auditing.\nEventCode=4658\nEventType=0\nType=Information\nComputerName=ad-00.corp.wheelzapp.com\nTaskCategory=Kernel Object\nOpCode=Info\nRecordNumber=824525\nKeywords=Audit Success",
        "_raw": "11/03/2018 08:16:53 PM\nLogName=Security\nSourceName=Microsoft Windows security auditing.\nEventCode=4658\nEventType=0\nType=Information\nComputerName=ad-00.corp.wheelzapp.com\nTaskCategory=Kernel Object\nOpCode=Info\nRecordNumber=824525\nKeywords=Audit Success\nMessage=The handle to an object was closed.\n\nSubject :\n\tSecurity ID:\t\tNT AUTHORITY\\SYSTEM\n\tAccount Name:\t\tAD-00$\n\tAccount Domain:\t\tCORP\n\tLogon ID:\t\t0x3E7\n\nObject:\n\tObject Server:\t\tSecurity\n\tHandle ID:\t\t0xd94\n\nProcess Information:\n\tProcess ID:\t\t0xe8c\n\tProcess Name:\t\tC:\\Program Files\\SplunkUniversalForwarder\\bin\\splunk-winhostinfo.exe",
        "_serial": "387726",
        "_si": [
          "index01",
          "main"
        ],
        "_time": "2018-11-03 20:16:53.000 UTC",
        "host": "t1-corp-ad-00",
        "index": "main",
        "linecount": "26",
        "source": "WinEventLog:Security",
        "sourcetype": "WinEventLog",
        "splunk_server": "index01"
      },
      {
        "Message": "An attempt was made to duplicate a handle to an object.\n\nSubject:\n\tSecurity ID:\t\tNT AUTHORITY\\SYSTEM\n\tAccount Name:\t\tAD-00$\n\tAccount Domain:\t\tCORP\n\tLogon ID:\t\t0x3E7\n\nSource Handle Information:\n\tSource Handle ID:\t0x15c\n\tSource Process ID:\t0xe8c\n\nNew Handle Information:\n\tTarget Handle ID:\t0xd94\n\tTarget Process ID:\t0x4",
        "_bkt": "main~45~B135F5F1-8761-4D6B-9993-723ECD8DFAF7",
        "_cd": "45:9339742",
        "_indextime": "1541276213",
        "_pre_msg": "11/03/2018 08:16:53 PM\nLogName=Security\nSourceName=Microsoft Windows security auditing.\nEventCode=4690\nEventType=0\nType=Information\nComputerName=ad-00.corp.wheelzapp.com\nTaskCategory=Handle Manipulation\nOpCode=Info\nRecordNumber=824524\nKeywords=Audit Success",
        "_raw": "11/03/2018 08:16:53 PM\nLogName=Security\nSourceName=Microsoft Windows security auditing.\nEventCode=4690\nEventType=0\nType=Information\nComputerName=ad-00.corp.wheelzapp.com\nTaskCategory=Handle Manipulation\nOpCode=Info\nRecordNumber=824524\nKeywords=Audit Success\nMessage=An attempt was made to duplicate a handle to an object.\n\nSubject:\n\tSecurity ID:\t\tNT AUTHORITY\\SYSTEM\n\tAccount Name:\t\tAD-00$\n\tAccount Domain:\t\tCORP\n\tLogon ID:\t\t0x3E7\n\nSource Handle Information:\n\tSource Handle ID:\t0x15c\n\tSource Process ID:\t0xe8c\n\nNew Handle Information:\n\tTarget Handle ID:\t0xd94\n\tTarget Process ID:\t0x4",
        "_serial": "387727",
        "_si": [
          "index01",
          "main"
        ],
        "_time": "2018-11-03 20:16:53.000 UTC",
        "host": "t1-corp-ad-00",
        "index": "main",
        "linecount": "26",
        "source": "WinEventLog:Security",
        "sourcetype": "WinEventLog",
        "splunk_server": "index01"
      }
    ]
  },
  {
    "g": [
      {
        "_bkt": "ids~21~309B8BB8-F45C-44CE-ABE5-EF8B9EC8A780",
        "_cd": "21:11324325",
        "_indextime": "1541276215",
        "_raw": "{\"timestamp\":\"2018-11-03T20:16:52.000141+0000\",\"flow_id\":988372938970840,\"event_type\":\"alert\",\"src_ip\":\"10.0.254.202\",\"src_port\":39245,\"dest_ip\":\"10.0.0.22\",\"dest_port\":22,\"proto\":\"TCP\",\"alert\":{\"action\":\"allowed\",\"gid\":1,\"signature_id\":2014925,\"rev\":2,\"signature\":\"ET INFO NetSSH SSH Version String Hardcoded in Metasploit\",\"category\":\"Attempted User Privilege Gain\",\"severity\":1},\"ssh\":{\"client\":{\"proto_version\":\"2.0\",\"software_version\":\"OpenSSH_5.0\"},\"server\":{\"proto_version\":\"2.0\",\"software_version\":\"OpenSSH_7.6p1 Ubuntu-4\"}},\"app_proto\":\"ssh\",\"payload\":\"U1NILTIuMC1PcGVuU1NIXzUuMA0KAAACLAkU8Ipx6IdLVNcgrUuupyVp9wAAAD1kaWZmaWUtaGVsbG1hbi1ncm91cC1leGNoYW5nZS1zaGExLGRpZmZpZS1oZWxsbWFuLWdyb3VwMS1zaGExAAAAD3NzaC1yc2Esc3NoLWRzcwAAAIJhZXMxMjgtY2JjLDNkZXMtY2JjLGJsb3dmaXNoLWNiYyxjYXN0MTI4LWNiYyxhZXMxOTItY2JjLGFlczI1Ni1jYmMscmlqbmRhZWwtY2JjQGx5c2F0b3IubGl1LnNlLGlkZWEtY2JjLG5vbmUsYXJjZm91cjEyOCxhcmNmb3VyMjU2AAAAgmFlczEyOC1jYmMsM2Rlcy1jYmMsYmxvd2Zpc2gtY2JjLGNhc3QxMjgtY2JjLGFlczE5Mi1jYmMsYWVzMjU2LWNiYyxyaWpuZGFlbC1jYmNAbHlzYXRvci5saXUuc2UsaWRlYS1jYmMsbm9uZSxhcmNmb3VyMTI4LGFyY2ZvdXIyNTYAAAAwaG1hYy1zaGExLGhtYWMtbWQ1LGhtYWMtc2hhMS05NixobWFjLW1kNS05Nixub25lAAAAMGhtYWMtc2hhMSxobWFjLW1kNSxobWFjLXNoYTEtOTYsaG1hYy1tZDUtOTYsbm9uZQAAABpub25lLHpsaWJAb3BlbnNzaC5jb20semxpYgAAABpub25lLHpsaWJAb3BlbnNzaC5jb20semxpYgAAAAAAAAAAAAAAAADUwSfRknLK4L8=\",\"stream\":1,\"packet\":\"RQAAKAAAAABABmfwCgD+ygoAABaZTQAW8rWXu1UlLFlQEAoA7aAAAA==\",\"packet_info\":{\"linktype\":12}}",
        "_serial": "42191",
        "_si": [
          "index01",
          "ids"
        ],
        "_subsecond": ".000141",
        "_time": "2018-11-03 20:16:52.000 UTC",
        "host": "t1-corp-mail-00",
        "index": "ids",
        "linecount": "1",
        "source": "/var/log/suricata/alert-json.log",
        "sourcetype": "suricata:alert",
        "splunk_server": "index01"
      }
    ],
    "e": [
      {
        "Message": "A new process has been created.\n\nCreator Subject:\n\tSecurity ID:\t\tNT AUTHORITY\\SYSTEM\n\tAccount Name:\t\tAD-00$\n\tAccount Domain:\t\tCORP\n\tLogon ID:\t\t0x3E7\n\nTarget Subject:\n\tSecurity ID:\t\tNULL SID\n\tAccount Name:\t\t-\n\tAccount Domain:\t\t-\n\tLogon ID:\t\t0x0\n\nProcess Information:\n\tNew Process ID:\t\t0xe8c\n\tNew Process Name:\tC:\\Program Files\\SplunkUniversalForwarder\\bin\\splunk-winhostinfo.exe\n\tToken Elevation Type:\t%%1936\n\tMandatory Label:\t\tMandatory Label\\System Mandatory Level\n\tCreator Process ID:\t0xd28\n\tCreator Process Name:\tC:\\Program Files\\SplunkUniversalForwarder\\bin\\splunkd.exe\n\tProcess Command Line:\t\n\nToken Elevation Type indicates the type of token that was assigned to the new process in accordance with User Account Control policy.\n\nType 1 is a full token with no privileges removed or groups disabled.  A full token is only used if User Account Control is disabled or if the user is the built-in Administrator account or a service account.\n\nType 2 is an elevated token with no privileges removed or groups disabled.  An elevated token is used when User Account Control is enabled and the user chooses to start the program using Run as administrator.  An elevated token is also used when an application is configured to always require administrative privilege or to always require maximum privilege, and the user is a member of the Administrators group.\n\nType 3 is a limited token with administrative privileges removed and administrative groups disabled.  The limited token is used when User Account Control is enabled, the application does not require administrative privilege, and the user does not choose to start the program using Run as administrator.",
        "_bkt": "main~45~B135F5F1-8761-4D6B-9993-723ECD8DFAF7",
        "_cd": "45:9339679",
        "_indextime": "1541276213",
        "_pre_msg": "11/03/2018 08:16:52 PM\nLogName=Security\nSourceName=Microsoft Windows security auditing.\nEventCode=4688\nEventType=0\nType=Information\nComputerName=ad-00.corp.wheelzapp.com\nTaskCategory=Process Creation\nOpCode=Info\nRecordNumber=824523\nKeywords=Audit Success",
        "_raw": "11/03/2018 08:16:52 PM\nLogName=Security\nSourceName=Microsoft Windows security auditing.\nEventCode=4688\nEventType=0\nType=Information\nComputerName=ad-00.corp.wheelzapp.com\nTaskCategory=Process Creation\nOpCode=Info\nRecordNumber=824523\nKeywords=Audit Success\nMessage=A new process has been created.\n\nCreator Subject:\n\tSecurity ID:\t\tNT AUTHORITY\\SYSTEM\n\tAccount Name:\t\tAD-00$\n\tAccount Domain:\t\tCORP\n\tLogon ID:\t\t0x3E7\n\nTarget Subject:\n\tSecurity ID:\t\tNULL SID\n\tAccount Name:\t\t-\n\tAccount Domain:\t\t-\n\tLogon ID:\t\t0x0\n\nProcess Information:\n\tNew Process ID:\t\t0xe8c\n\tNew Process Name:\tC:\\Program Files\\SplunkUniversalForwarder\\bin\\splunk-winhostinfo.exe\n\tToken Elevation Type:\t%%1936\n\tMandatory Label:\t\tMandatory Label\\System Mandatory Level\n\tCreator Process ID:\t0xd28\n\tCreator Process Name:\tC:\\Program Files\\SplunkUniversalForwarder\\bin\\splunkd.exe\n\tProcess Command Line:\t\n\nToken Elevation Type indicates the type of token that was assigned to the new process in accordance with User Account Control policy.\n\nType 1 is a full token with no privileges removed or groups disabled.  A full token is only used if User Account Control is disabled or if the user is the built-in Administrator account or a service account.\n\nType 2 is an elevated token with no privileges removed or groups disabled.  An elevated token is used when User Account Control is enabled and the user chooses to start the program using Run as administrator.  An elevated token is also used when an application is configured to always require administrative privilege or to always require maximum privilege, and the user is a member of the Administrators group.\n\nType 3 is a limited token with administrative privileges removed and administrative groups disabled.  The limited token is used when User Account Control is enabled, the application does not require administrative privilege, and the user does not choose to start the program using Run as administrator.",
        "_serial": "387728",
        "_si": [
          "index01",
          "main"
        ],
        "_time": "2018-11-03 20:16:52.000 UTC",
        "host": "t1-corp-ad-00",
        "index": "main",
        "linecount": "41",
        "source": "WinEventLog:Security",
        "sourcetype": "WinEventLog",
        "splunk_server": "index01"
      },
      {
        "Message": "The Windows Filtering Platform has permitted a connection.\n\nApplication Information:\n\tProcess ID:\t\t4372\n\tApplication Name:\t\\device\\harddiskvolume1\\program files (x86)\\bigfix enterprise\\bes client\\besclient.exe\n\nNetwork Information:\n\tDirection:\t\tOutbound\n\tSource Address:\t\t10.0.0.10\n\tSource Port:\t\t55179\n\tDestination Address:\t184.170.233.18\n\tDestination Port:\t\t52311\n\tProtocol:\t\t6\n\nFilter Information:\n\tFilter Run-Time ID:\t0\n\tLayer Name:\t\tConnect\n\tLayer Run-Time ID:\t48",
        "_bkt": "main~45~B135F5F1-8761-4D6B-9993-723ECD8DFAF7",
        "_cd": "45:9339653",
        "_indextime": "1541276213",
        "_pre_msg": "11/03/2018 08:16:52 PM\nLogName=Security\nSourceName=Microsoft Windows security auditing.\nEventCode=5156\nEventType=0\nType=Information\nComputerName=ad-00.corp.wheelzapp.com\nTaskCategory=Filtering Platform Connection\nOpCode=Info\nRecordNumber=824522\nKeywords=Audit Success",
        "_raw": "11/03/2018 08:16:52 PM\nLogName=Security\nSourceName=Microsoft Windows security auditing.\nEventCode=5156\nEventType=0\nType=Information\nComputerName=ad-00.corp.wheelzapp.com\nTaskCategory=Filtering Platform Connection\nOpCode=Info\nRecordNumber=824522\nKeywords=Audit Success\nMessage=The Windows Filtering Platform has permitted a connection.\n\nApplication Information:\n\tProcess ID:\t\t4372\n\tApplication Name:\t\\device\\harddiskvolume1\\program files (x86)\\bigfix enterprise\\bes client\\besclient.exe\n\nNetwork Information:\n\tDirection:\t\tOutbound\n\tSource Address:\t\t10.0.0.10\n\tSource Port:\t\t55179\n\tDestination Address:\t184.170.233.18\n\tDestination Port:\t\t52311\n\tProtocol:\t\t6\n\nFilter Information:\n\tFilter Run-Time ID:\t0\n\tLayer Name:\t\tConnect\n\tLayer Run-Time ID:\t48",
        "_serial": "387729",
        "_si": [
          "index01",
          "main"
        ],
        "_time": "2018-11-03 20:16:52.000 UTC",
        "host": "t1-corp-ad-00",
        "index": "main",
        "linecount": "29",
        "source": "WinEventLog:Security",
        "sourcetype": "WinEventLog",
        "splunk_server": "index01"
      },
      {
        "Message": "The Windows Filtering Platform has permitted a bind to a local port.\n\nApplication Information:\n\tProcess ID:\t\t4372\n\tApplication Name:\t\\device\\harddiskvolume1\\program files (x86)\\bigfix enterprise\\bes client\\besclient.exe\n\nNetwork Information:\n\tSource Address:\t\t::\n\tSource Port:\t\t55179\n\tProtocol:\t\t6\n\nFilter Information:\n\tFilter Run-Time ID:\t0\n\tLayer Name:\t\tResource Assignment\n\tLayer Run-Time ID:\t38",
        "_bkt": "main~45~B135F5F1-8761-4D6B-9993-723ECD8DFAF7",
        "_cd": "45:9339068",
        "_indextime": "1541276213",
        "_pre_msg": "11/03/2018 08:16:52 PM\nLogName=Security\nSourceName=Microsoft Windows security auditing.\nEventCode=5158\nEventType=0\nType=Information\nComputerName=ad-00.corp.wheelzapp.com\nTaskCategory=Filtering Platform Connection\nOpCode=Info\nRecordNumber=824521\nKeywords=Audit Success",
        "_raw": "11/03/2018 08:16:52 PM\nLogName=Security\nSourceName=Microsoft Windows security auditing.\nEventCode=5158\nEventType=0\nType=Information\nComputerName=ad-00.corp.wheelzapp.com\nTaskCategory=Filtering Platform Connection\nOpCode=Info\nRecordNumber=824521\nKeywords=Audit Success\nMessage=The Windows Filtering Platform has permitted a bind to a local port.\n\nApplication Information:\n\tProcess ID:\t\t4372\n\tApplication Name:\t\\device\\harddiskvolume1\\program files (x86)\\bigfix enterprise\\bes client\\besclient.exe\n\nNetwork Information:\n\tSource Address:\t\t::\n\tSource Port:\t\t55179\n\tProtocol:\t\t6\n\nFilter Information:\n\tFilter Run-Time ID:\t0\n\tLayer Name:\t\tResource Assignment\n\tLayer Run-Time ID:\t38",
        "_serial": "387730",
        "_si": [
          "index01",
          "main"
        ],
        "_time": "2018-11-03 20:16:52.000 UTC",
        "host": "t1-corp-ad-00",
        "index": "main",
        "linecount": "26",
        "source": "WinEventLog:Security",
        "sourcetype": "WinEventLog",
        "splunk_server": "index01"
      }
    ]
  },
  {
    "g": [
      {
        "_bkt": "ids~19~B135F5F1-8761-4D6B-9993-723ECD8DFAF7",
        "_cd": "19:4406396",
        "_indextime": "1541274087",
        "_raw": "{\"timestamp\":\"2018-11-03T19:41:27.000578+0000\",\"flow_id\":1745564795599826,\"in_iface\":\"ens4\",\"event_type\":\"alert\",\"src_ip\":\"10.0.47.18\",\"src_port\":53074,\"dest_ip\":\"169.254.169.254\",\"dest_port\":80,\"proto\":\"TCP\",\"tx_id\":0,\"alert\":{\"action\":\"allowed\",\"gid\":1,\"signature_id\":2013031,\"rev\":6,\"signature\":\"ET POLICY Python-urllib\\/ Suspicious User Agent\",\"category\":\"Attempted Information Leak\",\"severity\":2},\"http\":{\"hostname\":\"metadata.google.internal\",\"url\":\"\\/computeMetadata\\/v1\\/instance\\/network-interfaces\\/?alt=json&last_etag=dbb01ee1db7560c5&recursive=True&timeout_sec=84&wait_for_change=True\",\"http_user_agent\":\"Python-urllib\\/3.6\",\"http_content_type\":\"application\\/json\",\"http_method\":\"GET\",\"protocol\":\"HTTP\\/1.1\",\"status\":200,\"length\":320},\"app_proto\":\"http\",\"payload\":\"R0VUIC9jb21wdXRlTWV0YWRhdGEvdjEvaW5zdGFuY2UvbmV0d29yay1pbnRlcmZhY2VzLz9hbHQ9anNvbiZsYXN0X2V0YWc9ZGJiMDFlZTFkYjc1NjBjNSZyZWN1cnNpdmU9VHJ1ZSZ0aW1lb3V0X3NlYz04NCZ3YWl0X2Zvcl9jaGFuZ2U9VHJ1ZSBIVFRQLzEuMQ0KQWNjZXB0LUVuY29kaW5nOiBpZGVudGl0eQ0KSG9zdDogbWV0YWRhdGEuZ29vZ2xlLmludGVybmFsDQpVc2VyLUFnZW50OiBQeXRob24tdXJsbGliLzMuNg0KTWV0YWRhdGEtRmxhdm9yOiBHb29nbGUNCkNvbm5lY3Rpb246IGNsb3NlDQoNCg==\",\"stream\":1,\"packet\":\"QgEKAC8BQgEKAC8SCABFAAAoXBxAAEAGUaUKAC8Sqf6p\\/s9SAFDKWkCrqMtzp1AQc26NKQAA\",\"packet_info\":{\"linktype\":1}}",
        "_serial": "44850",
        "_si": [
          "index01",
          "ids"
        ],
        "_subsecond": ".000578",
        "_time": "2018-11-03 19:41:27.000 UTC",
        "host": "t1-cars-car-18",
        "index": "ids",
        "linecount": "1",
        "source": "/var/log/suricata/alert-json.log",
        "sourcetype": "suricata:alert",
        "splunk_server": "index01"
      }
    ],
    "e": [
      {
        "Message": "The Windows Filtering Platform has permitted a connection.\n\nApplication Information:\n\tProcess ID:\t\t364\n\tApplication Name:\t\\device\\harddiskvolume1\\windows\\system32\\svchost.exe\n\nNetwork Information:\n\tDirection:\t\tOutbound\n\tSource Address:\t\t10.0.0.241\n\tSource Port:\t\t60171\n\tDestination Address:\t10.0.0.10\n\tDestination Port:\t\t53\n\tProtocol:\t\t17\n\nFilter Information:\n\tFilter Run-Time ID:\t0\n\tLayer Name:\t\tConnect\n\tLayer Run-Time ID:\t48",
        "_bkt": "main~44~B135F5F1-8761-4D6B-9993-723ECD8DFAF7",
        "_cd": "44:198901496",
        "_indextime": "1541274087",
        "_pre_msg": "11/03/2018 07:41:27 PM\nLogName=Security\nSourceName=Microsoft Windows security auditing.\nEventCode=5156\nEventType=0\nType=Information\nComputerName=employee-01.corp.wheelzapp.com\nTaskCategory=Filtering Platform Connection\nOpCode=Info\nRecordNumber=182651\nKeywords=Audit Success",
        "_raw": "11/03/2018 07:41:27 PM\nLogName=Security\nSourceName=Microsoft Windows security auditing.\nEventCode=5156\nEventType=0\nType=Information\nComputerName=employee-01.corp.wheelzapp.com\nTaskCategory=Filtering Platform Connection\nOpCode=Info\nRecordNumber=182651\nKeywords=Audit Success\nMessage=The Windows Filtering Platform has permitted a connection.\n\nApplication Information:\n\tProcess ID:\t\t364\n\tApplication Name:\t\\device\\harddiskvolume1\\windows\\system32\\svchost.exe\n\nNetwork Information:\n\tDirection:\t\tOutbound\n\tSource Address:\t\t10.0.0.241\n\tSource Port:\t\t60171\n\tDestination Address:\t10.0.0.10\n\tDestination Port:\t\t53\n\tProtocol:\t\t17\n\nFilter Information:\n\tFilter Run-Time ID:\t0\n\tLayer Name:\t\tConnect\n\tLayer Run-Time ID:\t48",
        "_serial": "398691",
        "_si": [
          "index01",
          "main"
        ],
        "_time": "2018-11-03 19:41:27.000 UTC",
        "host": "t1-corp-employee-01",
        "index": "main",
        "linecount": "29",
        "source": "WinEventLog:Security",
        "sourcetype": "WinEventLog",
        "splunk_server": "index01"
      },
      {
        "Message": "The Windows Filtering Platform has permitted a bind to a local port.\n\nApplication Information:\n\tProcess ID:\t\t364\n\tApplication Name:\t\\device\\harddiskvolume1\\windows\\system32\\svchost.exe\n\nNetwork Information:\n\tSource Address:\t\t::\n\tSource Port:\t\t60171\n\tProtocol:\t\t17\n\nFilter Information:\n\tFilter Run-Time ID:\t0\n\tLayer Name:\t\tResource Assignment\n\tLayer Run-Time ID:\t38",
        "_bkt": "main~44~B135F5F1-8761-4D6B-9993-723ECD8DFAF7",
        "_cd": "44:198901473",
        "_indextime": "1541274087",
        "_pre_msg": "11/03/2018 07:41:27 PM\nLogName=Security\nSourceName=Microsoft Windows security auditing.\nEventCode=5158\nEventType=0\nType=Information\nComputerName=employee-01.corp.wheelzapp.com\nTaskCategory=Filtering Platform Connection\nOpCode=Info\nRecordNumber=182650\nKeywords=Audit Success",
        "_raw": "11/03/2018 07:41:27 PM\nLogName=Security\nSourceName=Microsoft Windows security auditing.\nEventCode=5158\nEventType=0\nType=Information\nComputerName=employee-01.corp.wheelzapp.com\nTaskCategory=Filtering Platform Connection\nOpCode=Info\nRecordNumber=182650\nKeywords=Audit Success\nMessage=The Windows Filtering Platform has permitted a bind to a local port.\n\nApplication Information:\n\tProcess ID:\t\t364\n\tApplication Name:\t\\device\\harddiskvolume1\\windows\\system32\\svchost.exe\n\nNetwork Information:\n\tSource Address:\t\t::\n\tSource Port:\t\t60171\n\tProtocol:\t\t17\n\nFilter Information:\n\tFilter Run-Time ID:\t0\n\tLayer Name:\t\tResource Assignment\n\tLayer Run-Time ID:\t38",
        "_serial": "398692",
        "_si": [
          "index01",
          "main"
        ],
        "_time": "2018-11-03 19:41:27.000 UTC",
        "host": "t1-corp-employee-01",
        "index": "main",
        "linecount": "26",
        "source": "WinEventLog:Security",
        "sourcetype": "WinEventLog",
        "splunk_server": "index01"
      },
      {
        "Message": "The Windows Filtering Platform has permitted a bind to a local port.\n\nApplication Information:\n\tProcess ID:\t\t364\n\tApplication Name:\t\\device\\harddiskvolume1\\windows\\system32\\svchost.exe\n\nNetwork Information:\n\tSource Address:\t\t::\n\tSource Port:\t\t60171\n\tProtocol:\t\t17\n\nFilter Information:\n\tFilter Run-Time ID:\t0\n\tLayer Name:\t\tResource Assignment\n\tLayer Run-Time ID:\t36",
        "_bkt": "main~44~B135F5F1-8761-4D6B-9993-723ECD8DFAF7",
        "_cd": "44:198901450",
        "_indextime": "1541274087",
        "_pre_msg": "11/03/2018 07:41:27 PM\nLogName=Security\nSourceName=Microsoft Windows security auditing.\nEventCode=5158\nEventType=0\nType=Information\nComputerName=employee-01.corp.wheelzapp.com\nTaskCategory=Filtering Platform Connection\nOpCode=Info\nRecordNumber=182649\nKeywords=Audit Success",
        "_raw": "11/03/2018 07:41:27 PM\nLogName=Security\nSourceName=Microsoft Windows security auditing.\nEventCode=5158\nEventType=0\nType=Information\nComputerName=employee-01.corp.wheelzapp.com\nTaskCategory=Filtering Platform Connection\nOpCode=Info\nRecordNumber=182649\nKeywords=Audit Success\nMessage=The Windows Filtering Platform has permitted a bind to a local port.\n\nApplication Information:\n\tProcess ID:\t\t364\n\tApplication Name:\t\\device\\harddiskvolume1\\windows\\system32\\svchost.exe\n\nNetwork Information:\n\tSource Address:\t\t::\n\tSource Port:\t\t60171\n\tProtocol:\t\t17\n\nFilter Information:\n\tFilter Run-Time ID:\t0\n\tLayer Name:\t\tResource Assignment\n\tLayer Run-Time ID:\t36",
        "_serial": "398693",
        "_si": [
          "index01",
          "main"
        ],
        "_time": "2018-11-03 19:41:27.000 UTC",
        "host": "t1-corp-employee-01",
        "index": "main",
        "linecount": "26",
        "source": "WinEventLog:Security",
        "sourcetype": "WinEventLog",
        "splunk_server": "index01"
      },
      {
        "Message": "The Windows Filtering Platform has permitted a connection.\n\nApplication Information:\n\tProcess ID:\t\t364\n\tApplication Name:\t\\device\\harddiskvolume1\\windows\\system32\\svchost.exe\n\nNetwork Information:\n\tDirection:\t\tOutbound\n\tSource Address:\t\t10.0.0.241\n\tSource Port:\t\t49693\n\tDestination Address:\t10.0.0.10\n\tDestination Port:\t\t53\n\tProtocol:\t\t17\n\nFilter Information:\n\tFilter Run-Time ID:\t0\n\tLayer Name:\t\tConnect\n\tLayer Run-Time ID:\t48",
        "_bkt": "main~44~B135F5F1-8761-4D6B-9993-723ECD8DFAF7",
        "_cd": "44:198901425",
        "_indextime": "1541274087",
        "_pre_msg": "11/03/2018 07:41:27 PM\nLogName=Security\nSourceName=Microsoft Windows security auditing.\nEventCode=5156\nEventType=0\nType=Information\nComputerName=employee-01.corp.wheelzapp.com\nTaskCategory=Filtering Platform Connection\nOpCode=Info\nRecordNumber=182648\nKeywords=Audit Success",
