        "_raw": "11/03/2018 09:11:36 PM\nLogName=Security\nSourceName=Microsoft Windows security auditing.\nEventCode=5158\nEventType=0\nType=Information\nComputerName=ad-00.corp.wheelzapp.com\nTaskCategory=Filtering Platform Connection\nOpCode=Info\nRecordNumber=856476\nKeywords=Audit Success\nMessage=The Windows Filtering Platform has permitted a bind to a local port.\n\nApplication Information:\n\tProcess ID:\t\t2624\n\tApplication Name:\t\\device\\harddiskvolume1\\windows\\system32\\dfsrs.exe\n\nNetwork Information:\n\tSource Address:\t\t::\n\tSource Port:\t\t55543\n\tProtocol:\t\t6\n\nFilter Information:\n\tFilter Run-Time ID:\t0\n\tLayer Name:\t\tResource Assignment\n\tLayer Run-Time ID:\t38",
        "_serial": "302375",
        "_si": [
          "index01",
          "main"
        ],
        "_time": "2018-11-03 21:11:36.000 UTC",
        "host": "t1-corp-ad-00",
        "index": "main",
        "linecount": "26",
        "source": "WinEventLog:Security",
        "sourcetype": "WinEventLog",
        "splunk_server": "index01"
      }
    ]
  },
  {
    "g": [
      {
        "_bkt": "ids~21~309B8BB8-F45C-44CE-ABE5-EF8B9EC8A780",
        "_cd": "21:27266203",
        "_indextime": "1541279461",
        "_raw": "{\"timestamp\":\"2018-11-03T21:11:01.000625+0000\",\"flow_id\":2078302712119331,\"in_iface\":\"ens4\",\"event_type\":\"alert\",\"src_ip\":\"10.0.254.202\",\"src_port\":49381,\"dest_ip\":\"10.0.0.24\",\"dest_port\":9200,\"proto\":\"TCP\",\"tx_id\":0,\"alert\":{\"action\":\"allowed\",\"gid\":1,\"signature_id\":2012726,\"rev\":5,\"signature\":\"ET SCAN OpenVAS User-Agent Inbound\",\"category\":\"Attempted Information Leak\",\"severity\":2},\"http\":{\"hostname\":\"nationals-t1-corp-security-00.c.security-competitions.internal\",\"url\":\"\\/Allegro\",\"http_user_agent\":\"Mozilla\\/5.0 [en] (X11, U; OpenVAS-VT 9.0.3)\",\"http_content_type\":\"application\\/json\",\"http_method\":\"GET\",\"protocol\":\"HTTP\\/1.1\",\"status\":404,\"length\":311},\"app_proto\":\"http\",\"payload\":\"R0VUIC9BbGxlZ3JvIEhUVFAvMS4xDQpDb25uZWN0aW9uOiBLZWVwLUFsaXZlDQpIb3N0OiBuYXRpb25hbHMtdDEtY29ycC1zZWN1cml0eS0wMC5jLnNlY3VyaXR5LWNvbXBldGl0aW9ucy5pbnRlcm5hbDo5MjAwDQpQcmFnbWE6IG5vLWNhY2hlDQpDYWNoZS1Db250cm9sOiBuby1jYWNoZQ0KVXNlci1BZ2VudDogTW96aWxsYS81LjAgW2VuXSAoWDExLCBVOyBPcGVuVkFTLVZUIDkuMC4zKQ0KQWNjZXB0OiBpbWFnZS9naWYsIGltYWdlL3gteGJpdG1hcCwgaW1hZ2UvanBlZywgaW1hZ2UvcGpwZWcsIGltYWdlL3BuZywgKi8qDQpBY2NlcHQtTGFuZ3VhZ2U6IGVuDQpBY2NlcHQtQ2hhcnNldDogaXNvLTg4NTktMSwqLHV0Zi04DQoNCg==\",\"stream\":1,\"packet\":\"QgEKAAAYQgEKAAABCABFAAA0NPpAAEAG8ucKAP7KCgAAGMDlI\\/CkYNKl61EPfoAQAOegqwAAAQEICvu5Mog6wQKZ\",\"packet_info\":{\"linktype\":1}}",
        "_serial": "22161",
        "_si": [
          "index01",
          "ids"
        ],
        "_subsecond": ".000625",
        "_time": "2018-11-03 21:11:01.000 UTC",
        "host": "t1-corp-security-00",
        "index": "ids",
        "linecount": "1",
        "source": "/var/log/suricata/alert-json.log",
        "sourcetype": "suricata:alert",
        "splunk_server": "index01"
      }
    ],
    "e": [
      {
        "Message": "The Windows Filtering Platform has permitted a connection.\n\nApplication Information:\n\tProcess ID:\t\t2592\n\tApplication Name:\t\\device\\harddiskvolume1\\windows\\system32\\dns.exe\n\nNetwork Information:\n\tDirection:\t\tInbound\n\tSource Address:\t\t10.0.0.22\n\tSource Port:\t\t59255\n\tDestination Address:\t10.0.0.10\n\tDestination Port:\t\t53\n\tProtocol:\t\t17\n\nFilter Information:\n\tFilter Run-Time ID:\t0\n\tLayer Name:\t\tReceive/Accept\n\tLayer Run-Time ID:\t44",
        "_bkt": "main~46~309B8BB8-F45C-44CE-ABE5-EF8B9EC8A780",
        "_cd": "46:383121268",
        "_indextime": "1541279463",
        "_pre_msg": "11/03/2018 09:11:01 PM\nLogName=Security\nSourceName=Microsoft Windows security auditing.\nEventCode=5156\nEventType=0\nType=Information\nComputerName=ad-00.corp.wheelzapp.com\nTaskCategory=Filtering Platform Connection\nOpCode=Info\nRecordNumber=856351\nKeywords=Audit Success",
        "_raw": "11/03/2018 09:11:01 PM\nLogName=Security\nSourceName=Microsoft Windows security auditing.\nEventCode=5156\nEventType=0\nType=Information\nComputerName=ad-00.corp.wheelzapp.com\nTaskCategory=Filtering Platform Connection\nOpCode=Info\nRecordNumber=856351\nKeywords=Audit Success\nMessage=The Windows Filtering Platform has permitted a connection.\n\nApplication Information:\n\tProcess ID:\t\t2592\n\tApplication Name:\t\\device\\harddiskvolume1\\windows\\system32\\dns.exe\n\nNetwork Information:\n\tDirection:\t\tInbound\n\tSource Address:\t\t10.0.0.22\n\tSource Port:\t\t59255\n\tDestination Address:\t10.0.0.10\n\tDestination Port:\t\t53\n\tProtocol:\t\t17\n\nFilter Information:\n\tFilter Run-Time ID:\t0\n\tLayer Name:\t\tReceive/Accept\n\tLayer Run-Time ID:\t44",
        "_serial": "302719",
        "_si": [
          "index01",
          "main"
        ],
        "_time": "2018-11-03 21:11:01.000 UTC",
        "host": "t1-corp-ad-00",
        "index": "main",
        "linecount": "29",
        "source": "WinEventLog:Security",
        "sourcetype": "WinEventLog",
        "splunk_server": "index01"
      },
      {
        "Message": "The Windows Filtering Platform has permitted a connection.\n\nApplication Information:\n\tProcess ID:\t\t2592\n\tApplication Name:\t\\device\\harddiskvolume1\\windows\\system32\\dns.exe\n\nNetwork Information:\n\tDirection:\t\tInbound\n\tSource Address:\t\t10.0.0.22\n\tSource Port:\t\t60226\n\tDestination Address:\t10.0.0.10\n\tDestination Port:\t\t53\n\tProtocol:\t\t17\n\nFilter Information:\n\tFilter Run-Time ID:\t0\n\tLayer Name:\t\tReceive/Accept\n\tLayer Run-Time ID:\t44",
        "_bkt": "main~46~309B8BB8-F45C-44CE-ABE5-EF8B9EC8A780",
        "_cd": "46:383112043",
        "_indextime": "1541279463",
        "_pre_msg": "11/03/2018 09:11:01 PM\nLogName=Security\nSourceName=Microsoft Windows security auditing.\nEventCode=5156\nEventType=0\nType=Information\nComputerName=ad-00.corp.wheelzapp.com\nTaskCategory=Filtering Platform Connection\nOpCode=Info\nRecordNumber=856350\nKeywords=Audit Success",
        "_raw": "11/03/2018 09:11:01 PM\nLogName=Security\nSourceName=Microsoft Windows security auditing.\nEventCode=5156\nEventType=0\nType=Information\nComputerName=ad-00.corp.wheelzapp.com\nTaskCategory=Filtering Platform Connection\nOpCode=Info\nRecordNumber=856350\nKeywords=Audit Success\nMessage=The Windows Filtering Platform has permitted a connection.\n\nApplication Information:\n\tProcess ID:\t\t2592\n\tApplication Name:\t\\device\\harddiskvolume1\\windows\\system32\\dns.exe\n\nNetwork Information:\n\tDirection:\t\tInbound\n\tSource Address:\t\t10.0.0.22\n\tSource Port:\t\t60226\n\tDestination Address:\t10.0.0.10\n\tDestination Port:\t\t53\n\tProtocol:\t\t17\n\nFilter Information:\n\tFilter Run-Time ID:\t0\n\tLayer Name:\t\tReceive/Accept\n\tLayer Run-Time ID:\t44",
        "_serial": "302720",
        "_si": [
          "index01",
          "main"
        ],
        "_time": "2018-11-03 21:11:01.000 UTC",
        "host": "t1-corp-ad-00",
        "index": "main",
        "linecount": "29",
        "source": "WinEventLog:Security",
        "sourcetype": "WinEventLog",
        "splunk_server": "index01"
      }
    ]
  },
  {
    "g": [
      {
        "_bkt": "ids~21~309B8BB8-F45C-44CE-ABE5-EF8B9EC8A780",
        "_cd": "21:27029426",
        "_indextime": "1541279449",
        "_raw": "{\"timestamp\":\"2018-11-03T21:10:49.000696+0000\",\"flow_id\":253622362847699,\"in_iface\":\"ens4\",\"event_type\":\"alert\",\"src_ip\":\"10.0.254.202\",\"src_port\":35163,\"dest_ip\":\"10.0.0.24\",\"dest_port\":80,\"proto\":\"TCP\",\"tx_id\":0,\"alert\":{\"action\":\"allowed\",\"gid\":1,\"signature_id\":2012726,\"rev\":5,\"signature\":\"ET SCAN OpenVAS User-Agent Inbound\",\"category\":\"Attempted Information Leak\",\"severity\":2},\"http\":{\"hostname\":\"nationals-t1-corp-security-00.c.security-competitions.internal\",\"url\":\"\\/archiva\\/index.action\",\"http_user_agent\":\"Mozilla\\/5.0 [en] (X11, U; OpenVAS-VT 9.0.3)\",\"http_content_type\":\"text\\/html\",\"http_method\":\"GET\",\"protocol\":\"HTTP\\/1.1\",\"status\":404,\"length\":178},\"app_proto\":\"http\",\"payload\":\"R0VUIC9hcmNoaXZhL2luZGV4LmFjdGlvbiBIVFRQLzEuMQ0KQ29ubmVjdGlvbjogS2VlcC1BbGl2ZQ0KSG9zdDogbmF0aW9uYWxzLXQxLWNvcnAtc2VjdXJpdHktMDAuYy5zZWN1cml0eS1jb21wZXRpdGlvbnMuaW50ZXJuYWwNClByYWdtYTogbm8tY2FjaGUNCkNhY2hlLUNvbnRyb2w6IG5vLWNhY2hlDQpVc2VyLUFnZW50OiBNb3ppbGxhLzUuMCBbZW5dIChYMTEsIFU7IE9wZW5WQVMtVlQgOS4wLjMpDQpBY2NlcHQ6IGltYWdlL2dpZiwgaW1hZ2UveC14Yml0bWFwLCBpbWFnZS9qcGVnLCBpbWFnZS9wanBlZywgaW1hZ2UvcG5nLCAqLyoNCkFjY2VwdC1MYW5ndWFnZTogZW4NCkFjY2VwdC1DaGFyc2V0OiBpc28tODg1OS0xLCosdXRmLTgNCg0K\",\"stream\":1,\"packet\":\"QgEKAAAYQgEKAAABCABFAAA0AfVAAEAGJe0KAP7KCgAAGIlbAFDQxN1R8yADRoAQAOcm7QAAAQEICvu5A6k6wNO6\",\"packet_info\":{\"linktype\":1}}",
        "_serial": "23068",
        "_si": [
          "index01",
          "ids"
        ],
        "_subsecond": ".000696",
        "_time": "2018-11-03 21:10:49.000 UTC",
        "host": "t1-corp-security-00",
        "index": "ids",
        "linecount": "1",
        "source": "/var/log/suricata/alert-json.log",
        "sourcetype": "suricata:alert",
        "splunk_server": "index01"
      }
    ],
    "e": [
      {
        "Message": "The Windows Filtering Platform has permitted a connection.\n\nApplication Information:\n\tProcess ID:\t\t2592\n\tApplication Name:\t\\device\\harddiskvolume1\\windows\\system32\\dns.exe\n\nNetwork Information:\n\tDirection:\t\tInbound\n\tSource Address:\t\t10.0.0.243\n\tSource Port:\t\t41238\n\tDestination Address:\t10.0.0.10\n\tDestination Port:\t\t53\n\tProtocol:\t\t17\n\nFilter Information:\n\tFilter Run-Time ID:\t0\n\tLayer Name:\t\tReceive/Accept\n\tLayer Run-Time ID:\t44",
        "_bkt": "main~46~309B8BB8-F45C-44CE-ABE5-EF8B9EC8A780",
        "_cd": "46:381636843",
        "_indextime": "1541279451",
        "_pre_msg": "11/03/2018 09:10:49 PM\nLogName=Security\nSourceName=Microsoft Windows security auditing.\nEventCode=5156\nEventType=0\nType=Information\nComputerName=ad-00.corp.wheelzapp.com\nTaskCategory=Filtering Platform Connection\nOpCode=Info\nRecordNumber=856287\nKeywords=Audit Success",
        "_raw": "11/03/2018 09:10:49 PM\nLogName=Security\nSourceName=Microsoft Windows security auditing.\nEventCode=5156\nEventType=0\nType=Information\nComputerName=ad-00.corp.wheelzapp.com\nTaskCategory=Filtering Platform Connection\nOpCode=Info\nRecordNumber=856287\nKeywords=Audit Success\nMessage=The Windows Filtering Platform has permitted a connection.\n\nApplication Information:\n\tProcess ID:\t\t2592\n\tApplication Name:\t\\device\\harddiskvolume1\\windows\\system32\\dns.exe\n\nNetwork Information:\n\tDirection:\t\tInbound\n\tSource Address:\t\t10.0.0.243\n\tSource Port:\t\t41238\n\tDestination Address:\t10.0.0.10\n\tDestination Port:\t\t53\n\tProtocol:\t\t17\n\nFilter Information:\n\tFilter Run-Time ID:\t0\n\tLayer Name:\t\tReceive/Accept\n\tLayer Run-Time ID:\t44",
        "_serial": "302851",
        "_si": [
          "index01",
          "main"
        ],
        "_time": "2018-11-03 21:10:49.000 UTC",
        "host": "t1-corp-ad-00",
        "index": "main",
        "linecount": "29",
        "source": "WinEventLog:Security",
        "sourcetype": "WinEventLog",
        "splunk_server": "index01"
      },
      {
        "Message": "The handle to an object was closed.\n\nSubject :\n\tSecurity ID:\t\tNT AUTHORITY\\SYSTEM\n\tAccount Name:\t\tEMPLOYEE-01$\n\tAccount Domain:\t\tCORP\n\tLogon ID:\t\t0x3E7\n\nObject:\n\tObject Server:\t\tSecurity\n\tHandle ID:\t\t0x5b0\n\nProcess Information:\n\tProcess ID:\t\t0x13cc\n\tProcess Name:\t\tC:\\Program Files (x86)\\BigFix Enterprise\\BES Client\\BESClient.exe",
        "_bkt": "main~45~B135F5F1-8761-4D6B-9993-723ECD8DFAF7",
        "_cd": "45:367953715",
        "_indextime": "1541279450",
        "_pre_msg": "11/03/2018 09:10:49 PM\nLogName=Security\nSourceName=Microsoft Windows security auditing.\nEventCode=4658\nEventType=0\nType=Information\nComputerName=employee-01.corp.wheelzapp.com\nTaskCategory=Kernel Object\nOpCode=Info\nRecordNumber=213457\nKeywords=Audit Success",
        "_raw": "11/03/2018 09:10:49 PM\nLogName=Security\nSourceName=Microsoft Windows security auditing.\nEventCode=4658\nEventType=0\nType=Information\nComputerName=employee-01.corp.wheelzapp.com\nTaskCategory=Kernel Object\nOpCode=Info\nRecordNumber=213457\nKeywords=Audit Success\nMessage=The handle to an object was closed.\n\nSubject :\n\tSecurity ID:\t\tNT AUTHORITY\\SYSTEM\n\tAccount Name:\t\tEMPLOYEE-01$\n\tAccount Domain:\t\tCORP\n\tLogon ID:\t\t0x3E7\n\nObject:\n\tObject Server:\t\tSecurity\n\tHandle ID:\t\t0x5b0\n\nProcess Information:\n\tProcess ID:\t\t0x13cc\n\tProcess Name:\t\tC:\\Program Files (x86)\\BigFix Enterprise\\BES Client\\BESClient.exe",
        "_serial": "302852",
        "_si": [
          "index01",
          "main"
        ],
        "_time": "2018-11-03 21:10:49.000 UTC",
        "host": "t1-corp-employee-01",
        "index": "main",
        "linecount": "26",
        "source": "WinEventLog:Security",
        "sourcetype": "WinEventLog",
        "splunk_server": "index01"
      },
      {
        "Message": "The Windows Filtering Platform has permitted a connection.\n\nApplication Information:\n\tProcess ID:\t\t2592\n\tApplication Name:\t\\device\\harddiskvolume1\\windows\\system32\\dns.exe\n\nNetwork Information:\n\tDirection:\t\tInbound\n\tSource Address:\t\t10.0.0.244\n\tSource Port:\t\t35720\n\tDestination Address:\t10.0.0.10\n\tDestination Port:\t\t53\n\tProtocol:\t\t17\n\nFilter Information:\n\tFilter Run-Time ID:\t0\n\tLayer Name:\t\tReceive/Accept\n\tLayer Run-Time ID:\t44",
        "_bkt": "main~46~309B8BB8-F45C-44CE-ABE5-EF8B9EC8A780",
        "_cd": "46:381636818",
        "_indextime": "1541279451",
        "_pre_msg": "11/03/2018 09:10:49 PM\nLogName=Security\nSourceName=Microsoft Windows security auditing.\nEventCode=5156\nEventType=0\nType=Information\nComputerName=ad-00.corp.wheelzapp.com\nTaskCategory=Filtering Platform Connection\nOpCode=Info\nRecordNumber=856286\nKeywords=Audit Success",
        "_raw": "11/03/2018 09:10:49 PM\nLogName=Security\nSourceName=Microsoft Windows security auditing.\nEventCode=5156\nEventType=0\nType=Information\nComputerName=ad-00.corp.wheelzapp.com\nTaskCategory=Filtering Platform Connection\nOpCode=Info\nRecordNumber=856286\nKeywords=Audit Success\nMessage=The Windows Filtering Platform has permitted a connection.\n\nApplication Information:\n\tProcess ID:\t\t2592\n\tApplication Name:\t\\device\\harddiskvolume1\\windows\\system32\\dns.exe\n\nNetwork Information:\n\tDirection:\t\tInbound\n\tSource Address:\t\t10.0.0.244\n\tSource Port:\t\t35720\n\tDestination Address:\t10.0.0.10\n\tDestination Port:\t\t53\n\tProtocol:\t\t17\n\nFilter Information:\n\tFilter Run-Time ID:\t0\n\tLayer Name:\t\tReceive/Accept\n\tLayer Run-Time ID:\t44",
        "_serial": "302853",
        "_si": [
          "index01",
          "main"
        ],
        "_time": "2018-11-03 21:10:49.000 UTC",
        "host": "t1-corp-ad-00",
        "index": "main",
        "linecount": "29",
        "source": "WinEventLog:Security",
        "sourcetype": "WinEventLog",
        "splunk_server": "index01"
      },
      {
        "Message": "A handle to an object was requested.\n\nSubject:\n\tSecurity ID:\t\tNT AUTHORITY\\SYSTEM\n\tAccount Name:\t\tEMPLOYEE-01$\n\tAccount Domain:\t\tCORP\n\tLogon ID:\t\t0x3E7\n\nObject:\n\tObject Server:\t\tSecurity\n\tObject Type:\t\tProcess\n\tObject Name:\t\t\\Device\\HarddiskVolume1\\Windows\\System32\\lsass.exe\n\tHandle ID:\t\t0x5b0\n\tResource Attributes:\t-\n\nProcess Information:\n\tProcess ID:\t\t0x13cc\n\tProcess Name:\t\tC:\\Program Files (x86)\\BigFix Enterprise\\BES Client\\BESClient.exe\n\nAccess Request Information:\n\tTransaction ID:\t\t{00000000-0000-0000-0000-000000000000}\n\tAccesses:\t\tRead from process memory\n\t\t\t\tQuery process information\n\t\t\t\tUndefined Access (no effect) Bit 12\n\t\t\t\t\n\tAccess Reasons:\t\t-\n\tAccess Mask:\t\t0x1410\n\tPrivileges Used for Access Check:\t-\n\tRestricted SID Count:\t0",
        "_bkt": "main~45~B135F5F1-8761-4D6B-9993-723ECD8DFAF7",
        "_cd": "45:367953680",
        "_indextime": "1541279450",
        "_pre_msg": "11/03/2018 09:10:49 PM\nLogName=Security\nSourceName=Microsoft Windows security auditing.\nEventCode=4656\nEventType=0\nType=Information\nComputerName=employee-01.corp.wheelzapp.com\nTaskCategory=Kernel Object\nOpCode=Info\nRecordNumber=213456\nKeywords=Audit Success",
        "_raw": "11/03/2018 09:10:49 PM\nLogName=Security\nSourceName=Microsoft Windows security auditing.\nEventCode=4656\nEventType=0\nType=Information\nComputerName=employee-01.corp.wheelzapp.com\nTaskCategory=Kernel Object\nOpCode=Info\nRecordNumber=213456\nKeywords=Audit Success\nMessage=A handle to an object was requested.\n\nSubject:\n\tSecurity ID:\t\tNT AUTHORITY\\SYSTEM\n\tAccount Name:\t\tEMPLOYEE-01$\n\tAccount Domain:\t\tCORP\n\tLogon ID:\t\t0x3E7\n\nObject:\n\tObject Server:\t\tSecurity\n\tObject Type:\t\tProcess\n\tObject Name:\t\t\\Device\\HarddiskVolume1\\Windows\\System32\\lsass.exe\n\tHandle ID:\t\t0x5b0\n\tResource Attributes:\t-\n\nProcess Information:\n\tProcess ID:\t\t0x13cc\n\tProcess Name:\t\tC:\\Program Files (x86)\\BigFix Enterprise\\BES Client\\BESClient.exe\n\nAccess Request Information:\n\tTransaction ID:\t\t{00000000-0000-0000-0000-000000000000}\n\tAccesses:\t\tRead from process memory\n\t\t\t\tQuery process information\n\t\t\t\tUndefined Access (no effect) Bit 12\n\t\t\t\t\n\tAccess Reasons:\t\t-\n\tAccess Mask:\t\t0x1410\n\tPrivileges Used for Access Check:\t-\n\tRestricted SID Count:\t0",
        "_serial": "302854",
        "_si": [
          "index01",
          "main"
        ],
        "_time": "2018-11-03 21:10:49.000 UTC",
        "host": "t1-corp-employee-01",
        "index": "main",
        "linecount": "40",
        "source": "WinEventLog:Security",
        "sourcetype": "WinEventLog",
        "splunk_server": "index01"
      },
      {
        "Message": "The Windows Filtering Platform has permitted a connection.\n\nApplication Information:\n\tProcess ID:\t\t2592\n\tApplication Name:\t\\device\\harddiskvolume1\\windows\\system32\\dns.exe\n\nNetwork Information:\n\tDirection:\t\tInbound\n\tSource Address:\t\t10.0.0.244\n\tSource Port:\t\t37097\n\tDestination Address:\t10.0.0.10\n\tDestination Port:\t\t53\n\tProtocol:\t\t17\n\nFilter Information:\n\tFilter Run-Time ID:\t0\n\tLayer Name:\t\tReceive/Accept\n\tLayer Run-Time ID:\t44",
        "_bkt": "main~46~309B8BB8-F45C-44CE-ABE5-EF8B9EC8A780",
        "_cd": "46:381631044",
        "_indextime": "1541279451",
        "_pre_msg": "11/03/2018 09:10:49 PM\nLogName=Security\nSourceName=Microsoft Windows security auditing.\nEventCode=5156\nEventType=0\nType=Information\nComputerName=ad-00.corp.wheelzapp.com\nTaskCategory=Filtering Platform Connection\nOpCode=Info\nRecordNumber=856285\nKeywords=Audit Success",
        "_raw": "11/03/2018 09:10:49 PM\nLogName=Security\nSourceName=Microsoft Windows security auditing.\nEventCode=5156\nEventType=0\nType=Information\nComputerName=ad-00.corp.wheelzapp.com\nTaskCategory=Filtering Platform Connection\nOpCode=Info\nRecordNumber=856285\nKeywords=Audit Success\nMessage=The Windows Filtering Platform has permitted a connection.\n\nApplication Information:\n\tProcess ID:\t\t2592\n\tApplication Name:\t\\device\\harddiskvolume1\\windows\\system32\\dns.exe\n\nNetwork Information:\n\tDirection:\t\tInbound\n\tSource Address:\t\t10.0.0.244\n\tSource Port:\t\t37097\n\tDestination Address:\t10.0.0.10\n\tDestination Port:\t\t53\n\tProtocol:\t\t17\n\nFilter Information:\n\tFilter Run-Time ID:\t0\n\tLayer Name:\t\tReceive/Accept\n\tLayer Run-Time ID:\t44",
        "_serial": "302855",
        "_si": [
          "index01",
          "main"
        ],
        "_time": "2018-11-03 21:10:49.000 UTC",
        "host": "t1-corp-ad-00",
        "index": "main",
        "linecount": "29",
        "source": "WinEventLog:Security",
        "sourcetype": "WinEventLog",
        "splunk_server": "index01"
      },
      {
        "Message": "The handle to an object was closed.\n\nSubject :\n\tSecurity ID:\t\tNT AUTHORITY\\SYSTEM\n\tAccount Name:\t\tEMPLOYEE-01$\n\tAccount Domain:\t\tCORP\n\tLogon ID:\t\t0x3E7\n\nObject:\n\tObject Server:\t\tSecurity\n\tHandle ID:\t\t0x614\n\nProcess Information:\n\tProcess ID:\t\t0x13cc\n\tProcess Name:\t\tC:\\Program Files (x86)\\BigFix Enterprise\\BES Client\\BESClient.exe",
        "_bkt": "main~45~B135F5F1-8761-4D6B-9993-723ECD8DFAF7",
        "_cd": "45:367953659",
        "_indextime": "1541279450",
        "_pre_msg": "11/03/2018 09:10:49 PM\nLogName=Security\nSourceName=Microsoft Windows security auditing.\nEventCode=4658\nEventType=0\nType=Information\nComputerName=employee-01.corp.wheelzapp.com\nTaskCategory=Kernel Object\nOpCode=Info\nRecordNumber=213455\nKeywords=Audit Success",
        "_raw": "11/03/2018 09:10:49 PM\nLogName=Security\nSourceName=Microsoft Windows security auditing.\nEventCode=4658\nEventType=0\nType=Information\nComputerName=employee-01.corp.wheelzapp.com\nTaskCategory=Kernel Object\nOpCode=Info\nRecordNumber=213455\nKeywords=Audit Success\nMessage=The handle to an object was closed.\n\nSubject :\n\tSecurity ID:\t\tNT AUTHORITY\\SYSTEM\n\tAccount Name:\t\tEMPLOYEE-01$\n\tAccount Domain:\t\tCORP\n\tLogon ID:\t\t0x3E7\n\nObject:\n\tObject Server:\t\tSecurity\n\tHandle ID:\t\t0x614\n\nProcess Information:\n\tProcess ID:\t\t0x13cc\n\tProcess Name:\t\tC:\\Program Files (x86)\\BigFix Enterprise\\BES Client\\BESClient.exe",
        "_serial": "302856",
        "_si": [
          "index01",
          "main"
        ],
        "_time": "2018-11-03 21:10:49.000 UTC",
        "host": "t1-corp-employee-01",
        "index": "main",
        "linecount": "26",
        "source": "WinEventLog:Security",
        "sourcetype": "WinEventLog",
        "splunk_server": "index01"
      },
      {
        "Message": "The handle to an object was closed.\n\nSubject :\n\tSecurity ID:\t\tNT AUTHORITY\\SYSTEM\n\tAccount Name:\t\tEMPLOYEE-00$\n\tAccount Domain:\t\tCORP\n\tLogon ID:\t\t0x3E7\n\nObject:\n\tObject Server:\t\tSecurity\n\tHandle ID:\t\t0x678\n\nProcess Information:\n\tProcess ID:\t\t0xd7c\n\tProcess Name:\t\tC:\\Program Files (x86)\\BigFix Enterprise\\BES Client\\BESClient.exe",
        "_bkt": "main~46~309B8BB8-F45C-44CE-ABE5-EF8B9EC8A780",
        "_cd": "46:381618820",
        "_indextime": "1541279450",
        "_pre_msg": "11/03/2018 09:10:49 PM\nLogName=Security\nSourceName=Microsoft Windows security auditing.\nEventCode=4658\nEventType=0\nType=Information\nComputerName=employee-00.corp.wheelzapp.com\nTaskCategory=Kernel Object\nOpCode=Info\nRecordNumber=180641\nKeywords=Audit Success",
        "_raw": "11/03/2018 09:10:49 PM\nLogName=Security\nSourceName=Microsoft Windows security auditing.\nEventCode=4658\nEventType=0\nType=Information\nComputerName=employee-00.corp.wheelzapp.com\nTaskCategory=Kernel Object\nOpCode=Info\nRecordNumber=180641\nKeywords=Audit Success\nMessage=The handle to an object was closed.\n\nSubject :\n\tSecurity ID:\t\tNT AUTHORITY\\SYSTEM\n\tAccount Name:\t\tEMPLOYEE-00$\n\tAccount Domain:\t\tCORP\n\tLogon ID:\t\t0x3E7\n\nObject:\n\tObject Server:\t\tSecurity\n\tHandle ID:\t\t0x678\n\nProcess Information:\n\tProcess ID:\t\t0xd7c\n\tProcess Name:\t\tC:\\Program Files (x86)\\BigFix Enterprise\\BES Client\\BESClient.exe",
        "_serial": "302857",
        "_si": [
          "index01",
          "main"
        ],
        "_time": "2018-11-03 21:10:49.000 UTC",
        "host": "t1-corp-employee-00",
        "index": "main",
        "linecount": "26",
        "source": "WinEventLog:Security",
        "sourcetype": "WinEventLog",
        "splunk_server": "index01"
      },
      {
        "Message": "An attempt was made to duplicate a handle to an object.\n\nSubject:\n\tSecurity ID:\t\tNT AUTHORITY\\SYSTEM\n\tAccount Name:\t\tEMPLOYEE-01$\n\tAccount Domain:\t\tCORP\n\tLogon ID:\t\t0x3E7\n\nSource Handle Information:\n\tSource Handle ID:\t0x5b0\n\tSource Process ID:\t0x13cc\n\nNew Handle Information:\n\tTarget Handle ID:\t0x614\n\tTarget Process ID:\t0x4",
        "_bkt": "main~45~B135F5F1-8761-4D6B-9993-723ECD8DFAF7",
        "_cd": "45:367953638",
        "_indextime": "1541279450",
        "_pre_msg": "11/03/2018 09:10:49 PM\nLogName=Security\nSourceName=Microsoft Windows security auditing.\nEventCode=4690\nEventType=0\nType=Information\nComputerName=employee-01.corp.wheelzapp.com\nTaskCategory=Handle Manipulation\nOpCode=Info\nRecordNumber=213454\nKeywords=Audit Success",
        "_raw": "11/03/2018 09:10:49 PM\nLogName=Security\nSourceName=Microsoft Windows security auditing.\nEventCode=4690\nEventType=0\nType=Information\nComputerName=employee-01.corp.wheelzapp.com\nTaskCategory=Handle Manipulation\nOpCode=Info\nRecordNumber=213454\nKeywords=Audit Success\nMessage=An attempt was made to duplicate a handle to an object.\n\nSubject:\n\tSecurity ID:\t\tNT AUTHORITY\\SYSTEM\n\tAccount Name:\t\tEMPLOYEE-01$\n\tAccount Domain:\t\tCORP\n\tLogon ID:\t\t0x3E7\n\nSource Handle Information:\n\tSource Handle ID:\t0x5b0\n\tSource Process ID:\t0x13cc\n\nNew Handle Information:\n\tTarget Handle ID:\t0x614\n\tTarget Process ID:\t0x4",
        "_serial": "302858",
        "_si": [
          "index01",
          "main"
        ],
        "_time": "2018-11-03 21:10:49.000 UTC",
        "host": "t1-corp-employee-01",
        "index": "main",
        "linecount": "26",
        "source": "WinEventLog:Security",
        "sourcetype": "WinEventLog",
        "splunk_server": "index01"
      },
      {
        "Message": "A handle to an object was requested.\n\nSubject:\n\tSecurity ID:\t\tNT AUTHORITY\\SYSTEM\n\tAccount Name:\t\tEMPLOYEE-00$\n\tAccount Domain:\t\tCORP\n\tLogon ID:\t\t0x3E7\n\nObject:\n\tObject Server:\t\tSecurity\n\tObject Type:\t\tProcess\n\tObject Name:\t\t\\Device\\HarddiskVolume1\\Windows\\System32\\lsass.exe\n\tHandle ID:\t\t0x678\n\tResource Attributes:\t-\n\nProcess Information:\n\tProcess ID:\t\t0xd7c\n\tProcess Name:\t\tC:\\Program Files (x86)\\BigFix Enterprise\\BES Client\\BESClient.exe\n\nAccess Request Information:\n\tTransaction ID:\t\t{00000000-0000-0000-0000-000000000000}\n\tAccesses:\t\tRead from process memory\n\t\t\t\tQuery process information\n\t\t\t\tUndefined Access (no effect) Bit 12\n\t\t\t\t\n\tAccess Reasons:\t\t-\n\tAccess Mask:\t\t0x1410\n\tPrivileges Used for Access Check:\t-\n\tRestricted SID Count:\t0",
        "_bkt": "main~46~309B8BB8-F45C-44CE-ABE5-EF8B9EC8A780",
        "_cd": "46:381618785",
        "_indextime": "1541279450",
        "_pre_msg": "11/03/2018 09:10:49 PM\nLogName=Security\nSourceName=Microsoft Windows security auditing.\nEventCode=4656\nEventType=0\nType=Information\nComputerName=employee-00.corp.wheelzapp.com\nTaskCategory=Kernel Object\nOpCode=Info\nRecordNumber=180640\nKeywords=Audit Success",
        "_raw": "11/03/2018 09:10:49 PM\nLogName=Security\nSourceName=Microsoft Windows security auditing.\nEventCode=4656\nEventType=0\nType=Information\nComputerName=employee-00.corp.wheelzapp.com\nTaskCategory=Kernel Object\nOpCode=Info\nRecordNumber=180640\nKeywords=Audit Success\nMessage=A handle to an object was requested.\n\nSubject:\n\tSecurity ID:\t\tNT AUTHORITY\\SYSTEM\n\tAccount Name:\t\tEMPLOYEE-00$\n\tAccount Domain:\t\tCORP\n\tLogon ID:\t\t0x3E7\n\nObject:\n\tObject Server:\t\tSecurity\n\tObject Type:\t\tProcess\n\tObject Name:\t\t\\Device\\HarddiskVolume1\\Windows\\System32\\lsass.exe\n\tHandle ID:\t\t0x678\n\tResource Attributes:\t-\n\nProcess Information:\n\tProcess ID:\t\t0xd7c\n\tProcess Name:\t\tC:\\Program Files (x86)\\BigFix Enterprise\\BES Client\\BESClient.exe\n\nAccess Request Information:\n\tTransaction ID:\t\t{00000000-0000-0000-0000-000000000000}\n\tAccesses:\t\tRead from process memory\n\t\t\t\tQuery process information\n\t\t\t\tUndefined Access (no effect) Bit 12\n\t\t\t\t\n\tAccess Reasons:\t\t-\n\tAccess Mask:\t\t0x1410\n\tPrivileges Used for Access Check:\t-\n\tRestricted SID Count:\t0",
        "_serial": "302859",
        "_si": [
          "index01",
          "main"
        ],
        "_time": "2018-11-03 21:10:49.000 UTC",
        "host": "t1-corp-employee-00",
        "index": "main",
        "linecount": "40",
        "source": "WinEventLog:Security",
        "sourcetype": "WinEventLog",
        "splunk_server": "index01"
      },
      {
        "Message": "The handle to an object was closed.\n\nSubject :\n\tSecurity ID:\t\tNT AUTHORITY\\SYSTEM\n\tAccount Name:\t\tEMPLOYEE-01$\n\tAccount Domain:\t\tCORP\n\tLogon ID:\t\t0x3E7\n\nObject:\n\tObject Server:\t\tSecurity\n\tHandle ID:\t\t0x648\n\nProcess Information:\n\tProcess ID:\t\t0x13cc\n\tProcess Name:\t\tC:\\Program Files (x86)\\BigFix Enterprise\\BES Client\\BESClient.exe",
        "_bkt": "main~45~B135F5F1-8761-4D6B-9993-723ECD8DFAF7",
        "_cd": "45:367953617",
        "_indextime": "1541279450",
        "_pre_msg": "11/03/2018 09:10:49 PM\nLogName=Security\nSourceName=Microsoft Windows security auditing.\nEventCode=4658\nEventType=0\nType=Information\nComputerName=employee-01.corp.wheelzapp.com\nTaskCategory=Kernel Object\nOpCode=Info\nRecordNumber=213453\nKeywords=Audit Success",
        "_raw": "11/03/2018 09:10:49 PM\nLogName=Security\nSourceName=Microsoft Windows security auditing.\nEventCode=4658\nEventType=0\nType=Information\nComputerName=employee-01.corp.wheelzapp.com\nTaskCategory=Kernel Object\nOpCode=Info\nRecordNumber=213453\nKeywords=Audit Success\nMessage=The handle to an object was closed.\n\nSubject :\n\tSecurity ID:\t\tNT AUTHORITY\\SYSTEM\n\tAccount Name:\t\tEMPLOYEE-01$\n\tAccount Domain:\t\tCORP\n\tLogon ID:\t\t0x3E7\n\nObject:\n\tObject Server:\t\tSecurity\n\tHandle ID:\t\t0x648\n\nProcess Information:\n\tProcess ID:\t\t0x13cc\n\tProcess Name:\t\tC:\\Program Files (x86)\\BigFix Enterprise\\BES Client\\BESClient.exe",
        "_serial": "302860",
        "_si": [
          "index01",
          "main"
        ],
        "_time": "2018-11-03 21:10:49.000 UTC",
        "host": "t1-corp-employee-01",
        "index": "main",
        "linecount": "26",
        "source": "WinEventLog:Security",
        "sourcetype": "WinEventLog",
        "splunk_server": "index01"
      },
      {
        "Message": "The handle to an object was closed.\n\nSubject :\n\tSecurity ID:\t\tNT AUTHORITY\\SYSTEM\n\tAccount Name:\t\tEMPLOYEE-00$\n\tAccount Domain:\t\tCORP\n\tLogon ID:\t\t0x3E7\n\nObject:\n\tObject Server:\t\tSecurity\n\tHandle ID:\t\t0xc48\n\nProcess Information:\n\tProcess ID:\t\t0xd7c\n\tProcess Name:\t\tC:\\Program Files (x86)\\BigFix Enterprise\\BES Client\\BESClient.exe",
        "_bkt": "main~46~309B8BB8-F45C-44CE-ABE5-EF8B9EC8A780",
        "_cd": "46:381618764",
        "_indextime": "1541279450",
        "_pre_msg": "11/03/2018 09:10:49 PM\nLogName=Security\nSourceName=Microsoft Windows security auditing.\nEventCode=4658\nEventType=0\nType=Information\nComputerName=employee-00.corp.wheelzapp.com\nTaskCategory=Kernel Object\nOpCode=Info\nRecordNumber=180639\nKeywords=Audit Success",
        "_raw": "11/03/2018 09:10:49 PM\nLogName=Security\nSourceName=Microsoft Windows security auditing.\nEventCode=4658\nEventType=0\nType=Information\nComputerName=employee-00.corp.wheelzapp.com\nTaskCategory=Kernel Object\nOpCode=Info\nRecordNumber=180639\nKeywords=Audit Success\nMessage=The handle to an object was closed.\n\nSubject :\n\tSecurity ID:\t\tNT AUTHORITY\\SYSTEM\n\tAccount Name:\t\tEMPLOYEE-00$\n\tAccount Domain:\t\tCORP\n\tLogon ID:\t\t0x3E7\n\nObject:\n\tObject Server:\t\tSecurity\n\tHandle ID:\t\t0xc48\n\nProcess Information:\n\tProcess ID:\t\t0xd7c\n\tProcess Name:\t\tC:\\Program Files (x86)\\BigFix Enterprise\\BES Client\\BESClient.exe",
        "_serial": "302861",
        "_si": [
          "index01",
          "main"
        ],
        "_time": "2018-11-03 21:10:49.000 UTC",
        "host": "t1-corp-employee-00",
        "index": "main",
        "linecount": "26",
        "source": "WinEventLog:Security",
        "sourcetype": "WinEventLog",
        "splunk_server": "index01"
      },
      {
        "Message": "An attempt was made to access an object.\n\nSubject:\n\tSecurity ID:\t\tNT AUTHORITY\\SYSTEM\n\tAccount Name:\t\tEMPLOYEE-01$\n\tAccount Domain:\t\tCORP\n\tLogon ID:\t\t0x3E7\n\nObject:\n\tObject Server:\t\tSecurity\n\tObject Type:\t\tProcess\n\tObject Name:\t\t\\Device\\HarddiskVolume1\\Windows\\System32\\lsass.exe\n\tHandle ID:\t\t0x648\n\tResource Attributes:\t-\n\nProcess Information:\n\tProcess ID:\t\t0x13cc\n\tProcess Name:\t\tC:\\Program Files (x86)\\BigFix Enterprise\\BES Client\\BESClient.exe\n\nAccess Request Information:\n\tAccesses:\t\tRead from process memory\n\t\t\t\t\n\tAccess Mask:\t\t0x10",
        "_bkt": "main~45~B135F5F1-8761-4D6B-9993-723ECD8DFAF7",
        "_cd": "45:367953589",
        "_indextime": "1541279450",
        "_pre_msg": "11/03/2018 09:10:49 PM\nLogName=Security\nSourceName=Microsoft Windows security auditing.\nEventCode=4663\nEventType=0\nType=Information\nComputerName=employee-01.corp.wheelzapp.com\nTaskCategory=Kernel Object\nOpCode=Info\nRecordNumber=213452\nKeywords=Audit Success",
        "_raw": "11/03/2018 09:10:49 PM\nLogName=Security\nSourceName=Microsoft Windows security auditing.\nEventCode=4663\nEventType=0\nType=Information\nComputerName=employee-01.corp.wheelzapp.com\nTaskCategory=Kernel Object\nOpCode=Info\nRecordNumber=213452\nKeywords=Audit Success\nMessage=An attempt was made to access an object.\n\nSubject:\n\tSecurity ID:\t\tNT AUTHORITY\\SYSTEM\n\tAccount Name:\t\tEMPLOYEE-01$\n\tAccount Domain:\t\tCORP\n\tLogon ID:\t\t0x3E7\n\nObject:\n\tObject Server:\t\tSecurity\n\tObject Type:\t\tProcess\n\tObject Name:\t\t\\Device\\HarddiskVolume1\\Windows\\System32\\lsass.exe\n\tHandle ID:\t\t0x648\n\tResource Attributes:\t-\n\nProcess Information:\n\tProcess ID:\t\t0x13cc\n\tProcess Name:\t\tC:\\Program Files (x86)\\BigFix Enterprise\\BES Client\\BESClient.exe\n\nAccess Request Information:\n\tAccesses:\t\tRead from process memory\n\t\t\t\t\n\tAccess Mask:\t\t0x10",
        "_serial": "302862",
        "_si": [
          "index01",
          "main"
        ],
        "_time": "2018-11-03 21:10:49.000 UTC",
        "host": "t1-corp-employee-01",
        "index": "main",
        "linecount": "34",
        "source": "WinEventLog:Security",
        "sourcetype": "WinEventLog",
        "splunk_server": "index01"
      },
      {
        "Message": "An attempt was made to duplicate a handle to an object.\n\nSubject:\n\tSecurity ID:\t\tNT AUTHORITY\\SYSTEM\n\tAccount Name:\t\tEMPLOYEE-00$\n\tAccount Domain:\t\tCORP\n\tLogon ID:\t\t0x3E7\n\nSource Handle Information:\n\tSource Handle ID:\t0x678\n\tSource Process ID:\t0xd7c\n\nNew Handle Information:\n\tTarget Handle ID:\t0xc48\n\tTarget Process ID:\t0x4",
        "_bkt": "main~46~309B8BB8-F45C-44CE-ABE5-EF8B9EC8A780",
        "_cd": "46:381618743",
        "_indextime": "1541279450",
        "_pre_msg": "11/03/2018 09:10:49 PM\nLogName=Security\nSourceName=Microsoft Windows security auditing.\nEventCode=4690\nEventType=0\nType=Information\nComputerName=employee-00.corp.wheelzapp.com\nTaskCategory=Handle Manipulation\nOpCode=Info\nRecordNumber=180638\nKeywords=Audit Success",
        "_raw": "11/03/2018 09:10:49 PM\nLogName=Security\nSourceName=Microsoft Windows security auditing.\nEventCode=4690\nEventType=0\nType=Information\nComputerName=employee-00.corp.wheelzapp.com\nTaskCategory=Handle Manipulation\nOpCode=Info\nRecordNumber=180638\nKeywords=Audit Success\nMessage=An attempt was made to duplicate a handle to an object.\n\nSubject:\n\tSecurity ID:\t\tNT AUTHORITY\\SYSTEM\n\tAccount Name:\t\tEMPLOYEE-00$\n\tAccount Domain:\t\tCORP\n\tLogon ID:\t\t0x3E7\n\nSource Handle Information:\n\tSource Handle ID:\t0x678\n\tSource Process ID:\t0xd7c\n\nNew Handle Information:\n\tTarget Handle ID:\t0xc48\n\tTarget Process ID:\t0x4",
        "_serial": "302863",
        "_si": [
          "index01",
          "main"
        ],
        "_time": "2018-11-03 21:10:49.000 UTC",
        "host": "t1-corp-employee-00",
        "index": "main",
        "linecount": "26",
        "source": "WinEventLog:Security",
        "sourcetype": "WinEventLog",
        "splunk_server": "index01"
      },
      {
        "Message": "A handle to an object was requested.\n\nSubject:\n\tSecurity ID:\t\tNT AUTHORITY\\SYSTEM\n\tAccount Name:\t\tEMPLOYEE-01$\n\tAccount Domain:\t\tCORP\n\tLogon ID:\t\t0x3E7\n\nObject:\n\tObject Server:\t\tSecurity\n\tObject Type:\t\tProcess\n\tObject Name:\t\t\\Device\\HarddiskVolume1\\Windows\\System32\\lsass.exe\n\tHandle ID:\t\t0x648\n\tResource Attributes:\t-\n\nProcess Information:\n\tProcess ID:\t\t0x13cc\n\tProcess Name:\t\tC:\\Program Files (x86)\\BigFix Enterprise\\BES Client\\BESClient.exe\n\nAccess Request Information:\n\tTransaction ID:\t\t{00000000-0000-0000-0000-000000000000}\n\tAccesses:\t\tDELETE\n\t\t\t\tREAD_CONTROL\n\t\t\t\tWRITE_DAC\n\t\t\t\tWRITE_OWNER\n\t\t\t\tSYNCHRONIZE\n\t\t\t\tForce process termination\n\t\t\t\tCreate new thread in process\n\t\t\t\tSet process session ID\n\t\t\t\tPerform virtual memory operation\n\t\t\t\tRead from process memory\n\t\t\t\tWrite to process memory\n\t\t\t\tDuplicate handle into or out of process\n\t\t\t\tCreate a subprocess of process\n\t\t\t\tSet process quotas\n\t\t\t\tSet process information\n\t\t\t\tQuery process information\n\t\t\t\tSet process termination port\n\t\t\t\tUndefined Access (no effect) Bit 12\n\t\t\t\tUndefined Access (no effect) Bit 13\n\t\t\t\tUndefined Access (no effect) Bit 14\n\t\t\t\tUndefined Access (no effect) Bit 15\n\t\t\t\t\n\tAccess Reasons:\t\t-\n\tAccess Mask:\t\t0x1FFFFF\n\tPrivileges Used for Access Check:\t-\n\tRestricted SID Count:\t0",
        "_bkt": "main~45~B135F5F1-8761-4D6B-9993-723ECD8DFAF7",
        "_cd": "45:367953537",
        "_indextime": "1541279450",
        "_pre_msg": "11/03/2018 09:10:49 PM\nLogName=Security\nSourceName=Microsoft Windows security auditing.\nEventCode=4656\nEventType=0\nType=Information\nComputerName=employee-01.corp.wheelzapp.com\nTaskCategory=Kernel Object\nOpCode=Info\nRecordNumber=213451\nKeywords=Audit Success",
        "_raw": "11/03/2018 09:10:49 PM\nLogName=Security\nSourceName=Microsoft Windows security auditing.\nEventCode=4656\nEventType=0\nType=Information\nComputerName=employee-01.corp.wheelzapp.com\nTaskCategory=Kernel Object\nOpCode=Info\nRecordNumber=213451\nKeywords=Audit Success\nMessage=A handle to an object was requested.\n\nSubject:\n\tSecurity ID:\t\tNT AUTHORITY\\SYSTEM\n\tAccount Name:\t\tEMPLOYEE-01$\n\tAccount Domain:\t\tCORP\n\tLogon ID:\t\t0x3E7\n\nObject:\n\tObject Server:\t\tSecurity\n\tObject Type:\t\tProcess\n\tObject Name:\t\t\\Device\\HarddiskVolume1\\Windows\\System32\\lsass.exe\n\tHandle ID:\t\t0x648\n\tResource Attributes:\t-\n\nProcess Information:\n\tProcess ID:\t\t0x13cc\n\tProcess Name:\t\tC:\\Program Files (x86)\\BigFix Enterprise\\BES Client\\BESClient.exe\n\nAccess Request Information:\n\tTransaction ID:\t\t{00000000-0000-0000-0000-000000000000}\n\tAccesses:\t\tDELETE\n\t\t\t\tREAD_CONTROL\n\t\t\t\tWRITE_DAC\n\t\t\t\tWRITE_OWNER\n\t\t\t\tSYNCHRONIZE\n\t\t\t\tForce process termination\n\t\t\t\tCreate new thread in process\n\t\t\t\tSet process session ID\n\t\t\t\tPerform virtual memory operation\n\t\t\t\tRead from process memory\n\t\t\t\tWrite to process memory\n\t\t\t\tDuplicate handle into or out of process\n\t\t\t\tCreate a subprocess of process\n\t\t\t\tSet process quotas\n\t\t\t\tSet process information\n\t\t\t\tQuery process information\n\t\t\t\tSet process termination port\n\t\t\t\tUndefined Access (no effect) Bit 12\n\t\t\t\tUndefined Access (no effect) Bit 13\n\t\t\t\tUndefined Access (no effect) Bit 14\n\t\t\t\tUndefined Access (no effect) Bit 15\n\t\t\t\t\n\tAccess Reasons:\t\t-\n\tAccess Mask:\t\t0x1FFFFF\n\tPrivileges Used for Access Check:\t-\n\tRestricted SID Count:\t0",
        "_serial": "302864",
        "_si": [
          "index01",
          "main"
        ],
        "_time": "2018-11-03 21:10:49.000 UTC",
        "host": "t1-corp-employee-01",
        "index": "main",
        "linecount": "58",
        "source": "WinEventLog:Security",
        "sourcetype": "WinEventLog",
        "splunk_server": "index01"
      },
      {
        "Message": "The handle to an object was closed.\n\nSubject :\n\tSecurity ID:\t\tNT AUTHORITY\\SYSTEM\n\tAccount Name:\t\tEMPLOYEE-00$\n\tAccount Domain:\t\tCORP\n\tLogon ID:\t\t0x3E7\n\nObject:\n\tObject Server:\t\tSecurity\n\tHandle ID:\t\t0x798\n\nProcess Information:\n\tProcess ID:\t\t0xd7c\n\tProcess Name:\t\tC:\\Program Files (x86)\\BigFix Enterprise\\BES Client\\BESClient.exe",
        "_bkt": "main~46~309B8BB8-F45C-44CE-ABE5-EF8B9EC8A780",
        "_cd": "46:381618722",
        "_indextime": "1541279450",
        "_pre_msg": "11/03/2018 09:10:49 PM\nLogName=Security\nSourceName=Microsoft Windows security auditing.\nEventCode=4658\nEventType=0\nType=Information\nComputerName=employee-00.corp.wheelzapp.com\nTaskCategory=Kernel Object\nOpCode=Info\nRecordNumber=180637\nKeywords=Audit Success",
        "_raw": "11/03/2018 09:10:49 PM\nLogName=Security\nSourceName=Microsoft Windows security auditing.\nEventCode=4658\nEventType=0\nType=Information\nComputerName=employee-00.corp.wheelzapp.com\nTaskCategory=Kernel Object\nOpCode=Info\nRecordNumber=180637\nKeywords=Audit Success\nMessage=The handle to an object was closed.\n\nSubject :\n\tSecurity ID:\t\tNT AUTHORITY\\SYSTEM\n\tAccount Name:\t\tEMPLOYEE-00$\n\tAccount Domain:\t\tCORP\n\tLogon ID:\t\t0x3E7\n\nObject:\n\tObject Server:\t\tSecurity\n\tHandle ID:\t\t0x798\n\nProcess Information:\n\tProcess ID:\t\t0xd7c\n\tProcess Name:\t\tC:\\Program Files (x86)\\BigFix Enterprise\\BES Client\\BESClient.exe",
        "_serial": "302865",
        "_si": [
          "index01",
          "main"
        ],
        "_time": "2018-11-03 21:10:49.000 UTC",
        "host": "t1-corp-employee-00",
        "index": "main",
        "linecount": "26",
        "source": "WinEventLog:Security",
        "sourcetype": "WinEventLog",
        "splunk_server": "index01"
      },
      {
        "Message": "The handle to an object was closed.\n\nSubject :\n\tSecurity ID:\t\tNT AUTHORITY\\SYSTEM\n\tAccount Name:\t\tEMPLOYEE-01$\n\tAccount Domain:\t\tCORP\n\tLogon ID:\t\t0x3E7\n\nObject:\n\tObject Server:\t\tSecurity\n\tHandle ID:\t\t0x614\n\nProcess Information:\n\tProcess ID:\t\t0x13cc\n\tProcess Name:\t\tC:\\Program Files (x86)\\BigFix Enterprise\\BES Client\\BESClient.exe",
        "_bkt": "main~45~B135F5F1-8761-4D6B-9993-723ECD8DFAF7",
        "_cd": "45:367953516",
        "_indextime": "1541279450",
        "_pre_msg": "11/03/2018 09:10:49 PM\nLogName=Security\nSourceName=Microsoft Windows security auditing.\nEventCode=4658\nEventType=0\nType=Information\nComputerName=employee-01.corp.wheelzapp.com\nTaskCategory=Kernel Object\nOpCode=Info\nRecordNumber=213450\nKeywords=Audit Success",
        "_raw": "11/03/2018 09:10:49 PM\nLogName=Security\nSourceName=Microsoft Windows security auditing.\nEventCode=4658\nEventType=0\nType=Information\nComputerName=employee-01.corp.wheelzapp.com\nTaskCategory=Kernel Object\nOpCode=Info\nRecordNumber=213450\nKeywords=Audit Success\nMessage=The handle to an object was closed.\n\nSubject :\n\tSecurity ID:\t\tNT AUTHORITY\\SYSTEM\n\tAccount Name:\t\tEMPLOYEE-01$\n\tAccount Domain:\t\tCORP\n\tLogon ID:\t\t0x3E7\n\nObject:\n\tObject Server:\t\tSecurity\n\tHandle ID:\t\t0x614\n\nProcess Information:\n\tProcess ID:\t\t0x13cc\n\tProcess Name:\t\tC:\\Program Files (x86)\\BigFix Enterprise\\BES Client\\BESClient.exe",
        "_serial": "302866",
        "_si": [
          "index01",
          "main"
        ],
        "_time": "2018-11-03 21:10:49.000 UTC",
        "host": "t1-corp-employee-01",
        "index": "main",
        "linecount": "26",
        "source": "WinEventLog:Security",
        "sourcetype": "WinEventLog",
        "splunk_server": "index01"
      },
      {
        "Message": "An attempt was made to access an object.\n\nSubject:\n\tSecurity ID:\t\tNT AUTHORITY\\SYSTEM\n\tAccount Name:\t\tEMPLOYEE-00$\n\tAccount Domain:\t\tCORP\n\tLogon ID:\t\t0x3E7\n\nObject:\n\tObject Server:\t\tSecurity\n\tObject Type:\t\tProcess\n\tObject Name:\t\t\\Device\\HarddiskVolume1\\Windows\\System32\\lsass.exe\n\tHandle ID:\t\t0x798\n\tResource Attributes:\t-\n\nProcess Information:\n\tProcess ID:\t\t0xd7c\n\tProcess Name:\t\tC:\\Program Files (x86)\\BigFix Enterprise\\BES Client\\BESClient.exe\n\nAccess Request Information:\n\tAccesses:\t\tRead from process memory\n\t\t\t\t\n\tAccess Mask:\t\t0x10",
        "_bkt": "main~46~309B8BB8-F45C-44CE-ABE5-EF8B9EC8A780",
        "_cd": "46:381618694",
        "_indextime": "1541279450",
        "_pre_msg": "11/03/2018 09:10:49 PM\nLogName=Security\nSourceName=Microsoft Windows security auditing.\nEventCode=4663\nEventType=0\nType=Information\nComputerName=employee-00.corp.wheelzapp.com\nTaskCategory=Kernel Object\nOpCode=Info\nRecordNumber=180636\nKeywords=Audit Success",
        "_raw": "11/03/2018 09:10:49 PM\nLogName=Security\nSourceName=Microsoft Windows security auditing.\nEventCode=4663\nEventType=0\nType=Information\nComputerName=employee-00.corp.wheelzapp.com\nTaskCategory=Kernel Object\nOpCode=Info\nRecordNumber=180636\nKeywords=Audit Success\nMessage=An attempt was made to access an object.\n\nSubject:\n\tSecurity ID:\t\tNT AUTHORITY\\SYSTEM\n\tAccount Name:\t\tEMPLOYEE-00$\n\tAccount Domain:\t\tCORP\n\tLogon ID:\t\t0x3E7\n\nObject:\n\tObject Server:\t\tSecurity\n\tObject Type:\t\tProcess\n\tObject Name:\t\t\\Device\\HarddiskVolume1\\Windows\\System32\\lsass.exe\n\tHandle ID:\t\t0x798\n\tResource Attributes:\t-\n\nProcess Information:\n\tProcess ID:\t\t0xd7c\n\tProcess Name:\t\tC:\\Program Files (x86)\\BigFix Enterprise\\BES Client\\BESClient.exe\n\nAccess Request Information:\n\tAccesses:\t\tRead from process memory\n\t\t\t\t\n\tAccess Mask:\t\t0x10",
        "_serial": "302867",
        "_si": [
          "index01",
          "main"
        ],
        "_time": "2018-11-03 21:10:49.000 UTC",
        "host": "t1-corp-employee-00",
        "index": "main",
        "linecount": "34",
        "source": "WinEventLog:Security",
        "sourcetype": "WinEventLog",
        "splunk_server": "index01"
      },
      {
        "Message": "An attempt was made to duplicate a handle to an object.\n\nSubject:\n\tSecurity ID:\t\tNT AUTHORITY\\SYSTEM\n\tAccount Name:\t\tEMPLOYEE-01$\n\tAccount Domain:\t\tCORP\n\tLogon ID:\t\t0x3E7\n\nSource Handle Information:\n\tSource Handle ID:\t0x648\n\tSource Process ID:\t0x13cc\n\nNew Handle Information:\n\tTarget Handle ID:\t0x614\n\tTarget Process ID:\t0x4",
        "_bkt": "main~45~B135F5F1-8761-4D6B-9993-723ECD8DFAF7",
        "_cd": "45:367953087",
        "_indextime": "1541279450",
        "_pre_msg": "11/03/2018 09:10:49 PM\nLogName=Security\nSourceName=Microsoft Windows security auditing.\nEventCode=4690\nEventType=0\nType=Information\nComputerName=employee-01.corp.wheelzapp.com\nTaskCategory=Handle Manipulation\nOpCode=Info\nRecordNumber=213449\nKeywords=Audit Success",
        "_raw": "11/03/2018 09:10:49 PM\nLogName=Security\nSourceName=Microsoft Windows security auditing.\nEventCode=4690\nEventType=0\nType=Information\nComputerName=employee-01.corp.wheelzapp.com\nTaskCategory=Handle Manipulation\nOpCode=Info\nRecordNumber=213449\nKeywords=Audit Success\nMessage=An attempt was made to duplicate a handle to an object.\n\nSubject:\n\tSecurity ID:\t\tNT AUTHORITY\\SYSTEM\n\tAccount Name:\t\tEMPLOYEE-01$\n\tAccount Domain:\t\tCORP\n\tLogon ID:\t\t0x3E7\n\nSource Handle Information:\n\tSource Handle ID:\t0x648\n\tSource Process ID:\t0x13cc\n\nNew Handle Information:\n\tTarget Handle ID:\t0x614\n\tTarget Process ID:\t0x4",
        "_serial": "302868",
        "_si": [
          "index01",
          "main"
        ],
        "_time": "2018-11-03 21:10:49.000 UTC",
        "host": "t1-corp-employee-01",
        "index": "main",
        "linecount": "26",
        "source": "WinEventLog:Security",
        "sourcetype": "WinEventLog",
        "splunk_server": "index01"
      },
      {
        "Message": "A handle to an object was requested.\n\nSubject:\n\tSecurity ID:\t\tNT AUTHORITY\\SYSTEM\n\tAccount Name:\t\tEMPLOYEE-00$\n\tAccount Domain:\t\tCORP\n\tLogon ID:\t\t0x3E7\n\nObject:\n\tObject Server:\t\tSecurity\n\tObject Type:\t\tProcess\n\tObject Name:\t\t\\Device\\HarddiskVolume1\\Windows\\System32\\lsass.exe\n\tHandle ID:\t\t0x798\n\tResource Attributes:\t-\n\nProcess Information:\n\tProcess ID:\t\t0xd7c\n\tProcess Name:\t\tC:\\Program Files (x86)\\BigFix Enterprise\\BES Client\\BESClient.exe\n\nAccess Request Information:\n\tTransaction ID:\t\t{00000000-0000-0000-0000-000000000000}\n\tAccesses:\t\tDELETE\n\t\t\t\tREAD_CONTROL\n\t\t\t\tWRITE_DAC\n\t\t\t\tWRITE_OWNER\n\t\t\t\tSYNCHRONIZE\n\t\t\t\tForce process termination\n\t\t\t\tCreate new thread in process\n\t\t\t\tSet process session ID\n\t\t\t\tPerform virtual memory operation\n\t\t\t\tRead from process memory\n\t\t\t\tWrite to process memory\n\t\t\t\tDuplicate handle into or out of process\n\t\t\t\tCreate a subprocess of process\n\t\t\t\tSet process quotas\n\t\t\t\tSet process information\n\t\t\t\tQuery process information\n\t\t\t\tSet process termination port\n\t\t\t\tUndefined Access (no effect) Bit 12\n\t\t\t\tUndefined Access (no effect) Bit 13\n\t\t\t\tUndefined Access (no effect) Bit 14\n\t\t\t\tUndefined Access (no effect) Bit 15\n\t\t\t\t\n\tAccess Reasons:\t\t-\n\tAccess Mask:\t\t0x1FFFFF\n\tPrivileges Used for Access Check:\t-\n\tRestricted SID Count:\t0",
        "_bkt": "main~46~309B8BB8-F45C-44CE-ABE5-EF8B9EC8A780",
        "_cd": "46:381618642",
        "_indextime": "1541279450",
