        "_raw": "11/03/2018 09:10:32 PM\nLogName=Security\nSourceName=Microsoft Windows security auditing.\nEventCode=4656\nEventType=0\nType=Information\nComputerName=employee-01.corp.wheelzapp.com\nTaskCategory=Kernel Object\nOpCode=Info\nRecordNumber=213407\nKeywords=Audit Success\nMessage=A handle to an object was requested.\n\nSubject:\n\tSecurity ID:\t\tNT AUTHORITY\\SYSTEM\n\tAccount Name:\t\tEMPLOYEE-01$\n\tAccount Domain:\t\tCORP\n\tLogon ID:\t\t0x3E7\n\nObject:\n\tObject Server:\t\tSecurity\n\tObject Type:\t\tProcess\n\tObject Name:\t\t\\Device\\HarddiskVolume1\\Windows\\System32\\lsass.exe\n\tHandle ID:\t\t0x7cc\n\tResource Attributes:\t-\n\nProcess Information:\n\tProcess ID:\t\t0x13cc\n\tProcess Name:\t\tC:\\Program Files (x86)\\BigFix Enterprise\\BES Client\\BESClient.exe\n\nAccess Request Information:\n\tTransaction ID:\t\t{00000000-0000-0000-0000-000000000000}\n\tAccesses:\t\tDELETE\n\t\t\t\tREAD_CONTROL\n\t\t\t\tWRITE_DAC\n\t\t\t\tWRITE_OWNER\n\t\t\t\tSYNCHRONIZE\n\t\t\t\tForce process termination\n\t\t\t\tCreate new thread in process\n\t\t\t\tSet process session ID\n\t\t\t\tPerform virtual memory operation\n\t\t\t\tRead from process memory\n\t\t\t\tWrite to process memory\n\t\t\t\tDuplicate handle into or out of process\n\t\t\t\tCreate a subprocess of process\n\t\t\t\tSet process quotas\n\t\t\t\tSet process information\n\t\t\t\tQuery process information\n\t\t\t\tSet process termination port\n\t\t\t\tUndefined Access (no effect) Bit 12\n\t\t\t\tUndefined Access (no effect) Bit 13\n\t\t\t\tUndefined Access (no effect) Bit 14\n\t\t\t\tUndefined Access (no effect) Bit 15\n\t\t\t\t\n\tAccess Reasons:\t\t-\n\tAccess Mask:\t\t0x1FFFFF\n\tPrivileges Used for Access Check:\t-\n\tRestricted SID Count:\t0",
        "_serial": "303022",
        "_si": [
          "index01",
          "main"
        ],
        "_time": "2018-11-03 21:10:32.000 UTC",
        "host": "t1-corp-employee-01",
        "index": "main",
        "linecount": "58",
        "source": "WinEventLog:Security",
        "sourcetype": "WinEventLog",
        "splunk_server": "index01"
      },
      {
        "Message": "The handle to an object was closed.\n\nSubject :\n\tSecurity ID:\t\tNT AUTHORITY\\SYSTEM\n\tAccount Name:\t\tEMPLOYEE-01$\n\tAccount Domain:\t\tCORP\n\tLogon ID:\t\t0x3E7\n\nObject:\n\tObject Server:\t\tSecurity\n\tHandle ID:\t\t0xd24\n\nProcess Information:\n\tProcess ID:\t\t0x13cc\n\tProcess Name:\t\tC:\\Program Files (x86)\\BigFix Enterprise\\BES Client\\BESClient.exe",
        "_bkt": "main~46~309B8BB8-F45C-44CE-ABE5-EF8B9EC8A780",
        "_cd": "46:379932254",
        "_indextime": "1541279433",
        "_pre_msg": "11/03/2018 09:10:32 PM\nLogName=Security\nSourceName=Microsoft Windows security auditing.\nEventCode=4658\nEventType=0\nType=Information\nComputerName=employee-01.corp.wheelzapp.com\nTaskCategory=Kernel Object\nOpCode=Info\nRecordNumber=213406\nKeywords=Audit Success",
        "_raw": "11/03/2018 09:10:32 PM\nLogName=Security\nSourceName=Microsoft Windows security auditing.\nEventCode=4658\nEventType=0\nType=Information\nComputerName=employee-01.corp.wheelzapp.com\nTaskCategory=Kernel Object\nOpCode=Info\nRecordNumber=213406\nKeywords=Audit Success\nMessage=The handle to an object was closed.\n\nSubject :\n\tSecurity ID:\t\tNT AUTHORITY\\SYSTEM\n\tAccount Name:\t\tEMPLOYEE-01$\n\tAccount Domain:\t\tCORP\n\tLogon ID:\t\t0x3E7\n\nObject:\n\tObject Server:\t\tSecurity\n\tHandle ID:\t\t0xd24\n\nProcess Information:\n\tProcess ID:\t\t0x13cc\n\tProcess Name:\t\tC:\\Program Files (x86)\\BigFix Enterprise\\BES Client\\BESClient.exe",
        "_serial": "303023",
        "_si": [
          "index01",
          "main"
        ],
        "_time": "2018-11-03 21:10:32.000 UTC",
        "host": "t1-corp-employee-01",
        "index": "main",
        "linecount": "26",
        "source": "WinEventLog:Security",
        "sourcetype": "WinEventLog",
        "splunk_server": "index01"
      },
      {
        "Message": "An attempt was made to duplicate a handle to an object.\n\nSubject:\n\tSecurity ID:\t\tNT AUTHORITY\\SYSTEM\n\tAccount Name:\t\tEMPLOYEE-01$\n\tAccount Domain:\t\tCORP\n\tLogon ID:\t\t0x3E7\n\nSource Handle Information:\n\tSource Handle ID:\t0x7cc\n\tSource Process ID:\t0x13cc\n\nNew Handle Information:\n\tTarget Handle ID:\t0xd24\n\tTarget Process ID:\t0x4",
        "_bkt": "main~46~309B8BB8-F45C-44CE-ABE5-EF8B9EC8A780",
        "_cd": "46:379932233",
        "_indextime": "1541279433",
        "_pre_msg": "11/03/2018 09:10:32 PM\nLogName=Security\nSourceName=Microsoft Windows security auditing.\nEventCode=4690\nEventType=0\nType=Information\nComputerName=employee-01.corp.wheelzapp.com\nTaskCategory=Handle Manipulation\nOpCode=Info\nRecordNumber=213405\nKeywords=Audit Success",
        "_raw": "11/03/2018 09:10:32 PM\nLogName=Security\nSourceName=Microsoft Windows security auditing.\nEventCode=4690\nEventType=0\nType=Information\nComputerName=employee-01.corp.wheelzapp.com\nTaskCategory=Handle Manipulation\nOpCode=Info\nRecordNumber=213405\nKeywords=Audit Success\nMessage=An attempt was made to duplicate a handle to an object.\n\nSubject:\n\tSecurity ID:\t\tNT AUTHORITY\\SYSTEM\n\tAccount Name:\t\tEMPLOYEE-01$\n\tAccount Domain:\t\tCORP\n\tLogon ID:\t\t0x3E7\n\nSource Handle Information:\n\tSource Handle ID:\t0x7cc\n\tSource Process ID:\t0x13cc\n\nNew Handle Information:\n\tTarget Handle ID:\t0xd24\n\tTarget Process ID:\t0x4",
        "_serial": "303024",
        "_si": [
          "index01",
          "main"
        ],
        "_time": "2018-11-03 21:10:32.000 UTC",
        "host": "t1-corp-employee-01",
        "index": "main",
        "linecount": "26",
        "source": "WinEventLog:Security",
        "sourcetype": "WinEventLog",
        "splunk_server": "index01"
      }
    ]
  },
  {
    "g": [
      {
        "_bkt": "ids~21~309B8BB8-F45C-44CE-ABE5-EF8B9EC8A780",
        "_cd": "21:25832613",
        "_indextime": "1541279400",
        "_raw": "{\"timestamp\":\"2018-11-03T21:09:58.000024+0000\",\"flow_id\":241055285211211,\"in_iface\":\"ens4\",\"event_type\":\"alert\",\"src_ip\":\"10.0.254.202\",\"src_port\":43955,\"dest_ip\":\"10.0.0.24\",\"dest_port\":80,\"proto\":\"TCP\",\"tx_id\":34,\"alert\":{\"action\":\"allowed\",\"gid\":1,\"signature_id\":2012726,\"rev\":5,\"signature\":\"ET SCAN OpenVAS User-Agent Inbound\",\"category\":\"Attempted Information Leak\",\"severity\":2},\"http\":{\"hostname\":\"nationals-t1-corp-security-00.c.security-competitions.internal\",\"url\":\"\\/statistic\\/\",\"http_user_agent\":\"Mozilla\\/5.0 [en] (X11, U; OpenVAS-VT 9.0.3)\",\"http_content_type\":\"text\\/html\",\"http_method\":\"GET\",\"protocol\":\"HTTP\\/1.1\",\"status\":404,\"length\":178},\"app_proto\":\"http\",\"payload\":\"R0VUIC9zdGF0aXN0aWMvIEhUVFAvMS4xDQpDb25uZWN0aW9uOiBLZWVwLUFsaXZlDQpIb3N0OiBuYXRpb25hbHMtdDEtY29ycC1zZWN1cml0eS0wMC5jLnNlY3VyaXR5LWNvbXBldGl0aW9ucy5pbnRlcm5hbA0KUHJhZ21hOiBuby1jYWNoZQ0KQ2FjaGUtQ29udHJvbDogbm8tY2FjaGUNClVzZXItQWdlbnQ6IE1vemlsbGEvNS4wIFtlbl0gKFgxMSwgVTsgT3BlblZBUy1WVCA5LjAuMykNCkFjY2VwdDogaW1hZ2UvZ2lmLCBpbWFnZS94LXhiaXRtYXAsIGltYWdlL2pwZWcsIGltYWdlL3BqcGVnLCBpbWFnZS9wbmcsICovKg0KQWNjZXB0LUxhbmd1YWdlOiBlbg0KQWNjZXB0LUNoYXJzZXQ6IGlzby04ODU5LTEsKix1dGYtOA0KDQo=\",\"stream\":1,\"packet\":\"QgEKAAAYQgEKAAABCABFAAGZWbpAAEAGzMIKAP7KCgAAGKuzAFDabCINBy2BOoAYAgP4SgAAAQEICvu4PHQ6wAyBR0VUIC9zdGF0aXN0aWNzLyBIVFRQLzEuMQ0KQ29ubmVjdGlvbjogS2VlcC1BbGl2ZQ0KSG9zdDogbmF0aW9uYWxzLXQxLWNvcnAtc2VjdXJpdHktMDAuYy5zZWN1cml0eS1jb21wZXRpdGlvbnMuaW50ZXJuYWwNClByYWdtYTogbm8tY2FjaGUNCkNhY2hlLUNvbnRyb2w6IG5vLWNhY2hlDQpVc2VyLUFnZW50OiBNb3ppbGxhLzUuMCBbZW5dIChYMTEsIFU7IE9wZW5WQVMtVlQgOS4wLjMpDQpBY2NlcHQ6IGltYWdlL2dpZiwgaW1hZ2UveC14Yml0bWFwLCBpbWFnZS9qcGVnLCBpbWFnZS9wanBlZywgaW1hZ2UvcG5nLCAqLyoNCkFjY2VwdC1MYW5ndWFnZTogZW4NCkFjY2VwdC1DaGFyc2V0OiBpc28tODg1OS0xLCosdXRmLTgNCg0K\",\"packet_info\":{\"linktype\":1}}",
        "_serial": "26017",
        "_si": [
          "index01",
          "ids"
        ],
        "_subsecond": ".000024",
        "_time": "2018-11-03 21:09:58.000 UTC",
        "host": "t1-corp-security-00",
        "index": "ids",
        "linecount": "1",
        "source": "/var/log/suricata/alert-json.log",
        "sourcetype": "suricata:alert",
        "splunk_server": "index01"
      }
    ],
    "e": [
      {
        "Message": "The Windows Filtering Platform has permitted a connection.\n\nApplication Information:\n\tProcess ID:\t\t580\n\tApplication Name:\t\\device\\harddiskvolume1\\windows\\system32\\services.exe\n\nNetwork Information:\n\tDirection:\t\tInbound\n\tSource Address:\t\t10.0.254.206\n\tSource Port:\t\t8241\n\tDestination Address:\t10.0.0.241\n\tDestination Port:\t\t49716\n\tProtocol:\t\t6\n\nFilter Information:\n\tFilter Run-Time ID:\t0\n\tLayer Name:\t\tReceive/Accept\n\tLayer Run-Time ID:\t44",
        "_bkt": "main~45~B135F5F1-8761-4D6B-9993-723ECD8DFAF7",
        "_cd": "45:360678793",
        "_indextime": "1541279400",
        "_pre_msg": "11/03/2018 09:09:58 PM\nLogName=Security\nSourceName=Microsoft Windows security auditing.\nEventCode=5156\nEventType=0\nType=Information\nComputerName=employee-01.corp.wheelzapp.com\nTaskCategory=Filtering Platform Connection\nOpCode=Info\nRecordNumber=213088\nKeywords=Audit Success",
        "_raw": "11/03/2018 09:09:58 PM\nLogName=Security\nSourceName=Microsoft Windows security auditing.\nEventCode=5156\nEventType=0\nType=Information\nComputerName=employee-01.corp.wheelzapp.com\nTaskCategory=Filtering Platform Connection\nOpCode=Info\nRecordNumber=213088\nKeywords=Audit Success\nMessage=The Windows Filtering Platform has permitted a connection.\n\nApplication Information:\n\tProcess ID:\t\t580\n\tApplication Name:\t\\device\\harddiskvolume1\\windows\\system32\\services.exe\n\nNetwork Information:\n\tDirection:\t\tInbound\n\tSource Address:\t\t10.0.254.206\n\tSource Port:\t\t8241\n\tDestination Address:\t10.0.0.241\n\tDestination Port:\t\t49716\n\tProtocol:\t\t6\n\nFilter Information:\n\tFilter Run-Time ID:\t0\n\tLayer Name:\t\tReceive/Accept\n\tLayer Run-Time ID:\t44",
        "_serial": "303785",
        "_si": [
          "index01",
          "main"
        ],
        "_time": "2018-11-03 21:09:58.000 UTC",
        "host": "t1-corp-employee-01",
        "index": "main",
        "linecount": "29",
        "source": "WinEventLog:Security",
        "sourcetype": "WinEventLog",
        "splunk_server": "index01"
      }
    ]
  },
  {
    "g": [
      {
        "_bkt": "ids~21~309B8BB8-F45C-44CE-ABE5-EF8B9EC8A780",
        "_cd": "21:25729243",
        "_indextime": "1541279397",
        "_raw": "{\"timestamp\":\"2018-11-03T21:09:57.000890+0000\",\"flow_id\":535138138333750,\"in_iface\":\"ens4\",\"event_type\":\"alert\",\"src_ip\":\"10.0.254.202\",\"src_port\":46041,\"dest_ip\":\"10.0.0.24\",\"dest_port\":80,\"proto\":\"TCP\",\"tx_id\":29,\"alert\":{\"action\":\"allowed\",\"gid\":1,\"signature_id\":2012726,\"rev\":5,\"signature\":\"ET SCAN OpenVAS User-Agent Inbound\",\"category\":\"Attempted Information Leak\",\"severity\":2},\"http\":{\"hostname\":\"nationals-t1-corp-security-00.c.security-competitions.internal\",\"url\":\"\\/forms\\/\",\"http_user_agent\":\"Mozilla\\/5.0 [en] (X11, U; OpenVAS-VT 9.0.3)\",\"http_content_type\":\"text\\/html\",\"http_method\":\"GET\",\"protocol\":\"HTTP\\/1.1\",\"status\":404,\"length\":178},\"app_proto\":\"http\",\"payload\":\"R0VUIC9mb3Jtcy8gSFRUUC8xLjENCkNvbm5lY3Rpb246IEtlZXAtQWxpdmUNCkhvc3Q6IG5hdGlvbmFscy10MS1jb3JwLXNlY3VyaXR5LTAwLmMuc2VjdXJpdHktY29tcGV0aXRpb25zLmludGVybmFsDQpQcmFnbWE6IG5vLWNhY2hlDQpDYWNoZS1Db250cm9sOiBuby1jYWNoZQ0KVXNlci1BZ2VudDogTW96aWxsYS81LjAgW2VuXSAoWDExLCBVOyBPcGVuVkFTLVZUIDkuMC4zKQ0KQWNjZXB0OiBpbWFnZS9naWYsIGltYWdlL3gteGJpdG1hcCwgaW1hZ2UvanBlZywgaW1hZ2UvcGpwZWcsIGltYWdlL3BuZywgKi8qDQpBY2NlcHQtTGFuZ3VhZ2U6IGVuDQpBY2NlcHQtQ2hhcnNldDogaXNvLTg4NTktMSwqLHV0Zi04DQoNCg==\",\"stream\":1,\"packet\":\"QgEKAAAYQgEKAAABCABFAAGX8RRAAEAGNWoKAP7KCgAAGLPZAFAv9oEgTwdKboAYAdqu0gAAAQEICvu4OI06wAidR0VUIC9mb3Jtc21nci8gSFRUUC8xLjENCkNvbm5lY3Rpb246IEtlZXAtQWxpdmUNCkhvc3Q6IG5hdGlvbmFscy10MS1jb3JwLXNlY3VyaXR5LTAwLmMuc2VjdXJpdHktY29tcGV0aXRpb25zLmludGVybmFsDQpQcmFnbWE6IG5vLWNhY2hlDQpDYWNoZS1Db250cm9sOiBuby1jYWNoZQ0KVXNlci1BZ2VudDogTW96aWxsYS81LjAgW2VuXSAoWDExLCBVOyBPcGVuVkFTLVZUIDkuMC4zKQ0KQWNjZXB0OiBpbWFnZS9naWYsIGltYWdlL3gteGJpdG1hcCwgaW1hZ2UvanBlZywgaW1hZ2UvcGpwZWcsIGltYWdlL3BuZywgKi8qDQpBY2NlcHQtTGFuZ3VhZ2U6IGVuDQpBY2NlcHQtQ2hhcnNldDogaXNvLTg4NTktMSwqLHV0Zi04DQoNCg==\",\"packet_info\":{\"linktype\":1}}",
        "_serial": "26335",
        "_si": [
          "index01",
          "ids"
        ],
        "_subsecond": ".000890",
        "_time": "2018-11-03 21:09:57.000 UTC",
        "host": "t1-corp-security-00",
        "index": "ids",
        "linecount": "1",
        "source": "/var/log/suricata/alert-json.log",
        "sourcetype": "suricata:alert",
        "splunk_server": "index01"
      }
    ],
    "e": [
      {
        "Message": "The Windows Filtering Platform has permitted a connection.\n\nApplication Information:\n\tProcess ID:\t\t2160\n\tApplication Name:\t\\device\\harddiskvolume1\\program files\\splunkuniversalforwarder\\bin\\splunkd.exe\n\nNetwork Information:\n\tDirection:\t\tOutbound\n\tSource Address:\t\t10.0.0.241\n\tSource Port:\t\t51179\n\tDestination Address:\t169.61.138.114\n\tDestination Port:\t\t8089\n\tProtocol:\t\t6\n\nFilter Information:\n\tFilter Run-Time ID:\t0\n\tLayer Name:\t\tConnect\n\tLayer Run-Time ID:\t48",
        "_bkt": "main~45~B135F5F1-8761-4D6B-9993-723ECD8DFAF7",
        "_cd": "45:360380228",
        "_indextime": "1541279397",
        "_pre_msg": "11/03/2018 09:09:57 PM\nLogName=Security\nSourceName=Microsoft Windows security auditing.\nEventCode=5156\nEventType=0\nType=Information\nComputerName=employee-01.corp.wheelzapp.com\nTaskCategory=Filtering Platform Connection\nOpCode=Info\nRecordNumber=213087\nKeywords=Audit Success",
        "_raw": "11/03/2018 09:09:57 PM\nLogName=Security\nSourceName=Microsoft Windows security auditing.\nEventCode=5156\nEventType=0\nType=Information\nComputerName=employee-01.corp.wheelzapp.com\nTaskCategory=Filtering Platform Connection\nOpCode=Info\nRecordNumber=213087\nKeywords=Audit Success\nMessage=The Windows Filtering Platform has permitted a connection.\n\nApplication Information:\n\tProcess ID:\t\t2160\n\tApplication Name:\t\\device\\harddiskvolume1\\program files\\splunkuniversalforwarder\\bin\\splunkd.exe\n\nNetwork Information:\n\tDirection:\t\tOutbound\n\tSource Address:\t\t10.0.0.241\n\tSource Port:\t\t51179\n\tDestination Address:\t169.61.138.114\n\tDestination Port:\t\t8089\n\tProtocol:\t\t6\n\nFilter Information:\n\tFilter Run-Time ID:\t0\n\tLayer Name:\t\tConnect\n\tLayer Run-Time ID:\t48",
        "_serial": "303786",
        "_si": [
          "index01",
          "main"
        ],
        "_time": "2018-11-03 21:09:57.000 UTC",
        "host": "t1-corp-employee-01",
        "index": "main",
        "linecount": "29",
        "source": "WinEventLog:Security",
        "sourcetype": "WinEventLog",
        "splunk_server": "index01"
      },
      {
        "Message": "The Windows Filtering Platform has permitted a connection.\n\nApplication Information:\n\tProcess ID:\t\t4\n\tApplication Name:\tSystem\n\nNetwork Information:\n\tDirection:\t\tInbound\n\tSource Address:\t\t10.0.254.103\n\tSource Port:\t\t65257\n\tDestination Address:\t10.0.0.240\n\tDestination Port:\t\t137\n\tProtocol:\t\t17\n\nFilter Information:\n\tFilter Run-Time ID:\t0\n\tLayer Name:\t\tReceive/Accept\n\tLayer Run-Time ID:\t44",
        "_bkt": "main~46~309B8BB8-F45C-44CE-ABE5-EF8B9EC8A780",
        "_cd": "46:373223585",
        "_indextime": "1541279399",
        "_pre_msg": "11/03/2018 09:09:57 PM\nLogName=Security\nSourceName=Microsoft Windows security auditing.\nEventCode=5156\nEventType=0\nType=Information\nComputerName=employee-00.corp.wheelzapp.com\nTaskCategory=Filtering Platform Connection\nOpCode=Info\nRecordNumber=180265\nKeywords=Audit Success",
        "_raw": "11/03/2018 09:09:57 PM\nLogName=Security\nSourceName=Microsoft Windows security auditing.\nEventCode=5156\nEventType=0\nType=Information\nComputerName=employee-00.corp.wheelzapp.com\nTaskCategory=Filtering Platform Connection\nOpCode=Info\nRecordNumber=180265\nKeywords=Audit Success\nMessage=The Windows Filtering Platform has permitted a connection.\n\nApplication Information:\n\tProcess ID:\t\t4\n\tApplication Name:\tSystem\n\nNetwork Information:\n\tDirection:\t\tInbound\n\tSource Address:\t\t10.0.254.103\n\tSource Port:\t\t65257\n\tDestination Address:\t10.0.0.240\n\tDestination Port:\t\t137\n\tProtocol:\t\t17\n\nFilter Information:\n\tFilter Run-Time ID:\t0\n\tLayer Name:\t\tReceive/Accept\n\tLayer Run-Time ID:\t44",
        "_serial": "303787",
        "_si": [
          "index01",
          "main"
        ],
        "_time": "2018-11-03 21:09:57.000 UTC",
        "host": "t1-corp-employee-00",
        "index": "main",
        "linecount": "29",
        "source": "WinEventLog:Security",
        "sourcetype": "WinEventLog",
        "splunk_server": "index01"
      },
      {
        "Message": "An account failed to log on.\n\nSubject:\n\tSecurity ID:\t\tNULL SID\n\tAccount Name:\t\t-\n\tAccount Domain:\t\t-\n\tLogon ID:\t\t0x0\n\nLogon Type:\t\t\t3\n\nAccount For Which Logon Failed:\n\tSecurity ID:\t\tNULL SID\n\tAccount Name:\t\t1B9E3760\n\tAccount Domain:\t\tWORKGROUP\n\nFailure Information:\n\tFailure Reason:\t\tThe user has not been granted the requested logon type at this machine.\n\tStatus:\t\t\t0xC000015B\n\tSub Status:\t\t0x0\n\nProcess Information:\n\tCaller Process ID:\t0x0\n\tCaller Process Name:\t-\n\nNetwork Information:\n\tWorkstation Name:\tWIN03\n\tSource Network Address:\t10.0.254.103\n\tSource Port:\t\t11677\n\nDetailed Authentication Information:\n\tLogon Process:\t\tNtLmSsp \n\tAuthentication Package:\tNTLM\n\tTransited Services:\t-\n\tPackage Name (NTLM only):\t-\n\tKey Length:\t\t0\n\nThis event is generated when a logon request fails. It is generated on the computer where access was attempted.\n\nThe Subject fields indicate the account on the local system which requested the logon. This is most commonly a service such as the Server service, or a local process such as Winlogon.exe or Services.exe.\n\nThe Logon Type field indicates the kind of logon that was requested. The most common types are 2 (interactive) and 3 (network).\n\nThe Process Information fields indicate which account and process on the system requested the logon.\n\nThe Network Information fields indicate where a remote logon request originated. Workstation name is not always available and may be left blank in some cases.\n\nThe authentication information fields provide detailed information about this specific logon request.\n\t- Transited services indicate which intermediate services have participated in this logon request.\n\t- Package name indicates which sub-protocol was used among the NTLM protocols.\n\t- Key length indicates the length of the generated session key. This will be 0 if no session key was requested.",
        "_bkt": "main~46~309B8BB8-F45C-44CE-ABE5-EF8B9EC8A780",
        "_cd": "46:373223515",
        "_indextime": "1541279399",
        "_pre_msg": "11/03/2018 09:09:57 PM\nLogName=Security\nSourceName=Microsoft Windows security auditing.\nEventCode=4625\nEventType=0\nType=Information\nComputerName=employee-00.corp.wheelzapp.com\nTaskCategory=Logon\nOpCode=Info\nRecordNumber=180264\nKeywords=Audit Failure",
        "_raw": "11/03/2018 09:09:57 PM\nLogName=Security\nSourceName=Microsoft Windows security auditing.\nEventCode=4625\nEventType=0\nType=Information\nComputerName=employee-00.corp.wheelzapp.com\nTaskCategory=Logon\nOpCode=Info\nRecordNumber=180264\nKeywords=Audit Failure\nMessage=An account failed to log on.\n\nSubject:\n\tSecurity ID:\t\tNULL SID\n\tAccount Name:\t\t-\n\tAccount Domain:\t\t-\n\tLogon ID:\t\t0x0\n\nLogon Type:\t\t\t3\n\nAccount For Which Logon Failed:\n\tSecurity ID:\t\tNULL SID\n\tAccount Name:\t\t1B9E3760\n\tAccount Domain:\t\tWORKGROUP\n\nFailure Information:\n\tFailure Reason:\t\tThe user has not been granted the requested logon type at this machine.\n\tStatus:\t\t\t0xC000015B\n\tSub Status:\t\t0x0\n\nProcess Information:\n\tCaller Process ID:\t0x0\n\tCaller Process Name:\t-\n\nNetwork Information:\n\tWorkstation Name:\tWIN03\n\tSource Network Address:\t10.0.254.103\n\tSource Port:\t\t11677\n\nDetailed Authentication Information:\n\tLogon Process:\t\tNtLmSsp \n\tAuthentication Package:\tNTLM\n\tTransited Services:\t-\n\tPackage Name (NTLM only):\t-\n\tKey Length:\t\t0\n\nThis event is generated when a logon request fails. It is generated on the computer where access was attempted.\n\nThe Subject fields indicate the account on the local system which requested the logon. This is most commonly a service such as the Server service, or a local process such as Winlogon.exe or Services.exe.\n\nThe Logon Type field indicates the kind of logon that was requested. The most common types are 2 (interactive) and 3 (network).\n\nThe Process Information fields indicate which account and process on the system requested the logon.\n\nThe Network Information fields indicate where a remote logon request originated. Workstation name is not always available and may be left blank in some cases.\n\nThe authentication information fields provide detailed information about this specific logon request.\n\t- Transited services indicate which intermediate services have participated in this logon request.\n\t- Package name indicates which sub-protocol was used among the NTLM protocols.\n\t- Key length indicates the length of the generated session key. This will be 0 if no session key was requested.",
        "_serial": "303788",
        "_si": [
          "index01",
          "main"
        ],
        "_time": "2018-11-03 21:09:57.000 UTC",
        "host": "t1-corp-employee-00",
        "index": "main",
        "linecount": "61",
        "source": "WinEventLog:Security",
        "sourcetype": "WinEventLog",
        "splunk_server": "index01"
      },
      {
        "Message": "The computer attempted to validate the credentials for an account.\n\nAuthentication Package:\tMICROSOFT_AUTHENTICATION_PACKAGE_V1_0\nLogon Account:\tGuest\nSource Workstation:\tWIN03\nError Code:\t0x0",
        "_bkt": "main~46~309B8BB8-F45C-44CE-ABE5-EF8B9EC8A780",
        "_cd": "46:373223499",
        "_indextime": "1541279399",
        "_pre_msg": "11/03/2018 09:09:57 PM\nLogName=Security\nSourceName=Microsoft Windows security auditing.\nEventCode=4776\nEventType=0\nType=Information\nComputerName=employee-00.corp.wheelzapp.com\nTaskCategory=Credential Validation\nOpCode=Info\nRecordNumber=180263\nKeywords=Audit Success",
        "_raw": "11/03/2018 09:09:57 PM\nLogName=Security\nSourceName=Microsoft Windows security auditing.\nEventCode=4776\nEventType=0\nType=Information\nComputerName=employee-00.corp.wheelzapp.com\nTaskCategory=Credential Validation\nOpCode=Info\nRecordNumber=180263\nKeywords=Audit Success\nMessage=The computer attempted to validate the credentials for an account.\n\nAuthentication Package:\tMICROSOFT_AUTHENTICATION_PACKAGE_V1_0\nLogon Account:\tGuest\nSource Workstation:\tWIN03\nError Code:\t0x0",
        "_serial": "303789",
        "_si": [
          "index01",
          "main"
        ],
        "_time": "2018-11-03 21:09:57.000 UTC",
        "host": "t1-corp-employee-00",
        "index": "main",
        "linecount": "17",
        "source": "WinEventLog:Security",
        "sourcetype": "WinEventLog",
        "splunk_server": "index01"
      },
      {
        "Message": "The computer attempted to validate the credentials for an account.\n\nAuthentication Package:\tMICROSOFT_AUTHENTICATION_PACKAGE_V1_0\nLogon Account:\t1B9E3760\nSource Workstation:\tWIN03\nError Code:\t0xC0000064",
        "_bkt": "main~46~309B8BB8-F45C-44CE-ABE5-EF8B9EC8A780",
        "_cd": "46:373223482",
        "_indextime": "1541279399",
        "_pre_msg": "11/03/2018 09:09:57 PM\nLogName=Security\nSourceName=Microsoft Windows security auditing.\nEventCode=4776\nEventType=0\nType=Information\nComputerName=employee-00.corp.wheelzapp.com\nTaskCategory=Credential Validation\nOpCode=Info\nRecordNumber=180262\nKeywords=Audit Failure",
        "_raw": "11/03/2018 09:09:57 PM\nLogName=Security\nSourceName=Microsoft Windows security auditing.\nEventCode=4776\nEventType=0\nType=Information\nComputerName=employee-00.corp.wheelzapp.com\nTaskCategory=Credential Validation\nOpCode=Info\nRecordNumber=180262\nKeywords=Audit Failure\nMessage=The computer attempted to validate the credentials for an account.\n\nAuthentication Package:\tMICROSOFT_AUTHENTICATION_PACKAGE_V1_0\nLogon Account:\t1B9E3760\nSource Workstation:\tWIN03\nError Code:\t0xC0000064",
        "_serial": "303790",
        "_si": [
          "index01",
          "main"
        ],
        "_time": "2018-11-03 21:09:57.000 UTC",
        "host": "t1-corp-employee-00",
        "index": "main",
        "linecount": "17",
        "source": "WinEventLog:Security",
        "sourcetype": "WinEventLog",
        "splunk_server": "index01"
      },
      {
        "Message": "The Windows Filtering Platform has permitted a connection.\n\nApplication Information:\n\tProcess ID:\t\t596\n\tApplication Name:\t\\device\\harddiskvolume1\\windows\\system32\\lsass.exe\n\nNetwork Information:\n\tDirection:\t\tOutbound\n\tSource Address:\t\t10.0.0.240\n\tSource Port:\t\t51213\n\tDestination Address:\t10.0.0.10\n\tDestination Port:\t\t49676\n\tProtocol:\t\t6\n\nFilter Information:\n\tFilter Run-Time ID:\t0\n\tLayer Name:\t\tConnect\n\tLayer Run-Time ID:\t48",
        "_bkt": "main~46~309B8BB8-F45C-44CE-ABE5-EF8B9EC8A780",
        "_cd": "46:373223457",
        "_indextime": "1541279399",
        "_pre_msg": "11/03/2018 09:09:57 PM\nLogName=Security\nSourceName=Microsoft Windows security auditing.\nEventCode=5156\nEventType=0\nType=Information\nComputerName=employee-00.corp.wheelzapp.com\nTaskCategory=Filtering Platform Connection\nOpCode=Info\nRecordNumber=180261\nKeywords=Audit Success",
        "_raw": "11/03/2018 09:09:57 PM\nLogName=Security\nSourceName=Microsoft Windows security auditing.\nEventCode=5156\nEventType=0\nType=Information\nComputerName=employee-00.corp.wheelzapp.com\nTaskCategory=Filtering Platform Connection\nOpCode=Info\nRecordNumber=180261\nKeywords=Audit Success\nMessage=The Windows Filtering Platform has permitted a connection.\n\nApplication Information:\n\tProcess ID:\t\t596\n\tApplication Name:\t\\device\\harddiskvolume1\\windows\\system32\\lsass.exe\n\nNetwork Information:\n\tDirection:\t\tOutbound\n\tSource Address:\t\t10.0.0.240\n\tSource Port:\t\t51213\n\tDestination Address:\t10.0.0.10\n\tDestination Port:\t\t49676\n\tProtocol:\t\t6\n\nFilter Information:\n\tFilter Run-Time ID:\t0\n\tLayer Name:\t\tConnect\n\tLayer Run-Time ID:\t48",
        "_serial": "303791",
        "_si": [
          "index01",
          "main"
        ],
        "_time": "2018-11-03 21:09:57.000 UTC",
        "host": "t1-corp-employee-00",
        "index": "main",
        "linecount": "29",
        "source": "WinEventLog:Security",
        "sourcetype": "WinEventLog",
        "splunk_server": "index01"
      },
      {
        "Message": "The Windows Filtering Platform has permitted a connection.\n\nApplication Information:\n\tProcess ID:\t\t4\n\tApplication Name:\tSystem\n\nNetwork Information:\n\tDirection:\t\tInbound\n\tSource Address:\t\t10.0.254.103\n\tSource Port:\t\t11677\n\tDestination Address:\t10.0.0.240\n\tDestination Port:\t\t445\n\tProtocol:\t\t6\n\nFilter Information:\n\tFilter Run-Time ID:\t0\n\tLayer Name:\t\tReceive/Accept\n\tLayer Run-Time ID:\t44",
        "_bkt": "main~46~309B8BB8-F45C-44CE-ABE5-EF8B9EC8A780",
        "_cd": "46:373220319",
        "_indextime": "1541279399",
        "_pre_msg": "11/03/2018 09:09:57 PM\nLogName=Security\nSourceName=Microsoft Windows security auditing.\nEventCode=5156\nEventType=0\nType=Information\nComputerName=employee-00.corp.wheelzapp.com\nTaskCategory=Filtering Platform Connection\nOpCode=Info\nRecordNumber=180260\nKeywords=Audit Success",
        "_raw": "11/03/2018 09:09:57 PM\nLogName=Security\nSourceName=Microsoft Windows security auditing.\nEventCode=5156\nEventType=0\nType=Information\nComputerName=employee-00.corp.wheelzapp.com\nTaskCategory=Filtering Platform Connection\nOpCode=Info\nRecordNumber=180260\nKeywords=Audit Success\nMessage=The Windows Filtering Platform has permitted a connection.\n\nApplication Information:\n\tProcess ID:\t\t4\n\tApplication Name:\tSystem\n\nNetwork Information:\n\tDirection:\t\tInbound\n\tSource Address:\t\t10.0.254.103\n\tSource Port:\t\t11677\n\tDestination Address:\t10.0.0.240\n\tDestination Port:\t\t445\n\tProtocol:\t\t6\n\nFilter Information:\n\tFilter Run-Time ID:\t0\n\tLayer Name:\t\tReceive/Accept\n\tLayer Run-Time ID:\t44",
        "_serial": "303792",
        "_si": [
          "index01",
          "main"
        ],
        "_time": "2018-11-03 21:09:57.000 UTC",
        "host": "t1-corp-employee-00",
        "index": "main",
        "linecount": "29",
        "source": "WinEventLog:Security",
        "sourcetype": "WinEventLog",
        "splunk_server": "index01"
      },
      {
        "Message": "The Windows Filtering Platform has permitted a connection.\n\nApplication Information:\n\tProcess ID:\t\t592\n\tApplication Name:\t\\device\\harddiskvolume1\\windows\\system32\\lsass.exe\n\nNetwork Information:\n\tDirection:\t\tInbound\n\tSource Address:\t\t10.0.0.240\n\tSource Port:\t\t51213\n\tDestination Address:\t10.0.0.10\n\tDestination Port:\t\t49676\n\tProtocol:\t\t6\n\nFilter Information:\n\tFilter Run-Time ID:\t0\n\tLayer Name:\t\tReceive/Accept\n\tLayer Run-Time ID:\t44",
        "_bkt": "main~46~309B8BB8-F45C-44CE-ABE5-EF8B9EC8A780",
        "_cd": "46:373178918",
        "_indextime": "1541279398",
        "_pre_msg": "11/03/2018 09:09:57 PM\nLogName=Security\nSourceName=Microsoft Windows security auditing.\nEventCode=5156\nEventType=0\nType=Information\nComputerName=ad-00.corp.wheelzapp.com\nTaskCategory=Filtering Platform Connection\nOpCode=Info\nRecordNumber=856098\nKeywords=Audit Success",
        "_raw": "11/03/2018 09:09:57 PM\nLogName=Security\nSourceName=Microsoft Windows security auditing.\nEventCode=5156\nEventType=0\nType=Information\nComputerName=ad-00.corp.wheelzapp.com\nTaskCategory=Filtering Platform Connection\nOpCode=Info\nRecordNumber=856098\nKeywords=Audit Success\nMessage=The Windows Filtering Platform has permitted a connection.\n\nApplication Information:\n\tProcess ID:\t\t592\n\tApplication Name:\t\\device\\harddiskvolume1\\windows\\system32\\lsass.exe\n\nNetwork Information:\n\tDirection:\t\tInbound\n\tSource Address:\t\t10.0.0.240\n\tSource Port:\t\t51213\n\tDestination Address:\t10.0.0.10\n\tDestination Port:\t\t49676\n\tProtocol:\t\t6\n\nFilter Information:\n\tFilter Run-Time ID:\t0\n\tLayer Name:\t\tReceive/Accept\n\tLayer Run-Time ID:\t44",
        "_serial": "303793",
        "_si": [
          "index01",
          "main"
        ],
        "_time": "2018-11-03 21:09:57.000 UTC",
        "host": "t1-corp-ad-00",
        "index": "main",
        "linecount": "29",
        "source": "WinEventLog:Security",
        "sourcetype": "WinEventLog",
        "splunk_server": "index01"
      }
    ]
  },
  {
    "g": [
      {
        "_bkt": "ids~21~309B8BB8-F45C-44CE-ABE5-EF8B9EC8A780",
        "_cd": "21:25268505",
        "_indextime": "1541279377",
        "_raw": "{\"timestamp\":\"2018-11-03T21:09:35.000251+0000\",\"flow_id\":474630637632400,\"in_iface\":\"ens4\",\"event_type\":\"alert\",\"src_ip\":\"10.0.254.202\",\"src_port\":45481,\"dest_ip\":\"10.0.0.22\",\"dest_port\":80,\"proto\":\"TCP\",\"http\":{\"hostname\":\"nationals-t1-corp-mail-00.c.security-competitions.internal\",\"url\":\"\\/cgi-sys\\/defaultwebpage.cgi\",\"http_content_type\":\"text\\/html\",\"http_method\":\"GET\",\"protocol\":\"HTTP\\/1.1\",\"status\":301,\"redirect\":\"https:\\/\\/nationals-t1-corp-mail-00.c.security-competitions.internal\\/cgi-sys\\/defaultwebpage.cgi\",\"length\":178},\"app_proto\":\"http\",\"payload\":\"R0VUIC9jZ2ktc3lzL2RlZmF1bHR3ZWJwYWdlLmNnaSBIVFRQLzEuMQ0KSG9zdDogbmF0aW9uYWxzLXQxLWNvcnAtbWFpbC0wMC5jLnNlY3VyaXR5LWNvbXBldGl0aW9ucy5pbnRlcm5hbA0KT3BlblZBUy1WVDooKSB7IE9wZW5WQVMtVlQ6OyB9OyBlY2hvIENvbnRlbnQtVHlwZTogdGV4dC9wbGFpbjsgZWNobzsgZWNobzsgUEFUSD0vdXNyL2JpbjovdXNyL2xvY2FsL2JpbjovYmluOyBleHBvcnQgUEFUSDsgaWQ7DQpDb25uZWN0aW9uOiBjbG9zZQ0KQWNjZXB0OiAqLyoNCg0K\",\"stream\":1,\"packet\":\"QgEKAAAWQgEKAAABCABFAAA0njxAAEAGiacKAP7KCgAAFrGpAFC7hREDd+C1t4AQAOfFOQAAAQEICqvJe4pnJ2Mm\",\"packet_info\":{\"linktype\":1},\"alert\":{\"action\":\"allowed\",\"gid\":1,\"signature_id\":2022028,\"rev\":1,\"signature\":\"ET WEB_SERVER Possible CVE-2014-6271 Attempt\",\"category\":\"Attempted Administrator Privilege Gain\",\"severity\":1}}",
        "_serial": "28292",
        "_si": [
          "index01",
          "ids"
        ],
        "_subsecond": ".000251",
        "_time": "2018-11-03 21:09:35.000 UTC",
        "host": "t1-corp-mail-00",
        "index": "ids",
        "linecount": "1",
        "source": "/var/log/suricata/alert-json.log",
        "sourcetype": "suricata:alert",
        "splunk_server": "index01"
      },
      {
        "_bkt": "ids~21~309B8BB8-F45C-44CE-ABE5-EF8B9EC8A780",
        "_cd": "21:25268463",
        "_indextime": "1541279377",
        "_raw": "{\"timestamp\":\"2018-11-03T21:09:35.000251+0000\",\"flow_id\":474630637632400,\"in_iface\":\"ens4\",\"event_type\":\"alert\",\"src_ip\":\"10.0.254.202\",\"src_port\":45481,\"dest_ip\":\"10.0.0.22\",\"dest_port\":80,\"proto\":\"TCP\",\"tx_id\":0,\"alert\":{\"action\":\"allowed\",\"gid\":1,\"signature_id\":2019232,\"rev\":4,\"signature\":\"ET WEB_SERVER Possible CVE-2014-6271 Attempt in Headers\",\"category\":\"Attempted Administrator Privilege Gain\",\"severity\":1},\"http\":{\"hostname\":\"nationals-t1-corp-mail-00.c.security-competitions.internal\",\"url\":\"\\/cgi-sys\\/defaultwebpage.cgi\",\"http_content_type\":\"text\\/html\",\"http_method\":\"GET\",\"protocol\":\"HTTP\\/1.1\",\"status\":301,\"redirect\":\"https:\\/\\/nationals-t1-corp-mail-00.c.security-competitions.internal\\/cgi-sys\\/defaultwebpage.cgi\",\"length\":178},\"app_proto\":\"http\",\"payload\":\"R0VUIC9jZ2ktc3lzL2RlZmF1bHR3ZWJwYWdlLmNnaSBIVFRQLzEuMQ0KSG9zdDogbmF0aW9uYWxzLXQxLWNvcnAtbWFpbC0wMC5jLnNlY3VyaXR5LWNvbXBldGl0aW9ucy5pbnRlcm5hbA0KT3BlblZBUy1WVDooKSB7IE9wZW5WQVMtVlQ6OyB9OyBlY2hvIENvbnRlbnQtVHlwZTogdGV4dC9wbGFpbjsgZWNobzsgZWNobzsgUEFUSD0vdXNyL2JpbjovdXNyL2xvY2FsL2JpbjovYmluOyBleHBvcnQgUEFUSDsgaWQ7DQpDb25uZWN0aW9uOiBjbG9zZQ0KQWNjZXB0OiAqLyoNCg0K\",\"stream\":1,\"packet\":\"QgEKAAAWQgEKAAABCABFAAA0njxAAEAGiacKAP7KCgAAFrGpAFC7hREDd+C1t4AQAOfFOQAAAQEICqvJe4pnJ2Mm\",\"packet_info\":{\"linktype\":1}}",
        "_serial": "28293",
        "_si": [
          "index01",
          "ids"
        ],
        "_subsecond": ".000251",
        "_time": "2018-11-03 21:09:35.000 UTC",
        "host": "t1-corp-mail-00",
        "index": "ids",
        "linecount": "1",
        "source": "/var/log/suricata/alert-json.log",
        "sourcetype": "suricata:alert",
        "splunk_server": "index01"
      }
    ],
    "e": [
      {
        "Message": "The Windows Filtering Platform has permitted a connection.\n\nApplication Information:\n\tProcess ID:\t\t2160\n\tApplication Name:\t\\device\\harddiskvolume1\\program files\\splunkuniversalforwarder\\bin\\splunkd.exe\n\nNetwork Information:\n\tDirection:\t\tOutbound\n\tSource Address:\t\t10.0.0.241\n\tSource Port:\t\t51177\n\tDestination Address:\t169.61.138.123\n\tDestination Port:\t\t9997\n\tProtocol:\t\t6\n\nFilter Information:\n\tFilter Run-Time ID:\t0\n\tLayer Name:\t\tConnect\n\tLayer Run-Time ID:\t48",
        "_bkt": "main~45~B135F5F1-8761-4D6B-9993-723ECD8DFAF7",
        "_cd": "45:358500161",
        "_indextime": "1541279377",
        "_pre_msg": "11/03/2018 09:09:35 PM\nLogName=Security\nSourceName=Microsoft Windows security auditing.\nEventCode=5156\nEventType=0\nType=Information\nComputerName=employee-01.corp.wheelzapp.com\nTaskCategory=Filtering Platform Connection\nOpCode=Info\nRecordNumber=213020\nKeywords=Audit Success",
        "_raw": "11/03/2018 09:09:35 PM\nLogName=Security\nSourceName=Microsoft Windows security auditing.\nEventCode=5156\nEventType=0\nType=Information\nComputerName=employee-01.corp.wheelzapp.com\nTaskCategory=Filtering Platform Connection\nOpCode=Info\nRecordNumber=213020\nKeywords=Audit Success\nMessage=The Windows Filtering Platform has permitted a connection.\n\nApplication Information:\n\tProcess ID:\t\t2160\n\tApplication Name:\t\\device\\harddiskvolume1\\program files\\splunkuniversalforwarder\\bin\\splunkd.exe\n\nNetwork Information:\n\tDirection:\t\tOutbound\n\tSource Address:\t\t10.0.0.241\n\tSource Port:\t\t51177\n\tDestination Address:\t169.61.138.123\n\tDestination Port:\t\t9997\n\tProtocol:\t\t6\n\nFilter Information:\n\tFilter Run-Time ID:\t0\n\tLayer Name:\t\tConnect\n\tLayer Run-Time ID:\t48",
        "_serial": "304342",
        "_si": [
          "index01",
          "main"
        ],
        "_time": "2018-11-03 21:09:35.000 UTC",
        "host": "t1-corp-employee-01",
        "index": "main",
        "linecount": "29",
        "source": "WinEventLog:Security",
        "sourcetype": "WinEventLog",
        "splunk_server": "index01"
      },
      {
        "Message": "The Windows Filtering Platform has permitted a connection.\n\nApplication Information:\n\tProcess ID:\t\t2592\n\tApplication Name:\t\\device\\harddiskvolume1\\windows\\system32\\dns.exe\n\nNetwork Information:\n\tDirection:\t\tInbound\n\tSource Address:\t\t10.0.0.20\n\tSource Port:\t\t48821\n\tDestination Address:\t10.0.0.10\n\tDestination Port:\t\t53\n\tProtocol:\t\t17\n\nFilter Information:\n\tFilter Run-Time ID:\t0\n\tLayer Name:\t\tReceive/Accept\n\tLayer Run-Time ID:\t44",
        "_bkt": "main~45~B135F5F1-8761-4D6B-9993-723ECD8DFAF7",
        "_cd": "45:358496005",
        "_indextime": "1541279377",
        "_pre_msg": "11/03/2018 09:09:35 PM\nLogName=Security\nSourceName=Microsoft Windows security auditing.\nEventCode=5156\nEventType=0\nType=Information\nComputerName=ad-00.corp.wheelzapp.com\nTaskCategory=Filtering Platform Connection\nOpCode=Info\nRecordNumber=855692\nKeywords=Audit Success",
        "_raw": "11/03/2018 09:09:35 PM\nLogName=Security\nSourceName=Microsoft Windows security auditing.\nEventCode=5156\nEventType=0\nType=Information\nComputerName=ad-00.corp.wheelzapp.com\nTaskCategory=Filtering Platform Connection\nOpCode=Info\nRecordNumber=855692\nKeywords=Audit Success\nMessage=The Windows Filtering Platform has permitted a connection.\n\nApplication Information:\n\tProcess ID:\t\t2592\n\tApplication Name:\t\\device\\harddiskvolume1\\windows\\system32\\dns.exe\n\nNetwork Information:\n\tDirection:\t\tInbound\n\tSource Address:\t\t10.0.0.20\n\tSource Port:\t\t48821\n\tDestination Address:\t10.0.0.10\n\tDestination Port:\t\t53\n\tProtocol:\t\t17\n\nFilter Information:\n\tFilter Run-Time ID:\t0\n\tLayer Name:\t\tReceive/Accept\n\tLayer Run-Time ID:\t44",
        "_serial": "304343",
        "_si": [
          "index01",
          "main"
        ],
        "_time": "2018-11-03 21:09:35.000 UTC",
        "host": "t1-corp-ad-00",
        "index": "main",
        "linecount": "29",
        "source": "WinEventLog:Security",
        "sourcetype": "WinEventLog",
        "splunk_server": "index01"
      }
    ]
  },
  {
    "g": [
      {
        "_bkt": "ids~21~309B8BB8-F45C-44CE-ABE5-EF8B9EC8A780",
        "_cd": "21:23645922",
        "_indextime": "1541279307",
        "_raw": "{\"timestamp\":\"2018-11-03T21:08:25.000192+0000\",\"flow_id\":2115559395696408,\"in_iface\":\"ens4\",\"event_type\":\"alert\",\"src_ip\":\"10.0.254.202\",\"src_port\":37239,\"dest_ip\":\"10.0.0.11\",\"dest_port\":80,\"proto\":\"TCP\",\"tx_id\":16,\"alert\":{\"action\":\"allowed\",\"gid\":1,\"signature_id\":2012726,\"rev\":5,\"signature\":\"ET SCAN OpenVAS User-Agent Inbound\",\"category\":\"Attempted Information Leak\",\"severity\":2},\"http\":{\"hostname\":\"nationals-t1-corp-helpdesk-00.c.security-competitions.internal\",\"url\":\"\\/Zikula_Core\\/docs\\/distribution\\/tour_page1.htm\",\"http_user_agent\":\"Mozilla\\/5.0 [en] (X11, U; OpenVAS-VT 9.0.3)\",\"http_content_type\":\"text\\/html\",\"http_method\":\"GET\",\"protocol\":\"HTTP\\/1.1\",\"status\":404,\"length\":370},\"app_proto\":\"http\",\"payload\":\"R0VUIC9aaWt1bGFfQ29yZS9kb2NzL2Rpc3RyaWJ1dGlvbi90b3VyX3BhZ2UxLmh0bSBIVFRQLzEuMQ0KQ29ubmVjdGlvbjogS2VlcC1BbGl2ZQ0KSG9zdDogbmF0aW9uYWxzLXQxLWNvcnAtaGVscGRlc2stMDAuYy5zZWN1cml0eS1jb21wZXRpdGlvbnMuaW50ZXJuYWwNClByYWdtYTogbm8tY2FjaGUNCkNhY2hlLUNvbnRyb2w6IG5vLWNhY2hlDQpVc2VyLUFnZW50OiBNb3ppbGxhLzUuMCBbZW5dIChYMTEsIFU7IE9wZW5WQVMtVlQgOS4wLjMpDQpBY2NlcHQ6IGltYWdlL2dpZiwgaW1hZ2UveC14Yml0bWFwLCBpbWFnZS9qcGVnLCBpbWFnZS9wanBlZywgaW1hZ2UvcG5nLCAqLyoNCkFjY2VwdC1MYW5ndWFnZTogZW4NCkFjY2VwdC1DaGFyc2V0OiBpc28tODg1OS0xLCosdXRmLTgNCg0K\",\"stream\":1,\"packet\":\"QgEKAAALQgEKAAABCABFAAGavKhAAEAGaeAKAP7KCgAAC5F3AFB4zgplb8xE6oAYAXm0AQAAAQEICkwmC0JI\\/kJ+R0VUIC9aaWt1bGFfQ29yZS8gSFRUUC8xLjENCkNvbm5lY3Rpb246IEtlZXAtQWxpdmUNCkhvc3Q6IG5hdGlvbmFscy10MS1jb3JwLWhlbHBkZXNrLTAwLmMuc2VjdXJpdHktY29tcGV0aXRpb25zLmludGVybmFsDQpQcmFnbWE6IG5vLWNhY2hlDQpDYWNoZS1Db250cm9sOiBuby1jYWNoZQ0KVXNlci1BZ2VudDogTW96aWxsYS81LjAgW2VuXSAoWDExLCBVOyBPcGVuVkFTLVZUIDkuMC4zKQ0KQWNjZXB0OiBpbWFnZS9naWYsIGltYWdlL3gteGJpdG1hcCwgaW1hZ2UvanBlZywgaW1hZ2UvcGpwZWcsIGltYWdlL3BuZywgKi8qDQpBY2NlcHQtTGFuZ3VhZ2U6IGVuDQpBY2NlcHQtQ2hhcnNldDogaXNvLTg4NTktMSwqLHV0Zi04DQoNCg==\",\"packet_info\":{\"linktype\":1}}",
        "_serial": "31786",
        "_si": [
          "index01",
          "ids"
        ],
        "_subsecond": ".000192",
        "_time": "2018-11-03 21:08:25.000 UTC",
        "host": "t1-corp-helpdesk-00",
        "index": "ids",
        "linecount": "1",
        "source": "/var/log/suricata/alert-json.log",
        "sourcetype": "suricata:alert",
        "splunk_server": "index01"
      }
    ],
    "e": [
      {
        "Message": "The handle to an object was closed.\n\nSubject :\n\tSecurity ID:\t\tNT AUTHORITY\\SYSTEM\n\tAccount Name:\t\tAD-00$\n\tAccount Domain:\t\tCORP\n\tLogon ID:\t\t0x3E7\n\nObject:\n\tObject Server:\t\tSecurity\n\tHandle ID:\t\t0x458\n\nProcess Information:\n\tProcess ID:\t\t0x1114\n\tProcess Name:\t\tC:\\Program Files (x86)\\BigFix Enterprise\\BES Client\\BESClient.exe",
        "_bkt": "main~45~B135F5F1-8761-4D6B-9993-723ECD8DFAF7",
        "_cd": "45:344794952",
        "_indextime": "1541279306",
        "_pre_msg": "11/03/2018 09:08:25 PM\nLogName=Security\nSourceName=Microsoft Windows security auditing.\nEventCode=4658\nEventType=0\nType=Information\nComputerName=ad-00.corp.wheelzapp.com\nTaskCategory=Kernel Object\nOpCode=Info\nRecordNumber=855253\nKeywords=Audit Success",
        "_raw": "11/03/2018 09:08:25 PM\nLogName=Security\nSourceName=Microsoft Windows security auditing.\nEventCode=4658\nEventType=0\nType=Information\nComputerName=ad-00.corp.wheelzapp.com\nTaskCategory=Kernel Object\nOpCode=Info\nRecordNumber=855253\nKeywords=Audit Success\nMessage=The handle to an object was closed.\n\nSubject :\n\tSecurity ID:\t\tNT AUTHORITY\\SYSTEM\n\tAccount Name:\t\tAD-00$\n\tAccount Domain:\t\tCORP\n\tLogon ID:\t\t0x3E7\n\nObject:\n\tObject Server:\t\tSecurity\n\tHandle ID:\t\t0x458\n\nProcess Information:\n\tProcess ID:\t\t0x1114\n\tProcess Name:\t\tC:\\Program Files (x86)\\BigFix Enterprise\\BES Client\\BESClient.exe",
        "_serial": "305246",
        "_si": [
          "index01",
          "main"
        ],
        "_time": "2018-11-03 21:08:25.000 UTC",
        "host": "t1-corp-ad-00",
        "index": "main",
        "linecount": "26",
        "source": "WinEventLog:Security",
        "sourcetype": "WinEventLog",
        "splunk_server": "index01"
      },
      {
        "Message": "A handle to an object was requested.\n\nSubject:\n\tSecurity ID:\t\tNT AUTHORITY\\SYSTEM\n\tAccount Name:\t\tAD-00$\n\tAccount Domain:\t\tCORP\n\tLogon ID:\t\t0x3E7\n\nObject:\n\tObject Server:\t\tSecurity\n\tObject Type:\t\tProcess\n\tObject Name:\t\t\\Device\\HarddiskVolume1\\Windows\\System32\\lsass.exe\n\tHandle ID:\t\t0x458\n\tResource Attributes:\t-\n\nProcess Information:\n\tProcess ID:\t\t0x1114\n\tProcess Name:\t\tC:\\Program Files (x86)\\BigFix Enterprise\\BES Client\\BESClient.exe\n\nAccess Request Information:\n\tTransaction ID:\t\t{00000000-0000-0000-0000-000000000000}\n\tAccesses:\t\tRead from process memory\n\t\t\t\tQuery process information\n\t\t\t\tUndefined Access (no effect) Bit 12\n\t\t\t\t\n\tAccess Reasons:\t\t-\n\tAccess Mask:\t\t0x1410\n\tPrivileges Used for Access Check:\t-\n\tRestricted SID Count:\t0",
        "_bkt": "main~45~B135F5F1-8761-4D6B-9993-723ECD8DFAF7",
        "_cd": "45:344794918",
        "_indextime": "1541279306",
        "_pre_msg": "11/03/2018 09:08:25 PM\nLogName=Security\nSourceName=Microsoft Windows security auditing.\nEventCode=4656\nEventType=0\nType=Information\nComputerName=ad-00.corp.wheelzapp.com\nTaskCategory=Kernel Object\nOpCode=Info\nRecordNumber=855252\nKeywords=Audit Success",
        "_raw": "11/03/2018 09:08:25 PM\nLogName=Security\nSourceName=Microsoft Windows security auditing.\nEventCode=4656\nEventType=0\nType=Information\nComputerName=ad-00.corp.wheelzapp.com\nTaskCategory=Kernel Object\nOpCode=Info\nRecordNumber=855252\nKeywords=Audit Success\nMessage=A handle to an object was requested.\n\nSubject:\n\tSecurity ID:\t\tNT AUTHORITY\\SYSTEM\n\tAccount Name:\t\tAD-00$\n\tAccount Domain:\t\tCORP\n\tLogon ID:\t\t0x3E7\n\nObject:\n\tObject Server:\t\tSecurity\n\tObject Type:\t\tProcess\n\tObject Name:\t\t\\Device\\HarddiskVolume1\\Windows\\System32\\lsass.exe\n\tHandle ID:\t\t0x458\n\tResource Attributes:\t-\n\nProcess Information:\n\tProcess ID:\t\t0x1114\n\tProcess Name:\t\tC:\\Program Files (x86)\\BigFix Enterprise\\BES Client\\BESClient.exe\n\nAccess Request Information:\n\tTransaction ID:\t\t{00000000-0000-0000-0000-000000000000}\n\tAccesses:\t\tRead from process memory\n\t\t\t\tQuery process information\n\t\t\t\tUndefined Access (no effect) Bit 12\n\t\t\t\t\n\tAccess Reasons:\t\t-\n\tAccess Mask:\t\t0x1410\n\tPrivileges Used for Access Check:\t-\n\tRestricted SID Count:\t0",
        "_serial": "305247",
        "_si": [
          "index01",
          "main"
        ],
        "_time": "2018-11-03 21:08:25.000 UTC",
        "host": "t1-corp-ad-00",
        "index": "main",
        "linecount": "40",
        "source": "WinEventLog:Security",
        "sourcetype": "WinEventLog",
        "splunk_server": "index01"
      },
      {
        "Message": "The handle to an object was closed.\n\nSubject :\n\tSecurity ID:\t\tNT AUTHORITY\\SYSTEM\n\tAccount Name:\t\tAD-00$\n\tAccount Domain:\t\tCORP\n\tLogon ID:\t\t0x3E7\n\nObject:\n\tObject Server:\t\tSecurity\n\tHandle ID:\t\t0x61c\n\nProcess Information:\n\tProcess ID:\t\t0x1114\n\tProcess Name:\t\tC:\\Program Files (x86)\\BigFix Enterprise\\BES Client\\BESClient.exe",
        "_bkt": "main~45~B135F5F1-8761-4D6B-9993-723ECD8DFAF7",
        "_cd": "45:344794897",
        "_indextime": "1541279306",
        "_pre_msg": "11/03/2018 09:08:25 PM\nLogName=Security\nSourceName=Microsoft Windows security auditing.\nEventCode=4658\nEventType=0\nType=Information\nComputerName=ad-00.corp.wheelzapp.com\nTaskCategory=Kernel Object\nOpCode=Info\nRecordNumber=855251\nKeywords=Audit Success",
        "_raw": "11/03/2018 09:08:25 PM\nLogName=Security\nSourceName=Microsoft Windows security auditing.\nEventCode=4658\nEventType=0\nType=Information\nComputerName=ad-00.corp.wheelzapp.com\nTaskCategory=Kernel Object\nOpCode=Info\nRecordNumber=855251\nKeywords=Audit Success\nMessage=The handle to an object was closed.\n\nSubject :\n\tSecurity ID:\t\tNT AUTHORITY\\SYSTEM\n\tAccount Name:\t\tAD-00$\n\tAccount Domain:\t\tCORP\n\tLogon ID:\t\t0x3E7\n\nObject:\n\tObject Server:\t\tSecurity\n\tHandle ID:\t\t0x61c\n\nProcess Information:\n\tProcess ID:\t\t0x1114\n\tProcess Name:\t\tC:\\Program Files (x86)\\BigFix Enterprise\\BES Client\\BESClient.exe",
        "_serial": "305248",
        "_si": [
          "index01",
          "main"
        ],
        "_time": "2018-11-03 21:08:25.000 UTC",
        "host": "t1-corp-ad-00",
        "index": "main",
        "linecount": "26",
        "source": "WinEventLog:Security",
        "sourcetype": "WinEventLog",
        "splunk_server": "index01"
      },
      {
        "Message": "An attempt was made to duplicate a handle to an object.\n\nSubject:\n\tSecurity ID:\t\tNT AUTHORITY\\SYSTEM\n\tAccount Name:\t\tAD-00$\n\tAccount Domain:\t\tCORP\n\tLogon ID:\t\t0x3E7\n\nSource Handle Information:\n\tSource Handle ID:\t0x458\n\tSource Process ID:\t0x1114\n\nNew Handle Information:\n\tTarget Handle ID:\t0x61c\n\tTarget Process ID:\t0x4",
        "_bkt": "main~45~B135F5F1-8761-4D6B-9993-723ECD8DFAF7",
        "_cd": "45:344794876",
        "_indextime": "1541279306",
        "_pre_msg": "11/03/2018 09:08:25 PM\nLogName=Security\nSourceName=Microsoft Windows security auditing.\nEventCode=4690\nEventType=0\nType=Information\nComputerName=ad-00.corp.wheelzapp.com\nTaskCategory=Handle Manipulation\nOpCode=Info\nRecordNumber=855250\nKeywords=Audit Success",
