        "_raw": "11/03/2018 08:55:48 PM\nLogName=Security\nSourceName=Microsoft Windows security auditing.\nEventCode=5156\nEventType=0\nType=Information\nComputerName=ad-00.corp.wheelzapp.com\nTaskCategory=Filtering Platform Connection\nOpCode=Info\nRecordNumber=838983\nKeywords=Audit Success\nMessage=The Windows Filtering Platform has permitted a connection.\n\nApplication Information:\n\tProcess ID:\t\t2592\n\tApplication Name:\t\\device\\harddiskvolume1\\windows\\system32\\dns.exe\n\nNetwork Information:\n\tDirection:\t\tInbound\n\tSource Address:\t\t10.0.0.243\n\tSource Port:\t\t47512\n\tDestination Address:\t10.0.0.10\n\tDestination Port:\t\t53\n\tProtocol:\t\t17\n\nFilter Information:\n\tFilter Run-Time ID:\t0\n\tLayer Name:\t\tReceive/Accept\n\tLayer Run-Time ID:\t44",
        "_serial": "355129",
        "_si": [
          "index01",
          "main"
        ],
        "_time": "2018-11-03 20:55:48.000 UTC",
        "host": "t1-corp-ad-00",
        "index": "main",
        "linecount": "29",
        "source": "WinEventLog:Security",
        "sourcetype": "WinEventLog",
        "splunk_server": "index01"
      }
    ]
  },
  {
    "g": [
      {
        "_bkt": "ids~19~B135F5F1-8761-4D6B-9993-723ECD8DFAF7",
        "_cd": "19:53286398",
        "_indextime": "1541277647",
        "_raw": "{\"timestamp\":\"2018-11-03T20:40:17.000590+0000\",\"flow_id\":134649496827545,\"event_type\":\"alert\",\"src_ip\":\"10.0.254.202\",\"src_port\":34451,\"dest_ip\":\"10.0.0.24\",\"dest_port\":22,\"proto\":\"TCP\",\"alert\":{\"action\":\"allowed\",\"gid\":1,\"signature_id\":2014925,\"rev\":2,\"signature\":\"ET INFO NetSSH SSH Version String Hardcoded in Metasploit\",\"category\":\"Attempted User Privilege Gain\",\"severity\":1},\"ssh\":{\"client\":{\"proto_version\":\"2.0\",\"software_version\":\"OpenSSH_5.0\"},\"server\":{\"proto_version\":\"2.0\",\"software_version\":\"OpenSSH_7.6p1 Ubuntu-4\"}},\"app_proto\":\"ssh\",\"payload\":\"U1NILTIuMC1PcGVuU1NIXzUuMA0KAAACLAkUr9FQx8UeKr+JWX\\/9BaDokgAAAD1kaWZmaWUtaGVsbG1hbi1ncm91cC1leGNoYW5nZS1zaGExLGRpZmZpZS1oZWxsbWFuLWdyb3VwMS1zaGExAAAAD3NzaC1yc2Esc3NoLWRzcwAAAIJhZXMxMjgtY2JjLDNkZXMtY2JjLGJsb3dmaXNoLWNiYyxjYXN0MTI4LWNiYyxhZXMxOTItY2JjLGFlczI1Ni1jYmMscmlqbmRhZWwtY2JjQGx5c2F0b3IubGl1LnNlLGlkZWEtY2JjLG5vbmUsYXJjZm91cjEyOCxhcmNmb3VyMjU2AAAAgmFlczEyOC1jYmMsM2Rlcy1jYmMsYmxvd2Zpc2gtY2JjLGNhc3QxMjgtY2JjLGFlczE5Mi1jYmMsYWVzMjU2LWNiYyxyaWpuZGFlbC1jYmNAbHlzYXRvci5saXUuc2UsaWRlYS1jYmMsbm9uZSxhcmNmb3VyMTI4LGFyY2ZvdXIyNTYAAAAwaG1hYy1zaGExLGhtYWMtbWQ1LGhtYWMtc2hhMS05NixobWFjLW1kNS05Nixub25lAAAAMGhtYWMtc2hhMSxobWFjLW1kNSxobWFjLXNoYTEtOTYsaG1hYy1tZDUtOTYsbm9uZQAAABpub25lLHpsaWJAb3BlbnNzaC5jb20semxpYgAAABpub25lLHpsaWJAb3BlbnNzaC5jb20semxpYgAAAAAAAAAAAAAAAAAW2y\\/LZGYZDx8=\",\"stream\":1,\"packet\":\"RQAAKAAAAABABmfuCgD+ygoAABiGkwAWrylW1HueyaxQEAoAwP8AAA==\",\"packet_info\":{\"linktype\":12}}",
        "_serial": "40273",
        "_si": [
          "index01",
          "ids"
        ],
        "_subsecond": ".000590",
        "_time": "2018-11-03 20:40:17.000 UTC",
        "host": "t1-corp-security-00",
        "index": "ids",
        "linecount": "1",
        "source": "/var/log/suricata/alert-json.log",
        "sourcetype": "suricata:alert",
        "splunk_server": "index01"
      }
    ],
    "e": [
      {
        "Message": "The handle to an object was closed.\n\nSubject :\n\tSecurity ID:\t\tNT AUTHORITY\\SYSTEM\n\tAccount Name:\t\tAD-00$\n\tAccount Domain:\t\tCORP\n\tLogon ID:\t\t0x3E7\n\nObject:\n\tObject Server:\t\tSecurity\n\tHandle ID:\t\t0x634\n\nProcess Information:\n\tProcess ID:\t\t0x1114\n\tProcess Name:\t\tC:\\Program Files (x86)\\BigFix Enterprise\\BES Client\\BESClient.exe",
        "_bkt": "main~45~B135F5F1-8761-4D6B-9993-723ECD8DFAF7",
        "_cd": "45:130186458",
        "_indextime": "1541277617",
        "_pre_msg": "11/03/2018 08:40:17 PM\nLogName=Security\nSourceName=Microsoft Windows security auditing.\nEventCode=4658\nEventType=0\nType=Information\nComputerName=ad-00.corp.wheelzapp.com\nTaskCategory=Removable Storage\nOpCode=Info\nRecordNumber=834711\nKeywords=Audit Success",
        "_raw": "11/03/2018 08:40:17 PM\nLogName=Security\nSourceName=Microsoft Windows security auditing.\nEventCode=4658\nEventType=0\nType=Information\nComputerName=ad-00.corp.wheelzapp.com\nTaskCategory=Removable Storage\nOpCode=Info\nRecordNumber=834711\nKeywords=Audit Success\nMessage=The handle to an object was closed.\n\nSubject :\n\tSecurity ID:\t\tNT AUTHORITY\\SYSTEM\n\tAccount Name:\t\tAD-00$\n\tAccount Domain:\t\tCORP\n\tLogon ID:\t\t0x3E7\n\nObject:\n\tObject Server:\t\tSecurity\n\tHandle ID:\t\t0x634\n\nProcess Information:\n\tProcess ID:\t\t0x1114\n\tProcess Name:\t\tC:\\Program Files (x86)\\BigFix Enterprise\\BES Client\\BESClient.exe",
        "_serial": "365153",
        "_si": [
          "index01",
          "main"
        ],
        "_time": "2018-11-03 20:40:17.000 UTC",
        "host": "t1-corp-ad-00",
        "index": "main",
        "linecount": "26",
        "source": "WinEventLog:Security",
        "sourcetype": "WinEventLog",
        "splunk_server": "index01"
      },
      {
        "Message": "A handle to an object was requested.\n\nSubject:\n\tSecurity ID:\t\tNT AUTHORITY\\SYSTEM\n\tAccount Name:\t\tAD-00$\n\tAccount Domain:\t\tCORP\n\tLogon ID:\t\t0x3E7\n\nObject:\n\tObject Server:\t\tSecurity\n\tObject Type:\t\tFile\n\tObject Name:\t\tC:\\Windows\\System32\\Bthprops\n\tHandle ID:\t\t0x634\n\tResource Attributes:\t-\n\nProcess Information:\n\tProcess ID:\t\t0x1114\n\tProcess Name:\t\tC:\\Program Files (x86)\\BigFix Enterprise\\BES Client\\BESClient.exe\n\nAccess Request Information:\n\tTransaction ID:\t\t{00000000-0000-0000-0000-000000000000}\n\tAccesses:\t\tSYNCHRONIZE\n\t\t\t\tReadData (or ListDirectory)\n\t\t\t\t\n\tAccess Reasons:\t\tSYNCHRONIZE:\tGranted by\tD:(A;;0x1200a9;;;SY)\n\t\t\t\tReadData (or ListDirectory):\tGranted by\tD:(A;;0x1200a9;;;SY)\n\t\t\t\t\n\tAccess Mask:\t\t0x100001\n\tPrivileges Used for Access Check:\t-\n\tRestricted SID Count:\t0",
        "_bkt": "main~45~B135F5F1-8761-4D6B-9993-723ECD8DFAF7",
        "_cd": "45:130186422",
        "_indextime": "1541277617",
        "_pre_msg": "11/03/2018 08:40:17 PM\nLogName=Security\nSourceName=Microsoft Windows security auditing.\nEventCode=4656\nEventType=0\nType=Information\nComputerName=ad-00.corp.wheelzapp.com\nTaskCategory=Removable Storage\nOpCode=Info\nRecordNumber=834710\nKeywords=Audit Success",
        "_raw": "11/03/2018 08:40:17 PM\nLogName=Security\nSourceName=Microsoft Windows security auditing.\nEventCode=4656\nEventType=0\nType=Information\nComputerName=ad-00.corp.wheelzapp.com\nTaskCategory=Removable Storage\nOpCode=Info\nRecordNumber=834710\nKeywords=Audit Success\nMessage=A handle to an object was requested.\n\nSubject:\n\tSecurity ID:\t\tNT AUTHORITY\\SYSTEM\n\tAccount Name:\t\tAD-00$\n\tAccount Domain:\t\tCORP\n\tLogon ID:\t\t0x3E7\n\nObject:\n\tObject Server:\t\tSecurity\n\tObject Type:\t\tFile\n\tObject Name:\t\tC:\\Windows\\System32\\Bthprops\n\tHandle ID:\t\t0x634\n\tResource Attributes:\t-\n\nProcess Information:\n\tProcess ID:\t\t0x1114\n\tProcess Name:\t\tC:\\Program Files (x86)\\BigFix Enterprise\\BES Client\\BESClient.exe\n\nAccess Request Information:\n\tTransaction ID:\t\t{00000000-0000-0000-0000-000000000000}\n\tAccesses:\t\tSYNCHRONIZE\n\t\t\t\tReadData (or ListDirectory)\n\t\t\t\t\n\tAccess Reasons:\t\tSYNCHRONIZE:\tGranted by\tD:(A;;0x1200a9;;;SY)\n\t\t\t\tReadData (or ListDirectory):\tGranted by\tD:(A;;0x1200a9;;;SY)\n\t\t\t\t\n\tAccess Mask:\t\t0x100001\n\tPrivileges Used for Access Check:\t-\n\tRestricted SID Count:\t0",
        "_serial": "365154",
        "_si": [
          "index01",
          "main"
        ],
        "_time": "2018-11-03 20:40:17.000 UTC",
        "host": "t1-corp-ad-00",
        "index": "main",
        "linecount": "41",
        "source": "WinEventLog:Security",
        "sourcetype": "WinEventLog",
        "splunk_server": "index01"
      },
      {
        "Message": "The handle to an object was closed.\n\nSubject :\n\tSecurity ID:\t\tNT AUTHORITY\\SYSTEM\n\tAccount Name:\t\tAD-00$\n\tAccount Domain:\t\tCORP\n\tLogon ID:\t\t0x3E7\n\nObject:\n\tObject Server:\t\tSecurity\n\tHandle ID:\t\t0xfa0\n\nProcess Information:\n\tProcess ID:\t\t0x1114\n\tProcess Name:\t\tC:\\Program Files (x86)\\BigFix Enterprise\\BES Client\\BESClient.exe",
        "_bkt": "main~45~B135F5F1-8761-4D6B-9993-723ECD8DFAF7",
        "_cd": "45:130186401",
        "_indextime": "1541277617",
        "_pre_msg": "11/03/2018 08:40:17 PM\nLogName=Security\nSourceName=Microsoft Windows security auditing.\nEventCode=4658\nEventType=0\nType=Information\nComputerName=ad-00.corp.wheelzapp.com\nTaskCategory=Removable Storage\nOpCode=Info\nRecordNumber=834709\nKeywords=Audit Success",
        "_raw": "11/03/2018 08:40:17 PM\nLogName=Security\nSourceName=Microsoft Windows security auditing.\nEventCode=4658\nEventType=0\nType=Information\nComputerName=ad-00.corp.wheelzapp.com\nTaskCategory=Removable Storage\nOpCode=Info\nRecordNumber=834709\nKeywords=Audit Success\nMessage=The handle to an object was closed.\n\nSubject :\n\tSecurity ID:\t\tNT AUTHORITY\\SYSTEM\n\tAccount Name:\t\tAD-00$\n\tAccount Domain:\t\tCORP\n\tLogon ID:\t\t0x3E7\n\nObject:\n\tObject Server:\t\tSecurity\n\tHandle ID:\t\t0xfa0\n\nProcess Information:\n\tProcess ID:\t\t0x1114\n\tProcess Name:\t\tC:\\Program Files (x86)\\BigFix Enterprise\\BES Client\\BESClient.exe",
        "_serial": "365155",
        "_si": [
          "index01",
          "main"
        ],
        "_time": "2018-11-03 20:40:17.000 UTC",
        "host": "t1-corp-ad-00",
        "index": "main",
        "linecount": "26",
        "source": "WinEventLog:Security",
        "sourcetype": "WinEventLog",
        "splunk_server": "index01"
      },
      {
        "Message": "An attempt was made to duplicate a handle to an object.\n\nSubject:\n\tSecurity ID:\t\tNT AUTHORITY\\SYSTEM\n\tAccount Name:\t\tAD-00$\n\tAccount Domain:\t\tCORP\n\tLogon ID:\t\t0x3E7\n\nSource Handle Information:\n\tSource Handle ID:\t0x634\n\tSource Process ID:\t0x1114\n\nNew Handle Information:\n\tTarget Handle ID:\t0xfa0\n\tTarget Process ID:\t0x4",
        "_bkt": "main~45~B135F5F1-8761-4D6B-9993-723ECD8DFAF7",
        "_cd": "45:130186380",
        "_indextime": "1541277617",
        "_pre_msg": "11/03/2018 08:40:17 PM\nLogName=Security\nSourceName=Microsoft Windows security auditing.\nEventCode=4690\nEventType=0\nType=Information\nComputerName=ad-00.corp.wheelzapp.com\nTaskCategory=Handle Manipulation\nOpCode=Info\nRecordNumber=834708\nKeywords=Audit Success",
        "_raw": "11/03/2018 08:40:17 PM\nLogName=Security\nSourceName=Microsoft Windows security auditing.\nEventCode=4690\nEventType=0\nType=Information\nComputerName=ad-00.corp.wheelzapp.com\nTaskCategory=Handle Manipulation\nOpCode=Info\nRecordNumber=834708\nKeywords=Audit Success\nMessage=An attempt was made to duplicate a handle to an object.\n\nSubject:\n\tSecurity ID:\t\tNT AUTHORITY\\SYSTEM\n\tAccount Name:\t\tAD-00$\n\tAccount Domain:\t\tCORP\n\tLogon ID:\t\t0x3E7\n\nSource Handle Information:\n\tSource Handle ID:\t0x634\n\tSource Process ID:\t0x1114\n\nNew Handle Information:\n\tTarget Handle ID:\t0xfa0\n\tTarget Process ID:\t0x4",
        "_serial": "365156",
        "_si": [
          "index01",
          "main"
        ],
        "_time": "2018-11-03 20:40:17.000 UTC",
        "host": "t1-corp-ad-00",
        "index": "main",
        "linecount": "26",
        "source": "WinEventLog:Security",
        "sourcetype": "WinEventLog",
        "splunk_server": "index01"
      },
      {
        "Message": "The handle to an object was closed.\n\nSubject :\n\tSecurity ID:\t\tNT AUTHORITY\\SYSTEM\n\tAccount Name:\t\tAD-00$\n\tAccount Domain:\t\tCORP\n\tLogon ID:\t\t0x3E7\n\nObject:\n\tObject Server:\t\tSecurity\n\tHandle ID:\t\t0x634\n\nProcess Information:\n\tProcess ID:\t\t0x1114\n\tProcess Name:\t\tC:\\Program Files (x86)\\BigFix Enterprise\\BES Client\\BESClient.exe",
        "_bkt": "main~45~B135F5F1-8761-4D6B-9993-723ECD8DFAF7",
        "_cd": "45:130186359",
        "_indextime": "1541277617",
        "_pre_msg": "11/03/2018 08:40:17 PM\nLogName=Security\nSourceName=Microsoft Windows security auditing.\nEventCode=4658\nEventType=0\nType=Information\nComputerName=ad-00.corp.wheelzapp.com\nTaskCategory=Removable Storage\nOpCode=Info\nRecordNumber=834707\nKeywords=Audit Success",
        "_raw": "11/03/2018 08:40:17 PM\nLogName=Security\nSourceName=Microsoft Windows security auditing.\nEventCode=4658\nEventType=0\nType=Information\nComputerName=ad-00.corp.wheelzapp.com\nTaskCategory=Removable Storage\nOpCode=Info\nRecordNumber=834707\nKeywords=Audit Success\nMessage=The handle to an object was closed.\n\nSubject :\n\tSecurity ID:\t\tNT AUTHORITY\\SYSTEM\n\tAccount Name:\t\tAD-00$\n\tAccount Domain:\t\tCORP\n\tLogon ID:\t\t0x3E7\n\nObject:\n\tObject Server:\t\tSecurity\n\tHandle ID:\t\t0x634\n\nProcess Information:\n\tProcess ID:\t\t0x1114\n\tProcess Name:\t\tC:\\Program Files (x86)\\BigFix Enterprise\\BES Client\\BESClient.exe",
        "_serial": "365157",
        "_si": [
          "index01",
          "main"
        ],
        "_time": "2018-11-03 20:40:17.000 UTC",
        "host": "t1-corp-ad-00",
        "index": "main",
        "linecount": "26",
        "source": "WinEventLog:Security",
        "sourcetype": "WinEventLog",
        "splunk_server": "index01"
      },
      {
        "Message": "A handle to an object was requested.\n\nSubject:\n\tSecurity ID:\t\tNT AUTHORITY\\SYSTEM\n\tAccount Name:\t\tAD-00$\n\tAccount Domain:\t\tCORP\n\tLogon ID:\t\t0x3E7\n\nObject:\n\tObject Server:\t\tSecurity\n\tObject Type:\t\tFile\n\tObject Name:\t\tC:\\Windows\\System32\\Bthprops\n\tHandle ID:\t\t0x634\n\tResource Attributes:\t-\n\nProcess Information:\n\tProcess ID:\t\t0x1114\n\tProcess Name:\t\tC:\\Program Files (x86)\\BigFix Enterprise\\BES Client\\BESClient.exe\n\nAccess Request Information:\n\tTransaction ID:\t\t{00000000-0000-0000-0000-000000000000}\n\tAccesses:\t\tSYNCHRONIZE\n\t\t\t\t\n\tAccess Reasons:\t\tSYNCHRONIZE:\tGranted by\tD:(A;;0x1200a9;;;SY)\n\t\t\t\t\n\tAccess Mask:\t\t0x100000\n\tPrivileges Used for Access Check:\t-\n\tRestricted SID Count:\t0",
        "_bkt": "main~45~B135F5F1-8761-4D6B-9993-723ECD8DFAF7",
        "_cd": "45:130186326",
        "_indextime": "1541277617",
        "_pre_msg": "11/03/2018 08:40:17 PM\nLogName=Security\nSourceName=Microsoft Windows security auditing.\nEventCode=4656\nEventType=0\nType=Information\nComputerName=ad-00.corp.wheelzapp.com\nTaskCategory=Removable Storage\nOpCode=Info\nRecordNumber=834706\nKeywords=Audit Success",
        "_raw": "11/03/2018 08:40:17 PM\nLogName=Security\nSourceName=Microsoft Windows security auditing.\nEventCode=4656\nEventType=0\nType=Information\nComputerName=ad-00.corp.wheelzapp.com\nTaskCategory=Removable Storage\nOpCode=Info\nRecordNumber=834706\nKeywords=Audit Success\nMessage=A handle to an object was requested.\n\nSubject:\n\tSecurity ID:\t\tNT AUTHORITY\\SYSTEM\n\tAccount Name:\t\tAD-00$\n\tAccount Domain:\t\tCORP\n\tLogon ID:\t\t0x3E7\n\nObject:\n\tObject Server:\t\tSecurity\n\tObject Type:\t\tFile\n\tObject Name:\t\tC:\\Windows\\System32\\Bthprops\n\tHandle ID:\t\t0x634\n\tResource Attributes:\t-\n\nProcess Information:\n\tProcess ID:\t\t0x1114\n\tProcess Name:\t\tC:\\Program Files (x86)\\BigFix Enterprise\\BES Client\\BESClient.exe\n\nAccess Request Information:\n\tTransaction ID:\t\t{00000000-0000-0000-0000-000000000000}\n\tAccesses:\t\tSYNCHRONIZE\n\t\t\t\t\n\tAccess Reasons:\t\tSYNCHRONIZE:\tGranted by\tD:(A;;0x1200a9;;;SY)\n\t\t\t\t\n\tAccess Mask:\t\t0x100000\n\tPrivileges Used for Access Check:\t-\n\tRestricted SID Count:\t0",
        "_serial": "365158",
        "_si": [
          "index01",
          "main"
        ],
        "_time": "2018-11-03 20:40:17.000 UTC",
        "host": "t1-corp-ad-00",
        "index": "main",
        "linecount": "39",
        "source": "WinEventLog:Security",
        "sourcetype": "WinEventLog",
        "splunk_server": "index01"
      },
      {
        "Message": "The handle to an object was closed.\n\nSubject :\n\tSecurity ID:\t\tNT AUTHORITY\\SYSTEM\n\tAccount Name:\t\tAD-00$\n\tAccount Domain:\t\tCORP\n\tLogon ID:\t\t0x3E7\n\nObject:\n\tObject Server:\t\tSecurity\n\tHandle ID:\t\t0xfa0\n\nProcess Information:\n\tProcess ID:\t\t0x1114\n\tProcess Name:\t\tC:\\Program Files (x86)\\BigFix Enterprise\\BES Client\\BESClient.exe",
        "_bkt": "main~45~B135F5F1-8761-4D6B-9993-723ECD8DFAF7",
        "_cd": "45:130186305",
        "_indextime": "1541277617",
        "_pre_msg": "11/03/2018 08:40:17 PM\nLogName=Security\nSourceName=Microsoft Windows security auditing.\nEventCode=4658\nEventType=0\nType=Information\nComputerName=ad-00.corp.wheelzapp.com\nTaskCategory=Removable Storage\nOpCode=Info\nRecordNumber=834705\nKeywords=Audit Success",
        "_raw": "11/03/2018 08:40:17 PM\nLogName=Security\nSourceName=Microsoft Windows security auditing.\nEventCode=4658\nEventType=0\nType=Information\nComputerName=ad-00.corp.wheelzapp.com\nTaskCategory=Removable Storage\nOpCode=Info\nRecordNumber=834705\nKeywords=Audit Success\nMessage=The handle to an object was closed.\n\nSubject :\n\tSecurity ID:\t\tNT AUTHORITY\\SYSTEM\n\tAccount Name:\t\tAD-00$\n\tAccount Domain:\t\tCORP\n\tLogon ID:\t\t0x3E7\n\nObject:\n\tObject Server:\t\tSecurity\n\tHandle ID:\t\t0xfa0\n\nProcess Information:\n\tProcess ID:\t\t0x1114\n\tProcess Name:\t\tC:\\Program Files (x86)\\BigFix Enterprise\\BES Client\\BESClient.exe",
        "_serial": "365159",
        "_si": [
          "index01",
          "main"
        ],
        "_time": "2018-11-03 20:40:17.000 UTC",
        "host": "t1-corp-ad-00",
        "index": "main",
        "linecount": "26",
        "source": "WinEventLog:Security",
        "sourcetype": "WinEventLog",
        "splunk_server": "index01"
      },
      {
        "Message": "An attempt was made to duplicate a handle to an object.\n\nSubject:\n\tSecurity ID:\t\tNT AUTHORITY\\SYSTEM\n\tAccount Name:\t\tAD-00$\n\tAccount Domain:\t\tCORP\n\tLogon ID:\t\t0x3E7\n\nSource Handle Information:\n\tSource Handle ID:\t0x634\n\tSource Process ID:\t0x1114\n\nNew Handle Information:\n\tTarget Handle ID:\t0xfa0\n\tTarget Process ID:\t0x4",
        "_bkt": "main~45~B135F5F1-8761-4D6B-9993-723ECD8DFAF7",
        "_cd": "45:130186284",
        "_indextime": "1541277617",
        "_pre_msg": "11/03/2018 08:40:17 PM\nLogName=Security\nSourceName=Microsoft Windows security auditing.\nEventCode=4690\nEventType=0\nType=Information\nComputerName=ad-00.corp.wheelzapp.com\nTaskCategory=Handle Manipulation\nOpCode=Info\nRecordNumber=834704\nKeywords=Audit Success",
        "_raw": "11/03/2018 08:40:17 PM\nLogName=Security\nSourceName=Microsoft Windows security auditing.\nEventCode=4690\nEventType=0\nType=Information\nComputerName=ad-00.corp.wheelzapp.com\nTaskCategory=Handle Manipulation\nOpCode=Info\nRecordNumber=834704\nKeywords=Audit Success\nMessage=An attempt was made to duplicate a handle to an object.\n\nSubject:\n\tSecurity ID:\t\tNT AUTHORITY\\SYSTEM\n\tAccount Name:\t\tAD-00$\n\tAccount Domain:\t\tCORP\n\tLogon ID:\t\t0x3E7\n\nSource Handle Information:\n\tSource Handle ID:\t0x634\n\tSource Process ID:\t0x1114\n\nNew Handle Information:\n\tTarget Handle ID:\t0xfa0\n\tTarget Process ID:\t0x4",
        "_serial": "365160",
        "_si": [
          "index01",
          "main"
        ],
        "_time": "2018-11-03 20:40:17.000 UTC",
        "host": "t1-corp-ad-00",
        "index": "main",
        "linecount": "26",
        "source": "WinEventLog:Security",
        "sourcetype": "WinEventLog",
        "splunk_server": "index01"
      },
      {
        "Message": "The handle to an object was closed.\n\nSubject :\n\tSecurity ID:\t\tNT AUTHORITY\\SYSTEM\n\tAccount Name:\t\tAD-00$\n\tAccount Domain:\t\tCORP\n\tLogon ID:\t\t0x3E7\n\nObject:\n\tObject Server:\t\tSecurity\n\tHandle ID:\t\t0x634\n\nProcess Information:\n\tProcess ID:\t\t0x1114\n\tProcess Name:\t\tC:\\Program Files (x86)\\BigFix Enterprise\\BES Client\\BESClient.exe",
        "_bkt": "main~45~B135F5F1-8761-4D6B-9993-723ECD8DFAF7",
        "_cd": "45:130186263",
        "_indextime": "1541277617",
        "_pre_msg": "11/03/2018 08:40:17 PM\nLogName=Security\nSourceName=Microsoft Windows security auditing.\nEventCode=4658\nEventType=0\nType=Information\nComputerName=ad-00.corp.wheelzapp.com\nTaskCategory=Removable Storage\nOpCode=Info\nRecordNumber=834703\nKeywords=Audit Success",
        "_raw": "11/03/2018 08:40:17 PM\nLogName=Security\nSourceName=Microsoft Windows security auditing.\nEventCode=4658\nEventType=0\nType=Information\nComputerName=ad-00.corp.wheelzapp.com\nTaskCategory=Removable Storage\nOpCode=Info\nRecordNumber=834703\nKeywords=Audit Success\nMessage=The handle to an object was closed.\n\nSubject :\n\tSecurity ID:\t\tNT AUTHORITY\\SYSTEM\n\tAccount Name:\t\tAD-00$\n\tAccount Domain:\t\tCORP\n\tLogon ID:\t\t0x3E7\n\nObject:\n\tObject Server:\t\tSecurity\n\tHandle ID:\t\t0x634\n\nProcess Information:\n\tProcess ID:\t\t0x1114\n\tProcess Name:\t\tC:\\Program Files (x86)\\BigFix Enterprise\\BES Client\\BESClient.exe",
        "_serial": "365161",
        "_si": [
          "index01",
          "main"
        ],
        "_time": "2018-11-03 20:40:17.000 UTC",
        "host": "t1-corp-ad-00",
        "index": "main",
        "linecount": "26",
        "source": "WinEventLog:Security",
        "sourcetype": "WinEventLog",
        "splunk_server": "index01"
      },
      {
        "Message": "A handle to an object was requested.\n\nSubject:\n\tSecurity ID:\t\tNT AUTHORITY\\SYSTEM\n\tAccount Name:\t\tAD-00$\n\tAccount Domain:\t\tCORP\n\tLogon ID:\t\t0x3E7\n\nObject:\n\tObject Server:\t\tSecurity\n\tObject Type:\t\tFile\n\tObject Name:\t\tC:\\Windows\\System32\\Boot\n\tHandle ID:\t\t0x634\n\tResource Attributes:\t-\n\nProcess Information:\n\tProcess ID:\t\t0x1114\n\tProcess Name:\t\tC:\\Program Files (x86)\\BigFix Enterprise\\BES Client\\BESClient.exe\n\nAccess Request Information:\n\tTransaction ID:\t\t{00000000-0000-0000-0000-000000000000}\n\tAccesses:\t\tSYNCHRONIZE\n\t\t\t\tReadData (or ListDirectory)\n\t\t\t\t\n\tAccess Reasons:\t\tSYNCHRONIZE:\tGranted by\tD:(A;;0x1200a9;;;SY)\n\t\t\t\tReadData (or ListDirectory):\tGranted by\tD:(A;;0x1200a9;;;SY)\n\t\t\t\t\n\tAccess Mask:\t\t0x100001\n\tPrivileges Used for Access Check:\t-\n\tRestricted SID Count:\t0",
        "_bkt": "main~45~B135F5F1-8761-4D6B-9993-723ECD8DFAF7",
        "_cd": "45:130186227",
        "_indextime": "1541277617",
        "_pre_msg": "11/03/2018 08:40:17 PM\nLogName=Security\nSourceName=Microsoft Windows security auditing.\nEventCode=4656\nEventType=0\nType=Information\nComputerName=ad-00.corp.wheelzapp.com\nTaskCategory=Removable Storage\nOpCode=Info\nRecordNumber=834702\nKeywords=Audit Success",
        "_raw": "11/03/2018 08:40:17 PM\nLogName=Security\nSourceName=Microsoft Windows security auditing.\nEventCode=4656\nEventType=0\nType=Information\nComputerName=ad-00.corp.wheelzapp.com\nTaskCategory=Removable Storage\nOpCode=Info\nRecordNumber=834702\nKeywords=Audit Success\nMessage=A handle to an object was requested.\n\nSubject:\n\tSecurity ID:\t\tNT AUTHORITY\\SYSTEM\n\tAccount Name:\t\tAD-00$\n\tAccount Domain:\t\tCORP\n\tLogon ID:\t\t0x3E7\n\nObject:\n\tObject Server:\t\tSecurity\n\tObject Type:\t\tFile\n\tObject Name:\t\tC:\\Windows\\System32\\Boot\n\tHandle ID:\t\t0x634\n\tResource Attributes:\t-\n\nProcess Information:\n\tProcess ID:\t\t0x1114\n\tProcess Name:\t\tC:\\Program Files (x86)\\BigFix Enterprise\\BES Client\\BESClient.exe\n\nAccess Request Information:\n\tTransaction ID:\t\t{00000000-0000-0000-0000-000000000000}\n\tAccesses:\t\tSYNCHRONIZE\n\t\t\t\tReadData (or ListDirectory)\n\t\t\t\t\n\tAccess Reasons:\t\tSYNCHRONIZE:\tGranted by\tD:(A;;0x1200a9;;;SY)\n\t\t\t\tReadData (or ListDirectory):\tGranted by\tD:(A;;0x1200a9;;;SY)\n\t\t\t\t\n\tAccess Mask:\t\t0x100001\n\tPrivileges Used for Access Check:\t-\n\tRestricted SID Count:\t0",
        "_serial": "365162",
        "_si": [
          "index01",
          "main"
        ],
        "_time": "2018-11-03 20:40:17.000 UTC",
        "host": "t1-corp-ad-00",
        "index": "main",
        "linecount": "41",
        "source": "WinEventLog:Security",
        "sourcetype": "WinEventLog",
        "splunk_server": "index01"
      },
      {
        "Message": "The handle to an object was closed.\n\nSubject :\n\tSecurity ID:\t\tNT AUTHORITY\\SYSTEM\n\tAccount Name:\t\tAD-00$\n\tAccount Domain:\t\tCORP\n\tLogon ID:\t\t0x3E7\n\nObject:\n\tObject Server:\t\tSecurity\n\tHandle ID:\t\t0xfa0\n\nProcess Information:\n\tProcess ID:\t\t0x1114\n\tProcess Name:\t\tC:\\Program Files (x86)\\BigFix Enterprise\\BES Client\\BESClient.exe",
        "_bkt": "main~45~B135F5F1-8761-4D6B-9993-723ECD8DFAF7",
        "_cd": "45:130186206",
        "_indextime": "1541277617",
        "_pre_msg": "11/03/2018 08:40:17 PM\nLogName=Security\nSourceName=Microsoft Windows security auditing.\nEventCode=4658\nEventType=0\nType=Information\nComputerName=ad-00.corp.wheelzapp.com\nTaskCategory=Removable Storage\nOpCode=Info\nRecordNumber=834701\nKeywords=Audit Success",
        "_raw": "11/03/2018 08:40:17 PM\nLogName=Security\nSourceName=Microsoft Windows security auditing.\nEventCode=4658\nEventType=0\nType=Information\nComputerName=ad-00.corp.wheelzapp.com\nTaskCategory=Removable Storage\nOpCode=Info\nRecordNumber=834701\nKeywords=Audit Success\nMessage=The handle to an object was closed.\n\nSubject :\n\tSecurity ID:\t\tNT AUTHORITY\\SYSTEM\n\tAccount Name:\t\tAD-00$\n\tAccount Domain:\t\tCORP\n\tLogon ID:\t\t0x3E7\n\nObject:\n\tObject Server:\t\tSecurity\n\tHandle ID:\t\t0xfa0\n\nProcess Information:\n\tProcess ID:\t\t0x1114\n\tProcess Name:\t\tC:\\Program Files (x86)\\BigFix Enterprise\\BES Client\\BESClient.exe",
        "_serial": "365163",
        "_si": [
          "index01",
          "main"
        ],
        "_time": "2018-11-03 20:40:17.000 UTC",
        "host": "t1-corp-ad-00",
        "index": "main",
        "linecount": "26",
        "source": "WinEventLog:Security",
        "sourcetype": "WinEventLog",
        "splunk_server": "index01"
      },
      {
        "Message": "An attempt was made to duplicate a handle to an object.\n\nSubject:\n\tSecurity ID:\t\tNT AUTHORITY\\SYSTEM\n\tAccount Name:\t\tAD-00$\n\tAccount Domain:\t\tCORP\n\tLogon ID:\t\t0x3E7\n\nSource Handle Information:\n\tSource Handle ID:\t0x634\n\tSource Process ID:\t0x1114\n\nNew Handle Information:\n\tTarget Handle ID:\t0xfa0\n\tTarget Process ID:\t0x4",
        "_bkt": "main~45~B135F5F1-8761-4D6B-9993-723ECD8DFAF7",
        "_cd": "45:130186185",
        "_indextime": "1541277617",
        "_pre_msg": "11/03/2018 08:40:17 PM\nLogName=Security\nSourceName=Microsoft Windows security auditing.\nEventCode=4690\nEventType=0\nType=Information\nComputerName=ad-00.corp.wheelzapp.com\nTaskCategory=Handle Manipulation\nOpCode=Info\nRecordNumber=834700\nKeywords=Audit Success",
        "_raw": "11/03/2018 08:40:17 PM\nLogName=Security\nSourceName=Microsoft Windows security auditing.\nEventCode=4690\nEventType=0\nType=Information\nComputerName=ad-00.corp.wheelzapp.com\nTaskCategory=Handle Manipulation\nOpCode=Info\nRecordNumber=834700\nKeywords=Audit Success\nMessage=An attempt was made to duplicate a handle to an object.\n\nSubject:\n\tSecurity ID:\t\tNT AUTHORITY\\SYSTEM\n\tAccount Name:\t\tAD-00$\n\tAccount Domain:\t\tCORP\n\tLogon ID:\t\t0x3E7\n\nSource Handle Information:\n\tSource Handle ID:\t0x634\n\tSource Process ID:\t0x1114\n\nNew Handle Information:\n\tTarget Handle ID:\t0xfa0\n\tTarget Process ID:\t0x4",
        "_serial": "365164",
        "_si": [
          "index01",
          "main"
        ],
        "_time": "2018-11-03 20:40:17.000 UTC",
        "host": "t1-corp-ad-00",
        "index": "main",
        "linecount": "26",
        "source": "WinEventLog:Security",
        "sourcetype": "WinEventLog",
        "splunk_server": "index01"
      },
      {
        "Message": "The handle to an object was closed.\n\nSubject :\n\tSecurity ID:\t\tNT AUTHORITY\\SYSTEM\n\tAccount Name:\t\tAD-00$\n\tAccount Domain:\t\tCORP\n\tLogon ID:\t\t0x3E7\n\nObject:\n\tObject Server:\t\tSecurity\n\tHandle ID:\t\t0x634\n\nProcess Information:\n\tProcess ID:\t\t0x1114\n\tProcess Name:\t\tC:\\Program Files (x86)\\BigFix Enterprise\\BES Client\\BESClient.exe",
        "_bkt": "main~45~B135F5F1-8761-4D6B-9993-723ECD8DFAF7",
        "_cd": "45:130186164",
        "_indextime": "1541277617",
        "_pre_msg": "11/03/2018 08:40:17 PM\nLogName=Security\nSourceName=Microsoft Windows security auditing.\nEventCode=4658\nEventType=0\nType=Information\nComputerName=ad-00.corp.wheelzapp.com\nTaskCategory=Removable Storage\nOpCode=Info\nRecordNumber=834699\nKeywords=Audit Success",
        "_raw": "11/03/2018 08:40:17 PM\nLogName=Security\nSourceName=Microsoft Windows security auditing.\nEventCode=4658\nEventType=0\nType=Information\nComputerName=ad-00.corp.wheelzapp.com\nTaskCategory=Removable Storage\nOpCode=Info\nRecordNumber=834699\nKeywords=Audit Success\nMessage=The handle to an object was closed.\n\nSubject :\n\tSecurity ID:\t\tNT AUTHORITY\\SYSTEM\n\tAccount Name:\t\tAD-00$\n\tAccount Domain:\t\tCORP\n\tLogon ID:\t\t0x3E7\n\nObject:\n\tObject Server:\t\tSecurity\n\tHandle ID:\t\t0x634\n\nProcess Information:\n\tProcess ID:\t\t0x1114\n\tProcess Name:\t\tC:\\Program Files (x86)\\BigFix Enterprise\\BES Client\\BESClient.exe",
        "_serial": "365165",
        "_si": [
          "index01",
          "main"
        ],
        "_time": "2018-11-03 20:40:17.000 UTC",
        "host": "t1-corp-ad-00",
        "index": "main",
        "linecount": "26",
        "source": "WinEventLog:Security",
        "sourcetype": "WinEventLog",
        "splunk_server": "index01"
      },
      {
        "Message": "A handle to an object was requested.\n\nSubject:\n\tSecurity ID:\t\tNT AUTHORITY\\SYSTEM\n\tAccount Name:\t\tAD-00$\n\tAccount Domain:\t\tCORP\n\tLogon ID:\t\t0x3E7\n\nObject:\n\tObject Server:\t\tSecurity\n\tObject Type:\t\tFile\n\tObject Name:\t\tC:\\Windows\\System32\\Boot\n\tHandle ID:\t\t0x634\n\tResource Attributes:\t-\n\nProcess Information:\n\tProcess ID:\t\t0x1114\n\tProcess Name:\t\tC:\\Program Files (x86)\\BigFix Enterprise\\BES Client\\BESClient.exe\n\nAccess Request Information:\n\tTransaction ID:\t\t{00000000-0000-0000-0000-000000000000}\n\tAccesses:\t\tSYNCHRONIZE\n\t\t\t\t\n\tAccess Reasons:\t\tSYNCHRONIZE:\tGranted by\tD:(A;;0x1200a9;;;SY)\n\t\t\t\t\n\tAccess Mask:\t\t0x100000\n\tPrivileges Used for Access Check:\t-\n\tRestricted SID Count:\t0",
        "_bkt": "main~45~B135F5F1-8761-4D6B-9993-723ECD8DFAF7",
        "_cd": "45:130186131",
        "_indextime": "1541277617",
        "_pre_msg": "11/03/2018 08:40:17 PM\nLogName=Security\nSourceName=Microsoft Windows security auditing.\nEventCode=4656\nEventType=0\nType=Information\nComputerName=ad-00.corp.wheelzapp.com\nTaskCategory=Removable Storage\nOpCode=Info\nRecordNumber=834698\nKeywords=Audit Success",
        "_raw": "11/03/2018 08:40:17 PM\nLogName=Security\nSourceName=Microsoft Windows security auditing.\nEventCode=4656\nEventType=0\nType=Information\nComputerName=ad-00.corp.wheelzapp.com\nTaskCategory=Removable Storage\nOpCode=Info\nRecordNumber=834698\nKeywords=Audit Success\nMessage=A handle to an object was requested.\n\nSubject:\n\tSecurity ID:\t\tNT AUTHORITY\\SYSTEM\n\tAccount Name:\t\tAD-00$\n\tAccount Domain:\t\tCORP\n\tLogon ID:\t\t0x3E7\n\nObject:\n\tObject Server:\t\tSecurity\n\tObject Type:\t\tFile\n\tObject Name:\t\tC:\\Windows\\System32\\Boot\n\tHandle ID:\t\t0x634\n\tResource Attributes:\t-\n\nProcess Information:\n\tProcess ID:\t\t0x1114\n\tProcess Name:\t\tC:\\Program Files (x86)\\BigFix Enterprise\\BES Client\\BESClient.exe\n\nAccess Request Information:\n\tTransaction ID:\t\t{00000000-0000-0000-0000-000000000000}\n\tAccesses:\t\tSYNCHRONIZE\n\t\t\t\t\n\tAccess Reasons:\t\tSYNCHRONIZE:\tGranted by\tD:(A;;0x1200a9;;;SY)\n\t\t\t\t\n\tAccess Mask:\t\t0x100000\n\tPrivileges Used for Access Check:\t-\n\tRestricted SID Count:\t0",
        "_serial": "365166",
        "_si": [
          "index01",
          "main"
        ],
        "_time": "2018-11-03 20:40:17.000 UTC",
        "host": "t1-corp-ad-00",
        "index": "main",
        "linecount": "39",
        "source": "WinEventLog:Security",
        "sourcetype": "WinEventLog",
        "splunk_server": "index01"
      },
      {
        "Message": "The handle to an object was closed.\n\nSubject :\n\tSecurity ID:\t\tNT AUTHORITY\\SYSTEM\n\tAccount Name:\t\tAD-00$\n\tAccount Domain:\t\tCORP\n\tLogon ID:\t\t0x3E7\n\nObject:\n\tObject Server:\t\tSecurity\n\tHandle ID:\t\t0xfa0\n\nProcess Information:\n\tProcess ID:\t\t0x1114\n\tProcess Name:\t\tC:\\Program Files (x86)\\BigFix Enterprise\\BES Client\\BESClient.exe",
        "_bkt": "main~45~B135F5F1-8761-4D6B-9993-723ECD8DFAF7",
        "_cd": "45:130186110",
        "_indextime": "1541277617",
        "_pre_msg": "11/03/2018 08:40:17 PM\nLogName=Security\nSourceName=Microsoft Windows security auditing.\nEventCode=4658\nEventType=0\nType=Information\nComputerName=ad-00.corp.wheelzapp.com\nTaskCategory=Removable Storage\nOpCode=Info\nRecordNumber=834697\nKeywords=Audit Success",
        "_raw": "11/03/2018 08:40:17 PM\nLogName=Security\nSourceName=Microsoft Windows security auditing.\nEventCode=4658\nEventType=0\nType=Information\nComputerName=ad-00.corp.wheelzapp.com\nTaskCategory=Removable Storage\nOpCode=Info\nRecordNumber=834697\nKeywords=Audit Success\nMessage=The handle to an object was closed.\n\nSubject :\n\tSecurity ID:\t\tNT AUTHORITY\\SYSTEM\n\tAccount Name:\t\tAD-00$\n\tAccount Domain:\t\tCORP\n\tLogon ID:\t\t0x3E7\n\nObject:\n\tObject Server:\t\tSecurity\n\tHandle ID:\t\t0xfa0\n\nProcess Information:\n\tProcess ID:\t\t0x1114\n\tProcess Name:\t\tC:\\Program Files (x86)\\BigFix Enterprise\\BES Client\\BESClient.exe",
        "_serial": "365167",
        "_si": [
          "index01",
          "main"
        ],
        "_time": "2018-11-03 20:40:17.000 UTC",
        "host": "t1-corp-ad-00",
        "index": "main",
        "linecount": "26",
        "source": "WinEventLog:Security",
        "sourcetype": "WinEventLog",
        "splunk_server": "index01"
      },
      {
        "Message": "An attempt was made to duplicate a handle to an object.\n\nSubject:\n\tSecurity ID:\t\tNT AUTHORITY\\SYSTEM\n\tAccount Name:\t\tAD-00$\n\tAccount Domain:\t\tCORP\n\tLogon ID:\t\t0x3E7\n\nSource Handle Information:\n\tSource Handle ID:\t0x634\n\tSource Process ID:\t0x1114\n\nNew Handle Information:\n\tTarget Handle ID:\t0xfa0\n\tTarget Process ID:\t0x4",
        "_bkt": "main~45~B135F5F1-8761-4D6B-9993-723ECD8DFAF7",
        "_cd": "45:130186089",
        "_indextime": "1541277617",
        "_pre_msg": "11/03/2018 08:40:17 PM\nLogName=Security\nSourceName=Microsoft Windows security auditing.\nEventCode=4690\nEventType=0\nType=Information\nComputerName=ad-00.corp.wheelzapp.com\nTaskCategory=Handle Manipulation\nOpCode=Info\nRecordNumber=834696\nKeywords=Audit Success",
        "_raw": "11/03/2018 08:40:17 PM\nLogName=Security\nSourceName=Microsoft Windows security auditing.\nEventCode=4690\nEventType=0\nType=Information\nComputerName=ad-00.corp.wheelzapp.com\nTaskCategory=Handle Manipulation\nOpCode=Info\nRecordNumber=834696\nKeywords=Audit Success\nMessage=An attempt was made to duplicate a handle to an object.\n\nSubject:\n\tSecurity ID:\t\tNT AUTHORITY\\SYSTEM\n\tAccount Name:\t\tAD-00$\n\tAccount Domain:\t\tCORP\n\tLogon ID:\t\t0x3E7\n\nSource Handle Information:\n\tSource Handle ID:\t0x634\n\tSource Process ID:\t0x1114\n\nNew Handle Information:\n\tTarget Handle ID:\t0xfa0\n\tTarget Process ID:\t0x4",
        "_serial": "365168",
        "_si": [
          "index01",
          "main"
        ],
        "_time": "2018-11-03 20:40:17.000 UTC",
        "host": "t1-corp-ad-00",
        "index": "main",
        "linecount": "26",
        "source": "WinEventLog:Security",
        "sourcetype": "WinEventLog",
        "splunk_server": "index01"
      },
      {
        "Message": "The handle to an object was closed.\n\nSubject :\n\tSecurity ID:\t\tNT AUTHORITY\\SYSTEM\n\tAccount Name:\t\tAD-00$\n\tAccount Domain:\t\tCORP\n\tLogon ID:\t\t0x3E7\n\nObject:\n\tObject Server:\t\tSecurity\n\tHandle ID:\t\t0x634\n\nProcess Information:\n\tProcess ID:\t\t0x1114\n\tProcess Name:\t\tC:\\Program Files (x86)\\BigFix Enterprise\\BES Client\\BESClient.exe",
        "_bkt": "main~45~B135F5F1-8761-4D6B-9993-723ECD8DFAF7",
        "_cd": "45:130186068",
        "_indextime": "1541277617",
        "_pre_msg": "11/03/2018 08:40:17 PM\nLogName=Security\nSourceName=Microsoft Windows security auditing.\nEventCode=4658\nEventType=0\nType=Information\nComputerName=ad-00.corp.wheelzapp.com\nTaskCategory=Removable Storage\nOpCode=Info\nRecordNumber=834695\nKeywords=Audit Success",
        "_raw": "11/03/2018 08:40:17 PM\nLogName=Security\nSourceName=Microsoft Windows security auditing.\nEventCode=4658\nEventType=0\nType=Information\nComputerName=ad-00.corp.wheelzapp.com\nTaskCategory=Removable Storage\nOpCode=Info\nRecordNumber=834695\nKeywords=Audit Success\nMessage=The handle to an object was closed.\n\nSubject :\n\tSecurity ID:\t\tNT AUTHORITY\\SYSTEM\n\tAccount Name:\t\tAD-00$\n\tAccount Domain:\t\tCORP\n\tLogon ID:\t\t0x3E7\n\nObject:\n\tObject Server:\t\tSecurity\n\tHandle ID:\t\t0x634\n\nProcess Information:\n\tProcess ID:\t\t0x1114\n\tProcess Name:\t\tC:\\Program Files (x86)\\BigFix Enterprise\\BES Client\\BESClient.exe",
        "_serial": "365169",
        "_si": [
          "index01",
          "main"
        ],
        "_time": "2018-11-03 20:40:17.000 UTC",
        "host": "t1-corp-ad-00",
        "index": "main",
        "linecount": "26",
        "source": "WinEventLog:Security",
        "sourcetype": "WinEventLog",
        "splunk_server": "index01"
      },
      {
        "Message": "A handle to an object was requested.\n\nSubject:\n\tSecurity ID:\t\tNT AUTHORITY\\SYSTEM\n\tAccount Name:\t\tAD-00$\n\tAccount Domain:\t\tCORP\n\tLogon ID:\t\t0x3E7\n\nObject:\n\tObject Server:\t\tSecurity\n\tObject Type:\t\tFile\n\tObject Name:\t\tC:\\Windows\\System32\\AdvancedInstallers\n\tHandle ID:\t\t0x634\n\tResource Attributes:\t-\n\nProcess Information:\n\tProcess ID:\t\t0x1114\n\tProcess Name:\t\tC:\\Program Files (x86)\\BigFix Enterprise\\BES Client\\BESClient.exe\n\nAccess Request Information:\n\tTransaction ID:\t\t{00000000-0000-0000-0000-000000000000}\n\tAccesses:\t\tSYNCHRONIZE\n\t\t\t\tReadData (or ListDirectory)\n\t\t\t\t\n\tAccess Reasons:\t\tSYNCHRONIZE:\tGranted by\tD:(A;;0x1200a9;;;SY)\n\t\t\t\tReadData (or ListDirectory):\tGranted by\tD:(A;;0x1200a9;;;SY)\n\t\t\t\t\n\tAccess Mask:\t\t0x100001\n\tPrivileges Used for Access Check:\t-\n\tRestricted SID Count:\t0",
        "_bkt": "main~45~B135F5F1-8761-4D6B-9993-723ECD8DFAF7",
        "_cd": "45:130186032",
        "_indextime": "1541277617",
        "_pre_msg": "11/03/2018 08:40:17 PM\nLogName=Security\nSourceName=Microsoft Windows security auditing.\nEventCode=4656\nEventType=0\nType=Information\nComputerName=ad-00.corp.wheelzapp.com\nTaskCategory=Removable Storage\nOpCode=Info\nRecordNumber=834694\nKeywords=Audit Success",
        "_raw": "11/03/2018 08:40:17 PM\nLogName=Security\nSourceName=Microsoft Windows security auditing.\nEventCode=4656\nEventType=0\nType=Information\nComputerName=ad-00.corp.wheelzapp.com\nTaskCategory=Removable Storage\nOpCode=Info\nRecordNumber=834694\nKeywords=Audit Success\nMessage=A handle to an object was requested.\n\nSubject:\n\tSecurity ID:\t\tNT AUTHORITY\\SYSTEM\n\tAccount Name:\t\tAD-00$\n\tAccount Domain:\t\tCORP\n\tLogon ID:\t\t0x3E7\n\nObject:\n\tObject Server:\t\tSecurity\n\tObject Type:\t\tFile\n\tObject Name:\t\tC:\\Windows\\System32\\AdvancedInstallers\n\tHandle ID:\t\t0x634\n\tResource Attributes:\t-\n\nProcess Information:\n\tProcess ID:\t\t0x1114\n\tProcess Name:\t\tC:\\Program Files (x86)\\BigFix Enterprise\\BES Client\\BESClient.exe\n\nAccess Request Information:\n\tTransaction ID:\t\t{00000000-0000-0000-0000-000000000000}\n\tAccesses:\t\tSYNCHRONIZE\n\t\t\t\tReadData (or ListDirectory)\n\t\t\t\t\n\tAccess Reasons:\t\tSYNCHRONIZE:\tGranted by\tD:(A;;0x1200a9;;;SY)\n\t\t\t\tReadData (or ListDirectory):\tGranted by\tD:(A;;0x1200a9;;;SY)\n\t\t\t\t\n\tAccess Mask:\t\t0x100001\n\tPrivileges Used for Access Check:\t-\n\tRestricted SID Count:\t0",
        "_serial": "365170",
        "_si": [
          "index01",
          "main"
        ],
        "_time": "2018-11-03 20:40:17.000 UTC",
        "host": "t1-corp-ad-00",
        "index": "main",
        "linecount": "41",
        "source": "WinEventLog:Security",
        "sourcetype": "WinEventLog",
        "splunk_server": "index01"
      },
      {
        "Message": "The handle to an object was closed.\n\nSubject :\n\tSecurity ID:\t\tNT AUTHORITY\\SYSTEM\n\tAccount Name:\t\tAD-00$\n\tAccount Domain:\t\tCORP\n\tLogon ID:\t\t0x3E7\n\nObject:\n\tObject Server:\t\tSecurity\n\tHandle ID:\t\t0xfa0\n\nProcess Information:\n\tProcess ID:\t\t0x1114\n\tProcess Name:\t\tC:\\Program Files (x86)\\BigFix Enterprise\\BES Client\\BESClient.exe",
        "_bkt": "main~45~B135F5F1-8761-4D6B-9993-723ECD8DFAF7",
        "_cd": "45:130186011",
        "_indextime": "1541277617",
        "_pre_msg": "11/03/2018 08:40:17 PM\nLogName=Security\nSourceName=Microsoft Windows security auditing.\nEventCode=4658\nEventType=0\nType=Information\nComputerName=ad-00.corp.wheelzapp.com\nTaskCategory=Removable Storage\nOpCode=Info\nRecordNumber=834693\nKeywords=Audit Success",
        "_raw": "11/03/2018 08:40:17 PM\nLogName=Security\nSourceName=Microsoft Windows security auditing.\nEventCode=4658\nEventType=0\nType=Information\nComputerName=ad-00.corp.wheelzapp.com\nTaskCategory=Removable Storage\nOpCode=Info\nRecordNumber=834693\nKeywords=Audit Success\nMessage=The handle to an object was closed.\n\nSubject :\n\tSecurity ID:\t\tNT AUTHORITY\\SYSTEM\n\tAccount Name:\t\tAD-00$\n\tAccount Domain:\t\tCORP\n\tLogon ID:\t\t0x3E7\n\nObject:\n\tObject Server:\t\tSecurity\n\tHandle ID:\t\t0xfa0\n\nProcess Information:\n\tProcess ID:\t\t0x1114\n\tProcess Name:\t\tC:\\Program Files (x86)\\BigFix Enterprise\\BES Client\\BESClient.exe",
        "_serial": "365171",
        "_si": [
          "index01",
          "main"
        ],
        "_time": "2018-11-03 20:40:17.000 UTC",
        "host": "t1-corp-ad-00",
        "index": "main",
        "linecount": "26",
        "source": "WinEventLog:Security",
        "sourcetype": "WinEventLog",
        "splunk_server": "index01"
      },
      {
        "Message": "An attempt was made to duplicate a handle to an object.\n\nSubject:\n\tSecurity ID:\t\tNT AUTHORITY\\SYSTEM\n\tAccount Name:\t\tAD-00$\n\tAccount Domain:\t\tCORP\n\tLogon ID:\t\t0x3E7\n\nSource Handle Information:\n\tSource Handle ID:\t0x634\n\tSource Process ID:\t0x1114\n\nNew Handle Information:\n\tTarget Handle ID:\t0xfa0\n\tTarget Process ID:\t0x4",
        "_bkt": "main~45~B135F5F1-8761-4D6B-9993-723ECD8DFAF7",
        "_cd": "45:130185990",
        "_indextime": "1541277617",
        "_pre_msg": "11/03/2018 08:40:17 PM\nLogName=Security\nSourceName=Microsoft Windows security auditing.\nEventCode=4690\nEventType=0\nType=Information\nComputerName=ad-00.corp.wheelzapp.com\nTaskCategory=Handle Manipulation\nOpCode=Info\nRecordNumber=834692\nKeywords=Audit Success",
        "_raw": "11/03/2018 08:40:17 PM\nLogName=Security\nSourceName=Microsoft Windows security auditing.\nEventCode=4690\nEventType=0\nType=Information\nComputerName=ad-00.corp.wheelzapp.com\nTaskCategory=Handle Manipulation\nOpCode=Info\nRecordNumber=834692\nKeywords=Audit Success\nMessage=An attempt was made to duplicate a handle to an object.\n\nSubject:\n\tSecurity ID:\t\tNT AUTHORITY\\SYSTEM\n\tAccount Name:\t\tAD-00$\n\tAccount Domain:\t\tCORP\n\tLogon ID:\t\t0x3E7\n\nSource Handle Information:\n\tSource Handle ID:\t0x634\n\tSource Process ID:\t0x1114\n\nNew Handle Information:\n\tTarget Handle ID:\t0xfa0\n\tTarget Process ID:\t0x4",
        "_serial": "365172",
        "_si": [
          "index01",
          "main"
        ],
        "_time": "2018-11-03 20:40:17.000 UTC",
        "host": "t1-corp-ad-00",
        "index": "main",
        "linecount": "26",
        "source": "WinEventLog:Security",
        "sourcetype": "WinEventLog",
        "splunk_server": "index01"
      },
      {
        "Message": "The handle to an object was closed.\n\nSubject :\n\tSecurity ID:\t\tNT AUTHORITY\\SYSTEM\n\tAccount Name:\t\tAD-00$\n\tAccount Domain:\t\tCORP\n\tLogon ID:\t\t0x3E7\n\nObject:\n\tObject Server:\t\tSecurity\n\tHandle ID:\t\t0x634\n\nProcess Information:\n\tProcess ID:\t\t0x1114\n\tProcess Name:\t\tC:\\Program Files (x86)\\BigFix Enterprise\\BES Client\\BESClient.exe",
        "_bkt": "main~45~B135F5F1-8761-4D6B-9993-723ECD8DFAF7",
        "_cd": "45:130185969",
        "_indextime": "1541277617",
        "_pre_msg": "11/03/2018 08:40:17 PM\nLogName=Security\nSourceName=Microsoft Windows security auditing.\nEventCode=4658\nEventType=0\nType=Information\nComputerName=ad-00.corp.wheelzapp.com\nTaskCategory=Removable Storage\nOpCode=Info\nRecordNumber=834691\nKeywords=Audit Success",
        "_raw": "11/03/2018 08:40:17 PM\nLogName=Security\nSourceName=Microsoft Windows security auditing.\nEventCode=4658\nEventType=0\nType=Information\nComputerName=ad-00.corp.wheelzapp.com\nTaskCategory=Removable Storage\nOpCode=Info\nRecordNumber=834691\nKeywords=Audit Success\nMessage=The handle to an object was closed.\n\nSubject :\n\tSecurity ID:\t\tNT AUTHORITY\\SYSTEM\n\tAccount Name:\t\tAD-00$\n\tAccount Domain:\t\tCORP\n\tLogon ID:\t\t0x3E7\n\nObject:\n\tObject Server:\t\tSecurity\n\tHandle ID:\t\t0x634\n\nProcess Information:\n\tProcess ID:\t\t0x1114\n\tProcess Name:\t\tC:\\Program Files (x86)\\BigFix Enterprise\\BES Client\\BESClient.exe",
        "_serial": "365173",
        "_si": [
          "index01",
          "main"
        ],
        "_time": "2018-11-03 20:40:17.000 UTC",
        "host": "t1-corp-ad-00",
        "index": "main",
        "linecount": "26",
        "source": "WinEventLog:Security",
        "sourcetype": "WinEventLog",
        "splunk_server": "index01"
      },
      {
        "Message": "A handle to an object was requested.\n\nSubject:\n\tSecurity ID:\t\tNT AUTHORITY\\SYSTEM\n\tAccount Name:\t\tAD-00$\n\tAccount Domain:\t\tCORP\n\tLogon ID:\t\t0x3E7\n\nObject:\n\tObject Server:\t\tSecurity\n\tObject Type:\t\tFile\n\tObject Name:\t\tC:\\Windows\\System32\\AdvancedInstallers\n\tHandle ID:\t\t0x634\n\tResource Attributes:\t-\n\nProcess Information:\n\tProcess ID:\t\t0x1114\n\tProcess Name:\t\tC:\\Program Files (x86)\\BigFix Enterprise\\BES Client\\BESClient.exe\n\nAccess Request Information:\n\tTransaction ID:\t\t{00000000-0000-0000-0000-000000000000}\n\tAccesses:\t\tSYNCHRONIZE\n\t\t\t\t\n\tAccess Reasons:\t\tSYNCHRONIZE:\tGranted by\tD:(A;;0x1200a9;;;SY)\n\t\t\t\t\n\tAccess Mask:\t\t0x100000\n\tPrivileges Used for Access Check:\t-\n\tRestricted SID Count:\t0",
        "_bkt": "main~45~B135F5F1-8761-4D6B-9993-723ECD8DFAF7",
        "_cd": "45:130185936",
        "_indextime": "1541277617",
        "_pre_msg": "11/03/2018 08:40:17 PM\nLogName=Security\nSourceName=Microsoft Windows security auditing.\nEventCode=4656\nEventType=0\nType=Information\nComputerName=ad-00.corp.wheelzapp.com\nTaskCategory=Removable Storage\nOpCode=Info\nRecordNumber=834690\nKeywords=Audit Success",
        "_raw": "11/03/2018 08:40:17 PM\nLogName=Security\nSourceName=Microsoft Windows security auditing.\nEventCode=4656\nEventType=0\nType=Information\nComputerName=ad-00.corp.wheelzapp.com\nTaskCategory=Removable Storage\nOpCode=Info\nRecordNumber=834690\nKeywords=Audit Success\nMessage=A handle to an object was requested.\n\nSubject:\n\tSecurity ID:\t\tNT AUTHORITY\\SYSTEM\n\tAccount Name:\t\tAD-00$\n\tAccount Domain:\t\tCORP\n\tLogon ID:\t\t0x3E7\n\nObject:\n\tObject Server:\t\tSecurity\n\tObject Type:\t\tFile\n\tObject Name:\t\tC:\\Windows\\System32\\AdvancedInstallers\n\tHandle ID:\t\t0x634\n\tResource Attributes:\t-\n\nProcess Information:\n\tProcess ID:\t\t0x1114\n\tProcess Name:\t\tC:\\Program Files (x86)\\BigFix Enterprise\\BES Client\\BESClient.exe\n\nAccess Request Information:\n\tTransaction ID:\t\t{00000000-0000-0000-0000-000000000000}\n\tAccesses:\t\tSYNCHRONIZE\n\t\t\t\t\n\tAccess Reasons:\t\tSYNCHRONIZE:\tGranted by\tD:(A;;0x1200a9;;;SY)\n\t\t\t\t\n\tAccess Mask:\t\t0x100000\n\tPrivileges Used for Access Check:\t-\n\tRestricted SID Count:\t0",
        "_serial": "365174",
        "_si": [
          "index01",
          "main"
        ],
        "_time": "2018-11-03 20:40:17.000 UTC",
        "host": "t1-corp-ad-00",
        "index": "main",
        "linecount": "39",
        "source": "WinEventLog:Security",
        "sourcetype": "WinEventLog",
        "splunk_server": "index01"
      },
      {
        "Message": "The handle to an object was closed.\n\nSubject :\n\tSecurity ID:\t\tNT AUTHORITY\\SYSTEM\n\tAccount Name:\t\tAD-00$\n\tAccount Domain:\t\tCORP\n\tLogon ID:\t\t0x3E7\n\nObject:\n\tObject Server:\t\tSecurity\n\tHandle ID:\t\t0xfa0\n\nProcess Information:\n\tProcess ID:\t\t0x1114\n\tProcess Name:\t\tC:\\Program Files (x86)\\BigFix Enterprise\\BES Client\\BESClient.exe",
        "_bkt": "main~45~B135F5F1-8761-4D6B-9993-723ECD8DFAF7",
        "_cd": "45:130185915",
        "_indextime": "1541277617",
        "_pre_msg": "11/03/2018 08:40:17 PM\nLogName=Security\nSourceName=Microsoft Windows security auditing.\nEventCode=4658\nEventType=0\nType=Information\nComputerName=ad-00.corp.wheelzapp.com\nTaskCategory=Removable Storage\nOpCode=Info\nRecordNumber=834689\nKeywords=Audit Success",
