        "_raw": "11/03/2018 09:11:36 PM\nLogName=Security\nSourceName=Microsoft Windows security auditing.\nEventCode=4656\nEventType=0\nType=Information\nComputerName=ad-00.corp.wheelzapp.com\nTaskCategory=Kernel Object\nOpCode=Info\nRecordNumber=856551\nKeywords=Audit Success\nMessage=A handle to an object was requested.\n\nSubject:\n\tSecurity ID:\t\tNT AUTHORITY\\SYSTEM\n\tAccount Name:\t\tAD-00$\n\tAccount Domain:\t\tCORP\n\tLogon ID:\t\t0x3E7\n\nObject:\n\tObject Server:\t\tSecurity\n\tObject Type:\t\tSymbolicLink\n\tObject Name:\t\t\\GLOBAL??\\C:\n\tHandle ID:\t\t0x684\n\tResource Attributes:\t-\n\nProcess Information:\n\tProcess ID:\t\t0xa40\n\tProcess Name:\t\tC:\\Windows\\System32\\dfsrs.exe\n\nAccess Request Information:\n\tTransaction ID:\t\t{00000000-0000-0000-0000-000000000000}\n\tAccesses:\t\tUse symbolic link\n\t\t\t\t\n\tAccess Reasons:\t\t-\n\tAccess Mask:\t\t0x1\n\tPrivileges Used for Access Check:\t-\n\tRestricted SID Count:\t0",
        "_serial": "302300",
        "_si": [
          "index01",
          "main"
        ],
        "_time": "2018-11-03 21:11:36.000 UTC",
        "host": "t1-corp-ad-00",
        "index": "main",
        "linecount": "38",
        "source": "WinEventLog:Security",
        "sourcetype": "WinEventLog",
        "splunk_server": "index01"
      },
      {
        "Message": "The handle to an object was closed.\n\nSubject :\n\tSecurity ID:\t\tNT AUTHORITY\\SYSTEM\n\tAccount Name:\t\tAD-00$\n\tAccount Domain:\t\tCORP\n\tLogon ID:\t\t0x3E7\n\nObject:\n\tObject Server:\t\tSecurity\n\tHandle ID:\t\t0xba0\n\nProcess Information:\n\tProcess ID:\t\t0xa40\n\tProcess Name:\t\tC:\\Windows\\System32\\dfsrs.exe",
        "_bkt": "main~45~B135F5F1-8761-4D6B-9993-723ECD8DFAF7",
        "_cd": "45:375095250",
        "_indextime": "1541279497",
        "_pre_msg": "11/03/2018 09:11:36 PM\nLogName=Security\nSourceName=Microsoft Windows security auditing.\nEventCode=4658\nEventType=0\nType=Information\nComputerName=ad-00.corp.wheelzapp.com\nTaskCategory=Kernel Object\nOpCode=Info\nRecordNumber=856550\nKeywords=Audit Success",
        "_raw": "11/03/2018 09:11:36 PM\nLogName=Security\nSourceName=Microsoft Windows security auditing.\nEventCode=4658\nEventType=0\nType=Information\nComputerName=ad-00.corp.wheelzapp.com\nTaskCategory=Kernel Object\nOpCode=Info\nRecordNumber=856550\nKeywords=Audit Success\nMessage=The handle to an object was closed.\n\nSubject :\n\tSecurity ID:\t\tNT AUTHORITY\\SYSTEM\n\tAccount Name:\t\tAD-00$\n\tAccount Domain:\t\tCORP\n\tLogon ID:\t\t0x3E7\n\nObject:\n\tObject Server:\t\tSecurity\n\tHandle ID:\t\t0xba0\n\nProcess Information:\n\tProcess ID:\t\t0xa40\n\tProcess Name:\t\tC:\\Windows\\System32\\dfsrs.exe",
        "_serial": "302301",
        "_si": [
          "index01",
          "main"
        ],
        "_time": "2018-11-03 21:11:36.000 UTC",
        "host": "t1-corp-ad-00",
        "index": "main",
        "linecount": "26",
        "source": "WinEventLog:Security",
        "sourcetype": "WinEventLog",
        "splunk_server": "index01"
      },
      {
        "Message": "An attempt was made to duplicate a handle to an object.\n\nSubject:\n\tSecurity ID:\t\tNT AUTHORITY\\SYSTEM\n\tAccount Name:\t\tAD-00$\n\tAccount Domain:\t\tCORP\n\tLogon ID:\t\t0x3E7\n\nSource Handle Information:\n\tSource Handle ID:\t0x684\n\tSource Process ID:\t0xa40\n\nNew Handle Information:\n\tTarget Handle ID:\t0xba0\n\tTarget Process ID:\t0x4",
        "_bkt": "main~45~B135F5F1-8761-4D6B-9993-723ECD8DFAF7",
        "_cd": "45:375095229",
        "_indextime": "1541279497",
        "_pre_msg": "11/03/2018 09:11:36 PM\nLogName=Security\nSourceName=Microsoft Windows security auditing.\nEventCode=4690\nEventType=0\nType=Information\nComputerName=ad-00.corp.wheelzapp.com\nTaskCategory=Handle Manipulation\nOpCode=Info\nRecordNumber=856549\nKeywords=Audit Success",
        "_raw": "11/03/2018 09:11:36 PM\nLogName=Security\nSourceName=Microsoft Windows security auditing.\nEventCode=4690\nEventType=0\nType=Information\nComputerName=ad-00.corp.wheelzapp.com\nTaskCategory=Handle Manipulation\nOpCode=Info\nRecordNumber=856549\nKeywords=Audit Success\nMessage=An attempt was made to duplicate a handle to an object.\n\nSubject:\n\tSecurity ID:\t\tNT AUTHORITY\\SYSTEM\n\tAccount Name:\t\tAD-00$\n\tAccount Domain:\t\tCORP\n\tLogon ID:\t\t0x3E7\n\nSource Handle Information:\n\tSource Handle ID:\t0x684\n\tSource Process ID:\t0xa40\n\nNew Handle Information:\n\tTarget Handle ID:\t0xba0\n\tTarget Process ID:\t0x4",
        "_serial": "302302",
        "_si": [
          "index01",
          "main"
        ],
        "_time": "2018-11-03 21:11:36.000 UTC",
        "host": "t1-corp-ad-00",
        "index": "main",
        "linecount": "26",
        "source": "WinEventLog:Security",
        "sourcetype": "WinEventLog",
        "splunk_server": "index01"
      },
      {
        "Message": "A handle to an object was requested.\n\nSubject:\n\tSecurity ID:\t\tNT AUTHORITY\\SYSTEM\n\tAccount Name:\t\tAD-00$\n\tAccount Domain:\t\tCORP\n\tLogon ID:\t\t0x3E7\n\nObject:\n\tObject Server:\t\tSecurity\n\tObject Type:\t\tFile\n\tObject Name:\t\t\\Device\\HarddiskVolume1\n\tHandle ID:\t\t0x670\n\tResource Attributes:\t-\n\nProcess Information:\n\tProcess ID:\t\t0xa40\n\tProcess Name:\t\tC:\\Windows\\System32\\dfsrs.exe\n\nAccess Request Information:\n\tTransaction ID:\t\t{00000000-0000-0000-0000-000000000000}\n\tAccesses:\t\tSYNCHRONIZE\n\t\t\t\tReadAttributes\n\t\t\t\t\n\tAccess Reasons:\t\t-\n\tAccess Mask:\t\t0x100080\n\tPrivileges Used for Access Check:\t-\n\tRestricted SID Count:\t0",
        "_bkt": "main~45~B135F5F1-8761-4D6B-9993-723ECD8DFAF7",
        "_cd": "45:375095199",
        "_indextime": "1541279497",
        "_pre_msg": "11/03/2018 09:11:36 PM\nLogName=Security\nSourceName=Microsoft Windows security auditing.\nEventCode=4656\nEventType=0\nType=Information\nComputerName=ad-00.corp.wheelzapp.com\nTaskCategory=Removable Storage\nOpCode=Info\nRecordNumber=856548\nKeywords=Audit Success",
        "_raw": "11/03/2018 09:11:36 PM\nLogName=Security\nSourceName=Microsoft Windows security auditing.\nEventCode=4656\nEventType=0\nType=Information\nComputerName=ad-00.corp.wheelzapp.com\nTaskCategory=Removable Storage\nOpCode=Info\nRecordNumber=856548\nKeywords=Audit Success\nMessage=A handle to an object was requested.\n\nSubject:\n\tSecurity ID:\t\tNT AUTHORITY\\SYSTEM\n\tAccount Name:\t\tAD-00$\n\tAccount Domain:\t\tCORP\n\tLogon ID:\t\t0x3E7\n\nObject:\n\tObject Server:\t\tSecurity\n\tObject Type:\t\tFile\n\tObject Name:\t\t\\Device\\HarddiskVolume1\n\tHandle ID:\t\t0x670\n\tResource Attributes:\t-\n\nProcess Information:\n\tProcess ID:\t\t0xa40\n\tProcess Name:\t\tC:\\Windows\\System32\\dfsrs.exe\n\nAccess Request Information:\n\tTransaction ID:\t\t{00000000-0000-0000-0000-000000000000}\n\tAccesses:\t\tSYNCHRONIZE\n\t\t\t\tReadAttributes\n\t\t\t\t\n\tAccess Reasons:\t\t-\n\tAccess Mask:\t\t0x100080\n\tPrivileges Used for Access Check:\t-\n\tRestricted SID Count:\t0",
        "_serial": "302303",
        "_si": [
          "index01",
          "main"
        ],
        "_time": "2018-11-03 21:11:36.000 UTC",
        "host": "t1-corp-ad-00",
        "index": "main",
        "linecount": "39",
        "source": "WinEventLog:Security",
        "sourcetype": "WinEventLog",
        "splunk_server": "index01"
      },
      {
        "Message": "The handle to an object was closed.\n\nSubject :\n\tSecurity ID:\t\tNT AUTHORITY\\SYSTEM\n\tAccount Name:\t\tAD-00$\n\tAccount Domain:\t\tCORP\n\tLogon ID:\t\t0x3E7\n\nObject:\n\tObject Server:\t\tSecurity\n\tHandle ID:\t\t0xba0\n\nProcess Information:\n\tProcess ID:\t\t0xa40\n\tProcess Name:\t\tC:\\Windows\\System32\\dfsrs.exe",
        "_bkt": "main~45~B135F5F1-8761-4D6B-9993-723ECD8DFAF7",
        "_cd": "45:375095179",
        "_indextime": "1541279497",
        "_pre_msg": "11/03/2018 09:11:36 PM\nLogName=Security\nSourceName=Microsoft Windows security auditing.\nEventCode=4658\nEventType=0\nType=Information\nComputerName=ad-00.corp.wheelzapp.com\nTaskCategory=Removable Storage\nOpCode=Info\nRecordNumber=856547\nKeywords=Audit Success",
        "_raw": "11/03/2018 09:11:36 PM\nLogName=Security\nSourceName=Microsoft Windows security auditing.\nEventCode=4658\nEventType=0\nType=Information\nComputerName=ad-00.corp.wheelzapp.com\nTaskCategory=Removable Storage\nOpCode=Info\nRecordNumber=856547\nKeywords=Audit Success\nMessage=The handle to an object was closed.\n\nSubject :\n\tSecurity ID:\t\tNT AUTHORITY\\SYSTEM\n\tAccount Name:\t\tAD-00$\n\tAccount Domain:\t\tCORP\n\tLogon ID:\t\t0x3E7\n\nObject:\n\tObject Server:\t\tSecurity\n\tHandle ID:\t\t0xba0\n\nProcess Information:\n\tProcess ID:\t\t0xa40\n\tProcess Name:\t\tC:\\Windows\\System32\\dfsrs.exe",
        "_serial": "302304",
        "_si": [
          "index01",
          "main"
        ],
        "_time": "2018-11-03 21:11:36.000 UTC",
        "host": "t1-corp-ad-00",
        "index": "main",
        "linecount": "26",
        "source": "WinEventLog:Security",
        "sourcetype": "WinEventLog",
        "splunk_server": "index01"
      },
      {
        "Message": "An attempt was made to duplicate a handle to an object.\n\nSubject:\n\tSecurity ID:\t\tNT AUTHORITY\\SYSTEM\n\tAccount Name:\t\tAD-00$\n\tAccount Domain:\t\tCORP\n\tLogon ID:\t\t0x3E7\n\nSource Handle Information:\n\tSource Handle ID:\t0x670\n\tSource Process ID:\t0xa40\n\nNew Handle Information:\n\tTarget Handle ID:\t0xba0\n\tTarget Process ID:\t0x4",
        "_bkt": "main~45~B135F5F1-8761-4D6B-9993-723ECD8DFAF7",
        "_cd": "45:375095158",
        "_indextime": "1541279497",
        "_pre_msg": "11/03/2018 09:11:36 PM\nLogName=Security\nSourceName=Microsoft Windows security auditing.\nEventCode=4690\nEventType=0\nType=Information\nComputerName=ad-00.corp.wheelzapp.com\nTaskCategory=Handle Manipulation\nOpCode=Info\nRecordNumber=856546\nKeywords=Audit Success",
        "_raw": "11/03/2018 09:11:36 PM\nLogName=Security\nSourceName=Microsoft Windows security auditing.\nEventCode=4690\nEventType=0\nType=Information\nComputerName=ad-00.corp.wheelzapp.com\nTaskCategory=Handle Manipulation\nOpCode=Info\nRecordNumber=856546\nKeywords=Audit Success\nMessage=An attempt was made to duplicate a handle to an object.\n\nSubject:\n\tSecurity ID:\t\tNT AUTHORITY\\SYSTEM\n\tAccount Name:\t\tAD-00$\n\tAccount Domain:\t\tCORP\n\tLogon ID:\t\t0x3E7\n\nSource Handle Information:\n\tSource Handle ID:\t0x670\n\tSource Process ID:\t0xa40\n\nNew Handle Information:\n\tTarget Handle ID:\t0xba0\n\tTarget Process ID:\t0x4",
        "_serial": "302305",
        "_si": [
          "index01",
          "main"
        ],
        "_time": "2018-11-03 21:11:36.000 UTC",
        "host": "t1-corp-ad-00",
        "index": "main",
        "linecount": "26",
        "source": "WinEventLog:Security",
        "sourcetype": "WinEventLog",
        "splunk_server": "index01"
      },
      {
        "Message": "The handle to an object was closed.\n\nSubject :\n\tSecurity ID:\t\tNT AUTHORITY\\SYSTEM\n\tAccount Name:\t\tAD-00$\n\tAccount Domain:\t\tCORP\n\tLogon ID:\t\t0x3E7\n\nObject:\n\tObject Server:\t\tSecurity\n\tHandle ID:\t\t0x670\n\nProcess Information:\n\tProcess ID:\t\t0xa40\n\tProcess Name:\t\tC:\\Windows\\System32\\dfsrs.exe",
        "_bkt": "main~45~B135F5F1-8761-4D6B-9993-723ECD8DFAF7",
        "_cd": "45:375095139",
        "_indextime": "1541279497",
        "_pre_msg": "11/03/2018 09:11:36 PM\nLogName=Security\nSourceName=Microsoft Windows security auditing.\nEventCode=4658\nEventType=0\nType=Information\nComputerName=ad-00.corp.wheelzapp.com\nTaskCategory=File System\nOpCode=Info\nRecordNumber=856545\nKeywords=Audit Success",
        "_raw": "11/03/2018 09:11:36 PM\nLogName=Security\nSourceName=Microsoft Windows security auditing.\nEventCode=4658\nEventType=0\nType=Information\nComputerName=ad-00.corp.wheelzapp.com\nTaskCategory=File System\nOpCode=Info\nRecordNumber=856545\nKeywords=Audit Success\nMessage=The handle to an object was closed.\n\nSubject :\n\tSecurity ID:\t\tNT AUTHORITY\\SYSTEM\n\tAccount Name:\t\tAD-00$\n\tAccount Domain:\t\tCORP\n\tLogon ID:\t\t0x3E7\n\nObject:\n\tObject Server:\t\tSecurity\n\tHandle ID:\t\t0x670\n\nProcess Information:\n\tProcess ID:\t\t0xa40\n\tProcess Name:\t\tC:\\Windows\\System32\\dfsrs.exe",
        "_serial": "302306",
        "_si": [
          "index01",
          "main"
        ],
        "_time": "2018-11-03 21:11:36.000 UTC",
        "host": "t1-corp-ad-00",
        "index": "main",
        "linecount": "26",
        "source": "WinEventLog:Security",
        "sourcetype": "WinEventLog",
        "splunk_server": "index01"
      },
      {
        "Message": "A handle to an object was requested.\n\nSubject:\n\tSecurity ID:\t\tNT AUTHORITY\\SYSTEM\n\tAccount Name:\t\tAD-00$\n\tAccount Domain:\t\tCORP\n\tLogon ID:\t\t0x3E7\n\nObject:\n\tObject Server:\t\tSecurity\n\tObject Type:\t\tFile\n\tObject Name:\t\t\\Device\\MountPointManager\n\tHandle ID:\t\t0x670\n\tResource Attributes:\t-\n\nProcess Information:\n\tProcess ID:\t\t0xa40\n\tProcess Name:\t\tC:\\Windows\\System32\\dfsrs.exe\n\nAccess Request Information:\n\tTransaction ID:\t\t{00000000-0000-0000-0000-000000000000}\n\tAccesses:\t\tSYNCHRONIZE\n\t\t\t\tReadAttributes\n\t\t\t\t\n\tAccess Reasons:\t\t-\n\tAccess Mask:\t\t0x100080\n\tPrivileges Used for Access Check:\t-\n\tRestricted SID Count:\t0",
        "_bkt": "main~45~B135F5F1-8761-4D6B-9993-723ECD8DFAF7",
        "_cd": "45:375095109",
        "_indextime": "1541279497",
        "_pre_msg": "11/03/2018 09:11:36 PM\nLogName=Security\nSourceName=Microsoft Windows security auditing.\nEventCode=4656\nEventType=0\nType=Information\nComputerName=ad-00.corp.wheelzapp.com\nTaskCategory=File System\nOpCode=Info\nRecordNumber=856544\nKeywords=Audit Success",
        "_raw": "11/03/2018 09:11:36 PM\nLogName=Security\nSourceName=Microsoft Windows security auditing.\nEventCode=4656\nEventType=0\nType=Information\nComputerName=ad-00.corp.wheelzapp.com\nTaskCategory=File System\nOpCode=Info\nRecordNumber=856544\nKeywords=Audit Success\nMessage=A handle to an object was requested.\n\nSubject:\n\tSecurity ID:\t\tNT AUTHORITY\\SYSTEM\n\tAccount Name:\t\tAD-00$\n\tAccount Domain:\t\tCORP\n\tLogon ID:\t\t0x3E7\n\nObject:\n\tObject Server:\t\tSecurity\n\tObject Type:\t\tFile\n\tObject Name:\t\t\\Device\\MountPointManager\n\tHandle ID:\t\t0x670\n\tResource Attributes:\t-\n\nProcess Information:\n\tProcess ID:\t\t0xa40\n\tProcess Name:\t\tC:\\Windows\\System32\\dfsrs.exe\n\nAccess Request Information:\n\tTransaction ID:\t\t{00000000-0000-0000-0000-000000000000}\n\tAccesses:\t\tSYNCHRONIZE\n\t\t\t\tReadAttributes\n\t\t\t\t\n\tAccess Reasons:\t\t-\n\tAccess Mask:\t\t0x100080\n\tPrivileges Used for Access Check:\t-\n\tRestricted SID Count:\t0",
        "_serial": "302307",
        "_si": [
          "index01",
          "main"
        ],
        "_time": "2018-11-03 21:11:36.000 UTC",
        "host": "t1-corp-ad-00",
        "index": "main",
        "linecount": "39",
        "source": "WinEventLog:Security",
        "sourcetype": "WinEventLog",
        "splunk_server": "index01"
      },
      {
        "Message": "The handle to an object was closed.\n\nSubject :\n\tSecurity ID:\t\tNT AUTHORITY\\SYSTEM\n\tAccount Name:\t\tAD-00$\n\tAccount Domain:\t\tCORP\n\tLogon ID:\t\t0x3E7\n\nObject:\n\tObject Server:\t\tSecurity\n\tHandle ID:\t\t0xba0\n\nProcess Information:\n\tProcess ID:\t\t0xa40\n\tProcess Name:\t\tC:\\Windows\\System32\\dfsrs.exe",
        "_bkt": "main~45~B135F5F1-8761-4D6B-9993-723ECD8DFAF7",
        "_cd": "45:375095090",
        "_indextime": "1541279497",
        "_pre_msg": "11/03/2018 09:11:36 PM\nLogName=Security\nSourceName=Microsoft Windows security auditing.\nEventCode=4658\nEventType=0\nType=Information\nComputerName=ad-00.corp.wheelzapp.com\nTaskCategory=File System\nOpCode=Info\nRecordNumber=856543\nKeywords=Audit Success",
        "_raw": "11/03/2018 09:11:36 PM\nLogName=Security\nSourceName=Microsoft Windows security auditing.\nEventCode=4658\nEventType=0\nType=Information\nComputerName=ad-00.corp.wheelzapp.com\nTaskCategory=File System\nOpCode=Info\nRecordNumber=856543\nKeywords=Audit Success\nMessage=The handle to an object was closed.\n\nSubject :\n\tSecurity ID:\t\tNT AUTHORITY\\SYSTEM\n\tAccount Name:\t\tAD-00$\n\tAccount Domain:\t\tCORP\n\tLogon ID:\t\t0x3E7\n\nObject:\n\tObject Server:\t\tSecurity\n\tHandle ID:\t\t0xba0\n\nProcess Information:\n\tProcess ID:\t\t0xa40\n\tProcess Name:\t\tC:\\Windows\\System32\\dfsrs.exe",
        "_serial": "302308",
        "_si": [
          "index01",
          "main"
        ],
        "_time": "2018-11-03 21:11:36.000 UTC",
        "host": "t1-corp-ad-00",
        "index": "main",
        "linecount": "26",
        "source": "WinEventLog:Security",
        "sourcetype": "WinEventLog",
        "splunk_server": "index01"
      },
      {
        "Message": "An attempt was made to duplicate a handle to an object.\n\nSubject:\n\tSecurity ID:\t\tNT AUTHORITY\\SYSTEM\n\tAccount Name:\t\tAD-00$\n\tAccount Domain:\t\tCORP\n\tLogon ID:\t\t0x3E7\n\nSource Handle Information:\n\tSource Handle ID:\t0x670\n\tSource Process ID:\t0xa40\n\nNew Handle Information:\n\tTarget Handle ID:\t0xba0\n\tTarget Process ID:\t0x4",
        "_bkt": "main~45~B135F5F1-8761-4D6B-9993-723ECD8DFAF7",
        "_cd": "45:375095069",
        "_indextime": "1541279497",
        "_pre_msg": "11/03/2018 09:11:36 PM\nLogName=Security\nSourceName=Microsoft Windows security auditing.\nEventCode=4690\nEventType=0\nType=Information\nComputerName=ad-00.corp.wheelzapp.com\nTaskCategory=Handle Manipulation\nOpCode=Info\nRecordNumber=856542\nKeywords=Audit Success",
        "_raw": "11/03/2018 09:11:36 PM\nLogName=Security\nSourceName=Microsoft Windows security auditing.\nEventCode=4690\nEventType=0\nType=Information\nComputerName=ad-00.corp.wheelzapp.com\nTaskCategory=Handle Manipulation\nOpCode=Info\nRecordNumber=856542\nKeywords=Audit Success\nMessage=An attempt was made to duplicate a handle to an object.\n\nSubject:\n\tSecurity ID:\t\tNT AUTHORITY\\SYSTEM\n\tAccount Name:\t\tAD-00$\n\tAccount Domain:\t\tCORP\n\tLogon ID:\t\t0x3E7\n\nSource Handle Information:\n\tSource Handle ID:\t0x670\n\tSource Process ID:\t0xa40\n\nNew Handle Information:\n\tTarget Handle ID:\t0xba0\n\tTarget Process ID:\t0x4",
        "_serial": "302309",
        "_si": [
          "index01",
          "main"
        ],
        "_time": "2018-11-03 21:11:36.000 UTC",
        "host": "t1-corp-ad-00",
        "index": "main",
        "linecount": "26",
        "source": "WinEventLog:Security",
        "sourcetype": "WinEventLog",
        "splunk_server": "index01"
      },
      {
        "Message": "The handle to an object was closed.\n\nSubject :\n\tSecurity ID:\t\tNT AUTHORITY\\SYSTEM\n\tAccount Name:\t\tAD-00$\n\tAccount Domain:\t\tCORP\n\tLogon ID:\t\t0x3E7\n\nObject:\n\tObject Server:\t\tSecurity\n\tHandle ID:\t\t0x670\n\nProcess Information:\n\tProcess ID:\t\t0xa40\n\tProcess Name:\t\tC:\\Windows\\System32\\dfsrs.exe",
        "_bkt": "main~45~B135F5F1-8761-4D6B-9993-723ECD8DFAF7",
        "_cd": "45:375095049",
        "_indextime": "1541279497",
        "_pre_msg": "11/03/2018 09:11:36 PM\nLogName=Security\nSourceName=Microsoft Windows security auditing.\nEventCode=4658\nEventType=0\nType=Information\nComputerName=ad-00.corp.wheelzapp.com\nTaskCategory=Removable Storage\nOpCode=Info\nRecordNumber=856541\nKeywords=Audit Success",
        "_raw": "11/03/2018 09:11:36 PM\nLogName=Security\nSourceName=Microsoft Windows security auditing.\nEventCode=4658\nEventType=0\nType=Information\nComputerName=ad-00.corp.wheelzapp.com\nTaskCategory=Removable Storage\nOpCode=Info\nRecordNumber=856541\nKeywords=Audit Success\nMessage=The handle to an object was closed.\n\nSubject :\n\tSecurity ID:\t\tNT AUTHORITY\\SYSTEM\n\tAccount Name:\t\tAD-00$\n\tAccount Domain:\t\tCORP\n\tLogon ID:\t\t0x3E7\n\nObject:\n\tObject Server:\t\tSecurity\n\tHandle ID:\t\t0x670\n\nProcess Information:\n\tProcess ID:\t\t0xa40\n\tProcess Name:\t\tC:\\Windows\\System32\\dfsrs.exe",
        "_serial": "302310",
        "_si": [
          "index01",
          "main"
        ],
        "_time": "2018-11-03 21:11:36.000 UTC",
        "host": "t1-corp-ad-00",
        "index": "main",
        "linecount": "26",
        "source": "WinEventLog:Security",
        "sourcetype": "WinEventLog",
        "splunk_server": "index01"
      },
      {
        "Message": "A handle to an object was requested.\n\nSubject:\n\tSecurity ID:\t\tNT AUTHORITY\\SYSTEM\n\tAccount Name:\t\tAD-00$\n\tAccount Domain:\t\tCORP\n\tLogon ID:\t\t0x3E7\n\nObject:\n\tObject Server:\t\tSecurity\n\tObject Type:\t\tFile\n\tObject Name:\t\t\\Device\\HarddiskVolume1\n\tHandle ID:\t\t0x670\n\tResource Attributes:\t-\n\nProcess Information:\n\tProcess ID:\t\t0xa40\n\tProcess Name:\t\tC:\\Windows\\System32\\dfsrs.exe\n\nAccess Request Information:\n\tTransaction ID:\t\t{00000000-0000-0000-0000-000000000000}\n\tAccesses:\t\tSYNCHRONIZE\n\t\t\t\tReadAttributes\n\t\t\t\t\n\tAccess Reasons:\t\t-\n\tAccess Mask:\t\t0x100080\n\tPrivileges Used for Access Check:\t-\n\tRestricted SID Count:\t0",
        "_bkt": "main~45~B135F5F1-8761-4D6B-9993-723ECD8DFAF7",
        "_cd": "45:375095019",
        "_indextime": "1541279497",
        "_pre_msg": "11/03/2018 09:11:36 PM\nLogName=Security\nSourceName=Microsoft Windows security auditing.\nEventCode=4656\nEventType=0\nType=Information\nComputerName=ad-00.corp.wheelzapp.com\nTaskCategory=Removable Storage\nOpCode=Info\nRecordNumber=856540\nKeywords=Audit Success",
        "_raw": "11/03/2018 09:11:36 PM\nLogName=Security\nSourceName=Microsoft Windows security auditing.\nEventCode=4656\nEventType=0\nType=Information\nComputerName=ad-00.corp.wheelzapp.com\nTaskCategory=Removable Storage\nOpCode=Info\nRecordNumber=856540\nKeywords=Audit Success\nMessage=A handle to an object was requested.\n\nSubject:\n\tSecurity ID:\t\tNT AUTHORITY\\SYSTEM\n\tAccount Name:\t\tAD-00$\n\tAccount Domain:\t\tCORP\n\tLogon ID:\t\t0x3E7\n\nObject:\n\tObject Server:\t\tSecurity\n\tObject Type:\t\tFile\n\tObject Name:\t\t\\Device\\HarddiskVolume1\n\tHandle ID:\t\t0x670\n\tResource Attributes:\t-\n\nProcess Information:\n\tProcess ID:\t\t0xa40\n\tProcess Name:\t\tC:\\Windows\\System32\\dfsrs.exe\n\nAccess Request Information:\n\tTransaction ID:\t\t{00000000-0000-0000-0000-000000000000}\n\tAccesses:\t\tSYNCHRONIZE\n\t\t\t\tReadAttributes\n\t\t\t\t\n\tAccess Reasons:\t\t-\n\tAccess Mask:\t\t0x100080\n\tPrivileges Used for Access Check:\t-\n\tRestricted SID Count:\t0",
        "_serial": "302311",
        "_si": [
          "index01",
          "main"
        ],
        "_time": "2018-11-03 21:11:36.000 UTC",
        "host": "t1-corp-ad-00",
        "index": "main",
        "linecount": "39",
        "source": "WinEventLog:Security",
        "sourcetype": "WinEventLog",
        "splunk_server": "index01"
      },
      {
        "Message": "The handle to an object was closed.\n\nSubject :\n\tSecurity ID:\t\tNT AUTHORITY\\SYSTEM\n\tAccount Name:\t\tAD-00$\n\tAccount Domain:\t\tCORP\n\tLogon ID:\t\t0x3E7\n\nObject:\n\tObject Server:\t\tSecurity\n\tHandle ID:\t\t0xba0\n\nProcess Information:\n\tProcess ID:\t\t0xa40\n\tProcess Name:\t\tC:\\Windows\\System32\\dfsrs.exe",
        "_bkt": "main~45~B135F5F1-8761-4D6B-9993-723ECD8DFAF7",
        "_cd": "45:375094999",
        "_indextime": "1541279497",
        "_pre_msg": "11/03/2018 09:11:36 PM\nLogName=Security\nSourceName=Microsoft Windows security auditing.\nEventCode=4658\nEventType=0\nType=Information\nComputerName=ad-00.corp.wheelzapp.com\nTaskCategory=Removable Storage\nOpCode=Info\nRecordNumber=856539\nKeywords=Audit Success",
        "_raw": "11/03/2018 09:11:36 PM\nLogName=Security\nSourceName=Microsoft Windows security auditing.\nEventCode=4658\nEventType=0\nType=Information\nComputerName=ad-00.corp.wheelzapp.com\nTaskCategory=Removable Storage\nOpCode=Info\nRecordNumber=856539\nKeywords=Audit Success\nMessage=The handle to an object was closed.\n\nSubject :\n\tSecurity ID:\t\tNT AUTHORITY\\SYSTEM\n\tAccount Name:\t\tAD-00$\n\tAccount Domain:\t\tCORP\n\tLogon ID:\t\t0x3E7\n\nObject:\n\tObject Server:\t\tSecurity\n\tHandle ID:\t\t0xba0\n\nProcess Information:\n\tProcess ID:\t\t0xa40\n\tProcess Name:\t\tC:\\Windows\\System32\\dfsrs.exe",
        "_serial": "302312",
        "_si": [
          "index01",
          "main"
        ],
        "_time": "2018-11-03 21:11:36.000 UTC",
        "host": "t1-corp-ad-00",
        "index": "main",
        "linecount": "26",
        "source": "WinEventLog:Security",
        "sourcetype": "WinEventLog",
        "splunk_server": "index01"
      },
      {
        "Message": "An attempt was made to duplicate a handle to an object.\n\nSubject:\n\tSecurity ID:\t\tNT AUTHORITY\\SYSTEM\n\tAccount Name:\t\tAD-00$\n\tAccount Domain:\t\tCORP\n\tLogon ID:\t\t0x3E7\n\nSource Handle Information:\n\tSource Handle ID:\t0x670\n\tSource Process ID:\t0xa40\n\nNew Handle Information:\n\tTarget Handle ID:\t0xba0\n\tTarget Process ID:\t0x4",
        "_bkt": "main~45~B135F5F1-8761-4D6B-9993-723ECD8DFAF7",
        "_cd": "45:375094978",
        "_indextime": "1541279497",
        "_pre_msg": "11/03/2018 09:11:36 PM\nLogName=Security\nSourceName=Microsoft Windows security auditing.\nEventCode=4690\nEventType=0\nType=Information\nComputerName=ad-00.corp.wheelzapp.com\nTaskCategory=Handle Manipulation\nOpCode=Info\nRecordNumber=856538\nKeywords=Audit Success",
        "_raw": "11/03/2018 09:11:36 PM\nLogName=Security\nSourceName=Microsoft Windows security auditing.\nEventCode=4690\nEventType=0\nType=Information\nComputerName=ad-00.corp.wheelzapp.com\nTaskCategory=Handle Manipulation\nOpCode=Info\nRecordNumber=856538\nKeywords=Audit Success\nMessage=An attempt was made to duplicate a handle to an object.\n\nSubject:\n\tSecurity ID:\t\tNT AUTHORITY\\SYSTEM\n\tAccount Name:\t\tAD-00$\n\tAccount Domain:\t\tCORP\n\tLogon ID:\t\t0x3E7\n\nSource Handle Information:\n\tSource Handle ID:\t0x670\n\tSource Process ID:\t0xa40\n\nNew Handle Information:\n\tTarget Handle ID:\t0xba0\n\tTarget Process ID:\t0x4",
        "_serial": "302313",
        "_si": [
          "index01",
          "main"
        ],
        "_time": "2018-11-03 21:11:36.000 UTC",
        "host": "t1-corp-ad-00",
        "index": "main",
        "linecount": "26",
        "source": "WinEventLog:Security",
        "sourcetype": "WinEventLog",
        "splunk_server": "index01"
      },
      {
        "Message": "The handle to an object was closed.\n\nSubject :\n\tSecurity ID:\t\tNT AUTHORITY\\SYSTEM\n\tAccount Name:\t\tAD-00$\n\tAccount Domain:\t\tCORP\n\tLogon ID:\t\t0x3E7\n\nObject:\n\tObject Server:\t\tSecurity\n\tHandle ID:\t\t0x670\n\nProcess Information:\n\tProcess ID:\t\t0xa40\n\tProcess Name:\t\tC:\\Windows\\System32\\dfsrs.exe",
        "_bkt": "main~45~B135F5F1-8761-4D6B-9993-723ECD8DFAF7",
        "_cd": "45:375094959",
        "_indextime": "1541279497",
        "_pre_msg": "11/03/2018 09:11:36 PM\nLogName=Security\nSourceName=Microsoft Windows security auditing.\nEventCode=4658\nEventType=0\nType=Information\nComputerName=ad-00.corp.wheelzapp.com\nTaskCategory=File System\nOpCode=Info\nRecordNumber=856537\nKeywords=Audit Success",
        "_raw": "11/03/2018 09:11:36 PM\nLogName=Security\nSourceName=Microsoft Windows security auditing.\nEventCode=4658\nEventType=0\nType=Information\nComputerName=ad-00.corp.wheelzapp.com\nTaskCategory=File System\nOpCode=Info\nRecordNumber=856537\nKeywords=Audit Success\nMessage=The handle to an object was closed.\n\nSubject :\n\tSecurity ID:\t\tNT AUTHORITY\\SYSTEM\n\tAccount Name:\t\tAD-00$\n\tAccount Domain:\t\tCORP\n\tLogon ID:\t\t0x3E7\n\nObject:\n\tObject Server:\t\tSecurity\n\tHandle ID:\t\t0x670\n\nProcess Information:\n\tProcess ID:\t\t0xa40\n\tProcess Name:\t\tC:\\Windows\\System32\\dfsrs.exe",
        "_serial": "302314",
        "_si": [
          "index01",
          "main"
        ],
        "_time": "2018-11-03 21:11:36.000 UTC",
        "host": "t1-corp-ad-00",
        "index": "main",
        "linecount": "26",
        "source": "WinEventLog:Security",
        "sourcetype": "WinEventLog",
        "splunk_server": "index01"
      },
      {
        "Message": "A handle to an object was requested.\n\nSubject:\n\tSecurity ID:\t\tNT AUTHORITY\\SYSTEM\n\tAccount Name:\t\tAD-00$\n\tAccount Domain:\t\tCORP\n\tLogon ID:\t\t0x3E7\n\nObject:\n\tObject Server:\t\tSecurity\n\tObject Type:\t\tFile\n\tObject Name:\t\t\\Device\\MountPointManager\n\tHandle ID:\t\t0x670\n\tResource Attributes:\t-\n\nProcess Information:\n\tProcess ID:\t\t0xa40\n\tProcess Name:\t\tC:\\Windows\\System32\\dfsrs.exe\n\nAccess Request Information:\n\tTransaction ID:\t\t{00000000-0000-0000-0000-000000000000}\n\tAccesses:\t\tSYNCHRONIZE\n\t\t\t\tReadAttributes\n\t\t\t\t\n\tAccess Reasons:\t\t-\n\tAccess Mask:\t\t0x100080\n\tPrivileges Used for Access Check:\t-\n\tRestricted SID Count:\t0",
        "_bkt": "main~45~B135F5F1-8761-4D6B-9993-723ECD8DFAF7",
        "_cd": "45:375094929",
        "_indextime": "1541279497",
        "_pre_msg": "11/03/2018 09:11:36 PM\nLogName=Security\nSourceName=Microsoft Windows security auditing.\nEventCode=4656\nEventType=0\nType=Information\nComputerName=ad-00.corp.wheelzapp.com\nTaskCategory=File System\nOpCode=Info\nRecordNumber=856536\nKeywords=Audit Success",
        "_raw": "11/03/2018 09:11:36 PM\nLogName=Security\nSourceName=Microsoft Windows security auditing.\nEventCode=4656\nEventType=0\nType=Information\nComputerName=ad-00.corp.wheelzapp.com\nTaskCategory=File System\nOpCode=Info\nRecordNumber=856536\nKeywords=Audit Success\nMessage=A handle to an object was requested.\n\nSubject:\n\tSecurity ID:\t\tNT AUTHORITY\\SYSTEM\n\tAccount Name:\t\tAD-00$\n\tAccount Domain:\t\tCORP\n\tLogon ID:\t\t0x3E7\n\nObject:\n\tObject Server:\t\tSecurity\n\tObject Type:\t\tFile\n\tObject Name:\t\t\\Device\\MountPointManager\n\tHandle ID:\t\t0x670\n\tResource Attributes:\t-\n\nProcess Information:\n\tProcess ID:\t\t0xa40\n\tProcess Name:\t\tC:\\Windows\\System32\\dfsrs.exe\n\nAccess Request Information:\n\tTransaction ID:\t\t{00000000-0000-0000-0000-000000000000}\n\tAccesses:\t\tSYNCHRONIZE\n\t\t\t\tReadAttributes\n\t\t\t\t\n\tAccess Reasons:\t\t-\n\tAccess Mask:\t\t0x100080\n\tPrivileges Used for Access Check:\t-\n\tRestricted SID Count:\t0",
        "_serial": "302315",
        "_si": [
          "index01",
          "main"
        ],
        "_time": "2018-11-03 21:11:36.000 UTC",
        "host": "t1-corp-ad-00",
        "index": "main",
        "linecount": "39",
        "source": "WinEventLog:Security",
        "sourcetype": "WinEventLog",
        "splunk_server": "index01"
      },
      {
        "Message": "The handle to an object was closed.\n\nSubject :\n\tSecurity ID:\t\tNT AUTHORITY\\SYSTEM\n\tAccount Name:\t\tAD-00$\n\tAccount Domain:\t\tCORP\n\tLogon ID:\t\t0x3E7\n\nObject:\n\tObject Server:\t\tSecurity\n\tHandle ID:\t\t0xba0\n\nProcess Information:\n\tProcess ID:\t\t0xa40\n\tProcess Name:\t\tC:\\Windows\\System32\\dfsrs.exe",
        "_bkt": "main~45~B135F5F1-8761-4D6B-9993-723ECD8DFAF7",
        "_cd": "45:375094910",
        "_indextime": "1541279497",
        "_pre_msg": "11/03/2018 09:11:36 PM\nLogName=Security\nSourceName=Microsoft Windows security auditing.\nEventCode=4658\nEventType=0\nType=Information\nComputerName=ad-00.corp.wheelzapp.com\nTaskCategory=File System\nOpCode=Info\nRecordNumber=856535\nKeywords=Audit Success",
        "_raw": "11/03/2018 09:11:36 PM\nLogName=Security\nSourceName=Microsoft Windows security auditing.\nEventCode=4658\nEventType=0\nType=Information\nComputerName=ad-00.corp.wheelzapp.com\nTaskCategory=File System\nOpCode=Info\nRecordNumber=856535\nKeywords=Audit Success\nMessage=The handle to an object was closed.\n\nSubject :\n\tSecurity ID:\t\tNT AUTHORITY\\SYSTEM\n\tAccount Name:\t\tAD-00$\n\tAccount Domain:\t\tCORP\n\tLogon ID:\t\t0x3E7\n\nObject:\n\tObject Server:\t\tSecurity\n\tHandle ID:\t\t0xba0\n\nProcess Information:\n\tProcess ID:\t\t0xa40\n\tProcess Name:\t\tC:\\Windows\\System32\\dfsrs.exe",
        "_serial": "302316",
        "_si": [
          "index01",
          "main"
        ],
        "_time": "2018-11-03 21:11:36.000 UTC",
        "host": "t1-corp-ad-00",
        "index": "main",
        "linecount": "26",
        "source": "WinEventLog:Security",
        "sourcetype": "WinEventLog",
        "splunk_server": "index01"
      },
      {
        "Message": "An attempt was made to duplicate a handle to an object.\n\nSubject:\n\tSecurity ID:\t\tNT AUTHORITY\\SYSTEM\n\tAccount Name:\t\tAD-00$\n\tAccount Domain:\t\tCORP\n\tLogon ID:\t\t0x3E7\n\nSource Handle Information:\n\tSource Handle ID:\t0x670\n\tSource Process ID:\t0xa40\n\nNew Handle Information:\n\tTarget Handle ID:\t0xba0\n\tTarget Process ID:\t0x4",
        "_bkt": "main~45~B135F5F1-8761-4D6B-9993-723ECD8DFAF7",
        "_cd": "45:375094889",
        "_indextime": "1541279497",
        "_pre_msg": "11/03/2018 09:11:36 PM\nLogName=Security\nSourceName=Microsoft Windows security auditing.\nEventCode=4690\nEventType=0\nType=Information\nComputerName=ad-00.corp.wheelzapp.com\nTaskCategory=Handle Manipulation\nOpCode=Info\nRecordNumber=856534\nKeywords=Audit Success",
        "_raw": "11/03/2018 09:11:36 PM\nLogName=Security\nSourceName=Microsoft Windows security auditing.\nEventCode=4690\nEventType=0\nType=Information\nComputerName=ad-00.corp.wheelzapp.com\nTaskCategory=Handle Manipulation\nOpCode=Info\nRecordNumber=856534\nKeywords=Audit Success\nMessage=An attempt was made to duplicate a handle to an object.\n\nSubject:\n\tSecurity ID:\t\tNT AUTHORITY\\SYSTEM\n\tAccount Name:\t\tAD-00$\n\tAccount Domain:\t\tCORP\n\tLogon ID:\t\t0x3E7\n\nSource Handle Information:\n\tSource Handle ID:\t0x670\n\tSource Process ID:\t0xa40\n\nNew Handle Information:\n\tTarget Handle ID:\t0xba0\n\tTarget Process ID:\t0x4",
        "_serial": "302317",
        "_si": [
          "index01",
          "main"
        ],
        "_time": "2018-11-03 21:11:36.000 UTC",
        "host": "t1-corp-ad-00",
        "index": "main",
        "linecount": "26",
        "source": "WinEventLog:Security",
        "sourcetype": "WinEventLog",
        "splunk_server": "index01"
      },
      {
        "Message": "The handle to an object was closed.\n\nSubject :\n\tSecurity ID:\t\tNT AUTHORITY\\SYSTEM\n\tAccount Name:\t\tAD-00$\n\tAccount Domain:\t\tCORP\n\tLogon ID:\t\t0x3E7\n\nObject:\n\tObject Server:\t\tSecurity\n\tHandle ID:\t\t0x670\n\nProcess Information:\n\tProcess ID:\t\t0xa40\n\tProcess Name:\t\tC:\\Windows\\System32\\dfsrs.exe",
        "_bkt": "main~45~B135F5F1-8761-4D6B-9993-723ECD8DFAF7",
        "_cd": "45:375094869",
        "_indextime": "1541279497",
        "_pre_msg": "11/03/2018 09:11:36 PM\nLogName=Security\nSourceName=Microsoft Windows security auditing.\nEventCode=4658\nEventType=0\nType=Information\nComputerName=ad-00.corp.wheelzapp.com\nTaskCategory=Removable Storage\nOpCode=Info\nRecordNumber=856533\nKeywords=Audit Success",
        "_raw": "11/03/2018 09:11:36 PM\nLogName=Security\nSourceName=Microsoft Windows security auditing.\nEventCode=4658\nEventType=0\nType=Information\nComputerName=ad-00.corp.wheelzapp.com\nTaskCategory=Removable Storage\nOpCode=Info\nRecordNumber=856533\nKeywords=Audit Success\nMessage=The handle to an object was closed.\n\nSubject :\n\tSecurity ID:\t\tNT AUTHORITY\\SYSTEM\n\tAccount Name:\t\tAD-00$\n\tAccount Domain:\t\tCORP\n\tLogon ID:\t\t0x3E7\n\nObject:\n\tObject Server:\t\tSecurity\n\tHandle ID:\t\t0x670\n\nProcess Information:\n\tProcess ID:\t\t0xa40\n\tProcess Name:\t\tC:\\Windows\\System32\\dfsrs.exe",
        "_serial": "302318",
        "_si": [
          "index01",
          "main"
        ],
        "_time": "2018-11-03 21:11:36.000 UTC",
        "host": "t1-corp-ad-00",
        "index": "main",
        "linecount": "26",
        "source": "WinEventLog:Security",
        "sourcetype": "WinEventLog",
        "splunk_server": "index01"
      },
      {
        "Message": "A handle to an object was requested.\n\nSubject:\n\tSecurity ID:\t\tNT AUTHORITY\\SYSTEM\n\tAccount Name:\t\tAD-00$\n\tAccount Domain:\t\tCORP\n\tLogon ID:\t\t0x3E7\n\nObject:\n\tObject Server:\t\tSecurity\n\tObject Type:\t\tFile\n\tObject Name:\t\t\\Device\\HarddiskVolume1\n\tHandle ID:\t\t0x670\n\tResource Attributes:\t-\n\nProcess Information:\n\tProcess ID:\t\t0xa40\n\tProcess Name:\t\tC:\\Windows\\System32\\dfsrs.exe\n\nAccess Request Information:\n\tTransaction ID:\t\t{00000000-0000-0000-0000-000000000000}\n\tAccesses:\t\tSYNCHRONIZE\n\t\t\t\tReadAttributes\n\t\t\t\t\n\tAccess Reasons:\t\t-\n\tAccess Mask:\t\t0x100080\n\tPrivileges Used for Access Check:\t-\n\tRestricted SID Count:\t0",
        "_bkt": "main~45~B135F5F1-8761-4D6B-9993-723ECD8DFAF7",
        "_cd": "45:375094839",
        "_indextime": "1541279497",
        "_pre_msg": "11/03/2018 09:11:36 PM\nLogName=Security\nSourceName=Microsoft Windows security auditing.\nEventCode=4656\nEventType=0\nType=Information\nComputerName=ad-00.corp.wheelzapp.com\nTaskCategory=Removable Storage\nOpCode=Info\nRecordNumber=856532\nKeywords=Audit Success",
        "_raw": "11/03/2018 09:11:36 PM\nLogName=Security\nSourceName=Microsoft Windows security auditing.\nEventCode=4656\nEventType=0\nType=Information\nComputerName=ad-00.corp.wheelzapp.com\nTaskCategory=Removable Storage\nOpCode=Info\nRecordNumber=856532\nKeywords=Audit Success\nMessage=A handle to an object was requested.\n\nSubject:\n\tSecurity ID:\t\tNT AUTHORITY\\SYSTEM\n\tAccount Name:\t\tAD-00$\n\tAccount Domain:\t\tCORP\n\tLogon ID:\t\t0x3E7\n\nObject:\n\tObject Server:\t\tSecurity\n\tObject Type:\t\tFile\n\tObject Name:\t\t\\Device\\HarddiskVolume1\n\tHandle ID:\t\t0x670\n\tResource Attributes:\t-\n\nProcess Information:\n\tProcess ID:\t\t0xa40\n\tProcess Name:\t\tC:\\Windows\\System32\\dfsrs.exe\n\nAccess Request Information:\n\tTransaction ID:\t\t{00000000-0000-0000-0000-000000000000}\n\tAccesses:\t\tSYNCHRONIZE\n\t\t\t\tReadAttributes\n\t\t\t\t\n\tAccess Reasons:\t\t-\n\tAccess Mask:\t\t0x100080\n\tPrivileges Used for Access Check:\t-\n\tRestricted SID Count:\t0",
        "_serial": "302319",
        "_si": [
          "index01",
          "main"
        ],
        "_time": "2018-11-03 21:11:36.000 UTC",
        "host": "t1-corp-ad-00",
        "index": "main",
        "linecount": "39",
        "source": "WinEventLog:Security",
        "sourcetype": "WinEventLog",
        "splunk_server": "index01"
      },
      {
        "Message": "The handle to an object was closed.\n\nSubject :\n\tSecurity ID:\t\tNT AUTHORITY\\SYSTEM\n\tAccount Name:\t\tAD-00$\n\tAccount Domain:\t\tCORP\n\tLogon ID:\t\t0x3E7\n\nObject:\n\tObject Server:\t\tSecurity\n\tHandle ID:\t\t0xba0\n\nProcess Information:\n\tProcess ID:\t\t0xa40\n\tProcess Name:\t\tC:\\Windows\\System32\\dfsrs.exe",
        "_bkt": "main~45~B135F5F1-8761-4D6B-9993-723ECD8DFAF7",
        "_cd": "45:375094819",
        "_indextime": "1541279497",
        "_pre_msg": "11/03/2018 09:11:36 PM\nLogName=Security\nSourceName=Microsoft Windows security auditing.\nEventCode=4658\nEventType=0\nType=Information\nComputerName=ad-00.corp.wheelzapp.com\nTaskCategory=Removable Storage\nOpCode=Info\nRecordNumber=856531\nKeywords=Audit Success",
        "_raw": "11/03/2018 09:11:36 PM\nLogName=Security\nSourceName=Microsoft Windows security auditing.\nEventCode=4658\nEventType=0\nType=Information\nComputerName=ad-00.corp.wheelzapp.com\nTaskCategory=Removable Storage\nOpCode=Info\nRecordNumber=856531\nKeywords=Audit Success\nMessage=The handle to an object was closed.\n\nSubject :\n\tSecurity ID:\t\tNT AUTHORITY\\SYSTEM\n\tAccount Name:\t\tAD-00$\n\tAccount Domain:\t\tCORP\n\tLogon ID:\t\t0x3E7\n\nObject:\n\tObject Server:\t\tSecurity\n\tHandle ID:\t\t0xba0\n\nProcess Information:\n\tProcess ID:\t\t0xa40\n\tProcess Name:\t\tC:\\Windows\\System32\\dfsrs.exe",
        "_serial": "302320",
        "_si": [
          "index01",
          "main"
        ],
        "_time": "2018-11-03 21:11:36.000 UTC",
        "host": "t1-corp-ad-00",
        "index": "main",
        "linecount": "26",
        "source": "WinEventLog:Security",
        "sourcetype": "WinEventLog",
        "splunk_server": "index01"
      },
      {
        "Message": "An attempt was made to duplicate a handle to an object.\n\nSubject:\n\tSecurity ID:\t\tNT AUTHORITY\\SYSTEM\n\tAccount Name:\t\tAD-00$\n\tAccount Domain:\t\tCORP\n\tLogon ID:\t\t0x3E7\n\nSource Handle Information:\n\tSource Handle ID:\t0x670\n\tSource Process ID:\t0xa40\n\nNew Handle Information:\n\tTarget Handle ID:\t0xba0\n\tTarget Process ID:\t0x4",
        "_bkt": "main~45~B135F5F1-8761-4D6B-9993-723ECD8DFAF7",
        "_cd": "45:375094798",
        "_indextime": "1541279497",
        "_pre_msg": "11/03/2018 09:11:36 PM\nLogName=Security\nSourceName=Microsoft Windows security auditing.\nEventCode=4690\nEventType=0\nType=Information\nComputerName=ad-00.corp.wheelzapp.com\nTaskCategory=Handle Manipulation\nOpCode=Info\nRecordNumber=856530\nKeywords=Audit Success",
        "_raw": "11/03/2018 09:11:36 PM\nLogName=Security\nSourceName=Microsoft Windows security auditing.\nEventCode=4690\nEventType=0\nType=Information\nComputerName=ad-00.corp.wheelzapp.com\nTaskCategory=Handle Manipulation\nOpCode=Info\nRecordNumber=856530\nKeywords=Audit Success\nMessage=An attempt was made to duplicate a handle to an object.\n\nSubject:\n\tSecurity ID:\t\tNT AUTHORITY\\SYSTEM\n\tAccount Name:\t\tAD-00$\n\tAccount Domain:\t\tCORP\n\tLogon ID:\t\t0x3E7\n\nSource Handle Information:\n\tSource Handle ID:\t0x670\n\tSource Process ID:\t0xa40\n\nNew Handle Information:\n\tTarget Handle ID:\t0xba0\n\tTarget Process ID:\t0x4",
        "_serial": "302321",
        "_si": [
          "index01",
          "main"
        ],
        "_time": "2018-11-03 21:11:36.000 UTC",
        "host": "t1-corp-ad-00",
        "index": "main",
        "linecount": "26",
        "source": "WinEventLog:Security",
        "sourcetype": "WinEventLog",
        "splunk_server": "index01"
      },
      {
        "Message": "The handle to an object was closed.\n\nSubject :\n\tSecurity ID:\t\tNT AUTHORITY\\SYSTEM\n\tAccount Name:\t\tAD-00$\n\tAccount Domain:\t\tCORP\n\tLogon ID:\t\t0x3E7\n\nObject:\n\tObject Server:\t\tSecurity\n\tHandle ID:\t\t0x670\n\nProcess Information:\n\tProcess ID:\t\t0xa40\n\tProcess Name:\t\tC:\\Windows\\System32\\dfsrs.exe",
        "_bkt": "main~45~B135F5F1-8761-4D6B-9993-723ECD8DFAF7",
        "_cd": "45:375094778",
        "_indextime": "1541279497",
        "_pre_msg": "11/03/2018 09:11:36 PM\nLogName=Security\nSourceName=Microsoft Windows security auditing.\nEventCode=4658\nEventType=0\nType=Information\nComputerName=ad-00.corp.wheelzapp.com\nTaskCategory=Removable Storage\nOpCode=Info\nRecordNumber=856529\nKeywords=Audit Success",
        "_raw": "11/03/2018 09:11:36 PM\nLogName=Security\nSourceName=Microsoft Windows security auditing.\nEventCode=4658\nEventType=0\nType=Information\nComputerName=ad-00.corp.wheelzapp.com\nTaskCategory=Removable Storage\nOpCode=Info\nRecordNumber=856529\nKeywords=Audit Success\nMessage=The handle to an object was closed.\n\nSubject :\n\tSecurity ID:\t\tNT AUTHORITY\\SYSTEM\n\tAccount Name:\t\tAD-00$\n\tAccount Domain:\t\tCORP\n\tLogon ID:\t\t0x3E7\n\nObject:\n\tObject Server:\t\tSecurity\n\tHandle ID:\t\t0x670\n\nProcess Information:\n\tProcess ID:\t\t0xa40\n\tProcess Name:\t\tC:\\Windows\\System32\\dfsrs.exe",
        "_serial": "302322",
        "_si": [
          "index01",
          "main"
        ],
        "_time": "2018-11-03 21:11:36.000 UTC",
        "host": "t1-corp-ad-00",
        "index": "main",
        "linecount": "26",
        "source": "WinEventLog:Security",
        "sourcetype": "WinEventLog",
        "splunk_server": "index01"
      },
      {
        "Message": "The handle to an object was closed.\n\nSubject :\n\tSecurity ID:\t\tNT AUTHORITY\\SYSTEM\n\tAccount Name:\t\tAD-00$\n\tAccount Domain:\t\tCORP\n\tLogon ID:\t\t0x3E7\n\nObject:\n\tObject Server:\t\tSecurity\n\tHandle ID:\t\t0x684\n\nProcess Information:\n\tProcess ID:\t\t0xa40\n\tProcess Name:\t\tC:\\Windows\\System32\\dfsrs.exe",
        "_bkt": "main~45~B135F5F1-8761-4D6B-9993-723ECD8DFAF7",
        "_cd": "45:375094759",
        "_indextime": "1541279497",
        "_pre_msg": "11/03/2018 09:11:36 PM\nLogName=Security\nSourceName=Microsoft Windows security auditing.\nEventCode=4658\nEventType=0\nType=Information\nComputerName=ad-00.corp.wheelzapp.com\nTaskCategory=Kernel Object\nOpCode=Info\nRecordNumber=856528\nKeywords=Audit Success",
        "_raw": "11/03/2018 09:11:36 PM\nLogName=Security\nSourceName=Microsoft Windows security auditing.\nEventCode=4658\nEventType=0\nType=Information\nComputerName=ad-00.corp.wheelzapp.com\nTaskCategory=Kernel Object\nOpCode=Info\nRecordNumber=856528\nKeywords=Audit Success\nMessage=The handle to an object was closed.\n\nSubject :\n\tSecurity ID:\t\tNT AUTHORITY\\SYSTEM\n\tAccount Name:\t\tAD-00$\n\tAccount Domain:\t\tCORP\n\tLogon ID:\t\t0x3E7\n\nObject:\n\tObject Server:\t\tSecurity\n\tHandle ID:\t\t0x684\n\nProcess Information:\n\tProcess ID:\t\t0xa40\n\tProcess Name:\t\tC:\\Windows\\System32\\dfsrs.exe",
        "_serial": "302323",
        "_si": [
          "index01",
          "main"
        ],
        "_time": "2018-11-03 21:11:36.000 UTC",
        "host": "t1-corp-ad-00",
        "index": "main",
        "linecount": "26",
        "source": "WinEventLog:Security",
        "sourcetype": "WinEventLog",
        "splunk_server": "index01"
      },
      {
        "Message": "An attempt was made to access an object.\n\nSubject:\n\tSecurity ID:\t\tNT AUTHORITY\\SYSTEM\n\tAccount Name:\t\tAD-00$\n\tAccount Domain:\t\tCORP\n\tLogon ID:\t\t0x3E7\n\nObject:\n\tObject Server:\t\tSecurity\n\tObject Type:\t\tSymbolicLink\n\tObject Name:\t\t\\GLOBAL??\\C:\n\tHandle ID:\t\t0x684\n\tResource Attributes:\t-\n\nProcess Information:\n\tProcess ID:\t\t0xa40\n\tProcess Name:\t\tC:\\Windows\\System32\\dfsrs.exe\n\nAccess Request Information:\n\tAccesses:\t\tUse symbolic link\n\t\t\t\t\n\tAccess Mask:\t\t0x1",
        "_bkt": "main~45~B135F5F1-8761-4D6B-9993-723ECD8DFAF7",
        "_cd": "45:375094734",
        "_indextime": "1541279497",
        "_pre_msg": "11/03/2018 09:11:36 PM\nLogName=Security\nSourceName=Microsoft Windows security auditing.\nEventCode=4663\nEventType=0\nType=Information\nComputerName=ad-00.corp.wheelzapp.com\nTaskCategory=Kernel Object\nOpCode=Info\nRecordNumber=856527\nKeywords=Audit Success",
        "_raw": "11/03/2018 09:11:36 PM\nLogName=Security\nSourceName=Microsoft Windows security auditing.\nEventCode=4663\nEventType=0\nType=Information\nComputerName=ad-00.corp.wheelzapp.com\nTaskCategory=Kernel Object\nOpCode=Info\nRecordNumber=856527\nKeywords=Audit Success\nMessage=An attempt was made to access an object.\n\nSubject:\n\tSecurity ID:\t\tNT AUTHORITY\\SYSTEM\n\tAccount Name:\t\tAD-00$\n\tAccount Domain:\t\tCORP\n\tLogon ID:\t\t0x3E7\n\nObject:\n\tObject Server:\t\tSecurity\n\tObject Type:\t\tSymbolicLink\n\tObject Name:\t\t\\GLOBAL??\\C:\n\tHandle ID:\t\t0x684\n\tResource Attributes:\t-\n\nProcess Information:\n\tProcess ID:\t\t0xa40\n\tProcess Name:\t\tC:\\Windows\\System32\\dfsrs.exe\n\nAccess Request Information:\n\tAccesses:\t\tUse symbolic link\n\t\t\t\t\n\tAccess Mask:\t\t0x1",
        "_serial": "302324",
        "_si": [
          "index01",
          "main"
        ],
        "_time": "2018-11-03 21:11:36.000 UTC",
        "host": "t1-corp-ad-00",
        "index": "main",
        "linecount": "34",
        "source": "WinEventLog:Security",
        "sourcetype": "WinEventLog",
        "splunk_server": "index01"
      },
      {
        "Message": "A handle to an object was requested.\n\nSubject:\n\tSecurity ID:\t\tNT AUTHORITY\\SYSTEM\n\tAccount Name:\t\tAD-00$\n\tAccount Domain:\t\tCORP\n\tLogon ID:\t\t0x3E7\n\nObject:\n\tObject Server:\t\tSecurity\n\tObject Type:\t\tSymbolicLink\n\tObject Name:\t\t\\GLOBAL??\\C:\n\tHandle ID:\t\t0x684\n\tResource Attributes:\t-\n\nProcess Information:\n\tProcess ID:\t\t0xa40\n\tProcess Name:\t\tC:\\Windows\\System32\\dfsrs.exe\n\nAccess Request Information:\n\tTransaction ID:\t\t{00000000-0000-0000-0000-000000000000}\n\tAccesses:\t\tUse symbolic link\n\t\t\t\t\n\tAccess Reasons:\t\t-\n\tAccess Mask:\t\t0x1\n\tPrivileges Used for Access Check:\t-\n\tRestricted SID Count:\t0",
        "_bkt": "main~45~B135F5F1-8761-4D6B-9993-723ECD8DFAF7",
        "_cd": "45:375094704",
        "_indextime": "1541279497",
        "_pre_msg": "11/03/2018 09:11:36 PM\nLogName=Security\nSourceName=Microsoft Windows security auditing.\nEventCode=4656\nEventType=0\nType=Information\nComputerName=ad-00.corp.wheelzapp.com\nTaskCategory=Kernel Object\nOpCode=Info\nRecordNumber=856526\nKeywords=Audit Success",
