[
  {
    "g": [
      {
        "_bkt": "ids~21~309B8BB8-F45C-44CE-ABE5-EF8B9EC8A780",
        "_cd": "21:60975895",
        "_indextime": "1541286648",
        "_raw": "{\"timestamp\":\"2018-11-03T23:10:48.000557+0000\",\"flow_id\":794054268745030,\"in_iface\":\"ens4\",\"event_type\":\"alert\",\"src_ip\":\"10.0.47.128\",\"src_port\":35328,\"dest_ip\":\"169.254.169.254\",\"dest_port\":80,\"proto\":\"TCP\",\"tx_id\":0,\"alert\":{\"action\":\"allowed\",\"gid\":1,\"signature_id\":2013031,\"rev\":6,\"signature\":\"ET POLICY Python-urllib\\/ Suspicious User Agent\",\"category\":\"Attempted Information Leak\",\"severity\":2},\"http\":{\"hostname\":\"metadata.google.internal\",\"url\":\"\\/computeMetadata\\/v1\\/?alt=json&last_etag=5cd2ea9d20cbf424&recursive=True&timeout_sec=89&wait_for_change=True\",\"http_user_agent\":\"Python-urllib\\/3.6\",\"http_method\":\"GET\",\"protocol\":\"HTTP\\/1.1\",\"length\":0},\"app_proto\":\"http\",\"payload\":\"R0VUIC9jb21wdXRlTWV0YWRhdGEvdjEvP2FsdD1qc29uJmxhc3RfZXRhZz01Y2QyZWE5ZDIwY2JmNDI0JnJlY3Vyc2l2ZT1UcnVlJnRpbWVvdXRfc2VjPTg5JndhaXRfZm9yX2NoYW5nZT1UcnVlIEhUVFAvMS4xDQpBY2NlcHQtRW5jb2Rpbmc6IGlkZW50aXR5DQpIb3N0OiBtZXRhZGF0YS5nb29nbGUuaW50ZXJuYWwNClVzZXItQWdlbnQ6IFB5dGhvbi11cmxsaWIvMy42DQpNZXRhZGF0YS1GbGF2b3I6IEdvb2dsZQ0KQ29ubmVjdGlvbjogY2xvc2UNCg0K\",\"stream\":1,\"packet\":\"QgEKAC8BQgEKAC+ACABFAAAoU6NAAEAGWbAKAC+Aqf6p\\/ooAAFC3qBZNzkc0WlAQiqyNlwAA\",\"packet_info\":{\"linktype\":1}}",
        "_serial": "708",
        "_si": [
          "index01",
          "ids"
        ],
        "_subsecond": ".000557",
        "_time": "2018-11-03 23:10:48.000 UTC",
        "host": "t1-cars-car-128",
        "index": "ids",
        "linecount": "1",
        "source": "/var/log/suricata/alert-json.log",
        "sourcetype": "suricata:alert",
        "splunk_server": "index01"
      }
    ],
    "e": [
      {
        "Message": "The handle to an object was closed.\n\nSubject :\n\tSecurity ID:\t\tNT AUTHORITY\\SYSTEM\n\tAccount Name:\t\tAD-00$\n\tAccount Domain:\t\tCORP\n\tLogon ID:\t\t0x3E7\n\nObject:\n\tObject Server:\t\tSecurity\n\tHandle ID:\t\t0x588\n\nProcess Information:\n\tProcess ID:\t\t0xa40\n\tProcess Name:\t\tC:\\Windows\\System32\\dfsrs.exe",
        "_bkt": "main~48~309B8BB8-F45C-44CE-ABE5-EF8B9EC8A780",
        "_cd": "48:212273712",
        "_indextime": "1541286649",
        "_pre_msg": "11/03/2018 11:10:48 PM\nLogName=Security\nSourceName=Microsoft Windows security auditing.\nEventCode=4658\nEventType=0\nType=Information\nComputerName=ad-00.corp.wheelzapp.com\nTaskCategory=Removable Storage\nOpCode=Info\nRecordNumber=955752\nKeywords=Audit Success",
        "_raw": "11/03/2018 11:10:48 PM\nLogName=Security\nSourceName=Microsoft Windows security auditing.\nEventCode=4658\nEventType=0\nType=Information\nComputerName=ad-00.corp.wheelzapp.com\nTaskCategory=Removable Storage\nOpCode=Info\nRecordNumber=955752\nKeywords=Audit Success\nMessage=The handle to an object was closed.\n\nSubject :\n\tSecurity ID:\t\tNT AUTHORITY\\SYSTEM\n\tAccount Name:\t\tAD-00$\n\tAccount Domain:\t\tCORP\n\tLogon ID:\t\t0x3E7\n\nObject:\n\tObject Server:\t\tSecurity\n\tHandle ID:\t\t0x588\n\nProcess Information:\n\tProcess ID:\t\t0xa40\n\tProcess Name:\t\tC:\\Windows\\System32\\dfsrs.exe",
        "_serial": "39114",
        "_si": [
          "index01",
          "main"
        ],
        "_time": "2018-11-03 23:10:48.000 UTC",
        "host": "t1-corp-ad-00",
        "index": "main",
        "linecount": "26",
        "source": "WinEventLog:Security",
        "sourcetype": "WinEventLog",
        "splunk_server": "index01"
      },
      {
        "Message": "The handle to an object was closed.\n\nSubject :\n\tSecurity ID:\t\tNT AUTHORITY\\SYSTEM\n\tAccount Name:\t\tAD-00$\n\tAccount Domain:\t\tCORP\n\tLogon ID:\t\t0x3E7\n\nObject:\n\tObject Server:\t\tSecurity\n\tHandle ID:\t\t0x728\n\nProcess Information:\n\tProcess ID:\t\t0xa40\n\tProcess Name:\t\tC:\\Windows\\System32\\dfsrs.exe",
        "_bkt": "main~48~309B8BB8-F45C-44CE-ABE5-EF8B9EC8A780",
        "_cd": "48:212273692",
        "_indextime": "1541286649",
        "_pre_msg": "11/03/2018 11:10:48 PM\nLogName=Security\nSourceName=Microsoft Windows security auditing.\nEventCode=4658\nEventType=0\nType=Information\nComputerName=ad-00.corp.wheelzapp.com\nTaskCategory=Removable Storage\nOpCode=Info\nRecordNumber=955751\nKeywords=Audit Success",
        "_raw": "11/03/2018 11:10:48 PM\nLogName=Security\nSourceName=Microsoft Windows security auditing.\nEventCode=4658\nEventType=0\nType=Information\nComputerName=ad-00.corp.wheelzapp.com\nTaskCategory=Removable Storage\nOpCode=Info\nRecordNumber=955751\nKeywords=Audit Success\nMessage=The handle to an object was closed.\n\nSubject :\n\tSecurity ID:\t\tNT AUTHORITY\\SYSTEM\n\tAccount Name:\t\tAD-00$\n\tAccount Domain:\t\tCORP\n\tLogon ID:\t\t0x3E7\n\nObject:\n\tObject Server:\t\tSecurity\n\tHandle ID:\t\t0x728\n\nProcess Information:\n\tProcess ID:\t\t0xa40\n\tProcess Name:\t\tC:\\Windows\\System32\\dfsrs.exe",
        "_serial": "39115",
        "_si": [
          "index01",
          "main"
        ],
        "_time": "2018-11-03 23:10:48.000 UTC",
        "host": "t1-corp-ad-00",
        "index": "main",
        "linecount": "26",
        "source": "WinEventLog:Security",
        "sourcetype": "WinEventLog",
        "splunk_server": "index01"
      },
      {
        "Message": "A handle to an object was requested.\n\nSubject:\n\tSecurity ID:\t\tNT AUTHORITY\\SYSTEM\n\tAccount Name:\t\tAD-00$\n\tAccount Domain:\t\tCORP\n\tLogon ID:\t\t0x3E7\n\nObject:\n\tObject Server:\t\tSecurity\n\tObject Type:\t\tFile\n\tObject Name:\t\t\\Device\\Harddisk0\\DR0\n\tHandle ID:\t\t0x728\n\tResource Attributes:\t-\n\nProcess Information:\n\tProcess ID:\t\t0xa40\n\tProcess Name:\t\tC:\\Windows\\System32\\dfsrs.exe\n\nAccess Request Information:\n\tTransaction ID:\t\t{00000000-0000-0000-0000-000000000000}\n\tAccesses:\t\tSYNCHRONIZE\n\t\t\t\tReadAttributes\n\t\t\t\t\n\tAccess Reasons:\t\t-\n\tAccess Mask:\t\t0x100080\n\tPrivileges Used for Access Check:\t-\n\tRestricted SID Count:\t0",
        "_bkt": "main~48~309B8BB8-F45C-44CE-ABE5-EF8B9EC8A780",
        "_cd": "48:212273662",
        "_indextime": "1541286649",
        "_pre_msg": "11/03/2018 11:10:48 PM\nLogName=Security\nSourceName=Microsoft Windows security auditing.\nEventCode=4656\nEventType=0\nType=Information\nComputerName=ad-00.corp.wheelzapp.com\nTaskCategory=Removable Storage\nOpCode=Info\nRecordNumber=955750\nKeywords=Audit Success",
        "_raw": "11/03/2018 11:10:48 PM\nLogName=Security\nSourceName=Microsoft Windows security auditing.\nEventCode=4656\nEventType=0\nType=Information\nComputerName=ad-00.corp.wheelzapp.com\nTaskCategory=Removable Storage\nOpCode=Info\nRecordNumber=955750\nKeywords=Audit Success\nMessage=A handle to an object was requested.\n\nSubject:\n\tSecurity ID:\t\tNT AUTHORITY\\SYSTEM\n\tAccount Name:\t\tAD-00$\n\tAccount Domain:\t\tCORP\n\tLogon ID:\t\t0x3E7\n\nObject:\n\tObject Server:\t\tSecurity\n\tObject Type:\t\tFile\n\tObject Name:\t\t\\Device\\Harddisk0\\DR0\n\tHandle ID:\t\t0x728\n\tResource Attributes:\t-\n\nProcess Information:\n\tProcess ID:\t\t0xa40\n\tProcess Name:\t\tC:\\Windows\\System32\\dfsrs.exe\n\nAccess Request Information:\n\tTransaction ID:\t\t{00000000-0000-0000-0000-000000000000}\n\tAccesses:\t\tSYNCHRONIZE\n\t\t\t\tReadAttributes\n\t\t\t\t\n\tAccess Reasons:\t\t-\n\tAccess Mask:\t\t0x100080\n\tPrivileges Used for Access Check:\t-\n\tRestricted SID Count:\t0",
        "_serial": "39116",
        "_si": [
          "index01",
          "main"
        ],
        "_time": "2018-11-03 23:10:48.000 UTC",
        "host": "t1-corp-ad-00",
        "index": "main",
        "linecount": "39",
        "source": "WinEventLog:Security",
        "sourcetype": "WinEventLog",
        "splunk_server": "index01"
      },
      {
        "Message": "The handle to an object was closed.\n\nSubject :\n\tSecurity ID:\t\tNT AUTHORITY\\SYSTEM\n\tAccount Name:\t\tAD-00$\n\tAccount Domain:\t\tCORP\n\tLogon ID:\t\t0x3E7\n\nObject:\n\tObject Server:\t\tSecurity\n\tHandle ID:\t\t0x1150\n\nProcess Information:\n\tProcess ID:\t\t0xa40\n\tProcess Name:\t\tC:\\Windows\\System32\\dfsrs.exe",
        "_bkt": "main~48~309B8BB8-F45C-44CE-ABE5-EF8B9EC8A780",
        "_cd": "48:212273642",
        "_indextime": "1541286649",
        "_pre_msg": "11/03/2018 11:10:48 PM\nLogName=Security\nSourceName=Microsoft Windows security auditing.\nEventCode=4658\nEventType=0\nType=Information\nComputerName=ad-00.corp.wheelzapp.com\nTaskCategory=Removable Storage\nOpCode=Info\nRecordNumber=955749\nKeywords=Audit Success",
        "_raw": "11/03/2018 11:10:48 PM\nLogName=Security\nSourceName=Microsoft Windows security auditing.\nEventCode=4658\nEventType=0\nType=Information\nComputerName=ad-00.corp.wheelzapp.com\nTaskCategory=Removable Storage\nOpCode=Info\nRecordNumber=955749\nKeywords=Audit Success\nMessage=The handle to an object was closed.\n\nSubject :\n\tSecurity ID:\t\tNT AUTHORITY\\SYSTEM\n\tAccount Name:\t\tAD-00$\n\tAccount Domain:\t\tCORP\n\tLogon ID:\t\t0x3E7\n\nObject:\n\tObject Server:\t\tSecurity\n\tHandle ID:\t\t0x1150\n\nProcess Information:\n\tProcess ID:\t\t0xa40\n\tProcess Name:\t\tC:\\Windows\\System32\\dfsrs.exe",
        "_serial": "39117",
        "_si": [
          "index01",
          "main"
        ],
        "_time": "2018-11-03 23:10:48.000 UTC",
        "host": "t1-corp-ad-00",
        "index": "main",
        "linecount": "26",
        "source": "WinEventLog:Security",
        "sourcetype": "WinEventLog",
        "splunk_server": "index01"
      },
      {
        "Message": "An attempt was made to duplicate a handle to an object.\n\nSubject:\n\tSecurity ID:\t\tNT AUTHORITY\\SYSTEM\n\tAccount Name:\t\tAD-00$\n\tAccount Domain:\t\tCORP\n\tLogon ID:\t\t0x3E7\n\nSource Handle Information:\n\tSource Handle ID:\t0x728\n\tSource Process ID:\t0xa40\n\nNew Handle Information:\n\tTarget Handle ID:\t0x1150\n\tTarget Process ID:\t0x4",
        "_bkt": "main~48~309B8BB8-F45C-44CE-ABE5-EF8B9EC8A780",
        "_cd": "48:212273621",
        "_indextime": "1541286649",
        "_pre_msg": "11/03/2018 11:10:48 PM\nLogName=Security\nSourceName=Microsoft Windows security auditing.\nEventCode=4690\nEventType=0\nType=Information\nComputerName=ad-00.corp.wheelzapp.com\nTaskCategory=Handle Manipulation\nOpCode=Info\nRecordNumber=955748\nKeywords=Audit Success",
        "_raw": "11/03/2018 11:10:48 PM\nLogName=Security\nSourceName=Microsoft Windows security auditing.\nEventCode=4690\nEventType=0\nType=Information\nComputerName=ad-00.corp.wheelzapp.com\nTaskCategory=Handle Manipulation\nOpCode=Info\nRecordNumber=955748\nKeywords=Audit Success\nMessage=An attempt was made to duplicate a handle to an object.\n\nSubject:\n\tSecurity ID:\t\tNT AUTHORITY\\SYSTEM\n\tAccount Name:\t\tAD-00$\n\tAccount Domain:\t\tCORP\n\tLogon ID:\t\t0x3E7\n\nSource Handle Information:\n\tSource Handle ID:\t0x728\n\tSource Process ID:\t0xa40\n\nNew Handle Information:\n\tTarget Handle ID:\t0x1150\n\tTarget Process ID:\t0x4",
        "_serial": "39118",
        "_si": [
          "index01",
          "main"
        ],
        "_time": "2018-11-03 23:10:48.000 UTC",
        "host": "t1-corp-ad-00",
        "index": "main",
        "linecount": "26",
        "source": "WinEventLog:Security",
        "sourcetype": "WinEventLog",
        "splunk_server": "index01"
      },
      {
        "Message": "A handle to an object was requested.\n\nSubject:\n\tSecurity ID:\t\tNT AUTHORITY\\SYSTEM\n\tAccount Name:\t\tAD-00$\n\tAccount Domain:\t\tCORP\n\tLogon ID:\t\t0x3E7\n\nObject:\n\tObject Server:\t\tSecurity\n\tObject Type:\t\tFile\n\tObject Name:\t\t\\Device\\HarddiskVolume1\n\tHandle ID:\t\t0x588\n\tResource Attributes:\t-\n\nProcess Information:\n\tProcess ID:\t\t0xa40\n\tProcess Name:\t\tC:\\Windows\\System32\\dfsrs.exe\n\nAccess Request Information:\n\tTransaction ID:\t\t{00000000-0000-0000-0000-000000000000}\n\tAccesses:\t\tSYNCHRONIZE\n\t\t\t\tReadAttributes\n\t\t\t\t\n\tAccess Reasons:\t\t-\n\tAccess Mask:\t\t0x100080\n\tPrivileges Used for Access Check:\t-\n\tRestricted SID Count:\t0",
        "_bkt": "main~48~309B8BB8-F45C-44CE-ABE5-EF8B9EC8A780",
        "_cd": "48:212273591",
        "_indextime": "1541286649",
        "_pre_msg": "11/03/2018 11:10:48 PM\nLogName=Security\nSourceName=Microsoft Windows security auditing.\nEventCode=4656\nEventType=0\nType=Information\nComputerName=ad-00.corp.wheelzapp.com\nTaskCategory=Removable Storage\nOpCode=Info\nRecordNumber=955747\nKeywords=Audit Success",
        "_raw": "11/03/2018 11:10:48 PM\nLogName=Security\nSourceName=Microsoft Windows security auditing.\nEventCode=4656\nEventType=0\nType=Information\nComputerName=ad-00.corp.wheelzapp.com\nTaskCategory=Removable Storage\nOpCode=Info\nRecordNumber=955747\nKeywords=Audit Success\nMessage=A handle to an object was requested.\n\nSubject:\n\tSecurity ID:\t\tNT AUTHORITY\\SYSTEM\n\tAccount Name:\t\tAD-00$\n\tAccount Domain:\t\tCORP\n\tLogon ID:\t\t0x3E7\n\nObject:\n\tObject Server:\t\tSecurity\n\tObject Type:\t\tFile\n\tObject Name:\t\t\\Device\\HarddiskVolume1\n\tHandle ID:\t\t0x588\n\tResource Attributes:\t-\n\nProcess Information:\n\tProcess ID:\t\t0xa40\n\tProcess Name:\t\tC:\\Windows\\System32\\dfsrs.exe\n\nAccess Request Information:\n\tTransaction ID:\t\t{00000000-0000-0000-0000-000000000000}\n\tAccesses:\t\tSYNCHRONIZE\n\t\t\t\tReadAttributes\n\t\t\t\t\n\tAccess Reasons:\t\t-\n\tAccess Mask:\t\t0x100080\n\tPrivileges Used for Access Check:\t-\n\tRestricted SID Count:\t0",
        "_serial": "39119",
        "_si": [
          "index01",
          "main"
        ],
        "_time": "2018-11-03 23:10:48.000 UTC",
        "host": "t1-corp-ad-00",
        "index": "main",
        "linecount": "39",
        "source": "WinEventLog:Security",
        "sourcetype": "WinEventLog",
        "splunk_server": "index01"
      },
      {
        "Message": "The handle to an object was closed.\n\nSubject :\n\tSecurity ID:\t\tNT AUTHORITY\\SYSTEM\n\tAccount Name:\t\tAD-00$\n\tAccount Domain:\t\tCORP\n\tLogon ID:\t\t0x3E7\n\nObject:\n\tObject Server:\t\tSecurity\n\tHandle ID:\t\t0x1150\n\nProcess Information:\n\tProcess ID:\t\t0xa40\n\tProcess Name:\t\tC:\\Windows\\System32\\dfsrs.exe",
        "_bkt": "main~48~309B8BB8-F45C-44CE-ABE5-EF8B9EC8A780",
        "_cd": "48:212273571",
        "_indextime": "1541286649",
        "_pre_msg": "11/03/2018 11:10:48 PM\nLogName=Security\nSourceName=Microsoft Windows security auditing.\nEventCode=4658\nEventType=0\nType=Information\nComputerName=ad-00.corp.wheelzapp.com\nTaskCategory=Removable Storage\nOpCode=Info\nRecordNumber=955746\nKeywords=Audit Success",
        "_raw": "11/03/2018 11:10:48 PM\nLogName=Security\nSourceName=Microsoft Windows security auditing.\nEventCode=4658\nEventType=0\nType=Information\nComputerName=ad-00.corp.wheelzapp.com\nTaskCategory=Removable Storage\nOpCode=Info\nRecordNumber=955746\nKeywords=Audit Success\nMessage=The handle to an object was closed.\n\nSubject :\n\tSecurity ID:\t\tNT AUTHORITY\\SYSTEM\n\tAccount Name:\t\tAD-00$\n\tAccount Domain:\t\tCORP\n\tLogon ID:\t\t0x3E7\n\nObject:\n\tObject Server:\t\tSecurity\n\tHandle ID:\t\t0x1150\n\nProcess Information:\n\tProcess ID:\t\t0xa40\n\tProcess Name:\t\tC:\\Windows\\System32\\dfsrs.exe",
        "_serial": "39120",
        "_si": [
          "index01",
          "main"
        ],
        "_time": "2018-11-03 23:10:48.000 UTC",
        "host": "t1-corp-ad-00",
        "index": "main",
        "linecount": "26",
        "source": "WinEventLog:Security",
        "sourcetype": "WinEventLog",
        "splunk_server": "index01"
      },
      {
        "Message": "An attempt was made to duplicate a handle to an object.\n\nSubject:\n\tSecurity ID:\t\tNT AUTHORITY\\SYSTEM\n\tAccount Name:\t\tAD-00$\n\tAccount Domain:\t\tCORP\n\tLogon ID:\t\t0x3E7\n\nSource Handle Information:\n\tSource Handle ID:\t0x588\n\tSource Process ID:\t0xa40\n\nNew Handle Information:\n\tTarget Handle ID:\t0x1150\n\tTarget Process ID:\t0x4",
        "_bkt": "main~48~309B8BB8-F45C-44CE-ABE5-EF8B9EC8A780",
        "_cd": "48:212273550",
        "_indextime": "1541286649",
        "_pre_msg": "11/03/2018 11:10:48 PM\nLogName=Security\nSourceName=Microsoft Windows security auditing.\nEventCode=4690\nEventType=0\nType=Information\nComputerName=ad-00.corp.wheelzapp.com\nTaskCategory=Handle Manipulation\nOpCode=Info\nRecordNumber=955745\nKeywords=Audit Success",
        "_raw": "11/03/2018 11:10:48 PM\nLogName=Security\nSourceName=Microsoft Windows security auditing.\nEventCode=4690\nEventType=0\nType=Information\nComputerName=ad-00.corp.wheelzapp.com\nTaskCategory=Handle Manipulation\nOpCode=Info\nRecordNumber=955745\nKeywords=Audit Success\nMessage=An attempt was made to duplicate a handle to an object.\n\nSubject:\n\tSecurity ID:\t\tNT AUTHORITY\\SYSTEM\n\tAccount Name:\t\tAD-00$\n\tAccount Domain:\t\tCORP\n\tLogon ID:\t\t0x3E7\n\nSource Handle Information:\n\tSource Handle ID:\t0x588\n\tSource Process ID:\t0xa40\n\nNew Handle Information:\n\tTarget Handle ID:\t0x1150\n\tTarget Process ID:\t0x4",
        "_serial": "39121",
        "_si": [
          "index01",
          "main"
        ],
        "_time": "2018-11-03 23:10:48.000 UTC",
        "host": "t1-corp-ad-00",
        "index": "main",
        "linecount": "26",
        "source": "WinEventLog:Security",
        "sourcetype": "WinEventLog",
        "splunk_server": "index01"
      },
      {
        "Message": "The handle to an object was closed.\n\nSubject :\n\tSecurity ID:\t\tNT AUTHORITY\\SYSTEM\n\tAccount Name:\t\tAD-00$\n\tAccount Domain:\t\tCORP\n\tLogon ID:\t\t0x3E7\n\nObject:\n\tObject Server:\t\tSecurity\n\tHandle ID:\t\t0x588\n\nProcess Information:\n\tProcess ID:\t\t0xa40\n\tProcess Name:\t\tC:\\Windows\\System32\\dfsrs.exe",
        "_bkt": "main~48~309B8BB8-F45C-44CE-ABE5-EF8B9EC8A780",
        "_cd": "48:212273531",
        "_indextime": "1541286649",
        "_pre_msg": "11/03/2018 11:10:48 PM\nLogName=Security\nSourceName=Microsoft Windows security auditing.\nEventCode=4658\nEventType=0\nType=Information\nComputerName=ad-00.corp.wheelzapp.com\nTaskCategory=File System\nOpCode=Info\nRecordNumber=955744\nKeywords=Audit Success",
        "_raw": "11/03/2018 11:10:48 PM\nLogName=Security\nSourceName=Microsoft Windows security auditing.\nEventCode=4658\nEventType=0\nType=Information\nComputerName=ad-00.corp.wheelzapp.com\nTaskCategory=File System\nOpCode=Info\nRecordNumber=955744\nKeywords=Audit Success\nMessage=The handle to an object was closed.\n\nSubject :\n\tSecurity ID:\t\tNT AUTHORITY\\SYSTEM\n\tAccount Name:\t\tAD-00$\n\tAccount Domain:\t\tCORP\n\tLogon ID:\t\t0x3E7\n\nObject:\n\tObject Server:\t\tSecurity\n\tHandle ID:\t\t0x588\n\nProcess Information:\n\tProcess ID:\t\t0xa40\n\tProcess Name:\t\tC:\\Windows\\System32\\dfsrs.exe",
        "_serial": "39122",
        "_si": [
          "index01",
          "main"
        ],
        "_time": "2018-11-03 23:10:48.000 UTC",
        "host": "t1-corp-ad-00",
        "index": "main",
        "linecount": "26",
        "source": "WinEventLog:Security",
        "sourcetype": "WinEventLog",
        "splunk_server": "index01"
      },
      {
        "Message": "A handle to an object was requested.\n\nSubject:\n\tSecurity ID:\t\tNT AUTHORITY\\SYSTEM\n\tAccount Name:\t\tAD-00$\n\tAccount Domain:\t\tCORP\n\tLogon ID:\t\t0x3E7\n\nObject:\n\tObject Server:\t\tSecurity\n\tObject Type:\t\tFile\n\tObject Name:\t\t\\Device\\MountPointManager\n\tHandle ID:\t\t0x588\n\tResource Attributes:\t-\n\nProcess Information:\n\tProcess ID:\t\t0xa40\n\tProcess Name:\t\tC:\\Windows\\System32\\dfsrs.exe\n\nAccess Request Information:\n\tTransaction ID:\t\t{00000000-0000-0000-0000-000000000000}\n\tAccesses:\t\tSYNCHRONIZE\n\t\t\t\tReadAttributes\n\t\t\t\t\n\tAccess Reasons:\t\t-\n\tAccess Mask:\t\t0x100080\n\tPrivileges Used for Access Check:\t-\n\tRestricted SID Count:\t0",
        "_bkt": "main~48~309B8BB8-F45C-44CE-ABE5-EF8B9EC8A780",
        "_cd": "48:212273501",
        "_indextime": "1541286649",
        "_pre_msg": "11/03/2018 11:10:48 PM\nLogName=Security\nSourceName=Microsoft Windows security auditing.\nEventCode=4656\nEventType=0\nType=Information\nComputerName=ad-00.corp.wheelzapp.com\nTaskCategory=File System\nOpCode=Info\nRecordNumber=955743\nKeywords=Audit Success",
        "_raw": "11/03/2018 11:10:48 PM\nLogName=Security\nSourceName=Microsoft Windows security auditing.\nEventCode=4656\nEventType=0\nType=Information\nComputerName=ad-00.corp.wheelzapp.com\nTaskCategory=File System\nOpCode=Info\nRecordNumber=955743\nKeywords=Audit Success\nMessage=A handle to an object was requested.\n\nSubject:\n\tSecurity ID:\t\tNT AUTHORITY\\SYSTEM\n\tAccount Name:\t\tAD-00$\n\tAccount Domain:\t\tCORP\n\tLogon ID:\t\t0x3E7\n\nObject:\n\tObject Server:\t\tSecurity\n\tObject Type:\t\tFile\n\tObject Name:\t\t\\Device\\MountPointManager\n\tHandle ID:\t\t0x588\n\tResource Attributes:\t-\n\nProcess Information:\n\tProcess ID:\t\t0xa40\n\tProcess Name:\t\tC:\\Windows\\System32\\dfsrs.exe\n\nAccess Request Information:\n\tTransaction ID:\t\t{00000000-0000-0000-0000-000000000000}\n\tAccesses:\t\tSYNCHRONIZE\n\t\t\t\tReadAttributes\n\t\t\t\t\n\tAccess Reasons:\t\t-\n\tAccess Mask:\t\t0x100080\n\tPrivileges Used for Access Check:\t-\n\tRestricted SID Count:\t0",
        "_serial": "39123",
        "_si": [
          "index01",
          "main"
        ],
        "_time": "2018-11-03 23:10:48.000 UTC",
        "host": "t1-corp-ad-00",
        "index": "main",
        "linecount": "39",
        "source": "WinEventLog:Security",
        "sourcetype": "WinEventLog",
        "splunk_server": "index01"
      },
      {
        "Message": "The handle to an object was closed.\n\nSubject :\n\tSecurity ID:\t\tNT AUTHORITY\\SYSTEM\n\tAccount Name:\t\tAD-00$\n\tAccount Domain:\t\tCORP\n\tLogon ID:\t\t0x3E7\n\nObject:\n\tObject Server:\t\tSecurity\n\tHandle ID:\t\t0x1150\n\nProcess Information:\n\tProcess ID:\t\t0xa40\n\tProcess Name:\t\tC:\\Windows\\System32\\dfsrs.exe",
        "_bkt": "main~48~309B8BB8-F45C-44CE-ABE5-EF8B9EC8A780",
        "_cd": "48:212273482",
        "_indextime": "1541286649",
        "_pre_msg": "11/03/2018 11:10:48 PM\nLogName=Security\nSourceName=Microsoft Windows security auditing.\nEventCode=4658\nEventType=0\nType=Information\nComputerName=ad-00.corp.wheelzapp.com\nTaskCategory=File System\nOpCode=Info\nRecordNumber=955742\nKeywords=Audit Success",
        "_raw": "11/03/2018 11:10:48 PM\nLogName=Security\nSourceName=Microsoft Windows security auditing.\nEventCode=4658\nEventType=0\nType=Information\nComputerName=ad-00.corp.wheelzapp.com\nTaskCategory=File System\nOpCode=Info\nRecordNumber=955742\nKeywords=Audit Success\nMessage=The handle to an object was closed.\n\nSubject :\n\tSecurity ID:\t\tNT AUTHORITY\\SYSTEM\n\tAccount Name:\t\tAD-00$\n\tAccount Domain:\t\tCORP\n\tLogon ID:\t\t0x3E7\n\nObject:\n\tObject Server:\t\tSecurity\n\tHandle ID:\t\t0x1150\n\nProcess Information:\n\tProcess ID:\t\t0xa40\n\tProcess Name:\t\tC:\\Windows\\System32\\dfsrs.exe",
        "_serial": "39124",
        "_si": [
          "index01",
          "main"
        ],
        "_time": "2018-11-03 23:10:48.000 UTC",
        "host": "t1-corp-ad-00",
        "index": "main",
        "linecount": "26",
        "source": "WinEventLog:Security",
        "sourcetype": "WinEventLog",
        "splunk_server": "index01"
      },
      {
        "Message": "An attempt was made to duplicate a handle to an object.\n\nSubject:\n\tSecurity ID:\t\tNT AUTHORITY\\SYSTEM\n\tAccount Name:\t\tAD-00$\n\tAccount Domain:\t\tCORP\n\tLogon ID:\t\t0x3E7\n\nSource Handle Information:\n\tSource Handle ID:\t0x588\n\tSource Process ID:\t0xa40\n\nNew Handle Information:\n\tTarget Handle ID:\t0x1150\n\tTarget Process ID:\t0x4",
        "_bkt": "main~48~309B8BB8-F45C-44CE-ABE5-EF8B9EC8A780",
        "_cd": "48:212273461",
        "_indextime": "1541286649",
        "_pre_msg": "11/03/2018 11:10:48 PM\nLogName=Security\nSourceName=Microsoft Windows security auditing.\nEventCode=4690\nEventType=0\nType=Information\nComputerName=ad-00.corp.wheelzapp.com\nTaskCategory=Handle Manipulation\nOpCode=Info\nRecordNumber=955741\nKeywords=Audit Success",
        "_raw": "11/03/2018 11:10:48 PM\nLogName=Security\nSourceName=Microsoft Windows security auditing.\nEventCode=4690\nEventType=0\nType=Information\nComputerName=ad-00.corp.wheelzapp.com\nTaskCategory=Handle Manipulation\nOpCode=Info\nRecordNumber=955741\nKeywords=Audit Success\nMessage=An attempt was made to duplicate a handle to an object.\n\nSubject:\n\tSecurity ID:\t\tNT AUTHORITY\\SYSTEM\n\tAccount Name:\t\tAD-00$\n\tAccount Domain:\t\tCORP\n\tLogon ID:\t\t0x3E7\n\nSource Handle Information:\n\tSource Handle ID:\t0x588\n\tSource Process ID:\t0xa40\n\nNew Handle Information:\n\tTarget Handle ID:\t0x1150\n\tTarget Process ID:\t0x4",
        "_serial": "39125",
        "_si": [
          "index01",
          "main"
        ],
        "_time": "2018-11-03 23:10:48.000 UTC",
        "host": "t1-corp-ad-00",
        "index": "main",
        "linecount": "26",
        "source": "WinEventLog:Security",
        "sourcetype": "WinEventLog",
        "splunk_server": "index01"
      },
      {
        "Message": "The handle to an object was closed.\n\nSubject :\n\tSecurity ID:\t\tNT AUTHORITY\\SYSTEM\n\tAccount Name:\t\tAD-00$\n\tAccount Domain:\t\tCORP\n\tLogon ID:\t\t0x3E7\n\nObject:\n\tObject Server:\t\tSecurity\n\tHandle ID:\t\t0x588\n\nProcess Information:\n\tProcess ID:\t\t0xa40\n\tProcess Name:\t\tC:\\Windows\\System32\\dfsrs.exe",
        "_bkt": "main~48~309B8BB8-F45C-44CE-ABE5-EF8B9EC8A780",
        "_cd": "48:212273441",
        "_indextime": "1541286649",
        "_pre_msg": "11/03/2018 11:10:48 PM\nLogName=Security\nSourceName=Microsoft Windows security auditing.\nEventCode=4658\nEventType=0\nType=Information\nComputerName=ad-00.corp.wheelzapp.com\nTaskCategory=Removable Storage\nOpCode=Info\nRecordNumber=955740\nKeywords=Audit Success",
        "_raw": "11/03/2018 11:10:48 PM\nLogName=Security\nSourceName=Microsoft Windows security auditing.\nEventCode=4658\nEventType=0\nType=Information\nComputerName=ad-00.corp.wheelzapp.com\nTaskCategory=Removable Storage\nOpCode=Info\nRecordNumber=955740\nKeywords=Audit Success\nMessage=The handle to an object was closed.\n\nSubject :\n\tSecurity ID:\t\tNT AUTHORITY\\SYSTEM\n\tAccount Name:\t\tAD-00$\n\tAccount Domain:\t\tCORP\n\tLogon ID:\t\t0x3E7\n\nObject:\n\tObject Server:\t\tSecurity\n\tHandle ID:\t\t0x588\n\nProcess Information:\n\tProcess ID:\t\t0xa40\n\tProcess Name:\t\tC:\\Windows\\System32\\dfsrs.exe",
        "_serial": "39126",
        "_si": [
          "index01",
          "main"
        ],
        "_time": "2018-11-03 23:10:48.000 UTC",
        "host": "t1-corp-ad-00",
        "index": "main",
        "linecount": "26",
        "source": "WinEventLog:Security",
        "sourcetype": "WinEventLog",
        "splunk_server": "index01"
      },
      {
        "Message": "A handle to an object was requested.\n\nSubject:\n\tSecurity ID:\t\tNT AUTHORITY\\SYSTEM\n\tAccount Name:\t\tAD-00$\n\tAccount Domain:\t\tCORP\n\tLogon ID:\t\t0x3E7\n\nObject:\n\tObject Server:\t\tSecurity\n\tObject Type:\t\tFile\n\tObject Name:\t\t\\Device\\HarddiskVolume1\n\tHandle ID:\t\t0x588\n\tResource Attributes:\t-\n\nProcess Information:\n\tProcess ID:\t\t0xa40\n\tProcess Name:\t\tC:\\Windows\\System32\\dfsrs.exe\n\nAccess Request Information:\n\tTransaction ID:\t\t{00000000-0000-0000-0000-000000000000}\n\tAccesses:\t\tSYNCHRONIZE\n\t\t\t\tReadAttributes\n\t\t\t\t\n\tAccess Reasons:\t\t-\n\tAccess Mask:\t\t0x100080\n\tPrivileges Used for Access Check:\t-\n\tRestricted SID Count:\t0",
        "_bkt": "main~48~309B8BB8-F45C-44CE-ABE5-EF8B9EC8A780",
        "_cd": "48:212273411",
        "_indextime": "1541286649",
        "_pre_msg": "11/03/2018 11:10:48 PM\nLogName=Security\nSourceName=Microsoft Windows security auditing.\nEventCode=4656\nEventType=0\nType=Information\nComputerName=ad-00.corp.wheelzapp.com\nTaskCategory=Removable Storage\nOpCode=Info\nRecordNumber=955739\nKeywords=Audit Success",
        "_raw": "11/03/2018 11:10:48 PM\nLogName=Security\nSourceName=Microsoft Windows security auditing.\nEventCode=4656\nEventType=0\nType=Information\nComputerName=ad-00.corp.wheelzapp.com\nTaskCategory=Removable Storage\nOpCode=Info\nRecordNumber=955739\nKeywords=Audit Success\nMessage=A handle to an object was requested.\n\nSubject:\n\tSecurity ID:\t\tNT AUTHORITY\\SYSTEM\n\tAccount Name:\t\tAD-00$\n\tAccount Domain:\t\tCORP\n\tLogon ID:\t\t0x3E7\n\nObject:\n\tObject Server:\t\tSecurity\n\tObject Type:\t\tFile\n\tObject Name:\t\t\\Device\\HarddiskVolume1\n\tHandle ID:\t\t0x588\n\tResource Attributes:\t-\n\nProcess Information:\n\tProcess ID:\t\t0xa40\n\tProcess Name:\t\tC:\\Windows\\System32\\dfsrs.exe\n\nAccess Request Information:\n\tTransaction ID:\t\t{00000000-0000-0000-0000-000000000000}\n\tAccesses:\t\tSYNCHRONIZE\n\t\t\t\tReadAttributes\n\t\t\t\t\n\tAccess Reasons:\t\t-\n\tAccess Mask:\t\t0x100080\n\tPrivileges Used for Access Check:\t-\n\tRestricted SID Count:\t0",
        "_serial": "39127",
        "_si": [
          "index01",
          "main"
        ],
        "_time": "2018-11-03 23:10:48.000 UTC",
        "host": "t1-corp-ad-00",
        "index": "main",
        "linecount": "39",
        "source": "WinEventLog:Security",
        "sourcetype": "WinEventLog",
        "splunk_server": "index01"
      },
      {
        "Message": "The handle to an object was closed.\n\nSubject :\n\tSecurity ID:\t\tNT AUTHORITY\\SYSTEM\n\tAccount Name:\t\tAD-00$\n\tAccount Domain:\t\tCORP\n\tLogon ID:\t\t0x3E7\n\nObject:\n\tObject Server:\t\tSecurity\n\tHandle ID:\t\t0x1150\n\nProcess Information:\n\tProcess ID:\t\t0xa40\n\tProcess Name:\t\tC:\\Windows\\System32\\dfsrs.exe",
        "_bkt": "main~48~309B8BB8-F45C-44CE-ABE5-EF8B9EC8A780",
        "_cd": "48:212273391",
        "_indextime": "1541286649",
        "_pre_msg": "11/03/2018 11:10:48 PM\nLogName=Security\nSourceName=Microsoft Windows security auditing.\nEventCode=4658\nEventType=0\nType=Information\nComputerName=ad-00.corp.wheelzapp.com\nTaskCategory=Removable Storage\nOpCode=Info\nRecordNumber=955738\nKeywords=Audit Success",
        "_raw": "11/03/2018 11:10:48 PM\nLogName=Security\nSourceName=Microsoft Windows security auditing.\nEventCode=4658\nEventType=0\nType=Information\nComputerName=ad-00.corp.wheelzapp.com\nTaskCategory=Removable Storage\nOpCode=Info\nRecordNumber=955738\nKeywords=Audit Success\nMessage=The handle to an object was closed.\n\nSubject :\n\tSecurity ID:\t\tNT AUTHORITY\\SYSTEM\n\tAccount Name:\t\tAD-00$\n\tAccount Domain:\t\tCORP\n\tLogon ID:\t\t0x3E7\n\nObject:\n\tObject Server:\t\tSecurity\n\tHandle ID:\t\t0x1150\n\nProcess Information:\n\tProcess ID:\t\t0xa40\n\tProcess Name:\t\tC:\\Windows\\System32\\dfsrs.exe",
        "_serial": "39128",
        "_si": [
          "index01",
          "main"
        ],
        "_time": "2018-11-03 23:10:48.000 UTC",
        "host": "t1-corp-ad-00",
        "index": "main",
        "linecount": "26",
        "source": "WinEventLog:Security",
        "sourcetype": "WinEventLog",
        "splunk_server": "index01"
      },
      {
        "Message": "An attempt was made to duplicate a handle to an object.\n\nSubject:\n\tSecurity ID:\t\tNT AUTHORITY\\SYSTEM\n\tAccount Name:\t\tAD-00$\n\tAccount Domain:\t\tCORP\n\tLogon ID:\t\t0x3E7\n\nSource Handle Information:\n\tSource Handle ID:\t0x588\n\tSource Process ID:\t0xa40\n\nNew Handle Information:\n\tTarget Handle ID:\t0x1150\n\tTarget Process ID:\t0x4",
        "_bkt": "main~48~309B8BB8-F45C-44CE-ABE5-EF8B9EC8A780",
        "_cd": "48:212273370",
        "_indextime": "1541286649",
        "_pre_msg": "11/03/2018 11:10:48 PM\nLogName=Security\nSourceName=Microsoft Windows security auditing.\nEventCode=4690\nEventType=0\nType=Information\nComputerName=ad-00.corp.wheelzapp.com\nTaskCategory=Handle Manipulation\nOpCode=Info\nRecordNumber=955737\nKeywords=Audit Success",
        "_raw": "11/03/2018 11:10:48 PM\nLogName=Security\nSourceName=Microsoft Windows security auditing.\nEventCode=4690\nEventType=0\nType=Information\nComputerName=ad-00.corp.wheelzapp.com\nTaskCategory=Handle Manipulation\nOpCode=Info\nRecordNumber=955737\nKeywords=Audit Success\nMessage=An attempt was made to duplicate a handle to an object.\n\nSubject:\n\tSecurity ID:\t\tNT AUTHORITY\\SYSTEM\n\tAccount Name:\t\tAD-00$\n\tAccount Domain:\t\tCORP\n\tLogon ID:\t\t0x3E7\n\nSource Handle Information:\n\tSource Handle ID:\t0x588\n\tSource Process ID:\t0xa40\n\nNew Handle Information:\n\tTarget Handle ID:\t0x1150\n\tTarget Process ID:\t0x4",
        "_serial": "39129",
        "_si": [
          "index01",
          "main"
        ],
        "_time": "2018-11-03 23:10:48.000 UTC",
        "host": "t1-corp-ad-00",
        "index": "main",
        "linecount": "26",
        "source": "WinEventLog:Security",
        "sourcetype": "WinEventLog",
        "splunk_server": "index01"
      },
      {
        "Message": "The handle to an object was closed.\n\nSubject :\n\tSecurity ID:\t\tNT AUTHORITY\\SYSTEM\n\tAccount Name:\t\tAD-00$\n\tAccount Domain:\t\tCORP\n\tLogon ID:\t\t0x3E7\n\nObject:\n\tObject Server:\t\tSecurity\n\tHandle ID:\t\t0x588\n\nProcess Information:\n\tProcess ID:\t\t0xa40\n\tProcess Name:\t\tC:\\Windows\\System32\\dfsrs.exe",
        "_bkt": "main~48~309B8BB8-F45C-44CE-ABE5-EF8B9EC8A780",
        "_cd": "48:212273350",
        "_indextime": "1541286649",
        "_pre_msg": "11/03/2018 11:10:48 PM\nLogName=Security\nSourceName=Microsoft Windows security auditing.\nEventCode=4658\nEventType=0\nType=Information\nComputerName=ad-00.corp.wheelzapp.com\nTaskCategory=Removable Storage\nOpCode=Info\nRecordNumber=955736\nKeywords=Audit Success",
        "_raw": "11/03/2018 11:10:48 PM\nLogName=Security\nSourceName=Microsoft Windows security auditing.\nEventCode=4658\nEventType=0\nType=Information\nComputerName=ad-00.corp.wheelzapp.com\nTaskCategory=Removable Storage\nOpCode=Info\nRecordNumber=955736\nKeywords=Audit Success\nMessage=The handle to an object was closed.\n\nSubject :\n\tSecurity ID:\t\tNT AUTHORITY\\SYSTEM\n\tAccount Name:\t\tAD-00$\n\tAccount Domain:\t\tCORP\n\tLogon ID:\t\t0x3E7\n\nObject:\n\tObject Server:\t\tSecurity\n\tHandle ID:\t\t0x588\n\nProcess Information:\n\tProcess ID:\t\t0xa40\n\tProcess Name:\t\tC:\\Windows\\System32\\dfsrs.exe",
        "_serial": "39130",
        "_si": [
          "index01",
          "main"
        ],
        "_time": "2018-11-03 23:10:48.000 UTC",
        "host": "t1-corp-ad-00",
        "index": "main",
        "linecount": "26",
        "source": "WinEventLog:Security",
        "sourcetype": "WinEventLog",
        "splunk_server": "index01"
      },
      {
        "Message": "The handle to an object was closed.\n\nSubject :\n\tSecurity ID:\t\tNT AUTHORITY\\SYSTEM\n\tAccount Name:\t\tAD-00$\n\tAccount Domain:\t\tCORP\n\tLogon ID:\t\t0x3E7\n\nObject:\n\tObject Server:\t\tSecurity\n\tHandle ID:\t\t0x728\n\nProcess Information:\n\tProcess ID:\t\t0xa40\n\tProcess Name:\t\tC:\\Windows\\System32\\dfsrs.exe",
        "_bkt": "main~48~309B8BB8-F45C-44CE-ABE5-EF8B9EC8A780",
        "_cd": "48:212273331",
        "_indextime": "1541286649",
        "_pre_msg": "11/03/2018 11:10:48 PM\nLogName=Security\nSourceName=Microsoft Windows security auditing.\nEventCode=4658\nEventType=0\nType=Information\nComputerName=ad-00.corp.wheelzapp.com\nTaskCategory=Kernel Object\nOpCode=Info\nRecordNumber=955735\nKeywords=Audit Success",
        "_raw": "11/03/2018 11:10:48 PM\nLogName=Security\nSourceName=Microsoft Windows security auditing.\nEventCode=4658\nEventType=0\nType=Information\nComputerName=ad-00.corp.wheelzapp.com\nTaskCategory=Kernel Object\nOpCode=Info\nRecordNumber=955735\nKeywords=Audit Success\nMessage=The handle to an object was closed.\n\nSubject :\n\tSecurity ID:\t\tNT AUTHORITY\\SYSTEM\n\tAccount Name:\t\tAD-00$\n\tAccount Domain:\t\tCORP\n\tLogon ID:\t\t0x3E7\n\nObject:\n\tObject Server:\t\tSecurity\n\tHandle ID:\t\t0x728\n\nProcess Information:\n\tProcess ID:\t\t0xa40\n\tProcess Name:\t\tC:\\Windows\\System32\\dfsrs.exe",
        "_serial": "39131",
        "_si": [
          "index01",
          "main"
        ],
        "_time": "2018-11-03 23:10:48.000 UTC",
        "host": "t1-corp-ad-00",
        "index": "main",
        "linecount": "26",
        "source": "WinEventLog:Security",
        "sourcetype": "WinEventLog",
        "splunk_server": "index01"
      },
      {
        "Message": "An attempt was made to access an object.\n\nSubject:\n\tSecurity ID:\t\tNT AUTHORITY\\SYSTEM\n\tAccount Name:\t\tAD-00$\n\tAccount Domain:\t\tCORP\n\tLogon ID:\t\t0x3E7\n\nObject:\n\tObject Server:\t\tSecurity\n\tObject Type:\t\tSymbolicLink\n\tObject Name:\t\t\\GLOBAL??\\C:\n\tHandle ID:\t\t0x728\n\tResource Attributes:\t-\n\nProcess Information:\n\tProcess ID:\t\t0xa40\n\tProcess Name:\t\tC:\\Windows\\System32\\dfsrs.exe\n\nAccess Request Information:\n\tAccesses:\t\tUse symbolic link\n\t\t\t\t\n\tAccess Mask:\t\t0x1",
        "_bkt": "main~48~309B8BB8-F45C-44CE-ABE5-EF8B9EC8A780",
        "_cd": "48:212273306",
        "_indextime": "1541286649",
        "_pre_msg": "11/03/2018 11:10:48 PM\nLogName=Security\nSourceName=Microsoft Windows security auditing.\nEventCode=4663\nEventType=0\nType=Information\nComputerName=ad-00.corp.wheelzapp.com\nTaskCategory=Kernel Object\nOpCode=Info\nRecordNumber=955734\nKeywords=Audit Success",
        "_raw": "11/03/2018 11:10:48 PM\nLogName=Security\nSourceName=Microsoft Windows security auditing.\nEventCode=4663\nEventType=0\nType=Information\nComputerName=ad-00.corp.wheelzapp.com\nTaskCategory=Kernel Object\nOpCode=Info\nRecordNumber=955734\nKeywords=Audit Success\nMessage=An attempt was made to access an object.\n\nSubject:\n\tSecurity ID:\t\tNT AUTHORITY\\SYSTEM\n\tAccount Name:\t\tAD-00$\n\tAccount Domain:\t\tCORP\n\tLogon ID:\t\t0x3E7\n\nObject:\n\tObject Server:\t\tSecurity\n\tObject Type:\t\tSymbolicLink\n\tObject Name:\t\t\\GLOBAL??\\C:\n\tHandle ID:\t\t0x728\n\tResource Attributes:\t-\n\nProcess Information:\n\tProcess ID:\t\t0xa40\n\tProcess Name:\t\tC:\\Windows\\System32\\dfsrs.exe\n\nAccess Request Information:\n\tAccesses:\t\tUse symbolic link\n\t\t\t\t\n\tAccess Mask:\t\t0x1",
        "_serial": "39132",
        "_si": [
          "index01",
          "main"
        ],
        "_time": "2018-11-03 23:10:48.000 UTC",
        "host": "t1-corp-ad-00",
        "index": "main",
        "linecount": "34",
        "source": "WinEventLog:Security",
        "sourcetype": "WinEventLog",
        "splunk_server": "index01"
      },
      {
        "Message": "A handle to an object was requested.\n\nSubject:\n\tSecurity ID:\t\tNT AUTHORITY\\SYSTEM\n\tAccount Name:\t\tAD-00$\n\tAccount Domain:\t\tCORP\n\tLogon ID:\t\t0x3E7\n\nObject:\n\tObject Server:\t\tSecurity\n\tObject Type:\t\tSymbolicLink\n\tObject Name:\t\t\\GLOBAL??\\C:\n\tHandle ID:\t\t0x728\n\tResource Attributes:\t-\n\nProcess Information:\n\tProcess ID:\t\t0xa40\n\tProcess Name:\t\tC:\\Windows\\System32\\dfsrs.exe\n\nAccess Request Information:\n\tTransaction ID:\t\t{00000000-0000-0000-0000-000000000000}\n\tAccesses:\t\tUse symbolic link\n\t\t\t\t\n\tAccess Reasons:\t\t-\n\tAccess Mask:\t\t0x1\n\tPrivileges Used for Access Check:\t-\n\tRestricted SID Count:\t0",
        "_bkt": "main~48~309B8BB8-F45C-44CE-ABE5-EF8B9EC8A780",
        "_cd": "48:212273276",
        "_indextime": "1541286649",
        "_pre_msg": "11/03/2018 11:10:48 PM\nLogName=Security\nSourceName=Microsoft Windows security auditing.\nEventCode=4656\nEventType=0\nType=Information\nComputerName=ad-00.corp.wheelzapp.com\nTaskCategory=Kernel Object\nOpCode=Info\nRecordNumber=955733\nKeywords=Audit Success",
        "_raw": "11/03/2018 11:10:48 PM\nLogName=Security\nSourceName=Microsoft Windows security auditing.\nEventCode=4656\nEventType=0\nType=Information\nComputerName=ad-00.corp.wheelzapp.com\nTaskCategory=Kernel Object\nOpCode=Info\nRecordNumber=955733\nKeywords=Audit Success\nMessage=A handle to an object was requested.\n\nSubject:\n\tSecurity ID:\t\tNT AUTHORITY\\SYSTEM\n\tAccount Name:\t\tAD-00$\n\tAccount Domain:\t\tCORP\n\tLogon ID:\t\t0x3E7\n\nObject:\n\tObject Server:\t\tSecurity\n\tObject Type:\t\tSymbolicLink\n\tObject Name:\t\t\\GLOBAL??\\C:\n\tHandle ID:\t\t0x728\n\tResource Attributes:\t-\n\nProcess Information:\n\tProcess ID:\t\t0xa40\n\tProcess Name:\t\tC:\\Windows\\System32\\dfsrs.exe\n\nAccess Request Information:\n\tTransaction ID:\t\t{00000000-0000-0000-0000-000000000000}\n\tAccesses:\t\tUse symbolic link\n\t\t\t\t\n\tAccess Reasons:\t\t-\n\tAccess Mask:\t\t0x1\n\tPrivileges Used for Access Check:\t-\n\tRestricted SID Count:\t0",
        "_serial": "39133",
        "_si": [
          "index01",
          "main"
        ],
        "_time": "2018-11-03 23:10:48.000 UTC",
        "host": "t1-corp-ad-00",
        "index": "main",
        "linecount": "38",
        "source": "WinEventLog:Security",
        "sourcetype": "WinEventLog",
        "splunk_server": "index01"
      },
      {
        "Message": "The handle to an object was closed.\n\nSubject :\n\tSecurity ID:\t\tNT AUTHORITY\\SYSTEM\n\tAccount Name:\t\tAD-00$\n\tAccount Domain:\t\tCORP\n\tLogon ID:\t\t0x3E7\n\nObject:\n\tObject Server:\t\tSecurity\n\tHandle ID:\t\t0x1150\n\nProcess Information:\n\tProcess ID:\t\t0xa40\n\tProcess Name:\t\tC:\\Windows\\System32\\dfsrs.exe",
        "_bkt": "main~48~309B8BB8-F45C-44CE-ABE5-EF8B9EC8A780",
        "_cd": "48:212273257",
        "_indextime": "1541286649",
        "_pre_msg": "11/03/2018 11:10:48 PM\nLogName=Security\nSourceName=Microsoft Windows security auditing.\nEventCode=4658\nEventType=0\nType=Information\nComputerName=ad-00.corp.wheelzapp.com\nTaskCategory=Kernel Object\nOpCode=Info\nRecordNumber=955732\nKeywords=Audit Success",
        "_raw": "11/03/2018 11:10:48 PM\nLogName=Security\nSourceName=Microsoft Windows security auditing.\nEventCode=4658\nEventType=0\nType=Information\nComputerName=ad-00.corp.wheelzapp.com\nTaskCategory=Kernel Object\nOpCode=Info\nRecordNumber=955732\nKeywords=Audit Success\nMessage=The handle to an object was closed.\n\nSubject :\n\tSecurity ID:\t\tNT AUTHORITY\\SYSTEM\n\tAccount Name:\t\tAD-00$\n\tAccount Domain:\t\tCORP\n\tLogon ID:\t\t0x3E7\n\nObject:\n\tObject Server:\t\tSecurity\n\tHandle ID:\t\t0x1150\n\nProcess Information:\n\tProcess ID:\t\t0xa40\n\tProcess Name:\t\tC:\\Windows\\System32\\dfsrs.exe",
        "_serial": "39134",
        "_si": [
          "index01",
          "main"
        ],
        "_time": "2018-11-03 23:10:48.000 UTC",
        "host": "t1-corp-ad-00",
        "index": "main",
        "linecount": "26",
        "source": "WinEventLog:Security",
        "sourcetype": "WinEventLog",
        "splunk_server": "index01"
      },
      {
        "Message": "An attempt was made to duplicate a handle to an object.\n\nSubject:\n\tSecurity ID:\t\tNT AUTHORITY\\SYSTEM\n\tAccount Name:\t\tAD-00$\n\tAccount Domain:\t\tCORP\n\tLogon ID:\t\t0x3E7\n\nSource Handle Information:\n\tSource Handle ID:\t0x728\n\tSource Process ID:\t0xa40\n\nNew Handle Information:\n\tTarget Handle ID:\t0x1150\n\tTarget Process ID:\t0x4",
        "_bkt": "main~48~309B8BB8-F45C-44CE-ABE5-EF8B9EC8A780",
        "_cd": "48:212273236",
        "_indextime": "1541286649",
        "_pre_msg": "11/03/2018 11:10:48 PM\nLogName=Security\nSourceName=Microsoft Windows security auditing.\nEventCode=4690\nEventType=0\nType=Information\nComputerName=ad-00.corp.wheelzapp.com\nTaskCategory=Handle Manipulation\nOpCode=Info\nRecordNumber=955731\nKeywords=Audit Success",
        "_raw": "11/03/2018 11:10:48 PM\nLogName=Security\nSourceName=Microsoft Windows security auditing.\nEventCode=4690\nEventType=0\nType=Information\nComputerName=ad-00.corp.wheelzapp.com\nTaskCategory=Handle Manipulation\nOpCode=Info\nRecordNumber=955731\nKeywords=Audit Success\nMessage=An attempt was made to duplicate a handle to an object.\n\nSubject:\n\tSecurity ID:\t\tNT AUTHORITY\\SYSTEM\n\tAccount Name:\t\tAD-00$\n\tAccount Domain:\t\tCORP\n\tLogon ID:\t\t0x3E7\n\nSource Handle Information:\n\tSource Handle ID:\t0x728\n\tSource Process ID:\t0xa40\n\nNew Handle Information:\n\tTarget Handle ID:\t0x1150\n\tTarget Process ID:\t0x4",
        "_serial": "39135",
        "_si": [
          "index01",
          "main"
        ],
        "_time": "2018-11-03 23:10:48.000 UTC",
        "host": "t1-corp-ad-00",
        "index": "main",
        "linecount": "26",
        "source": "WinEventLog:Security",
        "sourcetype": "WinEventLog",
        "splunk_server": "index01"
      },
      {
        "Message": "A handle to an object was requested.\n\nSubject:\n\tSecurity ID:\t\tNT AUTHORITY\\SYSTEM\n\tAccount Name:\t\tAD-00$\n\tAccount Domain:\t\tCORP\n\tLogon ID:\t\t0x3E7\n\nObject:\n\tObject Server:\t\tSecurity\n\tObject Type:\t\tFile\n\tObject Name:\t\t\\Device\\HarddiskVolume1\n\tHandle ID:\t\t0x588\n\tResource Attributes:\t-\n\nProcess Information:\n\tProcess ID:\t\t0xa40\n\tProcess Name:\t\tC:\\Windows\\System32\\dfsrs.exe\n\nAccess Request Information:\n\tTransaction ID:\t\t{00000000-0000-0000-0000-000000000000}\n\tAccesses:\t\tSYNCHRONIZE\n\t\t\t\tReadAttributes\n\t\t\t\t\n\tAccess Reasons:\t\t-\n\tAccess Mask:\t\t0x100080\n\tPrivileges Used for Access Check:\t-\n\tRestricted SID Count:\t0",
        "_bkt": "main~48~309B8BB8-F45C-44CE-ABE5-EF8B9EC8A780",
        "_cd": "48:212273206",
        "_indextime": "1541286649",
        "_pre_msg": "11/03/2018 11:10:48 PM\nLogName=Security\nSourceName=Microsoft Windows security auditing.\nEventCode=4656\nEventType=0\nType=Information\nComputerName=ad-00.corp.wheelzapp.com\nTaskCategory=Removable Storage\nOpCode=Info\nRecordNumber=955730\nKeywords=Audit Success",
        "_raw": "11/03/2018 11:10:48 PM\nLogName=Security\nSourceName=Microsoft Windows security auditing.\nEventCode=4656\nEventType=0\nType=Information\nComputerName=ad-00.corp.wheelzapp.com\nTaskCategory=Removable Storage\nOpCode=Info\nRecordNumber=955730\nKeywords=Audit Success\nMessage=A handle to an object was requested.\n\nSubject:\n\tSecurity ID:\t\tNT AUTHORITY\\SYSTEM\n\tAccount Name:\t\tAD-00$\n\tAccount Domain:\t\tCORP\n\tLogon ID:\t\t0x3E7\n\nObject:\n\tObject Server:\t\tSecurity\n\tObject Type:\t\tFile\n\tObject Name:\t\t\\Device\\HarddiskVolume1\n\tHandle ID:\t\t0x588\n\tResource Attributes:\t-\n\nProcess Information:\n\tProcess ID:\t\t0xa40\n\tProcess Name:\t\tC:\\Windows\\System32\\dfsrs.exe\n\nAccess Request Information:\n\tTransaction ID:\t\t{00000000-0000-0000-0000-000000000000}\n\tAccesses:\t\tSYNCHRONIZE\n\t\t\t\tReadAttributes\n\t\t\t\t\n\tAccess Reasons:\t\t-\n\tAccess Mask:\t\t0x100080\n\tPrivileges Used for Access Check:\t-\n\tRestricted SID Count:\t0",
        "_serial": "39136",
        "_si": [
          "index01",
          "main"
        ],
        "_time": "2018-11-03 23:10:48.000 UTC",
        "host": "t1-corp-ad-00",
        "index": "main",
        "linecount": "39",
        "source": "WinEventLog:Security",
        "sourcetype": "WinEventLog",
        "splunk_server": "index01"
      },
      {
        "Message": "The handle to an object was closed.\n\nSubject :\n\tSecurity ID:\t\tNT AUTHORITY\\SYSTEM\n\tAccount Name:\t\tAD-00$\n\tAccount Domain:\t\tCORP\n\tLogon ID:\t\t0x3E7\n\nObject:\n\tObject Server:\t\tSecurity\n\tHandle ID:\t\t0x1150\n\nProcess Information:\n\tProcess ID:\t\t0xa40\n\tProcess Name:\t\tC:\\Windows\\System32\\dfsrs.exe",
        "_bkt": "main~48~309B8BB8-F45C-44CE-ABE5-EF8B9EC8A780",
        "_cd": "48:212273186",
        "_indextime": "1541286649",
        "_pre_msg": "11/03/2018 11:10:48 PM\nLogName=Security\nSourceName=Microsoft Windows security auditing.\nEventCode=4658\nEventType=0\nType=Information\nComputerName=ad-00.corp.wheelzapp.com\nTaskCategory=Removable Storage\nOpCode=Info\nRecordNumber=955729\nKeywords=Audit Success",
        "_raw": "11/03/2018 11:10:48 PM\nLogName=Security\nSourceName=Microsoft Windows security auditing.\nEventCode=4658\nEventType=0\nType=Information\nComputerName=ad-00.corp.wheelzapp.com\nTaskCategory=Removable Storage\nOpCode=Info\nRecordNumber=955729\nKeywords=Audit Success\nMessage=The handle to an object was closed.\n\nSubject :\n\tSecurity ID:\t\tNT AUTHORITY\\SYSTEM\n\tAccount Name:\t\tAD-00$\n\tAccount Domain:\t\tCORP\n\tLogon ID:\t\t0x3E7\n\nObject:\n\tObject Server:\t\tSecurity\n\tHandle ID:\t\t0x1150\n\nProcess Information:\n\tProcess ID:\t\t0xa40\n\tProcess Name:\t\tC:\\Windows\\System32\\dfsrs.exe",
        "_serial": "39137",
        "_si": [
          "index01",
          "main"
        ],
        "_time": "2018-11-03 23:10:48.000 UTC",
        "host": "t1-corp-ad-00",
        "index": "main",
        "linecount": "26",
        "source": "WinEventLog:Security",
        "sourcetype": "WinEventLog",
        "splunk_server": "index01"
      },
      {
        "Message": "An attempt was made to duplicate a handle to an object.\n\nSubject:\n\tSecurity ID:\t\tNT AUTHORITY\\SYSTEM\n\tAccount Name:\t\tAD-00$\n\tAccount Domain:\t\tCORP\n\tLogon ID:\t\t0x3E7\n\nSource Handle Information:\n\tSource Handle ID:\t0x588\n\tSource Process ID:\t0xa40\n\nNew Handle Information:\n\tTarget Handle ID:\t0x1150\n\tTarget Process ID:\t0x4",
        "_bkt": "main~48~309B8BB8-F45C-44CE-ABE5-EF8B9EC8A780",
        "_cd": "48:212271743",
        "_indextime": "1541286649",
        "_pre_msg": "11/03/2018 11:10:48 PM\nLogName=Security\nSourceName=Microsoft Windows security auditing.\nEventCode=4690\nEventType=0\nType=Information\nComputerName=ad-00.corp.wheelzapp.com\nTaskCategory=Handle Manipulation\nOpCode=Info\nRecordNumber=955728\nKeywords=Audit Success",
