        "_raw": "11/03/2018 09:12:42 PM\nLogName=Security\nSourceName=Microsoft Windows security auditing.\nEventCode=4688\nEventType=0\nType=Information\nComputerName=ad-00.corp.wheelzapp.com\nTaskCategory=Process Creation\nOpCode=Info\nRecordNumber=856763\nKeywords=Audit Success\nMessage=A new process has been created.\n\nCreator Subject:\n\tSecurity ID:\t\tNT AUTHORITY\\SYSTEM\n\tAccount Name:\t\tAD-00$\n\tAccount Domain:\t\tCORP\n\tLogon ID:\t\t0x3E7\n\nTarget Subject:\n\tSecurity ID:\t\tNULL SID\n\tAccount Name:\t\t-\n\tAccount Domain:\t\t-\n\tLogon ID:\t\t0x0\n\nProcess Information:\n\tNew Process ID:\t\t0x688\n\tNew Process Name:\tC:\\Program Files\\SplunkUniversalForwarder\\bin\\splunk-MonitorNoHandle.exe\n\tToken Elevation Type:\t%%1936\n\tMandatory Label:\t\tMandatory Label\\System Mandatory Level\n\tCreator Process ID:\t0xd28\n\tCreator Process Name:\tC:\\Program Files\\SplunkUniversalForwarder\\bin\\splunkd.exe\n\tProcess Command Line:\t\n\nToken Elevation Type indicates the type of token that was assigned to the new process in accordance with User Account Control policy.\n\nType 1 is a full token with no privileges removed or groups disabled.  A full token is only used if User Account Control is disabled or if the user is the built-in Administrator account or a service account.\n\nType 2 is an elevated token with no privileges removed or groups disabled.  An elevated token is used when User Account Control is enabled and the user chooses to start the program using Run as administrator.  An elevated token is also used when an application is configured to always require administrative privilege or to always require maximum privilege, and the user is a member of the Administrators group.\n\nType 3 is a limited token with administrative privileges removed and administrative groups disabled.  The limited token is used when User Account Control is enabled, the application does not require administrative privilege, and the user does not choose to start the program using Run as administrator.",
        "_serial": "301749",
        "_si": [
          "index01",
          "main"
        ],
        "_time": "2018-11-03 21:12:42.000 UTC",
        "host": "t1-corp-ad-00",
        "index": "main",
        "linecount": "41",
        "source": "WinEventLog:Security",
        "sourcetype": "WinEventLog",
        "splunk_server": "index01"
      },
      {
        "Message": "A process has exited.\n\nSubject:\n\tSecurity ID:\t\tNT AUTHORITY\\SYSTEM\n\tAccount Name:\t\tAD-00$\n\tAccount Domain:\t\tCORP\n\tLogon ID:\t\t0x3E7\n\nProcess Information:\n\tProcess ID:\t0x11e0\n\tProcess Name:\tC:\\Program Files\\SplunkUniversalForwarder\\bin\\splunk-powershell.exe\n\tExit Status:\t0x1",
        "_bkt": "main~45~B135F5F1-8761-4D6B-9993-723ECD8DFAF7",
        "_cd": "45:384219368",
        "_indextime": "1541279563",
        "_pre_msg": "11/03/2018 09:12:42 PM\nLogName=Security\nSourceName=Microsoft Windows security auditing.\nEventCode=4689\nEventType=0\nType=Information\nComputerName=ad-00.corp.wheelzapp.com\nTaskCategory=Process Termination\nOpCode=Info\nRecordNumber=856762\nKeywords=Audit Success",
        "_raw": "11/03/2018 09:12:42 PM\nLogName=Security\nSourceName=Microsoft Windows security auditing.\nEventCode=4689\nEventType=0\nType=Information\nComputerName=ad-00.corp.wheelzapp.com\nTaskCategory=Process Termination\nOpCode=Info\nRecordNumber=856762\nKeywords=Audit Success\nMessage=A process has exited.\n\nSubject:\n\tSecurity ID:\t\tNT AUTHORITY\\SYSTEM\n\tAccount Name:\t\tAD-00$\n\tAccount Domain:\t\tCORP\n\tLogon ID:\t\t0x3E7\n\nProcess Information:\n\tProcess ID:\t0x11e0\n\tProcess Name:\tC:\\Program Files\\SplunkUniversalForwarder\\bin\\splunk-powershell.exe\n\tExit Status:\t0x1",
        "_serial": "301750",
        "_si": [
          "index01",
          "main"
        ],
        "_time": "2018-11-03 21:12:42.000 UTC",
        "host": "t1-corp-ad-00",
        "index": "main",
        "linecount": "23",
        "source": "WinEventLog:Security",
        "sourcetype": "WinEventLog",
        "splunk_server": "index01"
      },
      {
        "Message": "A new process has been created.\n\nCreator Subject:\n\tSecurity ID:\t\tNT AUTHORITY\\SYSTEM\n\tAccount Name:\t\tAD-00$\n\tAccount Domain:\t\tCORP\n\tLogon ID:\t\t0x3E7\n\nTarget Subject:\n\tSecurity ID:\t\tNULL SID\n\tAccount Name:\t\t-\n\tAccount Domain:\t\t-\n\tLogon ID:\t\t0x0\n\nProcess Information:\n\tNew Process ID:\t\t0x11e0\n\tNew Process Name:\tC:\\Program Files\\SplunkUniversalForwarder\\bin\\splunk-powershell.exe\n\tToken Elevation Type:\t%%1936\n\tMandatory Label:\t\tMandatory Label\\System Mandatory Level\n\tCreator Process ID:\t0xd28\n\tCreator Process Name:\tC:\\Program Files\\SplunkUniversalForwarder\\bin\\splunkd.exe\n\tProcess Command Line:\t\n\nToken Elevation Type indicates the type of token that was assigned to the new process in accordance with User Account Control policy.\n\nType 1 is a full token with no privileges removed or groups disabled.  A full token is only used if User Account Control is disabled or if the user is the built-in Administrator account or a service account.\n\nType 2 is an elevated token with no privileges removed or groups disabled.  An elevated token is used when User Account Control is enabled and the user chooses to start the program using Run as administrator.  An elevated token is also used when an application is configured to always require administrative privilege or to always require maximum privilege, and the user is a member of the Administrators group.\n\nType 3 is a limited token with administrative privileges removed and administrative groups disabled.  The limited token is used when User Account Control is enabled, the application does not require administrative privilege, and the user does not choose to start the program using Run as administrator.",
        "_bkt": "main~45~B135F5F1-8761-4D6B-9993-723ECD8DFAF7",
        "_cd": "45:384219305",
        "_indextime": "1541279563",
        "_pre_msg": "11/03/2018 09:12:42 PM\nLogName=Security\nSourceName=Microsoft Windows security auditing.\nEventCode=4688\nEventType=0\nType=Information\nComputerName=ad-00.corp.wheelzapp.com\nTaskCategory=Process Creation\nOpCode=Info\nRecordNumber=856761\nKeywords=Audit Success",
        "_raw": "11/03/2018 09:12:42 PM\nLogName=Security\nSourceName=Microsoft Windows security auditing.\nEventCode=4688\nEventType=0\nType=Information\nComputerName=ad-00.corp.wheelzapp.com\nTaskCategory=Process Creation\nOpCode=Info\nRecordNumber=856761\nKeywords=Audit Success\nMessage=A new process has been created.\n\nCreator Subject:\n\tSecurity ID:\t\tNT AUTHORITY\\SYSTEM\n\tAccount Name:\t\tAD-00$\n\tAccount Domain:\t\tCORP\n\tLogon ID:\t\t0x3E7\n\nTarget Subject:\n\tSecurity ID:\t\tNULL SID\n\tAccount Name:\t\t-\n\tAccount Domain:\t\t-\n\tLogon ID:\t\t0x0\n\nProcess Information:\n\tNew Process ID:\t\t0x11e0\n\tNew Process Name:\tC:\\Program Files\\SplunkUniversalForwarder\\bin\\splunk-powershell.exe\n\tToken Elevation Type:\t%%1936\n\tMandatory Label:\t\tMandatory Label\\System Mandatory Level\n\tCreator Process ID:\t0xd28\n\tCreator Process Name:\tC:\\Program Files\\SplunkUniversalForwarder\\bin\\splunkd.exe\n\tProcess Command Line:\t\n\nToken Elevation Type indicates the type of token that was assigned to the new process in accordance with User Account Control policy.\n\nType 1 is a full token with no privileges removed or groups disabled.  A full token is only used if User Account Control is disabled or if the user is the built-in Administrator account or a service account.\n\nType 2 is an elevated token with no privileges removed or groups disabled.  An elevated token is used when User Account Control is enabled and the user chooses to start the program using Run as administrator.  An elevated token is also used when an application is configured to always require administrative privilege or to always require maximum privilege, and the user is a member of the Administrators group.\n\nType 3 is a limited token with administrative privileges removed and administrative groups disabled.  The limited token is used when User Account Control is enabled, the application does not require administrative privilege, and the user does not choose to start the program using Run as administrator.",
        "_serial": "301751",
        "_si": [
          "index01",
          "main"
        ],
        "_time": "2018-11-03 21:12:42.000 UTC",
        "host": "t1-corp-ad-00",
        "index": "main",
        "linecount": "41",
        "source": "WinEventLog:Security",
        "sourcetype": "WinEventLog",
        "splunk_server": "index01"
      },
      {
        "Message": "A process has exited.\n\nSubject:\n\tSecurity ID:\t\tNT AUTHORITY\\SYSTEM\n\tAccount Name:\t\tAD-00$\n\tAccount Domain:\t\tCORP\n\tLogon ID:\t\t0x3E7\n\nProcess Information:\n\tProcess ID:\t0x1354\n\tProcess Name:\tC:\\Program Files\\SplunkUniversalForwarder\\bin\\splunk-powershell.exe\n\tExit Status:\t0x1",
        "_bkt": "main~45~B135F5F1-8761-4D6B-9993-723ECD8DFAF7",
        "_cd": "45:384219286",
        "_indextime": "1541279563",
        "_pre_msg": "11/03/2018 09:12:42 PM\nLogName=Security\nSourceName=Microsoft Windows security auditing.\nEventCode=4689\nEventType=0\nType=Information\nComputerName=ad-00.corp.wheelzapp.com\nTaskCategory=Process Termination\nOpCode=Info\nRecordNumber=856760\nKeywords=Audit Success",
        "_raw": "11/03/2018 09:12:42 PM\nLogName=Security\nSourceName=Microsoft Windows security auditing.\nEventCode=4689\nEventType=0\nType=Information\nComputerName=ad-00.corp.wheelzapp.com\nTaskCategory=Process Termination\nOpCode=Info\nRecordNumber=856760\nKeywords=Audit Success\nMessage=A process has exited.\n\nSubject:\n\tSecurity ID:\t\tNT AUTHORITY\\SYSTEM\n\tAccount Name:\t\tAD-00$\n\tAccount Domain:\t\tCORP\n\tLogon ID:\t\t0x3E7\n\nProcess Information:\n\tProcess ID:\t0x1354\n\tProcess Name:\tC:\\Program Files\\SplunkUniversalForwarder\\bin\\splunk-powershell.exe\n\tExit Status:\t0x1",
        "_serial": "301752",
        "_si": [
          "index01",
          "main"
        ],
        "_time": "2018-11-03 21:12:42.000 UTC",
        "host": "t1-corp-ad-00",
        "index": "main",
        "linecount": "23",
        "source": "WinEventLog:Security",
        "sourcetype": "WinEventLog",
        "splunk_server": "index01"
      },
      {
        "Message": "A new process has been created.\n\nCreator Subject:\n\tSecurity ID:\t\tNT AUTHORITY\\SYSTEM\n\tAccount Name:\t\tAD-00$\n\tAccount Domain:\t\tCORP\n\tLogon ID:\t\t0x3E7\n\nTarget Subject:\n\tSecurity ID:\t\tNULL SID\n\tAccount Name:\t\t-\n\tAccount Domain:\t\t-\n\tLogon ID:\t\t0x0\n\nProcess Information:\n\tNew Process ID:\t\t0x1354\n\tNew Process Name:\tC:\\Program Files\\SplunkUniversalForwarder\\bin\\splunk-powershell.exe\n\tToken Elevation Type:\t%%1936\n\tMandatory Label:\t\tMandatory Label\\System Mandatory Level\n\tCreator Process ID:\t0xd28\n\tCreator Process Name:\tC:\\Program Files\\SplunkUniversalForwarder\\bin\\splunkd.exe\n\tProcess Command Line:\t\n\nToken Elevation Type indicates the type of token that was assigned to the new process in accordance with User Account Control policy.\n\nType 1 is a full token with no privileges removed or groups disabled.  A full token is only used if User Account Control is disabled or if the user is the built-in Administrator account or a service account.\n\nType 2 is an elevated token with no privileges removed or groups disabled.  An elevated token is used when User Account Control is enabled and the user chooses to start the program using Run as administrator.  An elevated token is also used when an application is configured to always require administrative privilege or to always require maximum privilege, and the user is a member of the Administrators group.\n\nType 3 is a limited token with administrative privileges removed and administrative groups disabled.  The limited token is used when User Account Control is enabled, the application does not require administrative privilege, and the user does not choose to start the program using Run as administrator.",
        "_bkt": "main~45~B135F5F1-8761-4D6B-9993-723ECD8DFAF7",
        "_cd": "45:384213165",
        "_indextime": "1541279563",
        "_pre_msg": "11/03/2018 09:12:42 PM\nLogName=Security\nSourceName=Microsoft Windows security auditing.\nEventCode=4688\nEventType=0\nType=Information\nComputerName=ad-00.corp.wheelzapp.com\nTaskCategory=Process Creation\nOpCode=Info\nRecordNumber=856759\nKeywords=Audit Success",
        "_raw": "11/03/2018 09:12:42 PM\nLogName=Security\nSourceName=Microsoft Windows security auditing.\nEventCode=4688\nEventType=0\nType=Information\nComputerName=ad-00.corp.wheelzapp.com\nTaskCategory=Process Creation\nOpCode=Info\nRecordNumber=856759\nKeywords=Audit Success\nMessage=A new process has been created.\n\nCreator Subject:\n\tSecurity ID:\t\tNT AUTHORITY\\SYSTEM\n\tAccount Name:\t\tAD-00$\n\tAccount Domain:\t\tCORP\n\tLogon ID:\t\t0x3E7\n\nTarget Subject:\n\tSecurity ID:\t\tNULL SID\n\tAccount Name:\t\t-\n\tAccount Domain:\t\t-\n\tLogon ID:\t\t0x0\n\nProcess Information:\n\tNew Process ID:\t\t0x1354\n\tNew Process Name:\tC:\\Program Files\\SplunkUniversalForwarder\\bin\\splunk-powershell.exe\n\tToken Elevation Type:\t%%1936\n\tMandatory Label:\t\tMandatory Label\\System Mandatory Level\n\tCreator Process ID:\t0xd28\n\tCreator Process Name:\tC:\\Program Files\\SplunkUniversalForwarder\\bin\\splunkd.exe\n\tProcess Command Line:\t\n\nToken Elevation Type indicates the type of token that was assigned to the new process in accordance with User Account Control policy.\n\nType 1 is a full token with no privileges removed or groups disabled.  A full token is only used if User Account Control is disabled or if the user is the built-in Administrator account or a service account.\n\nType 2 is an elevated token with no privileges removed or groups disabled.  An elevated token is used when User Account Control is enabled and the user chooses to start the program using Run as administrator.  An elevated token is also used when an application is configured to always require administrative privilege or to always require maximum privilege, and the user is a member of the Administrators group.\n\nType 3 is a limited token with administrative privileges removed and administrative groups disabled.  The limited token is used when User Account Control is enabled, the application does not require administrative privilege, and the user does not choose to start the program using Run as administrator.",
        "_serial": "301753",
        "_si": [
          "index01",
          "main"
        ],
        "_time": "2018-11-03 21:12:42.000 UTC",
        "host": "t1-corp-ad-00",
        "index": "main",
        "linecount": "41",
        "source": "WinEventLog:Security",
        "sourcetype": "WinEventLog",
        "splunk_server": "index01"
      },
      {
        "Message": "The handle to an object was closed.\n\nSubject :\n\tSecurity ID:\t\tNT AUTHORITY\\SYSTEM\n\tAccount Name:\t\tEMPLOYEE-01$\n\tAccount Domain:\t\tCORP\n\tLogon ID:\t\t0x3E7\n\nObject:\n\tObject Server:\t\tSecurity\n\tHandle ID:\t\t0x704\n\nProcess Information:\n\tProcess ID:\t\t0x13cc\n\tProcess Name:\t\tC:\\Program Files (x86)\\BigFix Enterprise\\BES Client\\BESClient.exe",
        "_bkt": "main~46~309B8BB8-F45C-44CE-ABE5-EF8B9EC8A780",
        "_cd": "46:401928605",
        "_indextime": "1541279563",
        "_pre_msg": "11/03/2018 09:12:42 PM\nLogName=Security\nSourceName=Microsoft Windows security auditing.\nEventCode=4658\nEventType=0\nType=Information\nComputerName=employee-01.corp.wheelzapp.com\nTaskCategory=Kernel Object\nOpCode=Info\nRecordNumber=213770\nKeywords=Audit Success",
        "_raw": "11/03/2018 09:12:42 PM\nLogName=Security\nSourceName=Microsoft Windows security auditing.\nEventCode=4658\nEventType=0\nType=Information\nComputerName=employee-01.corp.wheelzapp.com\nTaskCategory=Kernel Object\nOpCode=Info\nRecordNumber=213770\nKeywords=Audit Success\nMessage=The handle to an object was closed.\n\nSubject :\n\tSecurity ID:\t\tNT AUTHORITY\\SYSTEM\n\tAccount Name:\t\tEMPLOYEE-01$\n\tAccount Domain:\t\tCORP\n\tLogon ID:\t\t0x3E7\n\nObject:\n\tObject Server:\t\tSecurity\n\tHandle ID:\t\t0x704\n\nProcess Information:\n\tProcess ID:\t\t0x13cc\n\tProcess Name:\t\tC:\\Program Files (x86)\\BigFix Enterprise\\BES Client\\BESClient.exe",
        "_serial": "301754",
        "_si": [
          "index01",
          "main"
        ],
        "_time": "2018-11-03 21:12:42.000 UTC",
        "host": "t1-corp-employee-01",
        "index": "main",
        "linecount": "26",
        "source": "WinEventLog:Security",
        "sourcetype": "WinEventLog",
        "splunk_server": "index01"
      },
      {
        "Message": "A handle to an object was requested.\n\nSubject:\n\tSecurity ID:\t\tNT AUTHORITY\\SYSTEM\n\tAccount Name:\t\tEMPLOYEE-01$\n\tAccount Domain:\t\tCORP\n\tLogon ID:\t\t0x3E7\n\nObject:\n\tObject Server:\t\tSecurity\n\tObject Type:\t\tProcess\n\tObject Name:\t\t\\Device\\HarddiskVolume1\\Windows\\System32\\lsass.exe\n\tHandle ID:\t\t0x704\n\tResource Attributes:\t-\n\nProcess Information:\n\tProcess ID:\t\t0x13cc\n\tProcess Name:\t\tC:\\Program Files (x86)\\BigFix Enterprise\\BES Client\\BESClient.exe\n\nAccess Request Information:\n\tTransaction ID:\t\t{00000000-0000-0000-0000-000000000000}\n\tAccesses:\t\tRead from process memory\n\t\t\t\tQuery process information\n\t\t\t\tUndefined Access (no effect) Bit 12\n\t\t\t\t\n\tAccess Reasons:\t\t-\n\tAccess Mask:\t\t0x1410\n\tPrivileges Used for Access Check:\t-\n\tRestricted SID Count:\t0",
        "_bkt": "main~46~309B8BB8-F45C-44CE-ABE5-EF8B9EC8A780",
        "_cd": "46:401928570",
        "_indextime": "1541279563",
        "_pre_msg": "11/03/2018 09:12:42 PM\nLogName=Security\nSourceName=Microsoft Windows security auditing.\nEventCode=4656\nEventType=0\nType=Information\nComputerName=employee-01.corp.wheelzapp.com\nTaskCategory=Kernel Object\nOpCode=Info\nRecordNumber=213769\nKeywords=Audit Success",
        "_raw": "11/03/2018 09:12:42 PM\nLogName=Security\nSourceName=Microsoft Windows security auditing.\nEventCode=4656\nEventType=0\nType=Information\nComputerName=employee-01.corp.wheelzapp.com\nTaskCategory=Kernel Object\nOpCode=Info\nRecordNumber=213769\nKeywords=Audit Success\nMessage=A handle to an object was requested.\n\nSubject:\n\tSecurity ID:\t\tNT AUTHORITY\\SYSTEM\n\tAccount Name:\t\tEMPLOYEE-01$\n\tAccount Domain:\t\tCORP\n\tLogon ID:\t\t0x3E7\n\nObject:\n\tObject Server:\t\tSecurity\n\tObject Type:\t\tProcess\n\tObject Name:\t\t\\Device\\HarddiskVolume1\\Windows\\System32\\lsass.exe\n\tHandle ID:\t\t0x704\n\tResource Attributes:\t-\n\nProcess Information:\n\tProcess ID:\t\t0x13cc\n\tProcess Name:\t\tC:\\Program Files (x86)\\BigFix Enterprise\\BES Client\\BESClient.exe\n\nAccess Request Information:\n\tTransaction ID:\t\t{00000000-0000-0000-0000-000000000000}\n\tAccesses:\t\tRead from process memory\n\t\t\t\tQuery process information\n\t\t\t\tUndefined Access (no effect) Bit 12\n\t\t\t\t\n\tAccess Reasons:\t\t-\n\tAccess Mask:\t\t0x1410\n\tPrivileges Used for Access Check:\t-\n\tRestricted SID Count:\t0",
        "_serial": "301755",
        "_si": [
          "index01",
          "main"
        ],
        "_time": "2018-11-03 21:12:42.000 UTC",
        "host": "t1-corp-employee-01",
        "index": "main",
        "linecount": "40",
        "source": "WinEventLog:Security",
        "sourcetype": "WinEventLog",
        "splunk_server": "index01"
      },
      {
        "Message": "The handle to an object was closed.\n\nSubject :\n\tSecurity ID:\t\tNT AUTHORITY\\SYSTEM\n\tAccount Name:\t\tEMPLOYEE-01$\n\tAccount Domain:\t\tCORP\n\tLogon ID:\t\t0x3E7\n\nObject:\n\tObject Server:\t\tSecurity\n\tHandle ID:\t\t0xa04\n\nProcess Information:\n\tProcess ID:\t\t0x13cc\n\tProcess Name:\t\tC:\\Program Files (x86)\\BigFix Enterprise\\BES Client\\BESClient.exe",
        "_bkt": "main~46~309B8BB8-F45C-44CE-ABE5-EF8B9EC8A780",
        "_cd": "46:401928549",
        "_indextime": "1541279563",
        "_pre_msg": "11/03/2018 09:12:42 PM\nLogName=Security\nSourceName=Microsoft Windows security auditing.\nEventCode=4658\nEventType=0\nType=Information\nComputerName=employee-01.corp.wheelzapp.com\nTaskCategory=Kernel Object\nOpCode=Info\nRecordNumber=213768\nKeywords=Audit Success",
        "_raw": "11/03/2018 09:12:42 PM\nLogName=Security\nSourceName=Microsoft Windows security auditing.\nEventCode=4658\nEventType=0\nType=Information\nComputerName=employee-01.corp.wheelzapp.com\nTaskCategory=Kernel Object\nOpCode=Info\nRecordNumber=213768\nKeywords=Audit Success\nMessage=The handle to an object was closed.\n\nSubject :\n\tSecurity ID:\t\tNT AUTHORITY\\SYSTEM\n\tAccount Name:\t\tEMPLOYEE-01$\n\tAccount Domain:\t\tCORP\n\tLogon ID:\t\t0x3E7\n\nObject:\n\tObject Server:\t\tSecurity\n\tHandle ID:\t\t0xa04\n\nProcess Information:\n\tProcess ID:\t\t0x13cc\n\tProcess Name:\t\tC:\\Program Files (x86)\\BigFix Enterprise\\BES Client\\BESClient.exe",
        "_serial": "301756",
        "_si": [
          "index01",
          "main"
        ],
        "_time": "2018-11-03 21:12:42.000 UTC",
        "host": "t1-corp-employee-01",
        "index": "main",
        "linecount": "26",
        "source": "WinEventLog:Security",
        "sourcetype": "WinEventLog",
        "splunk_server": "index01"
      },
      {
        "Message": "An attempt was made to duplicate a handle to an object.\n\nSubject:\n\tSecurity ID:\t\tNT AUTHORITY\\SYSTEM\n\tAccount Name:\t\tEMPLOYEE-01$\n\tAccount Domain:\t\tCORP\n\tLogon ID:\t\t0x3E7\n\nSource Handle Information:\n\tSource Handle ID:\t0x704\n\tSource Process ID:\t0x13cc\n\nNew Handle Information:\n\tTarget Handle ID:\t0xa04\n\tTarget Process ID:\t0x4",
        "_bkt": "main~46~309B8BB8-F45C-44CE-ABE5-EF8B9EC8A780",
        "_cd": "46:401928528",
        "_indextime": "1541279563",
        "_pre_msg": "11/03/2018 09:12:42 PM\nLogName=Security\nSourceName=Microsoft Windows security auditing.\nEventCode=4690\nEventType=0\nType=Information\nComputerName=employee-01.corp.wheelzapp.com\nTaskCategory=Handle Manipulation\nOpCode=Info\nRecordNumber=213767\nKeywords=Audit Success",
        "_raw": "11/03/2018 09:12:42 PM\nLogName=Security\nSourceName=Microsoft Windows security auditing.\nEventCode=4690\nEventType=0\nType=Information\nComputerName=employee-01.corp.wheelzapp.com\nTaskCategory=Handle Manipulation\nOpCode=Info\nRecordNumber=213767\nKeywords=Audit Success\nMessage=An attempt was made to duplicate a handle to an object.\n\nSubject:\n\tSecurity ID:\t\tNT AUTHORITY\\SYSTEM\n\tAccount Name:\t\tEMPLOYEE-01$\n\tAccount Domain:\t\tCORP\n\tLogon ID:\t\t0x3E7\n\nSource Handle Information:\n\tSource Handle ID:\t0x704\n\tSource Process ID:\t0x13cc\n\nNew Handle Information:\n\tTarget Handle ID:\t0xa04\n\tTarget Process ID:\t0x4",
        "_serial": "301757",
        "_si": [
          "index01",
          "main"
        ],
        "_time": "2018-11-03 21:12:42.000 UTC",
        "host": "t1-corp-employee-01",
        "index": "main",
        "linecount": "26",
        "source": "WinEventLog:Security",
        "sourcetype": "WinEventLog",
        "splunk_server": "index01"
      },
      {
        "Message": "The handle to an object was closed.\n\nSubject :\n\tSecurity ID:\t\tNT AUTHORITY\\SYSTEM\n\tAccount Name:\t\tEMPLOYEE-01$\n\tAccount Domain:\t\tCORP\n\tLogon ID:\t\t0x3E7\n\nObject:\n\tObject Server:\t\tSecurity\n\tHandle ID:\t\t0x744\n\nProcess Information:\n\tProcess ID:\t\t0x13cc\n\tProcess Name:\t\tC:\\Program Files (x86)\\BigFix Enterprise\\BES Client\\BESClient.exe",
        "_bkt": "main~46~309B8BB8-F45C-44CE-ABE5-EF8B9EC8A780",
        "_cd": "46:401928507",
        "_indextime": "1541279563",
        "_pre_msg": "11/03/2018 09:12:42 PM\nLogName=Security\nSourceName=Microsoft Windows security auditing.\nEventCode=4658\nEventType=0\nType=Information\nComputerName=employee-01.corp.wheelzapp.com\nTaskCategory=Kernel Object\nOpCode=Info\nRecordNumber=213766\nKeywords=Audit Success",
        "_raw": "11/03/2018 09:12:42 PM\nLogName=Security\nSourceName=Microsoft Windows security auditing.\nEventCode=4658\nEventType=0\nType=Information\nComputerName=employee-01.corp.wheelzapp.com\nTaskCategory=Kernel Object\nOpCode=Info\nRecordNumber=213766\nKeywords=Audit Success\nMessage=The handle to an object was closed.\n\nSubject :\n\tSecurity ID:\t\tNT AUTHORITY\\SYSTEM\n\tAccount Name:\t\tEMPLOYEE-01$\n\tAccount Domain:\t\tCORP\n\tLogon ID:\t\t0x3E7\n\nObject:\n\tObject Server:\t\tSecurity\n\tHandle ID:\t\t0x744\n\nProcess Information:\n\tProcess ID:\t\t0x13cc\n\tProcess Name:\t\tC:\\Program Files (x86)\\BigFix Enterprise\\BES Client\\BESClient.exe",
        "_serial": "301758",
        "_si": [
          "index01",
          "main"
        ],
        "_time": "2018-11-03 21:12:42.000 UTC",
        "host": "t1-corp-employee-01",
        "index": "main",
        "linecount": "26",
        "source": "WinEventLog:Security",
        "sourcetype": "WinEventLog",
        "splunk_server": "index01"
      },
      {
        "Message": "An attempt was made to access an object.\n\nSubject:\n\tSecurity ID:\t\tNT AUTHORITY\\SYSTEM\n\tAccount Name:\t\tEMPLOYEE-01$\n\tAccount Domain:\t\tCORP\n\tLogon ID:\t\t0x3E7\n\nObject:\n\tObject Server:\t\tSecurity\n\tObject Type:\t\tProcess\n\tObject Name:\t\t\\Device\\HarddiskVolume1\\Windows\\System32\\lsass.exe\n\tHandle ID:\t\t0x744\n\tResource Attributes:\t-\n\nProcess Information:\n\tProcess ID:\t\t0x13cc\n\tProcess Name:\t\tC:\\Program Files (x86)\\BigFix Enterprise\\BES Client\\BESClient.exe\n\nAccess Request Information:\n\tAccesses:\t\tRead from process memory\n\t\t\t\t\n\tAccess Mask:\t\t0x10",
        "_bkt": "main~46~309B8BB8-F45C-44CE-ABE5-EF8B9EC8A780",
        "_cd": "46:401928479",
        "_indextime": "1541279563",
        "_pre_msg": "11/03/2018 09:12:42 PM\nLogName=Security\nSourceName=Microsoft Windows security auditing.\nEventCode=4663\nEventType=0\nType=Information\nComputerName=employee-01.corp.wheelzapp.com\nTaskCategory=Kernel Object\nOpCode=Info\nRecordNumber=213765\nKeywords=Audit Success",
        "_raw": "11/03/2018 09:12:42 PM\nLogName=Security\nSourceName=Microsoft Windows security auditing.\nEventCode=4663\nEventType=0\nType=Information\nComputerName=employee-01.corp.wheelzapp.com\nTaskCategory=Kernel Object\nOpCode=Info\nRecordNumber=213765\nKeywords=Audit Success\nMessage=An attempt was made to access an object.\n\nSubject:\n\tSecurity ID:\t\tNT AUTHORITY\\SYSTEM\n\tAccount Name:\t\tEMPLOYEE-01$\n\tAccount Domain:\t\tCORP\n\tLogon ID:\t\t0x3E7\n\nObject:\n\tObject Server:\t\tSecurity\n\tObject Type:\t\tProcess\n\tObject Name:\t\t\\Device\\HarddiskVolume1\\Windows\\System32\\lsass.exe\n\tHandle ID:\t\t0x744\n\tResource Attributes:\t-\n\nProcess Information:\n\tProcess ID:\t\t0x13cc\n\tProcess Name:\t\tC:\\Program Files (x86)\\BigFix Enterprise\\BES Client\\BESClient.exe\n\nAccess Request Information:\n\tAccesses:\t\tRead from process memory\n\t\t\t\t\n\tAccess Mask:\t\t0x10",
        "_serial": "301759",
        "_si": [
          "index01",
          "main"
        ],
        "_time": "2018-11-03 21:12:42.000 UTC",
        "host": "t1-corp-employee-01",
        "index": "main",
        "linecount": "34",
        "source": "WinEventLog:Security",
        "sourcetype": "WinEventLog",
        "splunk_server": "index01"
      },
      {
        "Message": "A handle to an object was requested.\n\nSubject:\n\tSecurity ID:\t\tNT AUTHORITY\\SYSTEM\n\tAccount Name:\t\tEMPLOYEE-01$\n\tAccount Domain:\t\tCORP\n\tLogon ID:\t\t0x3E7\n\nObject:\n\tObject Server:\t\tSecurity\n\tObject Type:\t\tProcess\n\tObject Name:\t\t\\Device\\HarddiskVolume1\\Windows\\System32\\lsass.exe\n\tHandle ID:\t\t0x744\n\tResource Attributes:\t-\n\nProcess Information:\n\tProcess ID:\t\t0x13cc\n\tProcess Name:\t\tC:\\Program Files (x86)\\BigFix Enterprise\\BES Client\\BESClient.exe\n\nAccess Request Information:\n\tTransaction ID:\t\t{00000000-0000-0000-0000-000000000000}\n\tAccesses:\t\tDELETE\n\t\t\t\tREAD_CONTROL\n\t\t\t\tWRITE_DAC\n\t\t\t\tWRITE_OWNER\n\t\t\t\tSYNCHRONIZE\n\t\t\t\tForce process termination\n\t\t\t\tCreate new thread in process\n\t\t\t\tSet process session ID\n\t\t\t\tPerform virtual memory operation\n\t\t\t\tRead from process memory\n\t\t\t\tWrite to process memory\n\t\t\t\tDuplicate handle into or out of process\n\t\t\t\tCreate a subprocess of process\n\t\t\t\tSet process quotas\n\t\t\t\tSet process information\n\t\t\t\tQuery process information\n\t\t\t\tSet process termination port\n\t\t\t\tUndefined Access (no effect) Bit 12\n\t\t\t\tUndefined Access (no effect) Bit 13\n\t\t\t\tUndefined Access (no effect) Bit 14\n\t\t\t\tUndefined Access (no effect) Bit 15\n\t\t\t\t\n\tAccess Reasons:\t\t-\n\tAccess Mask:\t\t0x1FFFFF\n\tPrivileges Used for Access Check:\t-\n\tRestricted SID Count:\t0",
        "_bkt": "main~46~309B8BB8-F45C-44CE-ABE5-EF8B9EC8A780",
        "_cd": "46:401928427",
        "_indextime": "1541279563",
        "_pre_msg": "11/03/2018 09:12:42 PM\nLogName=Security\nSourceName=Microsoft Windows security auditing.\nEventCode=4656\nEventType=0\nType=Information\nComputerName=employee-01.corp.wheelzapp.com\nTaskCategory=Kernel Object\nOpCode=Info\nRecordNumber=213764\nKeywords=Audit Success",
        "_raw": "11/03/2018 09:12:42 PM\nLogName=Security\nSourceName=Microsoft Windows security auditing.\nEventCode=4656\nEventType=0\nType=Information\nComputerName=employee-01.corp.wheelzapp.com\nTaskCategory=Kernel Object\nOpCode=Info\nRecordNumber=213764\nKeywords=Audit Success\nMessage=A handle to an object was requested.\n\nSubject:\n\tSecurity ID:\t\tNT AUTHORITY\\SYSTEM\n\tAccount Name:\t\tEMPLOYEE-01$\n\tAccount Domain:\t\tCORP\n\tLogon ID:\t\t0x3E7\n\nObject:\n\tObject Server:\t\tSecurity\n\tObject Type:\t\tProcess\n\tObject Name:\t\t\\Device\\HarddiskVolume1\\Windows\\System32\\lsass.exe\n\tHandle ID:\t\t0x744\n\tResource Attributes:\t-\n\nProcess Information:\n\tProcess ID:\t\t0x13cc\n\tProcess Name:\t\tC:\\Program Files (x86)\\BigFix Enterprise\\BES Client\\BESClient.exe\n\nAccess Request Information:\n\tTransaction ID:\t\t{00000000-0000-0000-0000-000000000000}\n\tAccesses:\t\tDELETE\n\t\t\t\tREAD_CONTROL\n\t\t\t\tWRITE_DAC\n\t\t\t\tWRITE_OWNER\n\t\t\t\tSYNCHRONIZE\n\t\t\t\tForce process termination\n\t\t\t\tCreate new thread in process\n\t\t\t\tSet process session ID\n\t\t\t\tPerform virtual memory operation\n\t\t\t\tRead from process memory\n\t\t\t\tWrite to process memory\n\t\t\t\tDuplicate handle into or out of process\n\t\t\t\tCreate a subprocess of process\n\t\t\t\tSet process quotas\n\t\t\t\tSet process information\n\t\t\t\tQuery process information\n\t\t\t\tSet process termination port\n\t\t\t\tUndefined Access (no effect) Bit 12\n\t\t\t\tUndefined Access (no effect) Bit 13\n\t\t\t\tUndefined Access (no effect) Bit 14\n\t\t\t\tUndefined Access (no effect) Bit 15\n\t\t\t\t\n\tAccess Reasons:\t\t-\n\tAccess Mask:\t\t0x1FFFFF\n\tPrivileges Used for Access Check:\t-\n\tRestricted SID Count:\t0",
        "_serial": "301760",
        "_si": [
          "index01",
          "main"
        ],
        "_time": "2018-11-03 21:12:42.000 UTC",
        "host": "t1-corp-employee-01",
        "index": "main",
        "linecount": "58",
        "source": "WinEventLog:Security",
        "sourcetype": "WinEventLog",
        "splunk_server": "index01"
      },
      {
        "Message": "The handle to an object was closed.\n\nSubject :\n\tSecurity ID:\t\tNT AUTHORITY\\SYSTEM\n\tAccount Name:\t\tEMPLOYEE-01$\n\tAccount Domain:\t\tCORP\n\tLogon ID:\t\t0x3E7\n\nObject:\n\tObject Server:\t\tSecurity\n\tHandle ID:\t\t0xa04\n\nProcess Information:\n\tProcess ID:\t\t0x13cc\n\tProcess Name:\t\tC:\\Program Files (x86)\\BigFix Enterprise\\BES Client\\BESClient.exe",
        "_bkt": "main~46~309B8BB8-F45C-44CE-ABE5-EF8B9EC8A780",
        "_cd": "46:401928406",
        "_indextime": "1541279563",
        "_pre_msg": "11/03/2018 09:12:42 PM\nLogName=Security\nSourceName=Microsoft Windows security auditing.\nEventCode=4658\nEventType=0\nType=Information\nComputerName=employee-01.corp.wheelzapp.com\nTaskCategory=Kernel Object\nOpCode=Info\nRecordNumber=213763\nKeywords=Audit Success",
        "_raw": "11/03/2018 09:12:42 PM\nLogName=Security\nSourceName=Microsoft Windows security auditing.\nEventCode=4658\nEventType=0\nType=Information\nComputerName=employee-01.corp.wheelzapp.com\nTaskCategory=Kernel Object\nOpCode=Info\nRecordNumber=213763\nKeywords=Audit Success\nMessage=The handle to an object was closed.\n\nSubject :\n\tSecurity ID:\t\tNT AUTHORITY\\SYSTEM\n\tAccount Name:\t\tEMPLOYEE-01$\n\tAccount Domain:\t\tCORP\n\tLogon ID:\t\t0x3E7\n\nObject:\n\tObject Server:\t\tSecurity\n\tHandle ID:\t\t0xa04\n\nProcess Information:\n\tProcess ID:\t\t0x13cc\n\tProcess Name:\t\tC:\\Program Files (x86)\\BigFix Enterprise\\BES Client\\BESClient.exe",
        "_serial": "301761",
        "_si": [
          "index01",
          "main"
        ],
        "_time": "2018-11-03 21:12:42.000 UTC",
        "host": "t1-corp-employee-01",
        "index": "main",
        "linecount": "26",
        "source": "WinEventLog:Security",
        "sourcetype": "WinEventLog",
        "splunk_server": "index01"
      },
      {
        "Message": "An attempt was made to duplicate a handle to an object.\n\nSubject:\n\tSecurity ID:\t\tNT AUTHORITY\\SYSTEM\n\tAccount Name:\t\tEMPLOYEE-01$\n\tAccount Domain:\t\tCORP\n\tLogon ID:\t\t0x3E7\n\nSource Handle Information:\n\tSource Handle ID:\t0x744\n\tSource Process ID:\t0x13cc\n\nNew Handle Information:\n\tTarget Handle ID:\t0xa04\n\tTarget Process ID:\t0x4",
        "_bkt": "main~46~309B8BB8-F45C-44CE-ABE5-EF8B9EC8A780",
        "_cd": "46:401916842",
        "_indextime": "1541279563",
        "_pre_msg": "11/03/2018 09:12:42 PM\nLogName=Security\nSourceName=Microsoft Windows security auditing.\nEventCode=4690\nEventType=0\nType=Information\nComputerName=employee-01.corp.wheelzapp.com\nTaskCategory=Handle Manipulation\nOpCode=Info\nRecordNumber=213762\nKeywords=Audit Success",
        "_raw": "11/03/2018 09:12:42 PM\nLogName=Security\nSourceName=Microsoft Windows security auditing.\nEventCode=4690\nEventType=0\nType=Information\nComputerName=employee-01.corp.wheelzapp.com\nTaskCategory=Handle Manipulation\nOpCode=Info\nRecordNumber=213762\nKeywords=Audit Success\nMessage=An attempt was made to duplicate a handle to an object.\n\nSubject:\n\tSecurity ID:\t\tNT AUTHORITY\\SYSTEM\n\tAccount Name:\t\tEMPLOYEE-01$\n\tAccount Domain:\t\tCORP\n\tLogon ID:\t\t0x3E7\n\nSource Handle Information:\n\tSource Handle ID:\t0x744\n\tSource Process ID:\t0x13cc\n\nNew Handle Information:\n\tTarget Handle ID:\t0xa04\n\tTarget Process ID:\t0x4",
        "_serial": "301762",
        "_si": [
          "index01",
          "main"
        ],
        "_time": "2018-11-03 21:12:42.000 UTC",
        "host": "t1-corp-employee-01",
        "index": "main",
        "linecount": "26",
        "source": "WinEventLog:Security",
        "sourcetype": "WinEventLog",
        "splunk_server": "index01"
      }
    ]
  },
  {
    "g": [
      {
        "_bkt": "ids~21~309B8BB8-F45C-44CE-ABE5-EF8B9EC8A780",
        "_cd": "21:27580602",
        "_indextime": "1541279497",
        "_raw": "{\"timestamp\":\"2018-11-03T21:11:36.000992+0000\",\"flow_id\":1302045357718567,\"in_iface\":\"ens4\",\"event_type\":\"alert\",\"src_ip\":\"10.0.254.202\",\"src_port\":44785,\"dest_ip\":\"10.0.0.24\",\"dest_port\":9000,\"proto\":\"TCP\",\"tx_id\":0,\"alert\":{\"action\":\"allowed\",\"gid\":1,\"signature_id\":2012726,\"rev\":5,\"signature\":\"ET SCAN OpenVAS User-Agent Inbound\",\"category\":\"Attempted Information Leak\",\"severity\":2},\"http\":{\"hostname\":\"nationals-t1-corp-security-00.c.security-competitions.internal\",\"url\":\"\\/web\\/index.html\",\"http_user_agent\":\"Mozilla\\/5.0 [en] (X11, U; OpenVAS-VT 9.0.3)\",\"http_content_type\":\"text\\/html\",\"http_method\":\"GET\",\"protocol\":\"HTTP\\/1.1\",\"status\":200,\"length\":1290},\"app_proto\":\"http\",\"payload\":\"R0VUIC93ZWIvaW5kZXguaHRtbCBIVFRQLzEuMQ0KQ29ubmVjdGlvbjogS2VlcC1BbGl2ZQ0KSG9zdDogbmF0aW9uYWxzLXQxLWNvcnAtc2VjdXJpdHktMDAuYy5zZWN1cml0eS1jb21wZXRpdGlvbnMuaW50ZXJuYWw6OTAwMA0KUHJhZ21hOiBuby1jYWNoZQ0KQ2FjaGUtQ29udHJvbDogbm8tY2FjaGUNClVzZXItQWdlbnQ6IE1vemlsbGEvNS4wIFtlbl0gKFgxMSwgVTsgT3BlblZBUy1WVCA5LjAuMykNCkFjY2VwdDogaW1hZ2UvZ2lmLCBpbWFnZS94LXhiaXRtYXAsIGltYWdlL2pwZWcsIGltYWdlL3BqcGVnLCBpbWFnZS9wbmcsICovKg0KQWNjZXB0LUxhbmd1YWdlOiBlbg0KQWNjZXB0LUNoYXJzZXQ6IGlzby04ODU5LTEsKix1dGYtOA0KDQo=\",\"stream\":1,\"packet\":\"QgEKAAAYQgEKAAABCABFAAA0t29AAEAGcHIKAP7KCgAAGK7xIygl3LIJe5hjH4AQAPVdJwAAAQEICvu5uz06wYtO\",\"packet_info\":{\"linktype\":1}}",
        "_serial": "20331",
        "_si": [
          "index01",
          "ids"
        ],
        "_subsecond": ".000992",
        "_time": "2018-11-03 21:11:36.000 UTC",
        "host": "t1-corp-security-00",
        "index": "ids",
        "linecount": "1",
        "source": "/var/log/suricata/alert-json.log",
        "sourcetype": "suricata:alert",
        "splunk_server": "index01"
      }
    ],
    "e": [
      {
        "Message": "An account was logged off.\n\nSubject:\n\tSecurity ID:\t\tNT AUTHORITY\\SYSTEM\n\tAccount Name:\t\tAD-00$\n\tAccount Domain:\t\tCORP\n\tLogon ID:\t\t0x2391C6B\n\nLogon Type:\t\t\t3\n\nThis event is generated when a logon session is destroyed. It may be positively correlated with a logon event using the Logon ID value. Logon IDs are only unique between reboots on the same computer.",
        "_bkt": "main~45~B135F5F1-8761-4D6B-9993-723ECD8DFAF7",
        "_cd": "45:375100051",
        "_indextime": "1541279497",
        "_pre_msg": "11/03/2018 09:11:36 PM\nLogName=Security\nSourceName=Microsoft Windows security auditing.\nEventCode=4634\nEventType=0\nType=Information\nComputerName=ad-00.corp.wheelzapp.com\nTaskCategory=Logoff\nOpCode=Info\nRecordNumber=856576\nKeywords=Audit Success",
        "_raw": "11/03/2018 09:11:36 PM\nLogName=Security\nSourceName=Microsoft Windows security auditing.\nEventCode=4634\nEventType=0\nType=Information\nComputerName=ad-00.corp.wheelzapp.com\nTaskCategory=Logoff\nOpCode=Info\nRecordNumber=856576\nKeywords=Audit Success\nMessage=An account was logged off.\n\nSubject:\n\tSecurity ID:\t\tNT AUTHORITY\\SYSTEM\n\tAccount Name:\t\tAD-00$\n\tAccount Domain:\t\tCORP\n\tLogon ID:\t\t0x2391C6B\n\nLogon Type:\t\t\t3\n\nThis event is generated when a logon session is destroyed. It may be positively correlated with a logon event using the Logon ID value. Logon IDs are only unique between reboots on the same computer.",
        "_serial": "302275",
        "_si": [
          "index01",
          "main"
        ],
        "_time": "2018-11-03 21:11:36.000 UTC",
        "host": "t1-corp-ad-00",
        "index": "main",
        "linecount": "22",
        "source": "WinEventLog:Security",
        "sourcetype": "WinEventLog",
        "splunk_server": "index01"
      },
      {
        "Message": "Group membership information.\n\nSubject:\n\tSecurity ID:\t\tNULL SID\n\tAccount Name:\t\t-\n\tAccount Domain:\t\t-\n\tLogon ID:\t\t0x0\n\nLogon Type:\t\t\t3\n\nNew Logon:\n\tSecurity ID:\t\tNT AUTHORITY\\SYSTEM\n\tAccount Name:\t\tAD-00$\n\tAccount Domain:\t\tCORP.WHEELZAPP.COM\n\tLogon ID:\t\t0x2391C6B\n\nEvent in sequence:\t\t1 of 1\n\nGroup Membership:\t\t\t\n\t\tCORP\\Administrators\n\t\tEveryone\n\t\tCORP\\Pre-Windows 2000 Compatible Access\n\t\tCORP\\Users\n\t\tCORP\\Windows Authorization Access Group\n\t\tNT AUTHORITY\\NETWORK\n\t\tNT AUTHORITY\\Authenticated Users\n\t\tNT AUTHORITY\\This Organization\n\t\tCORP\\AD-00$\n\t\tCORP\\Domain Controllers\n\t\tNT AUTHORITY\\ENTERPRISE DOMAIN CONTROLLERS\n\t\tAuthentication authority asserted identity\n\t\tCORP\\Denied RODC Password Replication Group\n\t\tMandatory Label\\System Mandatory Level\n\nThe subject fields indicate the account on the local system which requested the logon. This is most commonly a service such as the Server service, or a local process such as Winlogon.exe or Services.exe.\n\nThe logon type field indicates the kind of logon that occurred. The most common types are 2 (interactive) and 3 (network).\n\nThe New Logon fields indicate the account for whom the new logon was created, i.e. the account that was logged on.\n\nThis event is generated when the Audit Group Membership subcategory is configured.  The Logon ID field can be used to correlate this event with the corresponding user logon event as well as to any other security audit events generated during this logon session.",
        "_bkt": "main~45~B135F5F1-8761-4D6B-9993-723ECD8DFAF7",
        "_cd": "45:375099993",
        "_indextime": "1541279497",
        "_pre_msg": "11/03/2018 09:11:36 PM\nLogName=Security\nSourceName=Microsoft Windows security auditing.\nEventCode=4627\nEventType=0\nType=Information\nComputerName=ad-00.corp.wheelzapp.com\nTaskCategory=Group Membership\nOpCode=Info\nRecordNumber=856575\nKeywords=Audit Success",
        "_raw": "11/03/2018 09:11:36 PM\nLogName=Security\nSourceName=Microsoft Windows security auditing.\nEventCode=4627\nEventType=0\nType=Information\nComputerName=ad-00.corp.wheelzapp.com\nTaskCategory=Group Membership\nOpCode=Info\nRecordNumber=856575\nKeywords=Audit Success\nMessage=Group membership information.\n\nSubject:\n\tSecurity ID:\t\tNULL SID\n\tAccount Name:\t\t-\n\tAccount Domain:\t\t-\n\tLogon ID:\t\t0x0\n\nLogon Type:\t\t\t3\n\nNew Logon:\n\tSecurity ID:\t\tNT AUTHORITY\\SYSTEM\n\tAccount Name:\t\tAD-00$\n\tAccount Domain:\t\tCORP.WHEELZAPP.COM\n\tLogon ID:\t\t0x2391C6B\n\nEvent in sequence:\t\t1 of 1\n\nGroup Membership:\t\t\t\n\t\tCORP\\Administrators\n\t\tEveryone\n\t\tCORP\\Pre-Windows 2000 Compatible Access\n\t\tCORP\\Users\n\t\tCORP\\Windows Authorization Access Group\n\t\tNT AUTHORITY\\NETWORK\n\t\tNT AUTHORITY\\Authenticated Users\n\t\tNT AUTHORITY\\This Organization\n\t\tCORP\\AD-00$\n\t\tCORP\\Domain Controllers\n\t\tNT AUTHORITY\\ENTERPRISE DOMAIN CONTROLLERS\n\t\tAuthentication authority asserted identity\n\t\tCORP\\Denied RODC Password Replication Group\n\t\tMandatory Label\\System Mandatory Level\n\nThe subject fields indicate the account on the local system which requested the logon. This is most commonly a service such as the Server service, or a local process such as Winlogon.exe or Services.exe.\n\nThe logon type field indicates the kind of logon that occurred. The most common types are 2 (interactive) and 3 (network).\n\nThe New Logon fields indicate the account for whom the new logon was created, i.e. the account that was logged on.\n\nThis event is generated when the Audit Group Membership subcategory is configured.  The Logon ID field can be used to correlate this event with the corresponding user logon event as well as to any other security audit events generated during this logon session.",
        "_serial": "302276",
        "_si": [
          "index01",
          "main"
        ],
        "_time": "2018-11-03 21:11:36.000 UTC",
        "host": "t1-corp-ad-00",
        "index": "main",
        "linecount": "52",
        "source": "WinEventLog:Security",
        "sourcetype": "WinEventLog",
        "splunk_server": "index01"
      },
      {
        "Message": "An account was successfully logged on.\n\nSubject:\n\tSecurity ID:\t\tNULL SID\n\tAccount Name:\t\t-\n\tAccount Domain:\t\t-\n\tLogon ID:\t\t0x0\n\nLogon Information:\n\tLogon Type:\t\t3\n\tRestricted Admin Mode:\t-\n\tVirtual Account:\t\tNo\n\tElevated Token:\t\tYes\n\nImpersonation Level:\t\tImpersonation\n\nNew Logon:\n\tSecurity ID:\t\tNT AUTHORITY\\SYSTEM\n\tAccount Name:\t\tAD-00$\n\tAccount Domain:\t\tCORP.WHEELZAPP.COM\n\tLogon ID:\t\t0x2391C6B\n\tLinked Logon ID:\t\t0x0\n\tNetwork Account Name:\t-\n\tNetwork Account Domain:\t-\n\tLogon GUID:\t\t{1587A020-5EEE-49CF-AA1B-3F3430087E95}\n\nProcess Information:\n\tProcess ID:\t\t0x0\n\tProcess Name:\t\t-\n\nNetwork Information:\n\tWorkstation Name:\t-\n\tSource Network Address:\tfe80::cf3:3320:39a3:ec4d\n\tSource Port:\t\t55545\n\nDetailed Authentication Information:\n\tLogon Process:\t\tKerberos\n\tAuthentication Package:\tKerberos\n\tTransited Services:\t-\n\tPackage Name (NTLM only):\t-\n\tKey Length:\t\t0\n\nThis event is generated when a logon session is created. It is generated on the computer that was accessed.\n\nThe subject fields indicate the account on the local system which requested the logon. This is most commonly a service such as the Server service, or a local process such as Winlogon.exe or Services.exe.\n\nThe logon type field indicates the kind of logon that occurred. The most common types are 2 (interactive) and 3 (network).\n\nThe New Logon fields indicate the account for whom the new logon was created, i.e. the account that was logged on.\n\nThe network fields indicate where a remote logon request originated. Workstation name is not always available and may be left blank in some cases.\n\nThe impersonation level field indicates the extent to which a process in the logon session can impersonate.\n\nThe authentication information fields provide detailed information about this specific logon request.\n\t- Logon GUID is a unique identifier that can be used to correlate this event with a KDC event.\n\t- Transited services indicate which intermediate services have participated in this logon request.\n\t- Package name indicates which sub-protocol was used among the NTLM protocols.\n\t- Key length indicates the length of the generated session key. This will be 0 if no session key was requested.",
        "_bkt": "main~45~B135F5F1-8761-4D6B-9993-723ECD8DFAF7",
        "_cd": "45:375099912",
        "_indextime": "1541279497",
        "_pre_msg": "11/03/2018 09:11:36 PM\nLogName=Security\nSourceName=Microsoft Windows security auditing.\nEventCode=4624\nEventType=0\nType=Information\nComputerName=ad-00.corp.wheelzapp.com\nTaskCategory=Logon\nOpCode=Info\nRecordNumber=856574\nKeywords=Audit Success",
        "_raw": "11/03/2018 09:11:36 PM\nLogName=Security\nSourceName=Microsoft Windows security auditing.\nEventCode=4624\nEventType=0\nType=Information\nComputerName=ad-00.corp.wheelzapp.com\nTaskCategory=Logon\nOpCode=Info\nRecordNumber=856574\nKeywords=Audit Success\nMessage=An account was successfully logged on.\n\nSubject:\n\tSecurity ID:\t\tNULL SID\n\tAccount Name:\t\t-\n\tAccount Domain:\t\t-\n\tLogon ID:\t\t0x0\n\nLogon Information:\n\tLogon Type:\t\t3\n\tRestricted Admin Mode:\t-\n\tVirtual Account:\t\tNo\n\tElevated Token:\t\tYes\n\nImpersonation Level:\t\tImpersonation\n\nNew Logon:\n\tSecurity ID:\t\tNT AUTHORITY\\SYSTEM\n\tAccount Name:\t\tAD-00$\n\tAccount Domain:\t\tCORP.WHEELZAPP.COM\n\tLogon ID:\t\t0x2391C6B\n\tLinked Logon ID:\t\t0x0\n\tNetwork Account Name:\t-\n\tNetwork Account Domain:\t-\n\tLogon GUID:\t\t{1587A020-5EEE-49CF-AA1B-3F3430087E95}\n\nProcess Information:\n\tProcess ID:\t\t0x0\n\tProcess Name:\t\t-\n\nNetwork Information:\n\tWorkstation Name:\t-\n\tSource Network Address:\tfe80::cf3:3320:39a3:ec4d\n\tSource Port:\t\t55545\n\nDetailed Authentication Information:\n\tLogon Process:\t\tKerberos\n\tAuthentication Package:\tKerberos\n\tTransited Services:\t-\n\tPackage Name (NTLM only):\t-\n\tKey Length:\t\t0\n\nThis event is generated when a logon session is created. It is generated on the computer that was accessed.\n\nThe subject fields indicate the account on the local system which requested the logon. This is most commonly a service such as the Server service, or a local process such as Winlogon.exe or Services.exe.\n\nThe logon type field indicates the kind of logon that occurred. The most common types are 2 (interactive) and 3 (network).\n\nThe New Logon fields indicate the account for whom the new logon was created, i.e. the account that was logged on.\n\nThe network fields indicate where a remote logon request originated. Workstation name is not always available and may be left blank in some cases.\n\nThe impersonation level field indicates the extent to which a process in the logon session can impersonate.\n\nThe authentication information fields provide detailed information about this specific logon request.\n\t- Logon GUID is a unique identifier that can be used to correlate this event with a KDC event.\n\t- Transited services indicate which intermediate services have participated in this logon request.\n\t- Package name indicates which sub-protocol was used among the NTLM protocols.\n\t- Key length indicates the length of the generated session key. This will be 0 if no session key was requested.",
        "_serial": "302277",
        "_si": [
          "index01",
          "main"
        ],
        "_time": "2018-11-03 21:11:36.000 UTC",
        "host": "t1-corp-ad-00",
        "index": "main",
        "linecount": "70",
        "source": "WinEventLog:Security",
        "sourcetype": "WinEventLog",
        "splunk_server": "index01"
      },
      {
        "Message": "Special privileges assigned to new logon.\n\nSubject:\n\tSecurity ID:\t\tNT AUTHORITY\\SYSTEM\n\tAccount Name:\t\tAD-00$\n\tAccount Domain:\t\tCORP\n\tLogon ID:\t\t0x2391C6B\n\nPrivileges:\t\tSeSecurityPrivilege\n\t\t\tSeBackupPrivilege\n\t\t\tSeRestorePrivilege\n\t\t\tSeTakeOwnershipPrivilege\n\t\t\tSeDebugPrivilege\n\t\t\tSeSystemEnvironmentPrivilege\n\t\t\tSeLoadDriverPrivilege\n\t\t\tSeImpersonatePrivilege\n\t\t\tSeDelegateSessionUserImpersonatePrivilege\n\t\t\tSeEnableDelegationPrivilege",
        "_bkt": "main~45~B135F5F1-8761-4D6B-9993-723ECD8DFAF7",
        "_cd": "45:375099888",
        "_indextime": "1541279497",
        "_pre_msg": "11/03/2018 09:11:36 PM\nLogName=Security\nSourceName=Microsoft Windows security auditing.\nEventCode=4672\nEventType=0\nType=Information\nComputerName=ad-00.corp.wheelzapp.com\nTaskCategory=Special Logon\nOpCode=Info\nRecordNumber=856573\nKeywords=Audit Success",
