        "_raw": "11/03/2018 09:51:48 PM\nLogName=Security\nSourceName=Microsoft Windows security auditing.\nEventCode=4656\nEventType=0\nType=Information\nComputerName=employee-00.corp.wheelzapp.com\nTaskCategory=Removable Storage\nOpCode=Info\nRecordNumber=197388\nKeywords=Audit Success\nMessage=A handle to an object was requested.\n\nSubject:\n\tSecurity ID:\t\tNT AUTHORITY\\SYSTEM\n\tAccount Name:\t\tEMPLOYEE-00$\n\tAccount Domain:\t\tCORP\n\tLogon ID:\t\t0x3E7\n\nObject:\n\tObject Server:\t\tSecurity\n\tObject Type:\t\tFile\n\tObject Name:\t\tC:\\Windows\\WinSxS\\FileMaps\\$$_system32_21f9a9c4a2f8b514.cdf-ms\n\tHandle ID:\t\t0x7c8\n\tResource Attributes:\t-\n\nProcess Information:\n\tProcess ID:\t\t0x6e8\n\tProcess Name:\t\tC:\\Windows\\System32\\svchost.exe\n\nAccess Request Information:\n\tTransaction ID:\t\t{00000000-0000-0000-0000-000000000000}\n\tAccesses:\t\tREAD_CONTROL\n\t\t\t\tSYNCHRONIZE\n\t\t\t\tReadData (or ListDirectory)\n\t\t\t\tReadEA\n\t\t\t\tReadAttributes\n\t\t\t\t\n\tAccess Reasons:\t\tREAD_CONTROL:\tGranted by\tD:(A;;0x1200a9;;;BA)\n\t\t\t\tSYNCHRONIZE:\tGranted by\tD:(A;;0x1200a9;;;BA)\n\t\t\t\tReadData (or ListDirectory):\tGranted by\tD:(A;;0x1200a9;;;BA)\n\t\t\t\tReadEA:\tGranted by\tD:(A;;0x1200a9;;;BA)\n\t\t\t\tReadAttributes:\tGranted by\tD:(A;;0x1200a9;;;BA)\n\t\t\t\t\n\tAccess Mask:\t\t0x120089\n\tPrivileges Used for Access Check:\t-\n\tRestricted SID Count:\t0",
        "_serial": "227173",
        "_si": [
          "index01",
          "main"
        ],
        "_time": "2018-11-03 21:51:48.000 UTC",
        "host": "t1-corp-employee-00",
        "index": "main",
        "linecount": "47",
        "source": "WinEventLog:Security",
        "sourcetype": "WinEventLog",
        "splunk_server": "index01"
      },
      {
        "Message": "The handle to an object was closed.\n\nSubject :\n\tSecurity ID:\t\tNT AUTHORITY\\SYSTEM\n\tAccount Name:\t\tEMPLOYEE-00$\n\tAccount Domain:\t\tCORP\n\tLogon ID:\t\t0x3E7\n\nObject:\n\tObject Server:\t\tSecurity\n\tHandle ID:\t\t0xefc\n\nProcess Information:\n\tProcess ID:\t\t0x6e8\n\tProcess Name:\t\tC:\\Windows\\System32\\svchost.exe",
        "_bkt": "main~47~309B8BB8-F45C-44CE-ABE5-EF8B9EC8A780",
        "_cd": "47:248169706",
        "_indextime": "1541281909",
        "_pre_msg": "11/03/2018 09:51:48 PM\nLogName=Security\nSourceName=Microsoft Windows security auditing.\nEventCode=4658\nEventType=0\nType=Information\nComputerName=employee-00.corp.wheelzapp.com\nTaskCategory=Removable Storage\nOpCode=Info\nRecordNumber=197387\nKeywords=Audit Success",
        "_raw": "11/03/2018 09:51:48 PM\nLogName=Security\nSourceName=Microsoft Windows security auditing.\nEventCode=4658\nEventType=0\nType=Information\nComputerName=employee-00.corp.wheelzapp.com\nTaskCategory=Removable Storage\nOpCode=Info\nRecordNumber=197387\nKeywords=Audit Success\nMessage=The handle to an object was closed.\n\nSubject :\n\tSecurity ID:\t\tNT AUTHORITY\\SYSTEM\n\tAccount Name:\t\tEMPLOYEE-00$\n\tAccount Domain:\t\tCORP\n\tLogon ID:\t\t0x3E7\n\nObject:\n\tObject Server:\t\tSecurity\n\tHandle ID:\t\t0xefc\n\nProcess Information:\n\tProcess ID:\t\t0x6e8\n\tProcess Name:\t\tC:\\Windows\\System32\\svchost.exe",
        "_serial": "227174",
        "_si": [
          "index01",
          "main"
        ],
        "_time": "2018-11-03 21:51:48.000 UTC",
        "host": "t1-corp-employee-00",
        "index": "main",
        "linecount": "26",
        "source": "WinEventLog:Security",
        "sourcetype": "WinEventLog",
        "splunk_server": "index01"
      },
      {
        "Message": "An attempt was made to duplicate a handle to an object.\n\nSubject:\n\tSecurity ID:\t\tNT AUTHORITY\\SYSTEM\n\tAccount Name:\t\tEMPLOYEE-00$\n\tAccount Domain:\t\tCORP\n\tLogon ID:\t\t0x3E7\n\nSource Handle Information:\n\tSource Handle ID:\t0x7c8\n\tSource Process ID:\t0x6e8\n\nNew Handle Information:\n\tTarget Handle ID:\t0xefc\n\tTarget Process ID:\t0x4",
        "_bkt": "main~47~309B8BB8-F45C-44CE-ABE5-EF8B9EC8A780",
        "_cd": "47:248169685",
        "_indextime": "1541281909",
        "_pre_msg": "11/03/2018 09:51:48 PM\nLogName=Security\nSourceName=Microsoft Windows security auditing.\nEventCode=4690\nEventType=0\nType=Information\nComputerName=employee-00.corp.wheelzapp.com\nTaskCategory=Handle Manipulation\nOpCode=Info\nRecordNumber=197386\nKeywords=Audit Success",
        "_raw": "11/03/2018 09:51:48 PM\nLogName=Security\nSourceName=Microsoft Windows security auditing.\nEventCode=4690\nEventType=0\nType=Information\nComputerName=employee-00.corp.wheelzapp.com\nTaskCategory=Handle Manipulation\nOpCode=Info\nRecordNumber=197386\nKeywords=Audit Success\nMessage=An attempt was made to duplicate a handle to an object.\n\nSubject:\n\tSecurity ID:\t\tNT AUTHORITY\\SYSTEM\n\tAccount Name:\t\tEMPLOYEE-00$\n\tAccount Domain:\t\tCORP\n\tLogon ID:\t\t0x3E7\n\nSource Handle Information:\n\tSource Handle ID:\t0x7c8\n\tSource Process ID:\t0x6e8\n\nNew Handle Information:\n\tTarget Handle ID:\t0xefc\n\tTarget Process ID:\t0x4",
        "_serial": "227175",
        "_si": [
          "index01",
          "main"
        ],
        "_time": "2018-11-03 21:51:48.000 UTC",
        "host": "t1-corp-employee-00",
        "index": "main",
        "linecount": "26",
        "source": "WinEventLog:Security",
        "sourcetype": "WinEventLog",
        "splunk_server": "index01"
      },
      {
        "Message": "A token right was adjusted.\n\nSubject:\n\tSecurity ID:\t\tNT AUTHORITY\\SYSTEM\n\tAccount Name:\t\tEMPLOYEE-00$\n\tAccount Domain:\t\tCORP\n\tLogon ID:\t\t0x3E7\n\nTarget Account:\n\tSecurity ID:\t\tNULL SID\n\tAccount Name:\t\tEMPLOYEE-00$\n\tAccount Domain:\t\tCORP\n\tLogon ID:\t\t0x3E7\n\nProcess Information:\n\tProcess ID:\t\t0x468\n\tProcess Name:\t\tC:\\Windows\\System32\\svchost.exe\n\nEnabled Privileges:\n\t\t\tSeAssignPrimaryTokenPrivilege\n\t\t\tSeIncreaseQuotaPrivilege\n\t\t\tSeSecurityPrivilege\n\t\t\tSeTakeOwnershipPrivilege\n\t\t\tSeLoadDriverPrivilege\n\t\t\tSeSystemtimePrivilege\n\t\t\tSeBackupPrivilege\n\t\t\tSeRestorePrivilege\n\t\t\tSeShutdownPrivilege\n\t\t\tSeSystemEnvironmentPrivilege\n\t\t\tSeUndockPrivilege\n\t\t\tSeManageVolumePrivilege\n\nDisabled Privileges:\n\t\t\t-",
        "_bkt": "main~47~309B8BB8-F45C-44CE-ABE5-EF8B9EC8A780",
        "_cd": "47:248169651",
        "_indextime": "1541281909",
        "_pre_msg": "11/03/2018 09:51:48 PM\nLogName=Security\nSourceName=Microsoft Windows security auditing.\nEventCode=4703\nEventType=0\nType=Information\nComputerName=employee-00.corp.wheelzapp.com\nTaskCategory=Token Right Adjusted Events\nOpCode=Info\nRecordNumber=197385\nKeywords=Audit Success",
        "_raw": "11/03/2018 09:51:48 PM\nLogName=Security\nSourceName=Microsoft Windows security auditing.\nEventCode=4703\nEventType=0\nType=Information\nComputerName=employee-00.corp.wheelzapp.com\nTaskCategory=Token Right Adjusted Events\nOpCode=Info\nRecordNumber=197385\nKeywords=Audit Success\nMessage=A token right was adjusted.\n\nSubject:\n\tSecurity ID:\t\tNT AUTHORITY\\SYSTEM\n\tAccount Name:\t\tEMPLOYEE-00$\n\tAccount Domain:\t\tCORP\n\tLogon ID:\t\t0x3E7\n\nTarget Account:\n\tSecurity ID:\t\tNULL SID\n\tAccount Name:\t\tEMPLOYEE-00$\n\tAccount Domain:\t\tCORP\n\tLogon ID:\t\t0x3E7\n\nProcess Information:\n\tProcess ID:\t\t0x468\n\tProcess Name:\t\tC:\\Windows\\System32\\svchost.exe\n\nEnabled Privileges:\n\t\t\tSeAssignPrimaryTokenPrivilege\n\t\t\tSeIncreaseQuotaPrivilege\n\t\t\tSeSecurityPrivilege\n\t\t\tSeTakeOwnershipPrivilege\n\t\t\tSeLoadDriverPrivilege\n\t\t\tSeSystemtimePrivilege\n\t\t\tSeBackupPrivilege\n\t\t\tSeRestorePrivilege\n\t\t\tSeShutdownPrivilege\n\t\t\tSeSystemEnvironmentPrivilege\n\t\t\tSeUndockPrivilege\n\t\t\tSeManageVolumePrivilege\n\nDisabled Privileges:\n\t\t\t-",
        "_serial": "227176",
        "_si": [
          "index01",
          "main"
        ],
        "_time": "2018-11-03 21:51:48.000 UTC",
        "host": "t1-corp-employee-00",
        "index": "main",
        "linecount": "45",
        "source": "WinEventLog:Security",
        "sourcetype": "WinEventLog",
        "splunk_server": "index01"
      },
      {
        "Message": "The handle to an object was closed.\n\nSubject :\n\tSecurity ID:\t\tNT AUTHORITY\\SYSTEM\n\tAccount Name:\t\tEMPLOYEE-00$\n\tAccount Domain:\t\tCORP\n\tLogon ID:\t\t0x3E7\n\nObject:\n\tObject Server:\t\tSecurity\n\tHandle ID:\t\t0x7e4\n\nProcess Information:\n\tProcess ID:\t\t0x6e8\n\tProcess Name:\t\tC:\\Windows\\System32\\svchost.exe",
        "_bkt": "main~47~309B8BB8-F45C-44CE-ABE5-EF8B9EC8A780",
        "_cd": "47:248169631",
        "_indextime": "1541281909",
        "_pre_msg": "11/03/2018 09:51:48 PM\nLogName=Security\nSourceName=Microsoft Windows security auditing.\nEventCode=4658\nEventType=0\nType=Information\nComputerName=employee-00.corp.wheelzapp.com\nTaskCategory=Kernel Object\nOpCode=Info\nRecordNumber=197384\nKeywords=Audit Success",
        "_raw": "11/03/2018 09:51:48 PM\nLogName=Security\nSourceName=Microsoft Windows security auditing.\nEventCode=4658\nEventType=0\nType=Information\nComputerName=employee-00.corp.wheelzapp.com\nTaskCategory=Kernel Object\nOpCode=Info\nRecordNumber=197384\nKeywords=Audit Success\nMessage=The handle to an object was closed.\n\nSubject :\n\tSecurity ID:\t\tNT AUTHORITY\\SYSTEM\n\tAccount Name:\t\tEMPLOYEE-00$\n\tAccount Domain:\t\tCORP\n\tLogon ID:\t\t0x3E7\n\nObject:\n\tObject Server:\t\tSecurity\n\tHandle ID:\t\t0x7e4\n\nProcess Information:\n\tProcess ID:\t\t0x6e8\n\tProcess Name:\t\tC:\\Windows\\System32\\svchost.exe",
        "_serial": "227177",
        "_si": [
          "index01",
          "main"
        ],
        "_time": "2018-11-03 21:51:48.000 UTC",
        "host": "t1-corp-employee-00",
        "index": "main",
        "linecount": "26",
        "source": "WinEventLog:Security",
        "sourcetype": "WinEventLog",
        "splunk_server": "index01"
      },
      {
        "Message": "An attempt was made to access an object.\n\nSubject:\n\tSecurity ID:\t\tNT AUTHORITY\\SYSTEM\n\tAccount Name:\t\tEMPLOYEE-00$\n\tAccount Domain:\t\tCORP\n\tLogon ID:\t\t0x3E7\n\nObject:\n\tObject Server:\t\tSecurity\n\tObject Type:\t\tSymbolicLink\n\tObject Name:\t\t\\GLOBAL??\\C:\n\tHandle ID:\t\t0x7e4\n\tResource Attributes:\t-\n\nProcess Information:\n\tProcess ID:\t\t0x6e8\n\tProcess Name:\t\tC:\\Windows\\System32\\svchost.exe\n\nAccess Request Information:\n\tAccesses:\t\tUse symbolic link\n\t\t\t\t\n\tAccess Mask:\t\t0x1",
        "_bkt": "main~47~309B8BB8-F45C-44CE-ABE5-EF8B9EC8A780",
        "_cd": "47:248169605",
        "_indextime": "1541281909",
        "_pre_msg": "11/03/2018 09:51:48 PM\nLogName=Security\nSourceName=Microsoft Windows security auditing.\nEventCode=4663\nEventType=0\nType=Information\nComputerName=employee-00.corp.wheelzapp.com\nTaskCategory=Kernel Object\nOpCode=Info\nRecordNumber=197383\nKeywords=Audit Success",
        "_raw": "11/03/2018 09:51:48 PM\nLogName=Security\nSourceName=Microsoft Windows security auditing.\nEventCode=4663\nEventType=0\nType=Information\nComputerName=employee-00.corp.wheelzapp.com\nTaskCategory=Kernel Object\nOpCode=Info\nRecordNumber=197383\nKeywords=Audit Success\nMessage=An attempt was made to access an object.\n\nSubject:\n\tSecurity ID:\t\tNT AUTHORITY\\SYSTEM\n\tAccount Name:\t\tEMPLOYEE-00$\n\tAccount Domain:\t\tCORP\n\tLogon ID:\t\t0x3E7\n\nObject:\n\tObject Server:\t\tSecurity\n\tObject Type:\t\tSymbolicLink\n\tObject Name:\t\t\\GLOBAL??\\C:\n\tHandle ID:\t\t0x7e4\n\tResource Attributes:\t-\n\nProcess Information:\n\tProcess ID:\t\t0x6e8\n\tProcess Name:\t\tC:\\Windows\\System32\\svchost.exe\n\nAccess Request Information:\n\tAccesses:\t\tUse symbolic link\n\t\t\t\t\n\tAccess Mask:\t\t0x1",
        "_serial": "227178",
        "_si": [
          "index01",
          "main"
        ],
        "_time": "2018-11-03 21:51:48.000 UTC",
        "host": "t1-corp-employee-00",
        "index": "main",
        "linecount": "34",
        "source": "WinEventLog:Security",
        "sourcetype": "WinEventLog",
        "splunk_server": "index01"
      },
      {
        "Message": "A handle to an object was requested.\n\nSubject:\n\tSecurity ID:\t\tNT AUTHORITY\\SYSTEM\n\tAccount Name:\t\tEMPLOYEE-00$\n\tAccount Domain:\t\tCORP\n\tLogon ID:\t\t0x3E7\n\nObject:\n\tObject Server:\t\tSecurity\n\tObject Type:\t\tSymbolicLink\n\tObject Name:\t\t\\GLOBAL??\\C:\n\tHandle ID:\t\t0x7e4\n\tResource Attributes:\t-\n\nProcess Information:\n\tProcess ID:\t\t0x6e8\n\tProcess Name:\t\tC:\\Windows\\System32\\svchost.exe\n\nAccess Request Information:\n\tTransaction ID:\t\t{00000000-0000-0000-0000-000000000000}\n\tAccesses:\t\tUse symbolic link\n\t\t\t\t\n\tAccess Reasons:\t\t-\n\tAccess Mask:\t\t0x1\n\tPrivileges Used for Access Check:\t-\n\tRestricted SID Count:\t0",
        "_bkt": "main~47~309B8BB8-F45C-44CE-ABE5-EF8B9EC8A780",
        "_cd": "47:248169575",
        "_indextime": "1541281909",
        "_pre_msg": "11/03/2018 09:51:48 PM\nLogName=Security\nSourceName=Microsoft Windows security auditing.\nEventCode=4656\nEventType=0\nType=Information\nComputerName=employee-00.corp.wheelzapp.com\nTaskCategory=Kernel Object\nOpCode=Info\nRecordNumber=197382\nKeywords=Audit Success",
        "_raw": "11/03/2018 09:51:48 PM\nLogName=Security\nSourceName=Microsoft Windows security auditing.\nEventCode=4656\nEventType=0\nType=Information\nComputerName=employee-00.corp.wheelzapp.com\nTaskCategory=Kernel Object\nOpCode=Info\nRecordNumber=197382\nKeywords=Audit Success\nMessage=A handle to an object was requested.\n\nSubject:\n\tSecurity ID:\t\tNT AUTHORITY\\SYSTEM\n\tAccount Name:\t\tEMPLOYEE-00$\n\tAccount Domain:\t\tCORP\n\tLogon ID:\t\t0x3E7\n\nObject:\n\tObject Server:\t\tSecurity\n\tObject Type:\t\tSymbolicLink\n\tObject Name:\t\t\\GLOBAL??\\C:\n\tHandle ID:\t\t0x7e4\n\tResource Attributes:\t-\n\nProcess Information:\n\tProcess ID:\t\t0x6e8\n\tProcess Name:\t\tC:\\Windows\\System32\\svchost.exe\n\nAccess Request Information:\n\tTransaction ID:\t\t{00000000-0000-0000-0000-000000000000}\n\tAccesses:\t\tUse symbolic link\n\t\t\t\t\n\tAccess Reasons:\t\t-\n\tAccess Mask:\t\t0x1\n\tPrivileges Used for Access Check:\t-\n\tRestricted SID Count:\t0",
        "_serial": "227179",
        "_si": [
          "index01",
          "main"
        ],
        "_time": "2018-11-03 21:51:48.000 UTC",
        "host": "t1-corp-employee-00",
        "index": "main",
        "linecount": "38",
        "source": "WinEventLog:Security",
        "sourcetype": "WinEventLog",
        "splunk_server": "index01"
      },
      {
        "Message": "The handle to an object was closed.\n\nSubject :\n\tSecurity ID:\t\tNT AUTHORITY\\SYSTEM\n\tAccount Name:\t\tEMPLOYEE-00$\n\tAccount Domain:\t\tCORP\n\tLogon ID:\t\t0x3E7\n\nObject:\n\tObject Server:\t\tSecurity\n\tHandle ID:\t\t0xefc\n\nProcess Information:\n\tProcess ID:\t\t0x6e8\n\tProcess Name:\t\tC:\\Windows\\System32\\svchost.exe",
        "_bkt": "main~47~309B8BB8-F45C-44CE-ABE5-EF8B9EC8A780",
        "_cd": "47:248169555",
        "_indextime": "1541281909",
        "_pre_msg": "11/03/2018 09:51:48 PM\nLogName=Security\nSourceName=Microsoft Windows security auditing.\nEventCode=4658\nEventType=0\nType=Information\nComputerName=employee-00.corp.wheelzapp.com\nTaskCategory=Kernel Object\nOpCode=Info\nRecordNumber=197381\nKeywords=Audit Success",
        "_raw": "11/03/2018 09:51:48 PM\nLogName=Security\nSourceName=Microsoft Windows security auditing.\nEventCode=4658\nEventType=0\nType=Information\nComputerName=employee-00.corp.wheelzapp.com\nTaskCategory=Kernel Object\nOpCode=Info\nRecordNumber=197381\nKeywords=Audit Success\nMessage=The handle to an object was closed.\n\nSubject :\n\tSecurity ID:\t\tNT AUTHORITY\\SYSTEM\n\tAccount Name:\t\tEMPLOYEE-00$\n\tAccount Domain:\t\tCORP\n\tLogon ID:\t\t0x3E7\n\nObject:\n\tObject Server:\t\tSecurity\n\tHandle ID:\t\t0xefc\n\nProcess Information:\n\tProcess ID:\t\t0x6e8\n\tProcess Name:\t\tC:\\Windows\\System32\\svchost.exe",
        "_serial": "227180",
        "_si": [
          "index01",
          "main"
        ],
        "_time": "2018-11-03 21:51:48.000 UTC",
        "host": "t1-corp-employee-00",
        "index": "main",
        "linecount": "26",
        "source": "WinEventLog:Security",
        "sourcetype": "WinEventLog",
        "splunk_server": "index01"
      },
      {
        "Message": "An attempt was made to duplicate a handle to an object.\n\nSubject:\n\tSecurity ID:\t\tNT AUTHORITY\\SYSTEM\n\tAccount Name:\t\tEMPLOYEE-00$\n\tAccount Domain:\t\tCORP\n\tLogon ID:\t\t0x3E7\n\nSource Handle Information:\n\tSource Handle ID:\t0x7e4\n\tSource Process ID:\t0x6e8\n\nNew Handle Information:\n\tTarget Handle ID:\t0xefc\n\tTarget Process ID:\t0x4",
        "_bkt": "main~47~309B8BB8-F45C-44CE-ABE5-EF8B9EC8A780",
        "_cd": "47:248169534",
        "_indextime": "1541281909",
        "_pre_msg": "11/03/2018 09:51:48 PM\nLogName=Security\nSourceName=Microsoft Windows security auditing.\nEventCode=4690\nEventType=0\nType=Information\nComputerName=employee-00.corp.wheelzapp.com\nTaskCategory=Handle Manipulation\nOpCode=Info\nRecordNumber=197380\nKeywords=Audit Success",
        "_raw": "11/03/2018 09:51:48 PM\nLogName=Security\nSourceName=Microsoft Windows security auditing.\nEventCode=4690\nEventType=0\nType=Information\nComputerName=employee-00.corp.wheelzapp.com\nTaskCategory=Handle Manipulation\nOpCode=Info\nRecordNumber=197380\nKeywords=Audit Success\nMessage=An attempt was made to duplicate a handle to an object.\n\nSubject:\n\tSecurity ID:\t\tNT AUTHORITY\\SYSTEM\n\tAccount Name:\t\tEMPLOYEE-00$\n\tAccount Domain:\t\tCORP\n\tLogon ID:\t\t0x3E7\n\nSource Handle Information:\n\tSource Handle ID:\t0x7e4\n\tSource Process ID:\t0x6e8\n\nNew Handle Information:\n\tTarget Handle ID:\t0xefc\n\tTarget Process ID:\t0x4",
        "_serial": "227181",
        "_si": [
          "index01",
          "main"
        ],
        "_time": "2018-11-03 21:51:48.000 UTC",
        "host": "t1-corp-employee-00",
        "index": "main",
        "linecount": "26",
        "source": "WinEventLog:Security",
        "sourcetype": "WinEventLog",
        "splunk_server": "index01"
      },
      {
        "Message": "A token right was adjusted.\n\nSubject:\n\tSecurity ID:\t\tNT AUTHORITY\\SYSTEM\n\tAccount Name:\t\tEMPLOYEE-00$\n\tAccount Domain:\t\tCORP\n\tLogon ID:\t\t0x3E7\n\nTarget Account:\n\tSecurity ID:\t\tNULL SID\n\tAccount Name:\t\tEMPLOYEE-00$\n\tAccount Domain:\t\tCORP\n\tLogon ID:\t\t0x3E7\n\nProcess Information:\n\tProcess ID:\t\t0x300\n\tProcess Name:\t\tC:\\Windows\\System32\\wbem\\WmiPrvSE.exe\n\nEnabled Privileges:\n\t\t\tSeAssignPrimaryTokenPrivilege\n\t\t\tSeIncreaseQuotaPrivilege\n\t\t\tSeSecurityPrivilege\n\t\t\tSeTakeOwnershipPrivilege\n\t\t\tSeLoadDriverPrivilege\n\t\t\tSeSystemtimePrivilege\n\t\t\tSeBackupPrivilege\n\t\t\tSeRestorePrivilege\n\t\t\tSeShutdownPrivilege\n\t\t\tSeSystemEnvironmentPrivilege\n\t\t\tSeUndockPrivilege\n\t\t\tSeManageVolumePrivilege\n\nDisabled Privileges:\n\t\t\t-",
        "_bkt": "main~47~309B8BB8-F45C-44CE-ABE5-EF8B9EC8A780",
        "_cd": "47:248169500",
        "_indextime": "1541281909",
        "_pre_msg": "11/03/2018 09:51:48 PM\nLogName=Security\nSourceName=Microsoft Windows security auditing.\nEventCode=4703\nEventType=0\nType=Information\nComputerName=employee-00.corp.wheelzapp.com\nTaskCategory=Token Right Adjusted Events\nOpCode=Info\nRecordNumber=197379\nKeywords=Audit Success",
        "_raw": "11/03/2018 09:51:48 PM\nLogName=Security\nSourceName=Microsoft Windows security auditing.\nEventCode=4703\nEventType=0\nType=Information\nComputerName=employee-00.corp.wheelzapp.com\nTaskCategory=Token Right Adjusted Events\nOpCode=Info\nRecordNumber=197379\nKeywords=Audit Success\nMessage=A token right was adjusted.\n\nSubject:\n\tSecurity ID:\t\tNT AUTHORITY\\SYSTEM\n\tAccount Name:\t\tEMPLOYEE-00$\n\tAccount Domain:\t\tCORP\n\tLogon ID:\t\t0x3E7\n\nTarget Account:\n\tSecurity ID:\t\tNULL SID\n\tAccount Name:\t\tEMPLOYEE-00$\n\tAccount Domain:\t\tCORP\n\tLogon ID:\t\t0x3E7\n\nProcess Information:\n\tProcess ID:\t\t0x300\n\tProcess Name:\t\tC:\\Windows\\System32\\wbem\\WmiPrvSE.exe\n\nEnabled Privileges:\n\t\t\tSeAssignPrimaryTokenPrivilege\n\t\t\tSeIncreaseQuotaPrivilege\n\t\t\tSeSecurityPrivilege\n\t\t\tSeTakeOwnershipPrivilege\n\t\t\tSeLoadDriverPrivilege\n\t\t\tSeSystemtimePrivilege\n\t\t\tSeBackupPrivilege\n\t\t\tSeRestorePrivilege\n\t\t\tSeShutdownPrivilege\n\t\t\tSeSystemEnvironmentPrivilege\n\t\t\tSeUndockPrivilege\n\t\t\tSeManageVolumePrivilege\n\nDisabled Privileges:\n\t\t\t-",
        "_serial": "227182",
        "_si": [
          "index01",
          "main"
        ],
        "_time": "2018-11-03 21:51:48.000 UTC",
        "host": "t1-corp-employee-00",
        "index": "main",
        "linecount": "45",
        "source": "WinEventLog:Security",
        "sourcetype": "WinEventLog",
        "splunk_server": "index01"
      },
      {
        "Message": "An operation was attempted on a privileged object.\n\nSubject:\n\tSecurity ID:\t\tCORP\\bsakamoto\n\tAccount Name:\t\tbsakamoto\n\tAccount Domain:\t\tCORP\n\tLogon ID:\t\t0xADCEE5\n\nObject:\n\tObject Server:\tSecurity\n\tObject Type:\t-\n\tObject Name:\t-\n\tObject Handle:\t0x360\n\nProcess Information:\n\tProcess ID:\t0x868\n\tProcess Name:\tC:\\Windows\\System32\\wbem\\WmiPrvSE.exe\n\nRequested Operation:\n\tDesired Access:\t1048577\n\tPrivileges:\t\tSeBackupPrivilege",
        "_bkt": "main~47~309B8BB8-F45C-44CE-ABE5-EF8B9EC8A780",
        "_cd": "47:248169476",
        "_indextime": "1541281909",
        "_pre_msg": "11/03/2018 09:51:48 PM\nLogName=Security\nSourceName=Microsoft Windows security auditing.\nEventCode=4674\nEventType=0\nType=Information\nComputerName=employee-00.corp.wheelzapp.com\nTaskCategory=Sensitive Privilege Use\nOpCode=Info\nRecordNumber=197378\nKeywords=Audit Success",
        "_raw": "11/03/2018 09:51:48 PM\nLogName=Security\nSourceName=Microsoft Windows security auditing.\nEventCode=4674\nEventType=0\nType=Information\nComputerName=employee-00.corp.wheelzapp.com\nTaskCategory=Sensitive Privilege Use\nOpCode=Info\nRecordNumber=197378\nKeywords=Audit Success\nMessage=An operation was attempted on a privileged object.\n\nSubject:\n\tSecurity ID:\t\tCORP\\bsakamoto\n\tAccount Name:\t\tbsakamoto\n\tAccount Domain:\t\tCORP\n\tLogon ID:\t\t0xADCEE5\n\nObject:\n\tObject Server:\tSecurity\n\tObject Type:\t-\n\tObject Name:\t-\n\tObject Handle:\t0x360\n\nProcess Information:\n\tProcess ID:\t0x868\n\tProcess Name:\tC:\\Windows\\System32\\wbem\\WmiPrvSE.exe\n\nRequested Operation:\n\tDesired Access:\t1048577\n\tPrivileges:\t\tSeBackupPrivilege",
        "_serial": "227183",
        "_si": [
          "index01",
          "main"
        ],
        "_time": "2018-11-03 21:51:48.000 UTC",
        "host": "t1-corp-employee-00",
        "index": "main",
        "linecount": "32",
        "source": "WinEventLog:Security",
        "sourcetype": "WinEventLog",
        "splunk_server": "index01"
      },
      {
        "Message": "An operation was attempted on a privileged object.\n\nSubject:\n\tSecurity ID:\t\tCORP\\bsakamoto\n\tAccount Name:\t\tbsakamoto\n\tAccount Domain:\t\tCORP\n\tLogon ID:\t\t0xADCEE5\n\nObject:\n\tObject Server:\tSecurity\n\tObject Type:\tFile\n\tObject Name:\tC:\\Windows\\System32\n\tObject Handle:\t0x360\n\nProcess Information:\n\tProcess ID:\t0x868\n\tProcess Name:\tC:\\Windows\\System32\\wbem\\WmiPrvSE.exe\n\nRequested Operation:\n\tDesired Access:\tSYNCHRONIZE\n\t\t\t\tReadData (or ListDirectory)\n\t\t\t\t\n\tPrivileges:\t\tSeBackupPrivilege",
        "_bkt": "main~47~309B8BB8-F45C-44CE-ABE5-EF8B9EC8A780",
        "_cd": "47:248169449",
        "_indextime": "1541281909",
        "_pre_msg": "11/03/2018 09:51:48 PM\nLogName=Security\nSourceName=Microsoft Windows security auditing.\nEventCode=4674\nEventType=0\nType=Information\nComputerName=employee-00.corp.wheelzapp.com\nTaskCategory=Sensitive Privilege Use\nOpCode=Info\nRecordNumber=197377\nKeywords=Audit Success",
        "_raw": "11/03/2018 09:51:48 PM\nLogName=Security\nSourceName=Microsoft Windows security auditing.\nEventCode=4674\nEventType=0\nType=Information\nComputerName=employee-00.corp.wheelzapp.com\nTaskCategory=Sensitive Privilege Use\nOpCode=Info\nRecordNumber=197377\nKeywords=Audit Success\nMessage=An operation was attempted on a privileged object.\n\nSubject:\n\tSecurity ID:\t\tCORP\\bsakamoto\n\tAccount Name:\t\tbsakamoto\n\tAccount Domain:\t\tCORP\n\tLogon ID:\t\t0xADCEE5\n\nObject:\n\tObject Server:\tSecurity\n\tObject Type:\tFile\n\tObject Name:\tC:\\Windows\\System32\n\tObject Handle:\t0x360\n\nProcess Information:\n\tProcess ID:\t0x868\n\tProcess Name:\tC:\\Windows\\System32\\wbem\\WmiPrvSE.exe\n\nRequested Operation:\n\tDesired Access:\tSYNCHRONIZE\n\t\t\t\tReadData (or ListDirectory)\n\t\t\t\t\n\tPrivileges:\t\tSeBackupPrivilege",
        "_serial": "227184",
        "_si": [
          "index01",
          "main"
        ],
        "_time": "2018-11-03 21:51:48.000 UTC",
        "host": "t1-corp-employee-00",
        "index": "main",
        "linecount": "34",
        "source": "WinEventLog:Security",
        "sourcetype": "WinEventLog",
        "splunk_server": "index01"
      },
      {
        "Message": "An operation was attempted on a privileged object.\n\nSubject:\n\tSecurity ID:\t\tCORP\\bsakamoto\n\tAccount Name:\t\tbsakamoto\n\tAccount Domain:\t\tCORP\n\tLogon ID:\t\t0xADCEE5\n\nObject:\n\tObject Server:\tSecurity\n\tObject Type:\t-\n\tObject Name:\t-\n\tObject Handle:\t0x360\n\nProcess Information:\n\tProcess ID:\t0x868\n\tProcess Name:\tC:\\Windows\\System32\\wbem\\WmiPrvSE.exe\n\nRequested Operation:\n\tDesired Access:\t1048577\n\tPrivileges:\t\tSeBackupPrivilege",
        "_bkt": "main~47~309B8BB8-F45C-44CE-ABE5-EF8B9EC8A780",
        "_cd": "47:248169425",
        "_indextime": "1541281909",
        "_pre_msg": "11/03/2018 09:51:48 PM\nLogName=Security\nSourceName=Microsoft Windows security auditing.\nEventCode=4674\nEventType=0\nType=Information\nComputerName=employee-00.corp.wheelzapp.com\nTaskCategory=Sensitive Privilege Use\nOpCode=Info\nRecordNumber=197376\nKeywords=Audit Success",
        "_raw": "11/03/2018 09:51:48 PM\nLogName=Security\nSourceName=Microsoft Windows security auditing.\nEventCode=4674\nEventType=0\nType=Information\nComputerName=employee-00.corp.wheelzapp.com\nTaskCategory=Sensitive Privilege Use\nOpCode=Info\nRecordNumber=197376\nKeywords=Audit Success\nMessage=An operation was attempted on a privileged object.\n\nSubject:\n\tSecurity ID:\t\tCORP\\bsakamoto\n\tAccount Name:\t\tbsakamoto\n\tAccount Domain:\t\tCORP\n\tLogon ID:\t\t0xADCEE5\n\nObject:\n\tObject Server:\tSecurity\n\tObject Type:\t-\n\tObject Name:\t-\n\tObject Handle:\t0x360\n\nProcess Information:\n\tProcess ID:\t0x868\n\tProcess Name:\tC:\\Windows\\System32\\wbem\\WmiPrvSE.exe\n\nRequested Operation:\n\tDesired Access:\t1048577\n\tPrivileges:\t\tSeBackupPrivilege",
        "_serial": "227185",
        "_si": [
          "index01",
          "main"
        ],
        "_time": "2018-11-03 21:51:48.000 UTC",
        "host": "t1-corp-employee-00",
        "index": "main",
        "linecount": "32",
        "source": "WinEventLog:Security",
        "sourcetype": "WinEventLog",
        "splunk_server": "index01"
      },
      {
        "Message": "An operation was attempted on a privileged object.\n\nSubject:\n\tSecurity ID:\t\tCORP\\bsakamoto\n\tAccount Name:\t\tbsakamoto\n\tAccount Domain:\t\tCORP\n\tLogon ID:\t\t0xADCEE5\n\nObject:\n\tObject Server:\tSecurity\n\tObject Type:\tFile\n\tObject Name:\tC:\\Windows\\System32\n\tObject Handle:\t0x360\n\nProcess Information:\n\tProcess ID:\t0x868\n\tProcess Name:\tC:\\Windows\\System32\\wbem\\WmiPrvSE.exe\n\nRequested Operation:\n\tDesired Access:\tSYNCHRONIZE\n\t\t\t\tReadData (or ListDirectory)\n\t\t\t\t\n\tPrivileges:\t\tSeBackupPrivilege",
        "_bkt": "main~47~309B8BB8-F45C-44CE-ABE5-EF8B9EC8A780",
        "_cd": "47:248169398",
        "_indextime": "1541281909",
        "_pre_msg": "11/03/2018 09:51:48 PM\nLogName=Security\nSourceName=Microsoft Windows security auditing.\nEventCode=4674\nEventType=0\nType=Information\nComputerName=employee-00.corp.wheelzapp.com\nTaskCategory=Sensitive Privilege Use\nOpCode=Info\nRecordNumber=197375\nKeywords=Audit Success",
        "_raw": "11/03/2018 09:51:48 PM\nLogName=Security\nSourceName=Microsoft Windows security auditing.\nEventCode=4674\nEventType=0\nType=Information\nComputerName=employee-00.corp.wheelzapp.com\nTaskCategory=Sensitive Privilege Use\nOpCode=Info\nRecordNumber=197375\nKeywords=Audit Success\nMessage=An operation was attempted on a privileged object.\n\nSubject:\n\tSecurity ID:\t\tCORP\\bsakamoto\n\tAccount Name:\t\tbsakamoto\n\tAccount Domain:\t\tCORP\n\tLogon ID:\t\t0xADCEE5\n\nObject:\n\tObject Server:\tSecurity\n\tObject Type:\tFile\n\tObject Name:\tC:\\Windows\\System32\n\tObject Handle:\t0x360\n\nProcess Information:\n\tProcess ID:\t0x868\n\tProcess Name:\tC:\\Windows\\System32\\wbem\\WmiPrvSE.exe\n\nRequested Operation:\n\tDesired Access:\tSYNCHRONIZE\n\t\t\t\tReadData (or ListDirectory)\n\t\t\t\t\n\tPrivileges:\t\tSeBackupPrivilege",
        "_serial": "227186",
        "_si": [
          "index01",
          "main"
        ],
        "_time": "2018-11-03 21:51:48.000 UTC",
        "host": "t1-corp-employee-00",
        "index": "main",
        "linecount": "34",
        "source": "WinEventLog:Security",
        "sourcetype": "WinEventLog",
        "splunk_server": "index01"
      },
      {
        "Message": "A token right was adjusted.\n\nSubject:\n\tSecurity ID:\t\tNT AUTHORITY\\SYSTEM\n\tAccount Name:\t\tEMPLOYEE-00$\n\tAccount Domain:\t\tCORP\n\tLogon ID:\t\t0x3E7\n\nTarget Account:\n\tSecurity ID:\t\tNULL SID\n\tAccount Name:\t\tEMPLOYEE-00$\n\tAccount Domain:\t\tCORP\n\tLogon ID:\t\t0x3E7\n\nProcess Information:\n\tProcess ID:\t\t0x468\n\tProcess Name:\t\tC:\\Windows\\System32\\svchost.exe\n\nEnabled Privileges:\n\t\t\tSeAssignPrimaryTokenPrivilege\n\t\t\tSeIncreaseQuotaPrivilege\n\t\t\tSeSecurityPrivilege\n\t\t\tSeTakeOwnershipPrivilege\n\t\t\tSeLoadDriverPrivilege\n\t\t\tSeSystemtimePrivilege\n\t\t\tSeBackupPrivilege\n\t\t\tSeRestorePrivilege\n\t\t\tSeShutdownPrivilege\n\t\t\tSeSystemEnvironmentPrivilege\n\t\t\tSeUndockPrivilege\n\t\t\tSeManageVolumePrivilege\n\nDisabled Privileges:\n\t\t\t-",
        "_bkt": "main~47~309B8BB8-F45C-44CE-ABE5-EF8B9EC8A780",
        "_cd": "47:248169364",
        "_indextime": "1541281909",
        "_pre_msg": "11/03/2018 09:51:48 PM\nLogName=Security\nSourceName=Microsoft Windows security auditing.\nEventCode=4703\nEventType=0\nType=Information\nComputerName=employee-00.corp.wheelzapp.com\nTaskCategory=Token Right Adjusted Events\nOpCode=Info\nRecordNumber=197374\nKeywords=Audit Success",
        "_raw": "11/03/2018 09:51:48 PM\nLogName=Security\nSourceName=Microsoft Windows security auditing.\nEventCode=4703\nEventType=0\nType=Information\nComputerName=employee-00.corp.wheelzapp.com\nTaskCategory=Token Right Adjusted Events\nOpCode=Info\nRecordNumber=197374\nKeywords=Audit Success\nMessage=A token right was adjusted.\n\nSubject:\n\tSecurity ID:\t\tNT AUTHORITY\\SYSTEM\n\tAccount Name:\t\tEMPLOYEE-00$\n\tAccount Domain:\t\tCORP\n\tLogon ID:\t\t0x3E7\n\nTarget Account:\n\tSecurity ID:\t\tNULL SID\n\tAccount Name:\t\tEMPLOYEE-00$\n\tAccount Domain:\t\tCORP\n\tLogon ID:\t\t0x3E7\n\nProcess Information:\n\tProcess ID:\t\t0x468\n\tProcess Name:\t\tC:\\Windows\\System32\\svchost.exe\n\nEnabled Privileges:\n\t\t\tSeAssignPrimaryTokenPrivilege\n\t\t\tSeIncreaseQuotaPrivilege\n\t\t\tSeSecurityPrivilege\n\t\t\tSeTakeOwnershipPrivilege\n\t\t\tSeLoadDriverPrivilege\n\t\t\tSeSystemtimePrivilege\n\t\t\tSeBackupPrivilege\n\t\t\tSeRestorePrivilege\n\t\t\tSeShutdownPrivilege\n\t\t\tSeSystemEnvironmentPrivilege\n\t\t\tSeUndockPrivilege\n\t\t\tSeManageVolumePrivilege\n\nDisabled Privileges:\n\t\t\t-",
        "_serial": "227187",
        "_si": [
          "index01",
          "main"
        ],
        "_time": "2018-11-03 21:51:48.000 UTC",
        "host": "t1-corp-employee-00",
        "index": "main",
        "linecount": "45",
        "source": "WinEventLog:Security",
        "sourcetype": "WinEventLog",
        "splunk_server": "index01"
      },
      {
        "Message": "An operation was attempted on a privileged object.\n\nSubject:\n\tSecurity ID:\t\tCORP\\bsakamoto\n\tAccount Name:\t\tbsakamoto\n\tAccount Domain:\t\tCORP\n\tLogon ID:\t\t0xADCEE5\n\nObject:\n\tObject Server:\tSecurity\n\tObject Type:\t-\n\tObject Name:\t-\n\tObject Handle:\t0x360\n\nProcess Information:\n\tProcess ID:\t0x868\n\tProcess Name:\tC:\\Windows\\System32\\wbem\\WmiPrvSE.exe\n\nRequested Operation:\n\tDesired Access:\t1048577\n\tPrivileges:\t\tSeBackupPrivilege",
        "_bkt": "main~47~309B8BB8-F45C-44CE-ABE5-EF8B9EC8A780",
        "_cd": "47:248169340",
        "_indextime": "1541281909",
        "_pre_msg": "11/03/2018 09:51:48 PM\nLogName=Security\nSourceName=Microsoft Windows security auditing.\nEventCode=4674\nEventType=0\nType=Information\nComputerName=employee-00.corp.wheelzapp.com\nTaskCategory=Sensitive Privilege Use\nOpCode=Info\nRecordNumber=197373\nKeywords=Audit Success",
        "_raw": "11/03/2018 09:51:48 PM\nLogName=Security\nSourceName=Microsoft Windows security auditing.\nEventCode=4674\nEventType=0\nType=Information\nComputerName=employee-00.corp.wheelzapp.com\nTaskCategory=Sensitive Privilege Use\nOpCode=Info\nRecordNumber=197373\nKeywords=Audit Success\nMessage=An operation was attempted on a privileged object.\n\nSubject:\n\tSecurity ID:\t\tCORP\\bsakamoto\n\tAccount Name:\t\tbsakamoto\n\tAccount Domain:\t\tCORP\n\tLogon ID:\t\t0xADCEE5\n\nObject:\n\tObject Server:\tSecurity\n\tObject Type:\t-\n\tObject Name:\t-\n\tObject Handle:\t0x360\n\nProcess Information:\n\tProcess ID:\t0x868\n\tProcess Name:\tC:\\Windows\\System32\\wbem\\WmiPrvSE.exe\n\nRequested Operation:\n\tDesired Access:\t1048577\n\tPrivileges:\t\tSeBackupPrivilege",
        "_serial": "227188",
        "_si": [
          "index01",
          "main"
        ],
        "_time": "2018-11-03 21:51:48.000 UTC",
        "host": "t1-corp-employee-00",
        "index": "main",
        "linecount": "32",
        "source": "WinEventLog:Security",
        "sourcetype": "WinEventLog",
        "splunk_server": "index01"
      },
      {
        "Message": "An operation was attempted on a privileged object.\n\nSubject:\n\tSecurity ID:\t\tCORP\\bsakamoto\n\tAccount Name:\t\tbsakamoto\n\tAccount Domain:\t\tCORP\n\tLogon ID:\t\t0xADCEE5\n\nObject:\n\tObject Server:\tSecurity\n\tObject Type:\tFile\n\tObject Name:\tC:\\Windows\\System32\n\tObject Handle:\t0x360\n\nProcess Information:\n\tProcess ID:\t0x868\n\tProcess Name:\tC:\\Windows\\System32\\wbem\\WmiPrvSE.exe\n\nRequested Operation:\n\tDesired Access:\tSYNCHRONIZE\n\t\t\t\tReadData (or ListDirectory)\n\t\t\t\t\n\tPrivileges:\t\tSeBackupPrivilege",
        "_bkt": "main~47~309B8BB8-F45C-44CE-ABE5-EF8B9EC8A780",
        "_cd": "47:248169313",
        "_indextime": "1541281909",
        "_pre_msg": "11/03/2018 09:51:48 PM\nLogName=Security\nSourceName=Microsoft Windows security auditing.\nEventCode=4674\nEventType=0\nType=Information\nComputerName=employee-00.corp.wheelzapp.com\nTaskCategory=Sensitive Privilege Use\nOpCode=Info\nRecordNumber=197372\nKeywords=Audit Success",
        "_raw": "11/03/2018 09:51:48 PM\nLogName=Security\nSourceName=Microsoft Windows security auditing.\nEventCode=4674\nEventType=0\nType=Information\nComputerName=employee-00.corp.wheelzapp.com\nTaskCategory=Sensitive Privilege Use\nOpCode=Info\nRecordNumber=197372\nKeywords=Audit Success\nMessage=An operation was attempted on a privileged object.\n\nSubject:\n\tSecurity ID:\t\tCORP\\bsakamoto\n\tAccount Name:\t\tbsakamoto\n\tAccount Domain:\t\tCORP\n\tLogon ID:\t\t0xADCEE5\n\nObject:\n\tObject Server:\tSecurity\n\tObject Type:\tFile\n\tObject Name:\tC:\\Windows\\System32\n\tObject Handle:\t0x360\n\nProcess Information:\n\tProcess ID:\t0x868\n\tProcess Name:\tC:\\Windows\\System32\\wbem\\WmiPrvSE.exe\n\nRequested Operation:\n\tDesired Access:\tSYNCHRONIZE\n\t\t\t\tReadData (or ListDirectory)\n\t\t\t\t\n\tPrivileges:\t\tSeBackupPrivilege",
        "_serial": "227189",
        "_si": [
          "index01",
          "main"
        ],
        "_time": "2018-11-03 21:51:48.000 UTC",
        "host": "t1-corp-employee-00",
        "index": "main",
        "linecount": "34",
        "source": "WinEventLog:Security",
        "sourcetype": "WinEventLog",
        "splunk_server": "index01"
      },
      {
        "Message": "An operation was attempted on a privileged object.\n\nSubject:\n\tSecurity ID:\t\tCORP\\bsakamoto\n\tAccount Name:\t\tbsakamoto\n\tAccount Domain:\t\tCORP\n\tLogon ID:\t\t0xADCEE5\n\nObject:\n\tObject Server:\tSecurity\n\tObject Type:\t-\n\tObject Name:\t-\n\tObject Handle:\t0x360\n\nProcess Information:\n\tProcess ID:\t0x868\n\tProcess Name:\tC:\\Windows\\System32\\wbem\\WmiPrvSE.exe\n\nRequested Operation:\n\tDesired Access:\t1048577\n\tPrivileges:\t\tSeBackupPrivilege",
        "_bkt": "main~47~309B8BB8-F45C-44CE-ABE5-EF8B9EC8A780",
        "_cd": "47:248169289",
        "_indextime": "1541281909",
        "_pre_msg": "11/03/2018 09:51:48 PM\nLogName=Security\nSourceName=Microsoft Windows security auditing.\nEventCode=4674\nEventType=0\nType=Information\nComputerName=employee-00.corp.wheelzapp.com\nTaskCategory=Sensitive Privilege Use\nOpCode=Info\nRecordNumber=197371\nKeywords=Audit Success",
        "_raw": "11/03/2018 09:51:48 PM\nLogName=Security\nSourceName=Microsoft Windows security auditing.\nEventCode=4674\nEventType=0\nType=Information\nComputerName=employee-00.corp.wheelzapp.com\nTaskCategory=Sensitive Privilege Use\nOpCode=Info\nRecordNumber=197371\nKeywords=Audit Success\nMessage=An operation was attempted on a privileged object.\n\nSubject:\n\tSecurity ID:\t\tCORP\\bsakamoto\n\tAccount Name:\t\tbsakamoto\n\tAccount Domain:\t\tCORP\n\tLogon ID:\t\t0xADCEE5\n\nObject:\n\tObject Server:\tSecurity\n\tObject Type:\t-\n\tObject Name:\t-\n\tObject Handle:\t0x360\n\nProcess Information:\n\tProcess ID:\t0x868\n\tProcess Name:\tC:\\Windows\\System32\\wbem\\WmiPrvSE.exe\n\nRequested Operation:\n\tDesired Access:\t1048577\n\tPrivileges:\t\tSeBackupPrivilege",
        "_serial": "227190",
        "_si": [
          "index01",
          "main"
        ],
        "_time": "2018-11-03 21:51:48.000 UTC",
        "host": "t1-corp-employee-00",
        "index": "main",
        "linecount": "32",
        "source": "WinEventLog:Security",
        "sourcetype": "WinEventLog",
        "splunk_server": "index01"
      },
      {
        "Message": "An operation was attempted on a privileged object.\n\nSubject:\n\tSecurity ID:\t\tCORP\\bsakamoto\n\tAccount Name:\t\tbsakamoto\n\tAccount Domain:\t\tCORP\n\tLogon ID:\t\t0xADCEE5\n\nObject:\n\tObject Server:\tSecurity\n\tObject Type:\tFile\n\tObject Name:\tC:\\Windows\\System32\n\tObject Handle:\t0x360\n\nProcess Information:\n\tProcess ID:\t0x868\n\tProcess Name:\tC:\\Windows\\System32\\wbem\\WmiPrvSE.exe\n\nRequested Operation:\n\tDesired Access:\tSYNCHRONIZE\n\t\t\t\tReadData (or ListDirectory)\n\t\t\t\t\n\tPrivileges:\t\tSeBackupPrivilege",
        "_bkt": "main~47~309B8BB8-F45C-44CE-ABE5-EF8B9EC8A780",
        "_cd": "47:248169262",
        "_indextime": "1541281909",
        "_pre_msg": "11/03/2018 09:51:48 PM\nLogName=Security\nSourceName=Microsoft Windows security auditing.\nEventCode=4674\nEventType=0\nType=Information\nComputerName=employee-00.corp.wheelzapp.com\nTaskCategory=Sensitive Privilege Use\nOpCode=Info\nRecordNumber=197370\nKeywords=Audit Success",
        "_raw": "11/03/2018 09:51:48 PM\nLogName=Security\nSourceName=Microsoft Windows security auditing.\nEventCode=4674\nEventType=0\nType=Information\nComputerName=employee-00.corp.wheelzapp.com\nTaskCategory=Sensitive Privilege Use\nOpCode=Info\nRecordNumber=197370\nKeywords=Audit Success\nMessage=An operation was attempted on a privileged object.\n\nSubject:\n\tSecurity ID:\t\tCORP\\bsakamoto\n\tAccount Name:\t\tbsakamoto\n\tAccount Domain:\t\tCORP\n\tLogon ID:\t\t0xADCEE5\n\nObject:\n\tObject Server:\tSecurity\n\tObject Type:\tFile\n\tObject Name:\tC:\\Windows\\System32\n\tObject Handle:\t0x360\n\nProcess Information:\n\tProcess ID:\t0x868\n\tProcess Name:\tC:\\Windows\\System32\\wbem\\WmiPrvSE.exe\n\nRequested Operation:\n\tDesired Access:\tSYNCHRONIZE\n\t\t\t\tReadData (or ListDirectory)\n\t\t\t\t\n\tPrivileges:\t\tSeBackupPrivilege",
        "_serial": "227191",
        "_si": [
          "index01",
          "main"
        ],
        "_time": "2018-11-03 21:51:48.000 UTC",
        "host": "t1-corp-employee-00",
        "index": "main",
        "linecount": "34",
        "source": "WinEventLog:Security",
        "sourcetype": "WinEventLog",
        "splunk_server": "index01"
      },
      {
        "Message": "A token right was adjusted.\n\nSubject:\n\tSecurity ID:\t\tNT AUTHORITY\\SYSTEM\n\tAccount Name:\t\tEMPLOYEE-00$\n\tAccount Domain:\t\tCORP\n\tLogon ID:\t\t0x3E7\n\nTarget Account:\n\tSecurity ID:\t\tNULL SID\n\tAccount Name:\t\tEMPLOYEE-00$\n\tAccount Domain:\t\tCORP\n\tLogon ID:\t\t0x3E7\n\nProcess Information:\n\tProcess ID:\t\t0x468\n\tProcess Name:\t\tC:\\Windows\\System32\\svchost.exe\n\nEnabled Privileges:\n\t\t\tSeAssignPrimaryTokenPrivilege\n\t\t\tSeIncreaseQuotaPrivilege\n\t\t\tSeSecurityPrivilege\n\t\t\tSeTakeOwnershipPrivilege\n\t\t\tSeLoadDriverPrivilege\n\t\t\tSeSystemtimePrivilege\n\t\t\tSeBackupPrivilege\n\t\t\tSeRestorePrivilege\n\t\t\tSeShutdownPrivilege\n\t\t\tSeSystemEnvironmentPrivilege\n\t\t\tSeUndockPrivilege\n\t\t\tSeManageVolumePrivilege\n\nDisabled Privileges:\n\t\t\t-",
        "_bkt": "main~47~309B8BB8-F45C-44CE-ABE5-EF8B9EC8A780",
        "_cd": "47:248169228",
        "_indextime": "1541281909",
        "_pre_msg": "11/03/2018 09:51:48 PM\nLogName=Security\nSourceName=Microsoft Windows security auditing.\nEventCode=4703\nEventType=0\nType=Information\nComputerName=employee-00.corp.wheelzapp.com\nTaskCategory=Token Right Adjusted Events\nOpCode=Info\nRecordNumber=197369\nKeywords=Audit Success",
        "_raw": "11/03/2018 09:51:48 PM\nLogName=Security\nSourceName=Microsoft Windows security auditing.\nEventCode=4703\nEventType=0\nType=Information\nComputerName=employee-00.corp.wheelzapp.com\nTaskCategory=Token Right Adjusted Events\nOpCode=Info\nRecordNumber=197369\nKeywords=Audit Success\nMessage=A token right was adjusted.\n\nSubject:\n\tSecurity ID:\t\tNT AUTHORITY\\SYSTEM\n\tAccount Name:\t\tEMPLOYEE-00$\n\tAccount Domain:\t\tCORP\n\tLogon ID:\t\t0x3E7\n\nTarget Account:\n\tSecurity ID:\t\tNULL SID\n\tAccount Name:\t\tEMPLOYEE-00$\n\tAccount Domain:\t\tCORP\n\tLogon ID:\t\t0x3E7\n\nProcess Information:\n\tProcess ID:\t\t0x468\n\tProcess Name:\t\tC:\\Windows\\System32\\svchost.exe\n\nEnabled Privileges:\n\t\t\tSeAssignPrimaryTokenPrivilege\n\t\t\tSeIncreaseQuotaPrivilege\n\t\t\tSeSecurityPrivilege\n\t\t\tSeTakeOwnershipPrivilege\n\t\t\tSeLoadDriverPrivilege\n\t\t\tSeSystemtimePrivilege\n\t\t\tSeBackupPrivilege\n\t\t\tSeRestorePrivilege\n\t\t\tSeShutdownPrivilege\n\t\t\tSeSystemEnvironmentPrivilege\n\t\t\tSeUndockPrivilege\n\t\t\tSeManageVolumePrivilege\n\nDisabled Privileges:\n\t\t\t-",
        "_serial": "227192",
        "_si": [
          "index01",
          "main"
        ],
        "_time": "2018-11-03 21:51:48.000 UTC",
        "host": "t1-corp-employee-00",
        "index": "main",
        "linecount": "45",
        "source": "WinEventLog:Security",
        "sourcetype": "WinEventLog",
        "splunk_server": "index01"
      },
      {
        "Message": "A token right was adjusted.\n\nSubject:\n\tSecurity ID:\t\tNT AUTHORITY\\SYSTEM\n\tAccount Name:\t\tEMPLOYEE-00$\n\tAccount Domain:\t\tCORP\n\tLogon ID:\t\t0x3E7\n\nTarget Account:\n\tSecurity ID:\t\tNULL SID\n\tAccount Name:\t\tEMPLOYEE-00$\n\tAccount Domain:\t\tCORP\n\tLogon ID:\t\t0x3E7\n\nProcess Information:\n\tProcess ID:\t\t0x468\n\tProcess Name:\t\tC:\\Windows\\System32\\svchost.exe\n\nEnabled Privileges:\n\t\t\tSeAssignPrimaryTokenPrivilege\n\t\t\tSeIncreaseQuotaPrivilege\n\t\t\tSeSecurityPrivilege\n\t\t\tSeTakeOwnershipPrivilege\n\t\t\tSeLoadDriverPrivilege\n\t\t\tSeSystemtimePrivilege\n\t\t\tSeBackupPrivilege\n\t\t\tSeRestorePrivilege\n\t\t\tSeShutdownPrivilege\n\t\t\tSeSystemEnvironmentPrivilege\n\t\t\tSeUndockPrivilege\n\t\t\tSeManageVolumePrivilege\n\nDisabled Privileges:\n\t\t\t-",
        "_bkt": "main~47~309B8BB8-F45C-44CE-ABE5-EF8B9EC8A780",
        "_cd": "47:248169194",
        "_indextime": "1541281909",
        "_pre_msg": "11/03/2018 09:51:48 PM\nLogName=Security\nSourceName=Microsoft Windows security auditing.\nEventCode=4703\nEventType=0\nType=Information\nComputerName=employee-00.corp.wheelzapp.com\nTaskCategory=Token Right Adjusted Events\nOpCode=Info\nRecordNumber=197368\nKeywords=Audit Success",
        "_raw": "11/03/2018 09:51:48 PM\nLogName=Security\nSourceName=Microsoft Windows security auditing.\nEventCode=4703\nEventType=0\nType=Information\nComputerName=employee-00.corp.wheelzapp.com\nTaskCategory=Token Right Adjusted Events\nOpCode=Info\nRecordNumber=197368\nKeywords=Audit Success\nMessage=A token right was adjusted.\n\nSubject:\n\tSecurity ID:\t\tNT AUTHORITY\\SYSTEM\n\tAccount Name:\t\tEMPLOYEE-00$\n\tAccount Domain:\t\tCORP\n\tLogon ID:\t\t0x3E7\n\nTarget Account:\n\tSecurity ID:\t\tNULL SID\n\tAccount Name:\t\tEMPLOYEE-00$\n\tAccount Domain:\t\tCORP\n\tLogon ID:\t\t0x3E7\n\nProcess Information:\n\tProcess ID:\t\t0x468\n\tProcess Name:\t\tC:\\Windows\\System32\\svchost.exe\n\nEnabled Privileges:\n\t\t\tSeAssignPrimaryTokenPrivilege\n\t\t\tSeIncreaseQuotaPrivilege\n\t\t\tSeSecurityPrivilege\n\t\t\tSeTakeOwnershipPrivilege\n\t\t\tSeLoadDriverPrivilege\n\t\t\tSeSystemtimePrivilege\n\t\t\tSeBackupPrivilege\n\t\t\tSeRestorePrivilege\n\t\t\tSeShutdownPrivilege\n\t\t\tSeSystemEnvironmentPrivilege\n\t\t\tSeUndockPrivilege\n\t\t\tSeManageVolumePrivilege\n\nDisabled Privileges:\n\t\t\t-",
        "_serial": "227193",
        "_si": [
          "index01",
          "main"
        ],
        "_time": "2018-11-03 21:51:48.000 UTC",
        "host": "t1-corp-employee-00",
        "index": "main",
        "linecount": "45",
        "source": "WinEventLog:Security",
        "sourcetype": "WinEventLog",
        "splunk_server": "index01"
      },
      {
        "Message": "An operation was attempted on a privileged object.\n\nSubject:\n\tSecurity ID:\t\tCORP\\bsakamoto\n\tAccount Name:\t\tbsakamoto\n\tAccount Domain:\t\tCORP\n\tLogon ID:\t\t0xADCEE5\n\nObject:\n\tObject Server:\tSecurity\n\tObject Type:\t-\n\tObject Name:\t-\n\tObject Handle:\t0x360\n\nProcess Information:\n\tProcess ID:\t0x868\n\tProcess Name:\tC:\\Windows\\System32\\wbem\\WmiPrvSE.exe\n\nRequested Operation:\n\tDesired Access:\t1048577\n\tPrivileges:\t\tSeBackupPrivilege",
        "_bkt": "main~47~309B8BB8-F45C-44CE-ABE5-EF8B9EC8A780",
        "_cd": "47:248169170",
        "_indextime": "1541281909",
        "_pre_msg": "11/03/2018 09:51:48 PM\nLogName=Security\nSourceName=Microsoft Windows security auditing.\nEventCode=4674\nEventType=0\nType=Information\nComputerName=employee-00.corp.wheelzapp.com\nTaskCategory=Sensitive Privilege Use\nOpCode=Info\nRecordNumber=197367\nKeywords=Audit Success",
        "_raw": "11/03/2018 09:51:48 PM\nLogName=Security\nSourceName=Microsoft Windows security auditing.\nEventCode=4674\nEventType=0\nType=Information\nComputerName=employee-00.corp.wheelzapp.com\nTaskCategory=Sensitive Privilege Use\nOpCode=Info\nRecordNumber=197367\nKeywords=Audit Success\nMessage=An operation was attempted on a privileged object.\n\nSubject:\n\tSecurity ID:\t\tCORP\\bsakamoto\n\tAccount Name:\t\tbsakamoto\n\tAccount Domain:\t\tCORP\n\tLogon ID:\t\t0xADCEE5\n\nObject:\n\tObject Server:\tSecurity\n\tObject Type:\t-\n\tObject Name:\t-\n\tObject Handle:\t0x360\n\nProcess Information:\n\tProcess ID:\t0x868\n\tProcess Name:\tC:\\Windows\\System32\\wbem\\WmiPrvSE.exe\n\nRequested Operation:\n\tDesired Access:\t1048577\n\tPrivileges:\t\tSeBackupPrivilege",
        "_serial": "227194",
        "_si": [
          "index01",
          "main"
        ],
        "_time": "2018-11-03 21:51:48.000 UTC",
        "host": "t1-corp-employee-00",
        "index": "main",
        "linecount": "32",
        "source": "WinEventLog:Security",
        "sourcetype": "WinEventLog",
        "splunk_server": "index01"
      },
      {
        "Message": "An operation was attempted on a privileged object.\n\nSubject:\n\tSecurity ID:\t\tCORP\\bsakamoto\n\tAccount Name:\t\tbsakamoto\n\tAccount Domain:\t\tCORP\n\tLogon ID:\t\t0xADCEE5\n\nObject:\n\tObject Server:\tSecurity\n\tObject Type:\tFile\n\tObject Name:\tC:\\Windows\\System32\n\tObject Handle:\t0x360\n\nProcess Information:\n\tProcess ID:\t0x868\n\tProcess Name:\tC:\\Windows\\System32\\wbem\\WmiPrvSE.exe\n\nRequested Operation:\n\tDesired Access:\tSYNCHRONIZE\n\t\t\t\tReadData (or ListDirectory)\n\t\t\t\t\n\tPrivileges:\t\tSeBackupPrivilege",
        "_bkt": "main~47~309B8BB8-F45C-44CE-ABE5-EF8B9EC8A780",
        "_cd": "47:248169143",
        "_indextime": "1541281909",
        "_pre_msg": "11/03/2018 09:51:48 PM\nLogName=Security\nSourceName=Microsoft Windows security auditing.\nEventCode=4674\nEventType=0\nType=Information\nComputerName=employee-00.corp.wheelzapp.com\nTaskCategory=Sensitive Privilege Use\nOpCode=Info\nRecordNumber=197366\nKeywords=Audit Success",
