        "_pre_msg": "11/03/2018 09:03:32 PM\nLogName=Security\nSourceName=Microsoft Windows security auditing.\nEventCode=5156\nEventType=0\nType=Information\nComputerName=employee-00.corp.wheelzapp.com\nTaskCategory=Filtering Platform Connection\nOpCode=Info\nRecordNumber=167735\nKeywords=Audit Success",
        "_raw": "11/03/2018 09:03:32 PM\nLogName=Security\nSourceName=Microsoft Windows security auditing.\nEventCode=5156\nEventType=0\nType=Information\nComputerName=employee-00.corp.wheelzapp.com\nTaskCategory=Filtering Platform Connection\nOpCode=Info\nRecordNumber=167735\nKeywords=Audit Success\nMessage=The Windows Filtering Platform has permitted a connection.\n\nApplication Information:\n\tProcess ID:\t\t4\n\tApplication Name:\tSystem\n\nNetwork Information:\n\tDirection:\t\tInbound\n\tSource Address:\t\t10.0.254.103\n\tSource Port:\t\t7302\n\tDestination Address:\t10.0.0.240\n\tDestination Port:\t\t47001\n\tProtocol:\t\t6\n\nFilter Information:\n\tFilter Run-Time ID:\t0\n\tLayer Name:\t\tReceive/Accept\n\tLayer Run-Time ID:\t44",
        "_serial": "334271",
        "_si": [
          "index01",
          "main"
        ],
        "_time": "2018-11-03 21:03:32.000 UTC",
        "host": "t1-corp-employee-00",
        "index": "main",
        "linecount": "29",
        "source": "WinEventLog:Security",
        "sourcetype": "WinEventLog",
        "splunk_server": "index01"
      },
      {
        "Message": "The Windows Filtering Platform has permitted a connection.\n\nApplication Information:\n\tProcess ID:\t\t4\n\tApplication Name:\tSystem\n\nNetwork Information:\n\tDirection:\t\tInbound\n\tSource Address:\t\t10.0.254.103\n\tSource Port:\t\t7301\n\tDestination Address:\t10.0.0.240\n\tDestination Port:\t\t5985\n\tProtocol:\t\t6\n\nFilter Information:\n\tFilter Run-Time ID:\t0\n\tLayer Name:\t\tReceive/Accept\n\tLayer Run-Time ID:\t44",
        "_bkt": "main~45~B135F5F1-8761-4D6B-9993-723ECD8DFAF7",
        "_cd": "45:296896476",
        "_indextime": "1541279013",
        "_pre_msg": "11/03/2018 09:03:32 PM\nLogName=Security\nSourceName=Microsoft Windows security auditing.\nEventCode=5156\nEventType=0\nType=Information\nComputerName=employee-00.corp.wheelzapp.com\nTaskCategory=Filtering Platform Connection\nOpCode=Info\nRecordNumber=167734\nKeywords=Audit Success",
        "_raw": "11/03/2018 09:03:32 PM\nLogName=Security\nSourceName=Microsoft Windows security auditing.\nEventCode=5156\nEventType=0\nType=Information\nComputerName=employee-00.corp.wheelzapp.com\nTaskCategory=Filtering Platform Connection\nOpCode=Info\nRecordNumber=167734\nKeywords=Audit Success\nMessage=The Windows Filtering Platform has permitted a connection.\n\nApplication Information:\n\tProcess ID:\t\t4\n\tApplication Name:\tSystem\n\nNetwork Information:\n\tDirection:\t\tInbound\n\tSource Address:\t\t10.0.254.103\n\tSource Port:\t\t7301\n\tDestination Address:\t10.0.0.240\n\tDestination Port:\t\t5985\n\tProtocol:\t\t6\n\nFilter Information:\n\tFilter Run-Time ID:\t0\n\tLayer Name:\t\tReceive/Accept\n\tLayer Run-Time ID:\t44",
        "_serial": "334272",
        "_si": [
          "index01",
          "main"
        ],
        "_time": "2018-11-03 21:03:32.000 UTC",
        "host": "t1-corp-employee-00",
        "index": "main",
        "linecount": "29",
        "source": "WinEventLog:Security",
        "sourcetype": "WinEventLog",
        "splunk_server": "index01"
      },
      {
        "Message": "The Windows Filtering Platform has permitted a connection.\n\nApplication Information:\n\tProcess ID:\t\t4\n\tApplication Name:\tSystem\n\nNetwork Information:\n\tDirection:\t\tInbound\n\tSource Address:\t\t10.0.254.103\n\tSource Port:\t\t7300\n\tDestination Address:\t10.0.0.240\n\tDestination Port:\t\t5986\n\tProtocol:\t\t6\n\nFilter Information:\n\tFilter Run-Time ID:\t0\n\tLayer Name:\t\tReceive/Accept\n\tLayer Run-Time ID:\t44",
        "_bkt": "main~45~B135F5F1-8761-4D6B-9993-723ECD8DFAF7",
        "_cd": "45:296896453",
        "_indextime": "1541279013",
        "_pre_msg": "11/03/2018 09:03:32 PM\nLogName=Security\nSourceName=Microsoft Windows security auditing.\nEventCode=5156\nEventType=0\nType=Information\nComputerName=employee-00.corp.wheelzapp.com\nTaskCategory=Filtering Platform Connection\nOpCode=Info\nRecordNumber=167733\nKeywords=Audit Success",
        "_raw": "11/03/2018 09:03:32 PM\nLogName=Security\nSourceName=Microsoft Windows security auditing.\nEventCode=5156\nEventType=0\nType=Information\nComputerName=employee-00.corp.wheelzapp.com\nTaskCategory=Filtering Platform Connection\nOpCode=Info\nRecordNumber=167733\nKeywords=Audit Success\nMessage=The Windows Filtering Platform has permitted a connection.\n\nApplication Information:\n\tProcess ID:\t\t4\n\tApplication Name:\tSystem\n\nNetwork Information:\n\tDirection:\t\tInbound\n\tSource Address:\t\t10.0.254.103\n\tSource Port:\t\t7300\n\tDestination Address:\t10.0.0.240\n\tDestination Port:\t\t5986\n\tProtocol:\t\t6\n\nFilter Information:\n\tFilter Run-Time ID:\t0\n\tLayer Name:\t\tReceive/Accept\n\tLayer Run-Time ID:\t44",
        "_serial": "334273",
        "_si": [
          "index01",
          "main"
        ],
        "_time": "2018-11-03 21:03:32.000 UTC",
        "host": "t1-corp-employee-00",
        "index": "main",
        "linecount": "29",
        "source": "WinEventLog:Security",
        "sourcetype": "WinEventLog",
        "splunk_server": "index01"
      },
      {
        "Message": "The Windows Filtering Platform has permitted a connection.\n\nApplication Information:\n\tProcess ID:\t\t4\n\tApplication Name:\tSystem\n\nNetwork Information:\n\tDirection:\t\tInbound\n\tSource Address:\t\t10.0.254.103\n\tSource Port:\t\t7299\n\tDestination Address:\t10.0.0.240\n\tDestination Port:\t\t5985\n\tProtocol:\t\t6\n\nFilter Information:\n\tFilter Run-Time ID:\t0\n\tLayer Name:\t\tReceive/Accept\n\tLayer Run-Time ID:\t44",
        "_bkt": "main~45~B135F5F1-8761-4D6B-9993-723ECD8DFAF7",
        "_cd": "45:296896430",
        "_indextime": "1541279013",
        "_pre_msg": "11/03/2018 09:03:32 PM\nLogName=Security\nSourceName=Microsoft Windows security auditing.\nEventCode=5156\nEventType=0\nType=Information\nComputerName=employee-00.corp.wheelzapp.com\nTaskCategory=Filtering Platform Connection\nOpCode=Info\nRecordNumber=167732\nKeywords=Audit Success",
        "_raw": "11/03/2018 09:03:32 PM\nLogName=Security\nSourceName=Microsoft Windows security auditing.\nEventCode=5156\nEventType=0\nType=Information\nComputerName=employee-00.corp.wheelzapp.com\nTaskCategory=Filtering Platform Connection\nOpCode=Info\nRecordNumber=167732\nKeywords=Audit Success\nMessage=The Windows Filtering Platform has permitted a connection.\n\nApplication Information:\n\tProcess ID:\t\t4\n\tApplication Name:\tSystem\n\nNetwork Information:\n\tDirection:\t\tInbound\n\tSource Address:\t\t10.0.254.103\n\tSource Port:\t\t7299\n\tDestination Address:\t10.0.0.240\n\tDestination Port:\t\t5985\n\tProtocol:\t\t6\n\nFilter Information:\n\tFilter Run-Time ID:\t0\n\tLayer Name:\t\tReceive/Accept\n\tLayer Run-Time ID:\t44",
        "_serial": "334274",
        "_si": [
          "index01",
          "main"
        ],
        "_time": "2018-11-03 21:03:32.000 UTC",
        "host": "t1-corp-employee-00",
        "index": "main",
        "linecount": "29",
        "source": "WinEventLog:Security",
        "sourcetype": "WinEventLog",
        "splunk_server": "index01"
      },
      {
        "Message": "The Windows Filtering Platform has permitted a connection.\n\nApplication Information:\n\tProcess ID:\t\t4\n\tApplication Name:\tSystem\n\nNetwork Information:\n\tDirection:\t\tInbound\n\tSource Address:\t\t10.0.254.103\n\tSource Port:\t\t7298\n\tDestination Address:\t10.0.0.240\n\tDestination Port:\t\t5986\n\tProtocol:\t\t6\n\nFilter Information:\n\tFilter Run-Time ID:\t0\n\tLayer Name:\t\tReceive/Accept\n\tLayer Run-Time ID:\t44",
        "_bkt": "main~45~B135F5F1-8761-4D6B-9993-723ECD8DFAF7",
        "_cd": "45:296896407",
        "_indextime": "1541279013",
        "_pre_msg": "11/03/2018 09:03:32 PM\nLogName=Security\nSourceName=Microsoft Windows security auditing.\nEventCode=5156\nEventType=0\nType=Information\nComputerName=employee-00.corp.wheelzapp.com\nTaskCategory=Filtering Platform Connection\nOpCode=Info\nRecordNumber=167731\nKeywords=Audit Success",
        "_raw": "11/03/2018 09:03:32 PM\nLogName=Security\nSourceName=Microsoft Windows security auditing.\nEventCode=5156\nEventType=0\nType=Information\nComputerName=employee-00.corp.wheelzapp.com\nTaskCategory=Filtering Platform Connection\nOpCode=Info\nRecordNumber=167731\nKeywords=Audit Success\nMessage=The Windows Filtering Platform has permitted a connection.\n\nApplication Information:\n\tProcess ID:\t\t4\n\tApplication Name:\tSystem\n\nNetwork Information:\n\tDirection:\t\tInbound\n\tSource Address:\t\t10.0.254.103\n\tSource Port:\t\t7298\n\tDestination Address:\t10.0.0.240\n\tDestination Port:\t\t5986\n\tProtocol:\t\t6\n\nFilter Information:\n\tFilter Run-Time ID:\t0\n\tLayer Name:\t\tReceive/Accept\n\tLayer Run-Time ID:\t44",
        "_serial": "334275",
        "_si": [
          "index01",
          "main"
        ],
        "_time": "2018-11-03 21:03:32.000 UTC",
        "host": "t1-corp-employee-00",
        "index": "main",
        "linecount": "29",
        "source": "WinEventLog:Security",
        "sourcetype": "WinEventLog",
        "splunk_server": "index01"
      },
      {
        "Message": "The Windows Filtering Platform has permitted a connection.\n\nApplication Information:\n\tProcess ID:\t\t4\n\tApplication Name:\tSystem\n\nNetwork Information:\n\tDirection:\t\tInbound\n\tSource Address:\t\t10.0.254.103\n\tSource Port:\t\t7297\n\tDestination Address:\t10.0.0.240\n\tDestination Port:\t\t47001\n\tProtocol:\t\t6\n\nFilter Information:\n\tFilter Run-Time ID:\t0\n\tLayer Name:\t\tReceive/Accept\n\tLayer Run-Time ID:\t44",
        "_bkt": "main~45~B135F5F1-8761-4D6B-9993-723ECD8DFAF7",
        "_cd": "45:296896384",
        "_indextime": "1541279013",
        "_pre_msg": "11/03/2018 09:03:32 PM\nLogName=Security\nSourceName=Microsoft Windows security auditing.\nEventCode=5156\nEventType=0\nType=Information\nComputerName=employee-00.corp.wheelzapp.com\nTaskCategory=Filtering Platform Connection\nOpCode=Info\nRecordNumber=167730\nKeywords=Audit Success",
        "_raw": "11/03/2018 09:03:32 PM\nLogName=Security\nSourceName=Microsoft Windows security auditing.\nEventCode=5156\nEventType=0\nType=Information\nComputerName=employee-00.corp.wheelzapp.com\nTaskCategory=Filtering Platform Connection\nOpCode=Info\nRecordNumber=167730\nKeywords=Audit Success\nMessage=The Windows Filtering Platform has permitted a connection.\n\nApplication Information:\n\tProcess ID:\t\t4\n\tApplication Name:\tSystem\n\nNetwork Information:\n\tDirection:\t\tInbound\n\tSource Address:\t\t10.0.254.103\n\tSource Port:\t\t7297\n\tDestination Address:\t10.0.0.240\n\tDestination Port:\t\t47001\n\tProtocol:\t\t6\n\nFilter Information:\n\tFilter Run-Time ID:\t0\n\tLayer Name:\t\tReceive/Accept\n\tLayer Run-Time ID:\t44",
        "_serial": "334276",
        "_si": [
          "index01",
          "main"
        ],
        "_time": "2018-11-03 21:03:32.000 UTC",
        "host": "t1-corp-employee-00",
        "index": "main",
        "linecount": "29",
        "source": "WinEventLog:Security",
        "sourcetype": "WinEventLog",
        "splunk_server": "index01"
      },
      {
        "Message": "The Windows Filtering Platform has permitted a connection.\n\nApplication Information:\n\tProcess ID:\t\t4\n\tApplication Name:\tSystem\n\nNetwork Information:\n\tDirection:\t\tInbound\n\tSource Address:\t\t10.0.254.103\n\tSource Port:\t\t7294\n\tDestination Address:\t10.0.0.240\n\tDestination Port:\t\t5986\n\tProtocol:\t\t6\n\nFilter Information:\n\tFilter Run-Time ID:\t0\n\tLayer Name:\t\tReceive/Accept\n\tLayer Run-Time ID:\t44",
        "_bkt": "main~45~B135F5F1-8761-4D6B-9993-723ECD8DFAF7",
        "_cd": "45:296896361",
        "_indextime": "1541279013",
        "_pre_msg": "11/03/2018 09:03:32 PM\nLogName=Security\nSourceName=Microsoft Windows security auditing.\nEventCode=5156\nEventType=0\nType=Information\nComputerName=employee-00.corp.wheelzapp.com\nTaskCategory=Filtering Platform Connection\nOpCode=Info\nRecordNumber=167729\nKeywords=Audit Success",
        "_raw": "11/03/2018 09:03:32 PM\nLogName=Security\nSourceName=Microsoft Windows security auditing.\nEventCode=5156\nEventType=0\nType=Information\nComputerName=employee-00.corp.wheelzapp.com\nTaskCategory=Filtering Platform Connection\nOpCode=Info\nRecordNumber=167729\nKeywords=Audit Success\nMessage=The Windows Filtering Platform has permitted a connection.\n\nApplication Information:\n\tProcess ID:\t\t4\n\tApplication Name:\tSystem\n\nNetwork Information:\n\tDirection:\t\tInbound\n\tSource Address:\t\t10.0.254.103\n\tSource Port:\t\t7294\n\tDestination Address:\t10.0.0.240\n\tDestination Port:\t\t5986\n\tProtocol:\t\t6\n\nFilter Information:\n\tFilter Run-Time ID:\t0\n\tLayer Name:\t\tReceive/Accept\n\tLayer Run-Time ID:\t44",
        "_serial": "334277",
        "_si": [
          "index01",
          "main"
        ],
        "_time": "2018-11-03 21:03:32.000 UTC",
        "host": "t1-corp-employee-00",
        "index": "main",
        "linecount": "29",
        "source": "WinEventLog:Security",
        "sourcetype": "WinEventLog",
        "splunk_server": "index01"
      },
      {
        "Message": "The Windows Filtering Platform has permitted a connection.\n\nApplication Information:\n\tProcess ID:\t\t4\n\tApplication Name:\tSystem\n\nNetwork Information:\n\tDirection:\t\tInbound\n\tSource Address:\t\t10.0.254.103\n\tSource Port:\t\t7296\n\tDestination Address:\t10.0.0.240\n\tDestination Port:\t\t47001\n\tProtocol:\t\t6\n\nFilter Information:\n\tFilter Run-Time ID:\t0\n\tLayer Name:\t\tReceive/Accept\n\tLayer Run-Time ID:\t44",
        "_bkt": "main~45~B135F5F1-8761-4D6B-9993-723ECD8DFAF7",
        "_cd": "45:296896338",
        "_indextime": "1541279013",
        "_pre_msg": "11/03/2018 09:03:32 PM\nLogName=Security\nSourceName=Microsoft Windows security auditing.\nEventCode=5156\nEventType=0\nType=Information\nComputerName=employee-00.corp.wheelzapp.com\nTaskCategory=Filtering Platform Connection\nOpCode=Info\nRecordNumber=167728\nKeywords=Audit Success",
        "_raw": "11/03/2018 09:03:32 PM\nLogName=Security\nSourceName=Microsoft Windows security auditing.\nEventCode=5156\nEventType=0\nType=Information\nComputerName=employee-00.corp.wheelzapp.com\nTaskCategory=Filtering Platform Connection\nOpCode=Info\nRecordNumber=167728\nKeywords=Audit Success\nMessage=The Windows Filtering Platform has permitted a connection.\n\nApplication Information:\n\tProcess ID:\t\t4\n\tApplication Name:\tSystem\n\nNetwork Information:\n\tDirection:\t\tInbound\n\tSource Address:\t\t10.0.254.103\n\tSource Port:\t\t7296\n\tDestination Address:\t10.0.0.240\n\tDestination Port:\t\t47001\n\tProtocol:\t\t6\n\nFilter Information:\n\tFilter Run-Time ID:\t0\n\tLayer Name:\t\tReceive/Accept\n\tLayer Run-Time ID:\t44",
        "_serial": "334278",
        "_si": [
          "index01",
          "main"
        ],
        "_time": "2018-11-03 21:03:32.000 UTC",
        "host": "t1-corp-employee-00",
        "index": "main",
        "linecount": "29",
        "source": "WinEventLog:Security",
        "sourcetype": "WinEventLog",
        "splunk_server": "index01"
      },
      {
        "Message": "The Windows Filtering Platform has permitted a connection.\n\nApplication Information:\n\tProcess ID:\t\t4\n\tApplication Name:\tSystem\n\nNetwork Information:\n\tDirection:\t\tInbound\n\tSource Address:\t\t10.0.254.103\n\tSource Port:\t\t7295\n\tDestination Address:\t10.0.0.240\n\tDestination Port:\t\t5985\n\tProtocol:\t\t6\n\nFilter Information:\n\tFilter Run-Time ID:\t0\n\tLayer Name:\t\tReceive/Accept\n\tLayer Run-Time ID:\t44",
        "_bkt": "main~45~B135F5F1-8761-4D6B-9993-723ECD8DFAF7",
        "_cd": "45:296896315",
        "_indextime": "1541279013",
        "_pre_msg": "11/03/2018 09:03:32 PM\nLogName=Security\nSourceName=Microsoft Windows security auditing.\nEventCode=5156\nEventType=0\nType=Information\nComputerName=employee-00.corp.wheelzapp.com\nTaskCategory=Filtering Platform Connection\nOpCode=Info\nRecordNumber=167727\nKeywords=Audit Success",
        "_raw": "11/03/2018 09:03:32 PM\nLogName=Security\nSourceName=Microsoft Windows security auditing.\nEventCode=5156\nEventType=0\nType=Information\nComputerName=employee-00.corp.wheelzapp.com\nTaskCategory=Filtering Platform Connection\nOpCode=Info\nRecordNumber=167727\nKeywords=Audit Success\nMessage=The Windows Filtering Platform has permitted a connection.\n\nApplication Information:\n\tProcess ID:\t\t4\n\tApplication Name:\tSystem\n\nNetwork Information:\n\tDirection:\t\tInbound\n\tSource Address:\t\t10.0.254.103\n\tSource Port:\t\t7295\n\tDestination Address:\t10.0.0.240\n\tDestination Port:\t\t5985\n\tProtocol:\t\t6\n\nFilter Information:\n\tFilter Run-Time ID:\t0\n\tLayer Name:\t\tReceive/Accept\n\tLayer Run-Time ID:\t44",
        "_serial": "334279",
        "_si": [
          "index01",
          "main"
        ],
        "_time": "2018-11-03 21:03:32.000 UTC",
        "host": "t1-corp-employee-00",
        "index": "main",
        "linecount": "29",
        "source": "WinEventLog:Security",
        "sourcetype": "WinEventLog",
        "splunk_server": "index01"
      },
      {
        "Message": "The Windows Filtering Platform has permitted a connection.\n\nApplication Information:\n\tProcess ID:\t\t4\n\tApplication Name:\tSystem\n\nNetwork Information:\n\tDirection:\t\tInbound\n\tSource Address:\t\t10.0.254.103\n\tSource Port:\t\t7290\n\tDestination Address:\t10.0.0.240\n\tDestination Port:\t\t5986\n\tProtocol:\t\t6\n\nFilter Information:\n\tFilter Run-Time ID:\t0\n\tLayer Name:\t\tReceive/Accept\n\tLayer Run-Time ID:\t44",
        "_bkt": "main~45~B135F5F1-8761-4D6B-9993-723ECD8DFAF7",
        "_cd": "45:296896292",
        "_indextime": "1541279013",
        "_pre_msg": "11/03/2018 09:03:32 PM\nLogName=Security\nSourceName=Microsoft Windows security auditing.\nEventCode=5156\nEventType=0\nType=Information\nComputerName=employee-00.corp.wheelzapp.com\nTaskCategory=Filtering Platform Connection\nOpCode=Info\nRecordNumber=167726\nKeywords=Audit Success",
        "_raw": "11/03/2018 09:03:32 PM\nLogName=Security\nSourceName=Microsoft Windows security auditing.\nEventCode=5156\nEventType=0\nType=Information\nComputerName=employee-00.corp.wheelzapp.com\nTaskCategory=Filtering Platform Connection\nOpCode=Info\nRecordNumber=167726\nKeywords=Audit Success\nMessage=The Windows Filtering Platform has permitted a connection.\n\nApplication Information:\n\tProcess ID:\t\t4\n\tApplication Name:\tSystem\n\nNetwork Information:\n\tDirection:\t\tInbound\n\tSource Address:\t\t10.0.254.103\n\tSource Port:\t\t7290\n\tDestination Address:\t10.0.0.240\n\tDestination Port:\t\t5986\n\tProtocol:\t\t6\n\nFilter Information:\n\tFilter Run-Time ID:\t0\n\tLayer Name:\t\tReceive/Accept\n\tLayer Run-Time ID:\t44",
        "_serial": "334280",
        "_si": [
          "index01",
          "main"
        ],
        "_time": "2018-11-03 21:03:32.000 UTC",
        "host": "t1-corp-employee-00",
        "index": "main",
        "linecount": "29",
        "source": "WinEventLog:Security",
        "sourcetype": "WinEventLog",
        "splunk_server": "index01"
      },
      {
        "Message": "The Windows Filtering Platform has permitted a connection.\n\nApplication Information:\n\tProcess ID:\t\t4\n\tApplication Name:\tSystem\n\nNetwork Information:\n\tDirection:\t\tInbound\n\tSource Address:\t\t10.0.254.103\n\tSource Port:\t\t7289\n\tDestination Address:\t10.0.0.240\n\tDestination Port:\t\t5986\n\tProtocol:\t\t6\n\nFilter Information:\n\tFilter Run-Time ID:\t0\n\tLayer Name:\t\tReceive/Accept\n\tLayer Run-Time ID:\t44",
        "_bkt": "main~45~B135F5F1-8761-4D6B-9993-723ECD8DFAF7",
        "_cd": "45:296896269",
        "_indextime": "1541279013",
        "_pre_msg": "11/03/2018 09:03:32 PM\nLogName=Security\nSourceName=Microsoft Windows security auditing.\nEventCode=5156\nEventType=0\nType=Information\nComputerName=employee-00.corp.wheelzapp.com\nTaskCategory=Filtering Platform Connection\nOpCode=Info\nRecordNumber=167725\nKeywords=Audit Success",
        "_raw": "11/03/2018 09:03:32 PM\nLogName=Security\nSourceName=Microsoft Windows security auditing.\nEventCode=5156\nEventType=0\nType=Information\nComputerName=employee-00.corp.wheelzapp.com\nTaskCategory=Filtering Platform Connection\nOpCode=Info\nRecordNumber=167725\nKeywords=Audit Success\nMessage=The Windows Filtering Platform has permitted a connection.\n\nApplication Information:\n\tProcess ID:\t\t4\n\tApplication Name:\tSystem\n\nNetwork Information:\n\tDirection:\t\tInbound\n\tSource Address:\t\t10.0.254.103\n\tSource Port:\t\t7289\n\tDestination Address:\t10.0.0.240\n\tDestination Port:\t\t5986\n\tProtocol:\t\t6\n\nFilter Information:\n\tFilter Run-Time ID:\t0\n\tLayer Name:\t\tReceive/Accept\n\tLayer Run-Time ID:\t44",
        "_serial": "334281",
        "_si": [
          "index01",
          "main"
        ],
        "_time": "2018-11-03 21:03:32.000 UTC",
        "host": "t1-corp-employee-00",
        "index": "main",
        "linecount": "29",
        "source": "WinEventLog:Security",
        "sourcetype": "WinEventLog",
        "splunk_server": "index01"
      },
      {
        "Message": "The Windows Filtering Platform has permitted a connection.\n\nApplication Information:\n\tProcess ID:\t\t4\n\tApplication Name:\tSystem\n\nNetwork Information:\n\tDirection:\t\tInbound\n\tSource Address:\t\t10.0.254.103\n\tSource Port:\t\t7288\n\tDestination Address:\t10.0.0.240\n\tDestination Port:\t\t5986\n\tProtocol:\t\t6\n\nFilter Information:\n\tFilter Run-Time ID:\t0\n\tLayer Name:\t\tReceive/Accept\n\tLayer Run-Time ID:\t44",
        "_bkt": "main~45~B135F5F1-8761-4D6B-9993-723ECD8DFAF7",
        "_cd": "45:296896246",
        "_indextime": "1541279013",
        "_pre_msg": "11/03/2018 09:03:32 PM\nLogName=Security\nSourceName=Microsoft Windows security auditing.\nEventCode=5156\nEventType=0\nType=Information\nComputerName=employee-00.corp.wheelzapp.com\nTaskCategory=Filtering Platform Connection\nOpCode=Info\nRecordNumber=167724\nKeywords=Audit Success",
        "_raw": "11/03/2018 09:03:32 PM\nLogName=Security\nSourceName=Microsoft Windows security auditing.\nEventCode=5156\nEventType=0\nType=Information\nComputerName=employee-00.corp.wheelzapp.com\nTaskCategory=Filtering Platform Connection\nOpCode=Info\nRecordNumber=167724\nKeywords=Audit Success\nMessage=The Windows Filtering Platform has permitted a connection.\n\nApplication Information:\n\tProcess ID:\t\t4\n\tApplication Name:\tSystem\n\nNetwork Information:\n\tDirection:\t\tInbound\n\tSource Address:\t\t10.0.254.103\n\tSource Port:\t\t7288\n\tDestination Address:\t10.0.0.240\n\tDestination Port:\t\t5986\n\tProtocol:\t\t6\n\nFilter Information:\n\tFilter Run-Time ID:\t0\n\tLayer Name:\t\tReceive/Accept\n\tLayer Run-Time ID:\t44",
        "_serial": "334282",
        "_si": [
          "index01",
          "main"
        ],
        "_time": "2018-11-03 21:03:32.000 UTC",
        "host": "t1-corp-employee-00",
        "index": "main",
        "linecount": "29",
        "source": "WinEventLog:Security",
        "sourcetype": "WinEventLog",
        "splunk_server": "index01"
      },
      {
        "Message": "The Windows Filtering Platform has permitted a connection.\n\nApplication Information:\n\tProcess ID:\t\t4\n\tApplication Name:\tSystem\n\nNetwork Information:\n\tDirection:\t\tInbound\n\tSource Address:\t\t10.0.254.103\n\tSource Port:\t\t7287\n\tDestination Address:\t10.0.0.240\n\tDestination Port:\t\t5985\n\tProtocol:\t\t6\n\nFilter Information:\n\tFilter Run-Time ID:\t0\n\tLayer Name:\t\tReceive/Accept\n\tLayer Run-Time ID:\t44",
        "_bkt": "main~45~B135F5F1-8761-4D6B-9993-723ECD8DFAF7",
        "_cd": "45:296896223",
        "_indextime": "1541279013",
        "_pre_msg": "11/03/2018 09:03:32 PM\nLogName=Security\nSourceName=Microsoft Windows security auditing.\nEventCode=5156\nEventType=0\nType=Information\nComputerName=employee-00.corp.wheelzapp.com\nTaskCategory=Filtering Platform Connection\nOpCode=Info\nRecordNumber=167723\nKeywords=Audit Success",
        "_raw": "11/03/2018 09:03:32 PM\nLogName=Security\nSourceName=Microsoft Windows security auditing.\nEventCode=5156\nEventType=0\nType=Information\nComputerName=employee-00.corp.wheelzapp.com\nTaskCategory=Filtering Platform Connection\nOpCode=Info\nRecordNumber=167723\nKeywords=Audit Success\nMessage=The Windows Filtering Platform has permitted a connection.\n\nApplication Information:\n\tProcess ID:\t\t4\n\tApplication Name:\tSystem\n\nNetwork Information:\n\tDirection:\t\tInbound\n\tSource Address:\t\t10.0.254.103\n\tSource Port:\t\t7287\n\tDestination Address:\t10.0.0.240\n\tDestination Port:\t\t5985\n\tProtocol:\t\t6\n\nFilter Information:\n\tFilter Run-Time ID:\t0\n\tLayer Name:\t\tReceive/Accept\n\tLayer Run-Time ID:\t44",
        "_serial": "334283",
        "_si": [
          "index01",
          "main"
        ],
        "_time": "2018-11-03 21:03:32.000 UTC",
        "host": "t1-corp-employee-00",
        "index": "main",
        "linecount": "29",
        "source": "WinEventLog:Security",
        "sourcetype": "WinEventLog",
        "splunk_server": "index01"
      },
      {
        "Message": "The Windows Filtering Platform has permitted a connection.\n\nApplication Information:\n\tProcess ID:\t\t4\n\tApplication Name:\tSystem\n\nNetwork Information:\n\tDirection:\t\tInbound\n\tSource Address:\t\t10.0.254.103\n\tSource Port:\t\t7286\n\tDestination Address:\t10.0.0.240\n\tDestination Port:\t\t47001\n\tProtocol:\t\t6\n\nFilter Information:\n\tFilter Run-Time ID:\t0\n\tLayer Name:\t\tReceive/Accept\n\tLayer Run-Time ID:\t44",
        "_bkt": "main~45~B135F5F1-8761-4D6B-9993-723ECD8DFAF7",
        "_cd": "45:296896200",
        "_indextime": "1541279013",
        "_pre_msg": "11/03/2018 09:03:32 PM\nLogName=Security\nSourceName=Microsoft Windows security auditing.\nEventCode=5156\nEventType=0\nType=Information\nComputerName=employee-00.corp.wheelzapp.com\nTaskCategory=Filtering Platform Connection\nOpCode=Info\nRecordNumber=167722\nKeywords=Audit Success",
        "_raw": "11/03/2018 09:03:32 PM\nLogName=Security\nSourceName=Microsoft Windows security auditing.\nEventCode=5156\nEventType=0\nType=Information\nComputerName=employee-00.corp.wheelzapp.com\nTaskCategory=Filtering Platform Connection\nOpCode=Info\nRecordNumber=167722\nKeywords=Audit Success\nMessage=The Windows Filtering Platform has permitted a connection.\n\nApplication Information:\n\tProcess ID:\t\t4\n\tApplication Name:\tSystem\n\nNetwork Information:\n\tDirection:\t\tInbound\n\tSource Address:\t\t10.0.254.103\n\tSource Port:\t\t7286\n\tDestination Address:\t10.0.0.240\n\tDestination Port:\t\t47001\n\tProtocol:\t\t6\n\nFilter Information:\n\tFilter Run-Time ID:\t0\n\tLayer Name:\t\tReceive/Accept\n\tLayer Run-Time ID:\t44",
        "_serial": "334284",
        "_si": [
          "index01",
          "main"
        ],
        "_time": "2018-11-03 21:03:32.000 UTC",
        "host": "t1-corp-employee-00",
        "index": "main",
        "linecount": "29",
        "source": "WinEventLog:Security",
        "sourcetype": "WinEventLog",
        "splunk_server": "index01"
      },
      {
        "Message": "The Windows Filtering Platform has permitted a connection.\n\nApplication Information:\n\tProcess ID:\t\t4\n\tApplication Name:\tSystem\n\nNetwork Information:\n\tDirection:\t\tInbound\n\tSource Address:\t\t10.0.254.103\n\tSource Port:\t\t7282\n\tDestination Address:\t10.0.0.240\n\tDestination Port:\t\t5986\n\tProtocol:\t\t6\n\nFilter Information:\n\tFilter Run-Time ID:\t0\n\tLayer Name:\t\tReceive/Accept\n\tLayer Run-Time ID:\t44",
        "_bkt": "main~45~B135F5F1-8761-4D6B-9993-723ECD8DFAF7",
        "_cd": "45:296895796",
        "_indextime": "1541279013",
        "_pre_msg": "11/03/2018 09:03:32 PM\nLogName=Security\nSourceName=Microsoft Windows security auditing.\nEventCode=5156\nEventType=0\nType=Information\nComputerName=employee-00.corp.wheelzapp.com\nTaskCategory=Filtering Platform Connection\nOpCode=Info\nRecordNumber=167721\nKeywords=Audit Success",
        "_raw": "11/03/2018 09:03:32 PM\nLogName=Security\nSourceName=Microsoft Windows security auditing.\nEventCode=5156\nEventType=0\nType=Information\nComputerName=employee-00.corp.wheelzapp.com\nTaskCategory=Filtering Platform Connection\nOpCode=Info\nRecordNumber=167721\nKeywords=Audit Success\nMessage=The Windows Filtering Platform has permitted a connection.\n\nApplication Information:\n\tProcess ID:\t\t4\n\tApplication Name:\tSystem\n\nNetwork Information:\n\tDirection:\t\tInbound\n\tSource Address:\t\t10.0.254.103\n\tSource Port:\t\t7282\n\tDestination Address:\t10.0.0.240\n\tDestination Port:\t\t5986\n\tProtocol:\t\t6\n\nFilter Information:\n\tFilter Run-Time ID:\t0\n\tLayer Name:\t\tReceive/Accept\n\tLayer Run-Time ID:\t44",
        "_serial": "334285",
        "_si": [
          "index01",
          "main"
        ],
        "_time": "2018-11-03 21:03:32.000 UTC",
        "host": "t1-corp-employee-00",
        "index": "main",
        "linecount": "29",
        "source": "WinEventLog:Security",
        "sourcetype": "WinEventLog",
        "splunk_server": "index01"
      },
      {
        "Message": "The Windows Filtering Platform has permitted a connection.\n\nApplication Information:\n\tProcess ID:\t\t4\n\tApplication Name:\tSystem\n\nNetwork Information:\n\tDirection:\t\tInbound\n\tSource Address:\t\t10.0.254.103\n\tSource Port:\t\t7276\n\tDestination Address:\t10.0.0.240\n\tDestination Port:\t\t47001\n\tProtocol:\t\t6\n\nFilter Information:\n\tFilter Run-Time ID:\t0\n\tLayer Name:\t\tReceive/Accept\n\tLayer Run-Time ID:\t44",
        "_bkt": "main~45~B135F5F1-8761-4D6B-9993-723ECD8DFAF7",
        "_cd": "45:296895773",
        "_indextime": "1541279013",
        "_pre_msg": "11/03/2018 09:03:32 PM\nLogName=Security\nSourceName=Microsoft Windows security auditing.\nEventCode=5156\nEventType=0\nType=Information\nComputerName=employee-00.corp.wheelzapp.com\nTaskCategory=Filtering Platform Connection\nOpCode=Info\nRecordNumber=167720\nKeywords=Audit Success",
        "_raw": "11/03/2018 09:03:32 PM\nLogName=Security\nSourceName=Microsoft Windows security auditing.\nEventCode=5156\nEventType=0\nType=Information\nComputerName=employee-00.corp.wheelzapp.com\nTaskCategory=Filtering Platform Connection\nOpCode=Info\nRecordNumber=167720\nKeywords=Audit Success\nMessage=The Windows Filtering Platform has permitted a connection.\n\nApplication Information:\n\tProcess ID:\t\t4\n\tApplication Name:\tSystem\n\nNetwork Information:\n\tDirection:\t\tInbound\n\tSource Address:\t\t10.0.254.103\n\tSource Port:\t\t7276\n\tDestination Address:\t10.0.0.240\n\tDestination Port:\t\t47001\n\tProtocol:\t\t6\n\nFilter Information:\n\tFilter Run-Time ID:\t0\n\tLayer Name:\t\tReceive/Accept\n\tLayer Run-Time ID:\t44",
        "_serial": "334286",
        "_si": [
          "index01",
          "main"
        ],
        "_time": "2018-11-03 21:03:32.000 UTC",
        "host": "t1-corp-employee-00",
        "index": "main",
        "linecount": "29",
        "source": "WinEventLog:Security",
        "sourcetype": "WinEventLog",
        "splunk_server": "index01"
      },
      {
        "Message": "The Windows Filtering Platform has permitted a connection.\n\nApplication Information:\n\tProcess ID:\t\t4\n\tApplication Name:\tSystem\n\nNetwork Information:\n\tDirection:\t\tInbound\n\tSource Address:\t\t10.0.254.103\n\tSource Port:\t\t7278\n\tDestination Address:\t10.0.0.240\n\tDestination Port:\t\t5986\n\tProtocol:\t\t6\n\nFilter Information:\n\tFilter Run-Time ID:\t0\n\tLayer Name:\t\tReceive/Accept\n\tLayer Run-Time ID:\t44",
        "_bkt": "main~45~B135F5F1-8761-4D6B-9993-723ECD8DFAF7",
        "_cd": "45:296895750",
        "_indextime": "1541279013",
        "_pre_msg": "11/03/2018 09:03:32 PM\nLogName=Security\nSourceName=Microsoft Windows security auditing.\nEventCode=5156\nEventType=0\nType=Information\nComputerName=employee-00.corp.wheelzapp.com\nTaskCategory=Filtering Platform Connection\nOpCode=Info\nRecordNumber=167719\nKeywords=Audit Success",
        "_raw": "11/03/2018 09:03:32 PM\nLogName=Security\nSourceName=Microsoft Windows security auditing.\nEventCode=5156\nEventType=0\nType=Information\nComputerName=employee-00.corp.wheelzapp.com\nTaskCategory=Filtering Platform Connection\nOpCode=Info\nRecordNumber=167719\nKeywords=Audit Success\nMessage=The Windows Filtering Platform has permitted a connection.\n\nApplication Information:\n\tProcess ID:\t\t4\n\tApplication Name:\tSystem\n\nNetwork Information:\n\tDirection:\t\tInbound\n\tSource Address:\t\t10.0.254.103\n\tSource Port:\t\t7278\n\tDestination Address:\t10.0.0.240\n\tDestination Port:\t\t5986\n\tProtocol:\t\t6\n\nFilter Information:\n\tFilter Run-Time ID:\t0\n\tLayer Name:\t\tReceive/Accept\n\tLayer Run-Time ID:\t44",
        "_serial": "334287",
        "_si": [
          "index01",
          "main"
        ],
        "_time": "2018-11-03 21:03:32.000 UTC",
        "host": "t1-corp-employee-00",
        "index": "main",
        "linecount": "29",
        "source": "WinEventLog:Security",
        "sourcetype": "WinEventLog",
        "splunk_server": "index01"
      },
      {
        "Message": "The Windows Filtering Platform has permitted a connection.\n\nApplication Information:\n\tProcess ID:\t\t4\n\tApplication Name:\tSystem\n\nNetwork Information:\n\tDirection:\t\tInbound\n\tSource Address:\t\t10.0.254.103\n\tSource Port:\t\t7277\n\tDestination Address:\t10.0.0.240\n\tDestination Port:\t\t5985\n\tProtocol:\t\t6\n\nFilter Information:\n\tFilter Run-Time ID:\t0\n\tLayer Name:\t\tReceive/Accept\n\tLayer Run-Time ID:\t44",
        "_bkt": "main~45~B135F5F1-8761-4D6B-9993-723ECD8DFAF7",
        "_cd": "45:296895727",
        "_indextime": "1541279013",
        "_pre_msg": "11/03/2018 09:03:32 PM\nLogName=Security\nSourceName=Microsoft Windows security auditing.\nEventCode=5156\nEventType=0\nType=Information\nComputerName=employee-00.corp.wheelzapp.com\nTaskCategory=Filtering Platform Connection\nOpCode=Info\nRecordNumber=167718\nKeywords=Audit Success",
        "_raw": "11/03/2018 09:03:32 PM\nLogName=Security\nSourceName=Microsoft Windows security auditing.\nEventCode=5156\nEventType=0\nType=Information\nComputerName=employee-00.corp.wheelzapp.com\nTaskCategory=Filtering Platform Connection\nOpCode=Info\nRecordNumber=167718\nKeywords=Audit Success\nMessage=The Windows Filtering Platform has permitted a connection.\n\nApplication Information:\n\tProcess ID:\t\t4\n\tApplication Name:\tSystem\n\nNetwork Information:\n\tDirection:\t\tInbound\n\tSource Address:\t\t10.0.254.103\n\tSource Port:\t\t7277\n\tDestination Address:\t10.0.0.240\n\tDestination Port:\t\t5985\n\tProtocol:\t\t6\n\nFilter Information:\n\tFilter Run-Time ID:\t0\n\tLayer Name:\t\tReceive/Accept\n\tLayer Run-Time ID:\t44",
        "_serial": "334288",
        "_si": [
          "index01",
          "main"
        ],
        "_time": "2018-11-03 21:03:32.000 UTC",
        "host": "t1-corp-employee-00",
        "index": "main",
        "linecount": "29",
        "source": "WinEventLog:Security",
        "sourcetype": "WinEventLog",
        "splunk_server": "index01"
      },
      {
        "Message": "The Windows Filtering Platform has permitted a connection.\n\nApplication Information:\n\tProcess ID:\t\t2008\n\tApplication Name:\t\\device\\harddiskvolume1\\program files\\splunkuniversalforwarder\\bin\\splunkd.exe\n\nNetwork Information:\n\tDirection:\t\tOutbound\n\tSource Address:\t\t10.0.0.240\n\tSource Port:\t\t51178\n\tDestination Address:\t169.61.138.123\n\tDestination Port:\t\t9997\n\tProtocol:\t\t6\n\nFilter Information:\n\tFilter Run-Time ID:\t0\n\tLayer Name:\t\tConnect\n\tLayer Run-Time ID:\t48",
        "_bkt": "main~45~B135F5F1-8761-4D6B-9993-723ECD8DFAF7",
        "_cd": "45:296895701",
        "_indextime": "1541279013",
        "_pre_msg": "11/03/2018 09:03:32 PM\nLogName=Security\nSourceName=Microsoft Windows security auditing.\nEventCode=5156\nEventType=0\nType=Information\nComputerName=employee-00.corp.wheelzapp.com\nTaskCategory=Filtering Platform Connection\nOpCode=Info\nRecordNumber=167717\nKeywords=Audit Success",
        "_raw": "11/03/2018 09:03:32 PM\nLogName=Security\nSourceName=Microsoft Windows security auditing.\nEventCode=5156\nEventType=0\nType=Information\nComputerName=employee-00.corp.wheelzapp.com\nTaskCategory=Filtering Platform Connection\nOpCode=Info\nRecordNumber=167717\nKeywords=Audit Success\nMessage=The Windows Filtering Platform has permitted a connection.\n\nApplication Information:\n\tProcess ID:\t\t2008\n\tApplication Name:\t\\device\\harddiskvolume1\\program files\\splunkuniversalforwarder\\bin\\splunkd.exe\n\nNetwork Information:\n\tDirection:\t\tOutbound\n\tSource Address:\t\t10.0.0.240\n\tSource Port:\t\t51178\n\tDestination Address:\t169.61.138.123\n\tDestination Port:\t\t9997\n\tProtocol:\t\t6\n\nFilter Information:\n\tFilter Run-Time ID:\t0\n\tLayer Name:\t\tConnect\n\tLayer Run-Time ID:\t48",
        "_serial": "334289",
        "_si": [
          "index01",
          "main"
        ],
        "_time": "2018-11-03 21:03:32.000 UTC",
        "host": "t1-corp-employee-00",
        "index": "main",
        "linecount": "29",
        "source": "WinEventLog:Security",
        "sourcetype": "WinEventLog",
        "splunk_server": "index01"
      },
      {
        "Message": "An TLS 1.1 connection request was received from a remote client application, but none of the cipher suites supported by the client application are supported by the server. The TLS connection request has failed.",
        "_bkt": "main~46~309B8BB8-F45C-44CE-ABE5-EF8B9EC8A780",
        "_cd": "46:310914746",
        "_indextime": "1541279013",
        "_pre_msg": "11/03/2018 09:03:32 PM\nLogName=System\nSourceName=Schannel\nEventCode=36874\nEventType=2\nType=Error\nComputerName=employee-01.corp.wheelzapp.com\nUser=NOT_TRANSLATED\nSid=S-1-5-18\nSidType=0\nTaskCategory=The operation completed successfully.\nOpCode=Info\nRecordNumber=1804\nKeywords=None",
        "_raw": "11/03/2018 09:03:32 PM\nLogName=System\nSourceName=Schannel\nEventCode=36874\nEventType=2\nType=Error\nComputerName=employee-01.corp.wheelzapp.com\nUser=NOT_TRANSLATED\nSid=S-1-5-18\nSidType=0\nTaskCategory=The operation completed successfully.\nOpCode=Info\nRecordNumber=1804\nKeywords=None\nMessage=An TLS 1.1 connection request was received from a remote client application, but none of the cipher suites supported by the client application are supported by the server. The TLS connection request has failed.",
        "_serial": "334290",
        "_si": [
          "index01",
          "main"
        ],
        "_time": "2018-11-03 21:03:32.000 UTC",
        "host": "t1-corp-employee-01",
        "index": "main",
        "linecount": "15",
        "source": "WinEventLog:System",
        "sourcetype": "WinEventLog",
        "splunk_server": "index01"
      },
      {
        "Message": "An TLS 1.0 connection request was received from a remote client application, but none of the cipher suites supported by the client application are supported by the server. The TLS connection request has failed.",
        "_bkt": "main~46~309B8BB8-F45C-44CE-ABE5-EF8B9EC8A780",
        "_cd": "46:310913413",
        "_indextime": "1541279013",
        "_pre_msg": "11/03/2018 09:03:32 PM\nLogName=System\nSourceName=Schannel\nEventCode=36874\nEventType=2\nType=Error\nComputerName=employee-01.corp.wheelzapp.com\nUser=NOT_TRANSLATED\nSid=S-1-5-18\nSidType=0\nTaskCategory=The operation completed successfully.\nOpCode=Info\nRecordNumber=1803\nKeywords=None",
        "_raw": "11/03/2018 09:03:32 PM\nLogName=System\nSourceName=Schannel\nEventCode=36874\nEventType=2\nType=Error\nComputerName=employee-01.corp.wheelzapp.com\nUser=NOT_TRANSLATED\nSid=S-1-5-18\nSidType=0\nTaskCategory=The operation completed successfully.\nOpCode=Info\nRecordNumber=1803\nKeywords=None\nMessage=An TLS 1.0 connection request was received from a remote client application, but none of the cipher suites supported by the client application are supported by the server. The TLS connection request has failed.",
        "_serial": "334291",
        "_si": [
          "index01",
          "main"
        ],
        "_time": "2018-11-03 21:03:32.000 UTC",
        "host": "t1-corp-employee-01",
        "index": "main",
        "linecount": "15",
        "source": "WinEventLog:System",
        "sourcetype": "WinEventLog",
        "splunk_server": "index01"
      },
      {
        "Message": "The Windows Filtering Platform has permitted a connection.\n\nApplication Information:\n\tProcess ID:\t\t904\n\tApplication Name:\t\\device\\harddiskvolume1\\windows\\system32\\svchost.exe\n\nNetwork Information:\n\tDirection:\t\tInbound\n\tSource Address:\t\t10.0.254.103\n\tSource Port:\t\t7531\n\tDestination Address:\t10.0.0.241\n\tDestination Port:\t\t3389\n\tProtocol:\t\t6\n\nFilter Information:\n\tFilter Run-Time ID:\t0\n\tLayer Name:\t\tReceive/Accept\n\tLayer Run-Time ID:\t44",
        "_bkt": "main~46~309B8BB8-F45C-44CE-ABE5-EF8B9EC8A780",
        "_cd": "46:310861178",
        "_indextime": "1541279013",
        "_pre_msg": "11/03/2018 09:03:32 PM\nLogName=Security\nSourceName=Microsoft Windows security auditing.\nEventCode=5156\nEventType=0\nType=Information\nComputerName=employee-01.corp.wheelzapp.com\nTaskCategory=Filtering Platform Connection\nOpCode=Info\nRecordNumber=198173\nKeywords=Audit Success",
        "_raw": "11/03/2018 09:03:32 PM\nLogName=Security\nSourceName=Microsoft Windows security auditing.\nEventCode=5156\nEventType=0\nType=Information\nComputerName=employee-01.corp.wheelzapp.com\nTaskCategory=Filtering Platform Connection\nOpCode=Info\nRecordNumber=198173\nKeywords=Audit Success\nMessage=The Windows Filtering Platform has permitted a connection.\n\nApplication Information:\n\tProcess ID:\t\t904\n\tApplication Name:\t\\device\\harddiskvolume1\\windows\\system32\\svchost.exe\n\nNetwork Information:\n\tDirection:\t\tInbound\n\tSource Address:\t\t10.0.254.103\n\tSource Port:\t\t7531\n\tDestination Address:\t10.0.0.241\n\tDestination Port:\t\t3389\n\tProtocol:\t\t6\n\nFilter Information:\n\tFilter Run-Time ID:\t0\n\tLayer Name:\t\tReceive/Accept\n\tLayer Run-Time ID:\t44",
        "_serial": "334292",
        "_si": [
          "index01",
          "main"
        ],
        "_time": "2018-11-03 21:03:32.000 UTC",
        "host": "t1-corp-employee-01",
        "index": "main",
        "linecount": "29",
        "source": "WinEventLog:Security",
        "sourcetype": "WinEventLog",
        "splunk_server": "index01"
      },
      {
        "Message": "The Windows Filtering Platform has permitted a connection.\n\nApplication Information:\n\tProcess ID:\t\t904\n\tApplication Name:\t\\device\\harddiskvolume1\\windows\\system32\\svchost.exe\n\nNetwork Information:\n\tDirection:\t\tInbound\n\tSource Address:\t\t10.0.254.103\n\tSource Port:\t\t7526\n\tDestination Address:\t10.0.0.241\n\tDestination Port:\t\t3389\n\tProtocol:\t\t6\n\nFilter Information:\n\tFilter Run-Time ID:\t0\n\tLayer Name:\t\tReceive/Accept\n\tLayer Run-Time ID:\t44",
        "_bkt": "main~46~309B8BB8-F45C-44CE-ABE5-EF8B9EC8A780",
        "_cd": "46:310861153",
        "_indextime": "1541279013",
        "_pre_msg": "11/03/2018 09:03:32 PM\nLogName=Security\nSourceName=Microsoft Windows security auditing.\nEventCode=5156\nEventType=0\nType=Information\nComputerName=employee-01.corp.wheelzapp.com\nTaskCategory=Filtering Platform Connection\nOpCode=Info\nRecordNumber=198172\nKeywords=Audit Success",
        "_raw": "11/03/2018 09:03:32 PM\nLogName=Security\nSourceName=Microsoft Windows security auditing.\nEventCode=5156\nEventType=0\nType=Information\nComputerName=employee-01.corp.wheelzapp.com\nTaskCategory=Filtering Platform Connection\nOpCode=Info\nRecordNumber=198172\nKeywords=Audit Success\nMessage=The Windows Filtering Platform has permitted a connection.\n\nApplication Information:\n\tProcess ID:\t\t904\n\tApplication Name:\t\\device\\harddiskvolume1\\windows\\system32\\svchost.exe\n\nNetwork Information:\n\tDirection:\t\tInbound\n\tSource Address:\t\t10.0.254.103\n\tSource Port:\t\t7526\n\tDestination Address:\t10.0.0.241\n\tDestination Port:\t\t3389\n\tProtocol:\t\t6\n\nFilter Information:\n\tFilter Run-Time ID:\t0\n\tLayer Name:\t\tReceive/Accept\n\tLayer Run-Time ID:\t44",
        "_serial": "334293",
        "_si": [
          "index01",
          "main"
        ],
        "_time": "2018-11-03 21:03:32.000 UTC",
        "host": "t1-corp-employee-01",
        "index": "main",
        "linecount": "29",
        "source": "WinEventLog:Security",
        "sourcetype": "WinEventLog",
        "splunk_server": "index01"
      },
      {
        "Message": "The Windows Filtering Platform has permitted a connection.\n\nApplication Information:\n\tProcess ID:\t\t904\n\tApplication Name:\t\\device\\harddiskvolume1\\windows\\system32\\svchost.exe\n\nNetwork Information:\n\tDirection:\t\tInbound\n\tSource Address:\t\t10.0.254.103\n\tSource Port:\t\t7518\n\tDestination Address:\t10.0.0.241\n\tDestination Port:\t\t3389\n\tProtocol:\t\t6\n\nFilter Information:\n\tFilter Run-Time ID:\t0\n\tLayer Name:\t\tReceive/Accept\n\tLayer Run-Time ID:\t44",
        "_bkt": "main~46~309B8BB8-F45C-44CE-ABE5-EF8B9EC8A780",
        "_cd": "46:310861128",
        "_indextime": "1541279013",
        "_pre_msg": "11/03/2018 09:03:32 PM\nLogName=Security\nSourceName=Microsoft Windows security auditing.\nEventCode=5156\nEventType=0\nType=Information\nComputerName=employee-01.corp.wheelzapp.com\nTaskCategory=Filtering Platform Connection\nOpCode=Info\nRecordNumber=198171\nKeywords=Audit Success",
        "_raw": "11/03/2018 09:03:32 PM\nLogName=Security\nSourceName=Microsoft Windows security auditing.\nEventCode=5156\nEventType=0\nType=Information\nComputerName=employee-01.corp.wheelzapp.com\nTaskCategory=Filtering Platform Connection\nOpCode=Info\nRecordNumber=198171\nKeywords=Audit Success\nMessage=The Windows Filtering Platform has permitted a connection.\n\nApplication Information:\n\tProcess ID:\t\t904\n\tApplication Name:\t\\device\\harddiskvolume1\\windows\\system32\\svchost.exe\n\nNetwork Information:\n\tDirection:\t\tInbound\n\tSource Address:\t\t10.0.254.103\n\tSource Port:\t\t7518\n\tDestination Address:\t10.0.0.241\n\tDestination Port:\t\t3389\n\tProtocol:\t\t6\n\nFilter Information:\n\tFilter Run-Time ID:\t0\n\tLayer Name:\t\tReceive/Accept\n\tLayer Run-Time ID:\t44",
        "_serial": "334294",
        "_si": [
          "index01",
          "main"
        ],
        "_time": "2018-11-03 21:03:32.000 UTC",
        "host": "t1-corp-employee-01",
        "index": "main",
        "linecount": "29",
        "source": "WinEventLog:Security",
        "sourcetype": "WinEventLog",
        "splunk_server": "index01"
      },
      {
        "Message": "The Windows Filtering Platform has permitted a connection.\n\nApplication Information:\n\tProcess ID:\t\t904\n\tApplication Name:\t\\device\\harddiskvolume1\\windows\\system32\\svchost.exe\n\nNetwork Information:\n\tDirection:\t\tInbound\n\tSource Address:\t\t10.0.254.103\n\tSource Port:\t\t7510\n\tDestination Address:\t10.0.0.241\n\tDestination Port:\t\t3389\n\tProtocol:\t\t6\n\nFilter Information:\n\tFilter Run-Time ID:\t0\n\tLayer Name:\t\tReceive/Accept\n\tLayer Run-Time ID:\t44",
        "_bkt": "main~46~309B8BB8-F45C-44CE-ABE5-EF8B9EC8A780",
        "_cd": "46:310861103",
        "_indextime": "1541279013",
        "_pre_msg": "11/03/2018 09:03:32 PM\nLogName=Security\nSourceName=Microsoft Windows security auditing.\nEventCode=5156\nEventType=0\nType=Information\nComputerName=employee-01.corp.wheelzapp.com\nTaskCategory=Filtering Platform Connection\nOpCode=Info\nRecordNumber=198170\nKeywords=Audit Success",
        "_raw": "11/03/2018 09:03:32 PM\nLogName=Security\nSourceName=Microsoft Windows security auditing.\nEventCode=5156\nEventType=0\nType=Information\nComputerName=employee-01.corp.wheelzapp.com\nTaskCategory=Filtering Platform Connection\nOpCode=Info\nRecordNumber=198170\nKeywords=Audit Success\nMessage=The Windows Filtering Platform has permitted a connection.\n\nApplication Information:\n\tProcess ID:\t\t904\n\tApplication Name:\t\\device\\harddiskvolume1\\windows\\system32\\svchost.exe\n\nNetwork Information:\n\tDirection:\t\tInbound\n\tSource Address:\t\t10.0.254.103\n\tSource Port:\t\t7510\n\tDestination Address:\t10.0.0.241\n\tDestination Port:\t\t3389\n\tProtocol:\t\t6\n\nFilter Information:\n\tFilter Run-Time ID:\t0\n\tLayer Name:\t\tReceive/Accept\n\tLayer Run-Time ID:\t44",
        "_serial": "334295",
        "_si": [
          "index01",
          "main"
        ],
        "_time": "2018-11-03 21:03:32.000 UTC",
        "host": "t1-corp-employee-01",
        "index": "main",
        "linecount": "29",
        "source": "WinEventLog:Security",
        "sourcetype": "WinEventLog",
        "splunk_server": "index01"
      },
      {
        "Message": "The Windows Filtering Platform has permitted a connection.\n\nApplication Information:\n\tProcess ID:\t\t904\n\tApplication Name:\t\\device\\harddiskvolume1\\windows\\system32\\svchost.exe\n\nNetwork Information:\n\tDirection:\t\tInbound\n\tSource Address:\t\t10.0.254.103\n\tSource Port:\t\t7505\n\tDestination Address:\t10.0.0.241\n\tDestination Port:\t\t3389\n\tProtocol:\t\t6\n\nFilter Information:\n\tFilter Run-Time ID:\t0\n\tLayer Name:\t\tReceive/Accept\n\tLayer Run-Time ID:\t44",
        "_bkt": "main~46~309B8BB8-F45C-44CE-ABE5-EF8B9EC8A780",
        "_cd": "46:310861078",
        "_indextime": "1541279013",
