        "_raw": "11/03/2018 09:59:59 PM\nLogName=Security\nSourceName=Microsoft Windows security auditing.\nEventCode=4689\nEventType=0\nType=Information\nComputerName=employee-01.corp.wheelzapp.com\nTaskCategory=Process Termination\nOpCode=Info\nRecordNumber=248647\nKeywords=Audit Success\nMessage=A process has exited.\n\nSubject:\n\tSecurity ID:\t\tNT AUTHORITY\\SYSTEM\n\tAccount Name:\t\tEMPLOYEE-01$\n\tAccount Domain:\t\tCORP\n\tLogon ID:\t\t0x3E7\n\nProcess Information:\n\tProcess ID:\t0x1504\n\tProcess Name:\tC:\\Windows\\System32\\conhost.exe\n\tExit Status:\t0x0",
        "_serial": "194840",
        "_si": [
          "index01",
          "main"
        ],
        "_time": "2018-11-03 21:59:59.000 UTC",
        "host": "t1-corp-employee-01",
        "index": "main",
        "linecount": "23",
        "source": "WinEventLog:Security",
        "sourcetype": "WinEventLog",
        "splunk_server": "index01"
      },
      {
        "Message": "A process has exited.\n\nSubject:\n\tSecurity ID:\t\tNT AUTHORITY\\SYSTEM\n\tAccount Name:\t\tEMPLOYEE-01$\n\tAccount Domain:\t\tCORP\n\tLogon ID:\t\t0x3E7\n\nProcess Information:\n\tProcess ID:\t0x1394\n\tProcess Name:\tC:\\Windows\\System32\\CompatTelRunner.exe\n\tExit Status:\t0x0",
        "_bkt": "main~46~B135F5F1-8761-4D6B-9993-723ECD8DFAF7",
        "_cd": "46:286425535",
        "_indextime": "1541282399",
        "_pre_msg": "11/03/2018 09:59:59 PM\nLogName=Security\nSourceName=Microsoft Windows security auditing.\nEventCode=4689\nEventType=0\nType=Information\nComputerName=employee-01.corp.wheelzapp.com\nTaskCategory=Process Termination\nOpCode=Info\nRecordNumber=248646\nKeywords=Audit Success",
        "_raw": "11/03/2018 09:59:59 PM\nLogName=Security\nSourceName=Microsoft Windows security auditing.\nEventCode=4689\nEventType=0\nType=Information\nComputerName=employee-01.corp.wheelzapp.com\nTaskCategory=Process Termination\nOpCode=Info\nRecordNumber=248646\nKeywords=Audit Success\nMessage=A process has exited.\n\nSubject:\n\tSecurity ID:\t\tNT AUTHORITY\\SYSTEM\n\tAccount Name:\t\tEMPLOYEE-01$\n\tAccount Domain:\t\tCORP\n\tLogon ID:\t\t0x3E7\n\nProcess Information:\n\tProcess ID:\t0x1394\n\tProcess Name:\tC:\\Windows\\System32\\CompatTelRunner.exe\n\tExit Status:\t0x0",
        "_serial": "194841",
        "_si": [
          "index01",
          "main"
        ],
        "_time": "2018-11-03 21:59:59.000 UTC",
        "host": "t1-corp-employee-01",
        "index": "main",
        "linecount": "23",
        "source": "WinEventLog:Security",
        "sourcetype": "WinEventLog",
        "splunk_server": "index01"
      },
      {
        "Message": "The handle to an object was closed.\n\nSubject :\n\tSecurity ID:\t\tNT AUTHORITY\\SYSTEM\n\tAccount Name:\t\tEMPLOYEE-01$\n\tAccount Domain:\t\tCORP\n\tLogon ID:\t\t0x3E7\n\nObject:\n\tObject Server:\t\tSecurity\n\tHandle ID:\t\t0x234\n\nProcess Information:\n\tProcess ID:\t\t0x1394\n\tProcess Name:\t\tC:\\Windows\\System32\\CompatTelRunner.exe",
        "_bkt": "main~46~B135F5F1-8761-4D6B-9993-723ECD8DFAF7",
        "_cd": "46:286425515",
        "_indextime": "1541282399",
        "_pre_msg": "11/03/2018 09:59:59 PM\nLogName=Security\nSourceName=Microsoft Windows security auditing.\nEventCode=4658\nEventType=0\nType=Information\nComputerName=employee-01.corp.wheelzapp.com\nTaskCategory=Kernel Object\nOpCode=Info\nRecordNumber=248645\nKeywords=Audit Success",
        "_raw": "11/03/2018 09:59:59 PM\nLogName=Security\nSourceName=Microsoft Windows security auditing.\nEventCode=4658\nEventType=0\nType=Information\nComputerName=employee-01.corp.wheelzapp.com\nTaskCategory=Kernel Object\nOpCode=Info\nRecordNumber=248645\nKeywords=Audit Success\nMessage=The handle to an object was closed.\n\nSubject :\n\tSecurity ID:\t\tNT AUTHORITY\\SYSTEM\n\tAccount Name:\t\tEMPLOYEE-01$\n\tAccount Domain:\t\tCORP\n\tLogon ID:\t\t0x3E7\n\nObject:\n\tObject Server:\t\tSecurity\n\tHandle ID:\t\t0x234\n\nProcess Information:\n\tProcess ID:\t\t0x1394\n\tProcess Name:\t\tC:\\Windows\\System32\\CompatTelRunner.exe",
        "_serial": "194842",
        "_si": [
          "index01",
          "main"
        ],
        "_time": "2018-11-03 21:59:59.000 UTC",
        "host": "t1-corp-employee-01",
        "index": "main",
        "linecount": "26",
        "source": "WinEventLog:Security",
        "sourcetype": "WinEventLog",
        "splunk_server": "index01"
      }
    ]
  },
  {
    "g": [
      {
        "_bkt": "ids~19~B135F5F1-8761-4D6B-9993-723ECD8DFAF7",
        "_cd": "19:79924687",
        "_indextime": "1541282146",
        "_raw": "{\"timestamp\":\"2018-11-03T21:55:46.000340+0000\",\"flow_id\":1538008883200835,\"in_iface\":\"ens4\",\"event_type\":\"alert\",\"src_ip\":\"10.0.0.243\",\"src_port\":38482,\"dest_ip\":\"169.254.169.254\",\"dest_port\":80,\"proto\":\"TCP\",\"tx_id\":0,\"alert\":{\"action\":\"allowed\",\"gid\":1,\"signature_id\":2013031,\"rev\":6,\"signature\":\"ET POLICY Python-urllib\\/ Suspicious User Agent\",\"category\":\"Attempted Information Leak\",\"severity\":2},\"http\":{\"hostname\":\"metadata.google.internal\",\"url\":\"\\/computeMetadata\\/v1\\/instance\\/virtual-clock\\/drift-token?alt=json&last_etag=c6a7bbfe995acc98&recursive=False&timeout_sec=60&wait_for_change=True\",\"http_user_agent\":\"Python-urllib\\/3.6\",\"http_content_type\":\"application\\/json\",\"http_method\":\"GET\",\"protocol\":\"HTTP\\/1.1\",\"status\":200,\"length\":3},\"app_proto\":\"http\",\"payload\":\"R0VUIC9jb21wdXRlTWV0YWRhdGEvdjEvaW5zdGFuY2UvdmlydHVhbC1jbG9jay9kcmlmdC10b2tlbj9hbHQ9anNvbiZsYXN0X2V0YWc9YzZhN2JiZmU5OTVhY2M5OCZyZWN1cnNpdmU9RmFsc2UmdGltZW91dF9zZWM9NjAmd2FpdF9mb3JfY2hhbmdlPVRydWUgSFRUUC8xLjENCkFjY2VwdC1FbmNvZGluZzogaWRlbnRpdHkNCkhvc3Q6IG1ldGFkYXRhLmdvb2dsZS5pbnRlcm5hbA0KVXNlci1BZ2VudDogUHl0aG9uLXVybGxpYi8zLjYNCk1ldGFkYXRhLUZsYXZvcjogR29vZ2xlDQpDb25uZWN0aW9uOiBjbG9zZQ0KDQo=\",\"stream\":1,\"packet\":\"QgEKAAABQgEKAADzCABFAAAowldAAEAGGYkKAADzqf6p\\/pZSAFA7NZHlqAict1AQcRBfCgAA\",\"packet_info\":{\"linktype\":1}}",
        "_serial": "5659",
        "_si": [
          "index01",
          "ids"
        ],
        "_subsecond": ".000340",
        "_time": "2018-11-03 21:55:46.000 UTC",
        "host": "t1-corp-employee-02",
        "index": "ids",
        "linecount": "1",
        "source": "/var/log/suricata/alert-json.log",
        "sourcetype": "suricata:alert",
        "splunk_server": "index01"
      }
    ],
    "e": [
      {
        "Message": "The handle to an object was closed.\n\nSubject :\n\tSecurity ID:\t\tNT AUTHORITY\\SYSTEM\n\tAccount Name:\t\tAD-00$\n\tAccount Domain:\t\tCORP\n\tLogon ID:\t\t0x3E7\n\nObject:\n\tObject Server:\t\tSecurity\n\tHandle ID:\t\t0x694\n\nProcess Information:\n\tProcess ID:\t\t0xd28\n\tProcess Name:\t\tC:\\Program Files\\SplunkUniversalForwarder\\bin\\splunkd.exe",
        "_bkt": "main~46~B135F5F1-8761-4D6B-9993-723ECD8DFAF7",
        "_cd": "46:262483314",
        "_indextime": "1541282147",
        "_pre_msg": "11/03/2018 09:55:46 PM\nLogName=Security\nSourceName=Microsoft Windows security auditing.\nEventCode=4658\nEventType=0\nType=Information\nComputerName=ad-00.corp.wheelzapp.com\nTaskCategory=File System\nOpCode=Info\nRecordNumber=897526\nKeywords=Audit Success",
        "_raw": "11/03/2018 09:55:46 PM\nLogName=Security\nSourceName=Microsoft Windows security auditing.\nEventCode=4658\nEventType=0\nType=Information\nComputerName=ad-00.corp.wheelzapp.com\nTaskCategory=File System\nOpCode=Info\nRecordNumber=897526\nKeywords=Audit Success\nMessage=The handle to an object was closed.\n\nSubject :\n\tSecurity ID:\t\tNT AUTHORITY\\SYSTEM\n\tAccount Name:\t\tAD-00$\n\tAccount Domain:\t\tCORP\n\tLogon ID:\t\t0x3E7\n\nObject:\n\tObject Server:\t\tSecurity\n\tHandle ID:\t\t0x694\n\nProcess Information:\n\tProcess ID:\t\t0xd28\n\tProcess Name:\t\tC:\\Program Files\\SplunkUniversalForwarder\\bin\\splunkd.exe",
        "_serial": "214902",
        "_si": [
          "index01",
          "main"
        ],
        "_time": "2018-11-03 21:55:46.000 UTC",
        "host": "t1-corp-ad-00",
        "index": "main",
        "linecount": "26",
        "source": "WinEventLog:Security",
        "sourcetype": "WinEventLog",
        "splunk_server": "index01"
      },
      {
        "Message": "A handle to an object was requested.\n\nSubject:\n\tSecurity ID:\t\tNT AUTHORITY\\SYSTEM\n\tAccount Name:\t\tAD-00$\n\tAccount Domain:\t\tCORP\n\tLogon ID:\t\t0x3E7\n\nObject:\n\tObject Server:\t\tSecurity\n\tObject Type:\t\tFile\n\tObject Name:\t\t\\Device\\MountPointManager\n\tHandle ID:\t\t0x694\n\tResource Attributes:\t-\n\nProcess Information:\n\tProcess ID:\t\t0xd28\n\tProcess Name:\t\tC:\\Program Files\\SplunkUniversalForwarder\\bin\\splunkd.exe\n\nAccess Request Information:\n\tTransaction ID:\t\t{00000000-0000-0000-0000-000000000000}\n\tAccesses:\t\tSYNCHRONIZE\n\t\t\t\tReadAttributes\n\t\t\t\t\n\tAccess Reasons:\t\t-\n\tAccess Mask:\t\t0x100080\n\tPrivileges Used for Access Check:\t-\n\tRestricted SID Count:\t0",
        "_bkt": "main~46~B135F5F1-8761-4D6B-9993-723ECD8DFAF7",
        "_cd": "46:262483283",
        "_indextime": "1541282147",
        "_pre_msg": "11/03/2018 09:55:46 PM\nLogName=Security\nSourceName=Microsoft Windows security auditing.\nEventCode=4656\nEventType=0\nType=Information\nComputerName=ad-00.corp.wheelzapp.com\nTaskCategory=File System\nOpCode=Info\nRecordNumber=897525\nKeywords=Audit Success",
        "_raw": "11/03/2018 09:55:46 PM\nLogName=Security\nSourceName=Microsoft Windows security auditing.\nEventCode=4656\nEventType=0\nType=Information\nComputerName=ad-00.corp.wheelzapp.com\nTaskCategory=File System\nOpCode=Info\nRecordNumber=897525\nKeywords=Audit Success\nMessage=A handle to an object was requested.\n\nSubject:\n\tSecurity ID:\t\tNT AUTHORITY\\SYSTEM\n\tAccount Name:\t\tAD-00$\n\tAccount Domain:\t\tCORP\n\tLogon ID:\t\t0x3E7\n\nObject:\n\tObject Server:\t\tSecurity\n\tObject Type:\t\tFile\n\tObject Name:\t\t\\Device\\MountPointManager\n\tHandle ID:\t\t0x694\n\tResource Attributes:\t-\n\nProcess Information:\n\tProcess ID:\t\t0xd28\n\tProcess Name:\t\tC:\\Program Files\\SplunkUniversalForwarder\\bin\\splunkd.exe\n\nAccess Request Information:\n\tTransaction ID:\t\t{00000000-0000-0000-0000-000000000000}\n\tAccesses:\t\tSYNCHRONIZE\n\t\t\t\tReadAttributes\n\t\t\t\t\n\tAccess Reasons:\t\t-\n\tAccess Mask:\t\t0x100080\n\tPrivileges Used for Access Check:\t-\n\tRestricted SID Count:\t0",
        "_serial": "214903",
        "_si": [
          "index01",
          "main"
        ],
        "_time": "2018-11-03 21:55:46.000 UTC",
        "host": "t1-corp-ad-00",
        "index": "main",
        "linecount": "39",
        "source": "WinEventLog:Security",
        "sourcetype": "WinEventLog",
        "splunk_server": "index01"
      },
      {
        "Message": "The handle to an object was closed.\n\nSubject :\n\tSecurity ID:\t\tNT AUTHORITY\\SYSTEM\n\tAccount Name:\t\tAD-00$\n\tAccount Domain:\t\tCORP\n\tLogon ID:\t\t0x3E7\n\nObject:\n\tObject Server:\t\tSecurity\n\tHandle ID:\t\t0xee0\n\nProcess Information:\n\tProcess ID:\t\t0xd28\n\tProcess Name:\t\tC:\\Program Files\\SplunkUniversalForwarder\\bin\\splunkd.exe",
        "_bkt": "main~46~B135F5F1-8761-4D6B-9993-723ECD8DFAF7",
        "_cd": "46:262483263",
        "_indextime": "1541282147",
        "_pre_msg": "11/03/2018 09:55:46 PM\nLogName=Security\nSourceName=Microsoft Windows security auditing.\nEventCode=4658\nEventType=0\nType=Information\nComputerName=ad-00.corp.wheelzapp.com\nTaskCategory=File System\nOpCode=Info\nRecordNumber=897524\nKeywords=Audit Success",
        "_raw": "11/03/2018 09:55:46 PM\nLogName=Security\nSourceName=Microsoft Windows security auditing.\nEventCode=4658\nEventType=0\nType=Information\nComputerName=ad-00.corp.wheelzapp.com\nTaskCategory=File System\nOpCode=Info\nRecordNumber=897524\nKeywords=Audit Success\nMessage=The handle to an object was closed.\n\nSubject :\n\tSecurity ID:\t\tNT AUTHORITY\\SYSTEM\n\tAccount Name:\t\tAD-00$\n\tAccount Domain:\t\tCORP\n\tLogon ID:\t\t0x3E7\n\nObject:\n\tObject Server:\t\tSecurity\n\tHandle ID:\t\t0xee0\n\nProcess Information:\n\tProcess ID:\t\t0xd28\n\tProcess Name:\t\tC:\\Program Files\\SplunkUniversalForwarder\\bin\\splunkd.exe",
        "_serial": "214904",
        "_si": [
          "index01",
          "main"
        ],
        "_time": "2018-11-03 21:55:46.000 UTC",
        "host": "t1-corp-ad-00",
        "index": "main",
        "linecount": "26",
        "source": "WinEventLog:Security",
        "sourcetype": "WinEventLog",
        "splunk_server": "index01"
      },
      {
        "Message": "An attempt was made to duplicate a handle to an object.\n\nSubject:\n\tSecurity ID:\t\tNT AUTHORITY\\SYSTEM\n\tAccount Name:\t\tAD-00$\n\tAccount Domain:\t\tCORP\n\tLogon ID:\t\t0x3E7\n\nSource Handle Information:\n\tSource Handle ID:\t0x694\n\tSource Process ID:\t0xd28\n\nNew Handle Information:\n\tTarget Handle ID:\t0xee0\n\tTarget Process ID:\t0x4",
        "_bkt": "main~46~B135F5F1-8761-4D6B-9993-723ECD8DFAF7",
        "_cd": "46:262483242",
        "_indextime": "1541282147",
        "_pre_msg": "11/03/2018 09:55:46 PM\nLogName=Security\nSourceName=Microsoft Windows security auditing.\nEventCode=4690\nEventType=0\nType=Information\nComputerName=ad-00.corp.wheelzapp.com\nTaskCategory=Handle Manipulation\nOpCode=Info\nRecordNumber=897523\nKeywords=Audit Success",
        "_raw": "11/03/2018 09:55:46 PM\nLogName=Security\nSourceName=Microsoft Windows security auditing.\nEventCode=4690\nEventType=0\nType=Information\nComputerName=ad-00.corp.wheelzapp.com\nTaskCategory=Handle Manipulation\nOpCode=Info\nRecordNumber=897523\nKeywords=Audit Success\nMessage=An attempt was made to duplicate a handle to an object.\n\nSubject:\n\tSecurity ID:\t\tNT AUTHORITY\\SYSTEM\n\tAccount Name:\t\tAD-00$\n\tAccount Domain:\t\tCORP\n\tLogon ID:\t\t0x3E7\n\nSource Handle Information:\n\tSource Handle ID:\t0x694\n\tSource Process ID:\t0xd28\n\nNew Handle Information:\n\tTarget Handle ID:\t0xee0\n\tTarget Process ID:\t0x4",
        "_serial": "214905",
        "_si": [
          "index01",
          "main"
        ],
        "_time": "2018-11-03 21:55:46.000 UTC",
        "host": "t1-corp-ad-00",
        "index": "main",
        "linecount": "26",
        "source": "WinEventLog:Security",
        "sourcetype": "WinEventLog",
        "splunk_server": "index01"
      },
      {
        "Message": "The handle to an object was closed.\n\nSubject :\n\tSecurity ID:\t\tNT AUTHORITY\\SYSTEM\n\tAccount Name:\t\tAD-00$\n\tAccount Domain:\t\tCORP\n\tLogon ID:\t\t0x3E7\n\nObject:\n\tObject Server:\t\tSecurity\n\tHandle ID:\t\t0x694\n\nProcess Information:\n\tProcess ID:\t\t0xd28\n\tProcess Name:\t\tC:\\Program Files\\SplunkUniversalForwarder\\bin\\splunkd.exe",
        "_bkt": "main~46~B135F5F1-8761-4D6B-9993-723ECD8DFAF7",
        "_cd": "46:262483222",
        "_indextime": "1541282147",
        "_pre_msg": "11/03/2018 09:55:46 PM\nLogName=Security\nSourceName=Microsoft Windows security auditing.\nEventCode=4658\nEventType=0\nType=Information\nComputerName=ad-00.corp.wheelzapp.com\nTaskCategory=Removable Storage\nOpCode=Info\nRecordNumber=897522\nKeywords=Audit Success",
        "_raw": "11/03/2018 09:55:46 PM\nLogName=Security\nSourceName=Microsoft Windows security auditing.\nEventCode=4658\nEventType=0\nType=Information\nComputerName=ad-00.corp.wheelzapp.com\nTaskCategory=Removable Storage\nOpCode=Info\nRecordNumber=897522\nKeywords=Audit Success\nMessage=The handle to an object was closed.\n\nSubject :\n\tSecurity ID:\t\tNT AUTHORITY\\SYSTEM\n\tAccount Name:\t\tAD-00$\n\tAccount Domain:\t\tCORP\n\tLogon ID:\t\t0x3E7\n\nObject:\n\tObject Server:\t\tSecurity\n\tHandle ID:\t\t0x694\n\nProcess Information:\n\tProcess ID:\t\t0xd28\n\tProcess Name:\t\tC:\\Program Files\\SplunkUniversalForwarder\\bin\\splunkd.exe",
        "_serial": "214906",
        "_si": [
          "index01",
          "main"
        ],
        "_time": "2018-11-03 21:55:46.000 UTC",
        "host": "t1-corp-ad-00",
        "index": "main",
        "linecount": "26",
        "source": "WinEventLog:Security",
        "sourcetype": "WinEventLog",
        "splunk_server": "index01"
      },
      {
        "Message": "A handle to an object was requested.\n\nSubject:\n\tSecurity ID:\t\tNT AUTHORITY\\SYSTEM\n\tAccount Name:\t\tAD-00$\n\tAccount Domain:\t\tCORP\n\tLogon ID:\t\t0x3E7\n\nObject:\n\tObject Server:\t\tSecurity\n\tObject Type:\t\tFile\n\tObject Name:\t\t\\Device\\HarddiskVolume1\n\tHandle ID:\t\t0x694\n\tResource Attributes:\t-\n\nProcess Information:\n\tProcess ID:\t\t0xd28\n\tProcess Name:\t\tC:\\Program Files\\SplunkUniversalForwarder\\bin\\splunkd.exe\n\nAccess Request Information:\n\tTransaction ID:\t\t{00000000-0000-0000-0000-000000000000}\n\tAccesses:\t\tSYNCHRONIZE\n\t\t\t\tReadAttributes\n\t\t\t\t\n\tAccess Reasons:\t\t-\n\tAccess Mask:\t\t0x100080\n\tPrivileges Used for Access Check:\t-\n\tRestricted SID Count:\t0",
        "_bkt": "main~46~B135F5F1-8761-4D6B-9993-723ECD8DFAF7",
        "_cd": "46:262483191",
        "_indextime": "1541282147",
        "_pre_msg": "11/03/2018 09:55:46 PM\nLogName=Security\nSourceName=Microsoft Windows security auditing.\nEventCode=4656\nEventType=0\nType=Information\nComputerName=ad-00.corp.wheelzapp.com\nTaskCategory=Removable Storage\nOpCode=Info\nRecordNumber=897521\nKeywords=Audit Success",
        "_raw": "11/03/2018 09:55:46 PM\nLogName=Security\nSourceName=Microsoft Windows security auditing.\nEventCode=4656\nEventType=0\nType=Information\nComputerName=ad-00.corp.wheelzapp.com\nTaskCategory=Removable Storage\nOpCode=Info\nRecordNumber=897521\nKeywords=Audit Success\nMessage=A handle to an object was requested.\n\nSubject:\n\tSecurity ID:\t\tNT AUTHORITY\\SYSTEM\n\tAccount Name:\t\tAD-00$\n\tAccount Domain:\t\tCORP\n\tLogon ID:\t\t0x3E7\n\nObject:\n\tObject Server:\t\tSecurity\n\tObject Type:\t\tFile\n\tObject Name:\t\t\\Device\\HarddiskVolume1\n\tHandle ID:\t\t0x694\n\tResource Attributes:\t-\n\nProcess Information:\n\tProcess ID:\t\t0xd28\n\tProcess Name:\t\tC:\\Program Files\\SplunkUniversalForwarder\\bin\\splunkd.exe\n\nAccess Request Information:\n\tTransaction ID:\t\t{00000000-0000-0000-0000-000000000000}\n\tAccesses:\t\tSYNCHRONIZE\n\t\t\t\tReadAttributes\n\t\t\t\t\n\tAccess Reasons:\t\t-\n\tAccess Mask:\t\t0x100080\n\tPrivileges Used for Access Check:\t-\n\tRestricted SID Count:\t0",
        "_serial": "214907",
        "_si": [
          "index01",
          "main"
        ],
        "_time": "2018-11-03 21:55:46.000 UTC",
        "host": "t1-corp-ad-00",
        "index": "main",
        "linecount": "39",
        "source": "WinEventLog:Security",
        "sourcetype": "WinEventLog",
        "splunk_server": "index01"
      },
      {
        "Message": "The handle to an object was closed.\n\nSubject :\n\tSecurity ID:\t\tNT AUTHORITY\\SYSTEM\n\tAccount Name:\t\tAD-00$\n\tAccount Domain:\t\tCORP\n\tLogon ID:\t\t0x3E7\n\nObject:\n\tObject Server:\t\tSecurity\n\tHandle ID:\t\t0xee0\n\nProcess Information:\n\tProcess ID:\t\t0xd28\n\tProcess Name:\t\tC:\\Program Files\\SplunkUniversalForwarder\\bin\\splunkd.exe",
        "_bkt": "main~46~B135F5F1-8761-4D6B-9993-723ECD8DFAF7",
        "_cd": "46:262483171",
        "_indextime": "1541282147",
        "_pre_msg": "11/03/2018 09:55:46 PM\nLogName=Security\nSourceName=Microsoft Windows security auditing.\nEventCode=4658\nEventType=0\nType=Information\nComputerName=ad-00.corp.wheelzapp.com\nTaskCategory=Removable Storage\nOpCode=Info\nRecordNumber=897520\nKeywords=Audit Success",
        "_raw": "11/03/2018 09:55:46 PM\nLogName=Security\nSourceName=Microsoft Windows security auditing.\nEventCode=4658\nEventType=0\nType=Information\nComputerName=ad-00.corp.wheelzapp.com\nTaskCategory=Removable Storage\nOpCode=Info\nRecordNumber=897520\nKeywords=Audit Success\nMessage=The handle to an object was closed.\n\nSubject :\n\tSecurity ID:\t\tNT AUTHORITY\\SYSTEM\n\tAccount Name:\t\tAD-00$\n\tAccount Domain:\t\tCORP\n\tLogon ID:\t\t0x3E7\n\nObject:\n\tObject Server:\t\tSecurity\n\tHandle ID:\t\t0xee0\n\nProcess Information:\n\tProcess ID:\t\t0xd28\n\tProcess Name:\t\tC:\\Program Files\\SplunkUniversalForwarder\\bin\\splunkd.exe",
        "_serial": "214908",
        "_si": [
          "index01",
          "main"
        ],
        "_time": "2018-11-03 21:55:46.000 UTC",
        "host": "t1-corp-ad-00",
        "index": "main",
        "linecount": "26",
        "source": "WinEventLog:Security",
        "sourcetype": "WinEventLog",
        "splunk_server": "index01"
      },
      {
        "Message": "An attempt was made to duplicate a handle to an object.\n\nSubject:\n\tSecurity ID:\t\tNT AUTHORITY\\SYSTEM\n\tAccount Name:\t\tAD-00$\n\tAccount Domain:\t\tCORP\n\tLogon ID:\t\t0x3E7\n\nSource Handle Information:\n\tSource Handle ID:\t0x694\n\tSource Process ID:\t0xd28\n\nNew Handle Information:\n\tTarget Handle ID:\t0xee0\n\tTarget Process ID:\t0x4",
        "_bkt": "main~46~B135F5F1-8761-4D6B-9993-723ECD8DFAF7",
        "_cd": "46:262478724",
        "_indextime": "1541282147",
        "_pre_msg": "11/03/2018 09:55:46 PM\nLogName=Security\nSourceName=Microsoft Windows security auditing.\nEventCode=4690\nEventType=0\nType=Information\nComputerName=ad-00.corp.wheelzapp.com\nTaskCategory=Handle Manipulation\nOpCode=Info\nRecordNumber=897519\nKeywords=Audit Success",
        "_raw": "11/03/2018 09:55:46 PM\nLogName=Security\nSourceName=Microsoft Windows security auditing.\nEventCode=4690\nEventType=0\nType=Information\nComputerName=ad-00.corp.wheelzapp.com\nTaskCategory=Handle Manipulation\nOpCode=Info\nRecordNumber=897519\nKeywords=Audit Success\nMessage=An attempt was made to duplicate a handle to an object.\n\nSubject:\n\tSecurity ID:\t\tNT AUTHORITY\\SYSTEM\n\tAccount Name:\t\tAD-00$\n\tAccount Domain:\t\tCORP\n\tLogon ID:\t\t0x3E7\n\nSource Handle Information:\n\tSource Handle ID:\t0x694\n\tSource Process ID:\t0xd28\n\nNew Handle Information:\n\tTarget Handle ID:\t0xee0\n\tTarget Process ID:\t0x4",
        "_serial": "214909",
        "_si": [
          "index01",
          "main"
        ],
        "_time": "2018-11-03 21:55:46.000 UTC",
        "host": "t1-corp-ad-00",
        "index": "main",
        "linecount": "26",
        "source": "WinEventLog:Security",
        "sourcetype": "WinEventLog",
        "splunk_server": "index01"
      },
      {
        "Message": "A user's local group membership was enumerated.\n\nSubject:\n\tSecurity ID:\t\tNT AUTHORITY\\SYSTEM\n\tAccount Name:\t\tEMPLOYEE-00$\n\tAccount Domain:\t\tCORP\n\tLogon ID:\t\t0x3E7\n\nUser:\n\tSecurity ID:\t\tEMPLOYEE-00\\Guest\n\tAccount Name:\t\tGuest\n\tAccount Domain:\t\tEMPLOYEE-00\n\nProcess Information:\n\tProcess ID:\t\t0xd7c\n\tProcess Name:\t\tC:\\Program Files (x86)\\BigFix Enterprise\\BES Client\\BESClient.exe",
        "_bkt": "main~46~B135F5F1-8761-4D6B-9993-723ECD8DFAF7",
        "_cd": "46:262472618",
        "_indextime": "1541282147",
        "_pre_msg": "11/03/2018 09:55:46 PM\nLogName=Security\nSourceName=Microsoft Windows security auditing.\nEventCode=4798\nEventType=0\nType=Information\nComputerName=employee-00.corp.wheelzapp.com\nTaskCategory=User Account Management\nOpCode=Info\nRecordNumber=201926\nKeywords=Audit Success",
        "_raw": "11/03/2018 09:55:46 PM\nLogName=Security\nSourceName=Microsoft Windows security auditing.\nEventCode=4798\nEventType=0\nType=Information\nComputerName=employee-00.corp.wheelzapp.com\nTaskCategory=User Account Management\nOpCode=Info\nRecordNumber=201926\nKeywords=Audit Success\nMessage=A user's local group membership was enumerated.\n\nSubject:\n\tSecurity ID:\t\tNT AUTHORITY\\SYSTEM\n\tAccount Name:\t\tEMPLOYEE-00$\n\tAccount Domain:\t\tCORP\n\tLogon ID:\t\t0x3E7\n\nUser:\n\tSecurity ID:\t\tEMPLOYEE-00\\Guest\n\tAccount Name:\t\tGuest\n\tAccount Domain:\t\tEMPLOYEE-00\n\nProcess Information:\n\tProcess ID:\t\t0xd7c\n\tProcess Name:\t\tC:\\Program Files (x86)\\BigFix Enterprise\\BES Client\\BESClient.exe",
        "_serial": "214910",
        "_si": [
          "index01",
          "main"
        ],
        "_time": "2018-11-03 21:55:46.000 UTC",
        "host": "t1-corp-employee-00",
        "index": "main",
        "linecount": "27",
        "source": "WinEventLog:Security",
        "sourcetype": "WinEventLog",
        "splunk_server": "index01"
      },
      {
        "Message": "A user's local group membership was enumerated.\n\nSubject:\n\tSecurity ID:\t\tNT AUTHORITY\\SYSTEM\n\tAccount Name:\t\tEMPLOYEE-00$\n\tAccount Domain:\t\tCORP\n\tLogon ID:\t\t0x3E7\n\nUser:\n\tSecurity ID:\t\tEMPLOYEE-00\\DefaultAccount\n\tAccount Name:\t\tDefaultAccount\n\tAccount Domain:\t\tEMPLOYEE-00\n\nProcess Information:\n\tProcess ID:\t\t0xd7c\n\tProcess Name:\t\tC:\\Program Files (x86)\\BigFix Enterprise\\BES Client\\BESClient.exe",
        "_bkt": "main~46~B135F5F1-8761-4D6B-9993-723ECD8DFAF7",
        "_cd": "46:262472595",
        "_indextime": "1541282147",
        "_pre_msg": "11/03/2018 09:55:46 PM\nLogName=Security\nSourceName=Microsoft Windows security auditing.\nEventCode=4798\nEventType=0\nType=Information\nComputerName=employee-00.corp.wheelzapp.com\nTaskCategory=User Account Management\nOpCode=Info\nRecordNumber=201925\nKeywords=Audit Success",
        "_raw": "11/03/2018 09:55:46 PM\nLogName=Security\nSourceName=Microsoft Windows security auditing.\nEventCode=4798\nEventType=0\nType=Information\nComputerName=employee-00.corp.wheelzapp.com\nTaskCategory=User Account Management\nOpCode=Info\nRecordNumber=201925\nKeywords=Audit Success\nMessage=A user's local group membership was enumerated.\n\nSubject:\n\tSecurity ID:\t\tNT AUTHORITY\\SYSTEM\n\tAccount Name:\t\tEMPLOYEE-00$\n\tAccount Domain:\t\tCORP\n\tLogon ID:\t\t0x3E7\n\nUser:\n\tSecurity ID:\t\tEMPLOYEE-00\\DefaultAccount\n\tAccount Name:\t\tDefaultAccount\n\tAccount Domain:\t\tEMPLOYEE-00\n\nProcess Information:\n\tProcess ID:\t\t0xd7c\n\tProcess Name:\t\tC:\\Program Files (x86)\\BigFix Enterprise\\BES Client\\BESClient.exe",
        "_serial": "214911",
        "_si": [
          "index01",
          "main"
        ],
        "_time": "2018-11-03 21:55:46.000 UTC",
        "host": "t1-corp-employee-00",
        "index": "main",
        "linecount": "27",
        "source": "WinEventLog:Security",
        "sourcetype": "WinEventLog",
        "splunk_server": "index01"
      },
      {
        "Message": "A user's local group membership was enumerated.\n\nSubject:\n\tSecurity ID:\t\tNT AUTHORITY\\SYSTEM\n\tAccount Name:\t\tEMPLOYEE-00$\n\tAccount Domain:\t\tCORP\n\tLogon ID:\t\t0x3E7\n\nUser:\n\tSecurity ID:\t\tEMPLOYEE-00\\Administrator\n\tAccount Name:\t\tAdministrator\n\tAccount Domain:\t\tEMPLOYEE-00\n\nProcess Information:\n\tProcess ID:\t\t0xd7c\n\tProcess Name:\t\tC:\\Program Files (x86)\\BigFix Enterprise\\BES Client\\BESClient.exe",
        "_bkt": "main~46~B135F5F1-8761-4D6B-9993-723ECD8DFAF7",
        "_cd": "46:262472572",
        "_indextime": "1541282147",
        "_pre_msg": "11/03/2018 09:55:46 PM\nLogName=Security\nSourceName=Microsoft Windows security auditing.\nEventCode=4798\nEventType=0\nType=Information\nComputerName=employee-00.corp.wheelzapp.com\nTaskCategory=User Account Management\nOpCode=Info\nRecordNumber=201924\nKeywords=Audit Success",
        "_raw": "11/03/2018 09:55:46 PM\nLogName=Security\nSourceName=Microsoft Windows security auditing.\nEventCode=4798\nEventType=0\nType=Information\nComputerName=employee-00.corp.wheelzapp.com\nTaskCategory=User Account Management\nOpCode=Info\nRecordNumber=201924\nKeywords=Audit Success\nMessage=A user's local group membership was enumerated.\n\nSubject:\n\tSecurity ID:\t\tNT AUTHORITY\\SYSTEM\n\tAccount Name:\t\tEMPLOYEE-00$\n\tAccount Domain:\t\tCORP\n\tLogon ID:\t\t0x3E7\n\nUser:\n\tSecurity ID:\t\tEMPLOYEE-00\\Administrator\n\tAccount Name:\t\tAdministrator\n\tAccount Domain:\t\tEMPLOYEE-00\n\nProcess Information:\n\tProcess ID:\t\t0xd7c\n\tProcess Name:\t\tC:\\Program Files (x86)\\BigFix Enterprise\\BES Client\\BESClient.exe",
        "_serial": "214912",
        "_si": [
          "index01",
          "main"
        ],
        "_time": "2018-11-03 21:55:46.000 UTC",
        "host": "t1-corp-employee-00",
        "index": "main",
        "linecount": "27",
        "source": "WinEventLog:Security",
        "sourcetype": "WinEventLog",
        "splunk_server": "index01"
      },
      {
        "Message": "A user's local group membership was enumerated.\n\nSubject:\n\tSecurity ID:\t\tNT AUTHORITY\\SYSTEM\n\tAccount Name:\t\tEMPLOYEE-00$\n\tAccount Domain:\t\tCORP\n\tLogon ID:\t\t0x3E7\n\nUser:\n\tSecurity ID:\t\tEMPLOYEE-00\\Guest\n\tAccount Name:\t\tGuest\n\tAccount Domain:\t\tEMPLOYEE-00\n\nProcess Information:\n\tProcess ID:\t\t0xd7c\n\tProcess Name:\t\tC:\\Program Files (x86)\\BigFix Enterprise\\BES Client\\BESClient.exe",
        "_bkt": "main~46~B135F5F1-8761-4D6B-9993-723ECD8DFAF7",
        "_cd": "46:262472549",
        "_indextime": "1541282147",
        "_pre_msg": "11/03/2018 09:55:46 PM\nLogName=Security\nSourceName=Microsoft Windows security auditing.\nEventCode=4798\nEventType=0\nType=Information\nComputerName=employee-00.corp.wheelzapp.com\nTaskCategory=User Account Management\nOpCode=Info\nRecordNumber=201923\nKeywords=Audit Success",
        "_raw": "11/03/2018 09:55:46 PM\nLogName=Security\nSourceName=Microsoft Windows security auditing.\nEventCode=4798\nEventType=0\nType=Information\nComputerName=employee-00.corp.wheelzapp.com\nTaskCategory=User Account Management\nOpCode=Info\nRecordNumber=201923\nKeywords=Audit Success\nMessage=A user's local group membership was enumerated.\n\nSubject:\n\tSecurity ID:\t\tNT AUTHORITY\\SYSTEM\n\tAccount Name:\t\tEMPLOYEE-00$\n\tAccount Domain:\t\tCORP\n\tLogon ID:\t\t0x3E7\n\nUser:\n\tSecurity ID:\t\tEMPLOYEE-00\\Guest\n\tAccount Name:\t\tGuest\n\tAccount Domain:\t\tEMPLOYEE-00\n\nProcess Information:\n\tProcess ID:\t\t0xd7c\n\tProcess Name:\t\tC:\\Program Files (x86)\\BigFix Enterprise\\BES Client\\BESClient.exe",
        "_serial": "214913",
        "_si": [
          "index01",
          "main"
        ],
        "_time": "2018-11-03 21:55:46.000 UTC",
        "host": "t1-corp-employee-00",
        "index": "main",
        "linecount": "27",
        "source": "WinEventLog:Security",
        "sourcetype": "WinEventLog",
        "splunk_server": "index01"
      },
      {
        "Message": "A user's local group membership was enumerated.\n\nSubject:\n\tSecurity ID:\t\tNT AUTHORITY\\SYSTEM\n\tAccount Name:\t\tEMPLOYEE-00$\n\tAccount Domain:\t\tCORP\n\tLogon ID:\t\t0x3E7\n\nUser:\n\tSecurity ID:\t\tEMPLOYEE-00\\DefaultAccount\n\tAccount Name:\t\tDefaultAccount\n\tAccount Domain:\t\tEMPLOYEE-00\n\nProcess Information:\n\tProcess ID:\t\t0xd7c\n\tProcess Name:\t\tC:\\Program Files (x86)\\BigFix Enterprise\\BES Client\\BESClient.exe",
        "_bkt": "main~46~B135F5F1-8761-4D6B-9993-723ECD8DFAF7",
        "_cd": "46:262472526",
        "_indextime": "1541282147",
        "_pre_msg": "11/03/2018 09:55:46 PM\nLogName=Security\nSourceName=Microsoft Windows security auditing.\nEventCode=4798\nEventType=0\nType=Information\nComputerName=employee-00.corp.wheelzapp.com\nTaskCategory=User Account Management\nOpCode=Info\nRecordNumber=201922\nKeywords=Audit Success",
        "_raw": "11/03/2018 09:55:46 PM\nLogName=Security\nSourceName=Microsoft Windows security auditing.\nEventCode=4798\nEventType=0\nType=Information\nComputerName=employee-00.corp.wheelzapp.com\nTaskCategory=User Account Management\nOpCode=Info\nRecordNumber=201922\nKeywords=Audit Success\nMessage=A user's local group membership was enumerated.\n\nSubject:\n\tSecurity ID:\t\tNT AUTHORITY\\SYSTEM\n\tAccount Name:\t\tEMPLOYEE-00$\n\tAccount Domain:\t\tCORP\n\tLogon ID:\t\t0x3E7\n\nUser:\n\tSecurity ID:\t\tEMPLOYEE-00\\DefaultAccount\n\tAccount Name:\t\tDefaultAccount\n\tAccount Domain:\t\tEMPLOYEE-00\n\nProcess Information:\n\tProcess ID:\t\t0xd7c\n\tProcess Name:\t\tC:\\Program Files (x86)\\BigFix Enterprise\\BES Client\\BESClient.exe",
        "_serial": "214914",
        "_si": [
          "index01",
          "main"
        ],
        "_time": "2018-11-03 21:55:46.000 UTC",
        "host": "t1-corp-employee-00",
        "index": "main",
        "linecount": "27",
        "source": "WinEventLog:Security",
        "sourcetype": "WinEventLog",
        "splunk_server": "index01"
      },
      {
        "Message": "A user's local group membership was enumerated.\n\nSubject:\n\tSecurity ID:\t\tNT AUTHORITY\\SYSTEM\n\tAccount Name:\t\tEMPLOYEE-00$\n\tAccount Domain:\t\tCORP\n\tLogon ID:\t\t0x3E7\n\nUser:\n\tSecurity ID:\t\tEMPLOYEE-00\\Administrator\n\tAccount Name:\t\tAdministrator\n\tAccount Domain:\t\tEMPLOYEE-00\n\nProcess Information:\n\tProcess ID:\t\t0xd7c\n\tProcess Name:\t\tC:\\Program Files (x86)\\BigFix Enterprise\\BES Client\\BESClient.exe",
        "_bkt": "main~46~B135F5F1-8761-4D6B-9993-723ECD8DFAF7",
        "_cd": "46:262470859",
        "_indextime": "1541282147",
        "_pre_msg": "11/03/2018 09:55:46 PM\nLogName=Security\nSourceName=Microsoft Windows security auditing.\nEventCode=4798\nEventType=0\nType=Information\nComputerName=employee-00.corp.wheelzapp.com\nTaskCategory=User Account Management\nOpCode=Info\nRecordNumber=201921\nKeywords=Audit Success",
        "_raw": "11/03/2018 09:55:46 PM\nLogName=Security\nSourceName=Microsoft Windows security auditing.\nEventCode=4798\nEventType=0\nType=Information\nComputerName=employee-00.corp.wheelzapp.com\nTaskCategory=User Account Management\nOpCode=Info\nRecordNumber=201921\nKeywords=Audit Success\nMessage=A user's local group membership was enumerated.\n\nSubject:\n\tSecurity ID:\t\tNT AUTHORITY\\SYSTEM\n\tAccount Name:\t\tEMPLOYEE-00$\n\tAccount Domain:\t\tCORP\n\tLogon ID:\t\t0x3E7\n\nUser:\n\tSecurity ID:\t\tEMPLOYEE-00\\Administrator\n\tAccount Name:\t\tAdministrator\n\tAccount Domain:\t\tEMPLOYEE-00\n\nProcess Information:\n\tProcess ID:\t\t0xd7c\n\tProcess Name:\t\tC:\\Program Files (x86)\\BigFix Enterprise\\BES Client\\BESClient.exe",
        "_serial": "214915",
        "_si": [
          "index01",
          "main"
        ],
        "_time": "2018-11-03 21:55:46.000 UTC",
        "host": "t1-corp-employee-00",
        "index": "main",
        "linecount": "27",
        "source": "WinEventLog:Security",
        "sourcetype": "WinEventLog",
        "splunk_server": "index01"
      },
      {
        "Message": "The handle to an object was closed.\n\nSubject :\n\tSecurity ID:\t\tCORP\\bsakamoto\n\tAccount Name:\t\tbsakamoto\n\tAccount Domain:\t\tCORP\n\tLogon ID:\t\t0xB87FF2\n\nObject:\n\tObject Server:\t\tSecurity\n\tHandle ID:\t\t0x1d20\n\nProcess Information:\n\tProcess ID:\t\t0x778\n\tProcess Name:\t\tC:\\Windows\\explorer.exe",
        "_bkt": "main~47~309B8BB8-F45C-44CE-ABE5-EF8B9EC8A780",
        "_cd": "47:288995262",
        "_indextime": "1541282148",
        "_pre_msg": "11/03/2018 09:55:46 PM\nLogName=Security\nSourceName=Microsoft Windows security auditing.\nEventCode=4658\nEventType=0\nType=Information\nComputerName=employee-01.corp.wheelzapp.com\nTaskCategory=Removable Storage\nOpCode=Info\nRecordNumber=238700\nKeywords=Audit Success",
        "_raw": "11/03/2018 09:55:46 PM\nLogName=Security\nSourceName=Microsoft Windows security auditing.\nEventCode=4658\nEventType=0\nType=Information\nComputerName=employee-01.corp.wheelzapp.com\nTaskCategory=Removable Storage\nOpCode=Info\nRecordNumber=238700\nKeywords=Audit Success\nMessage=The handle to an object was closed.\n\nSubject :\n\tSecurity ID:\t\tCORP\\bsakamoto\n\tAccount Name:\t\tbsakamoto\n\tAccount Domain:\t\tCORP\n\tLogon ID:\t\t0xB87FF2\n\nObject:\n\tObject Server:\t\tSecurity\n\tHandle ID:\t\t0x1d20\n\nProcess Information:\n\tProcess ID:\t\t0x778\n\tProcess Name:\t\tC:\\Windows\\explorer.exe",
        "_serial": "214916",
        "_si": [
          "index01",
          "main"
        ],
        "_time": "2018-11-03 21:55:46.000 UTC",
        "host": "t1-corp-employee-01",
        "index": "main",
        "linecount": "26",
        "source": "WinEventLog:Security",
        "sourcetype": "WinEventLog",
        "splunk_server": "index01"
      },
      {
        "Message": "A handle to an object was requested.\n\nSubject:\n\tSecurity ID:\t\tCORP\\bsakamoto\n\tAccount Name:\t\tbsakamoto\n\tAccount Domain:\t\tCORP\n\tLogon ID:\t\t0xB87FF2\n\nObject:\n\tObject Server:\t\tSecurity\n\tObject Type:\t\tFile\n\tObject Name:\t\t\\Device\\HarddiskVolume1\n\tHandle ID:\t\t0x1d20\n\tResource Attributes:\t-\n\nProcess Information:\n\tProcess ID:\t\t0x778\n\tProcess Name:\t\tC:\\Windows\\explorer.exe\n\nAccess Request Information:\n\tTransaction ID:\t\t{00000000-0000-0000-0000-000000000000}\n\tAccesses:\t\tSYNCHRONIZE\n\t\t\t\tReadAttributes\n\t\t\t\t\n\tAccess Reasons:\t\t-\n\tAccess Mask:\t\t0x100080\n\tPrivileges Used for Access Check:\t-\n\tRestricted SID Count:\t0",
        "_bkt": "main~47~309B8BB8-F45C-44CE-ABE5-EF8B9EC8A780",
        "_cd": "47:288995231",
        "_indextime": "1541282148",
        "_pre_msg": "11/03/2018 09:55:46 PM\nLogName=Security\nSourceName=Microsoft Windows security auditing.\nEventCode=4656\nEventType=0\nType=Information\nComputerName=employee-01.corp.wheelzapp.com\nTaskCategory=Removable Storage\nOpCode=Info\nRecordNumber=238699\nKeywords=Audit Success",
        "_raw": "11/03/2018 09:55:46 PM\nLogName=Security\nSourceName=Microsoft Windows security auditing.\nEventCode=4656\nEventType=0\nType=Information\nComputerName=employee-01.corp.wheelzapp.com\nTaskCategory=Removable Storage\nOpCode=Info\nRecordNumber=238699\nKeywords=Audit Success\nMessage=A handle to an object was requested.\n\nSubject:\n\tSecurity ID:\t\tCORP\\bsakamoto\n\tAccount Name:\t\tbsakamoto\n\tAccount Domain:\t\tCORP\n\tLogon ID:\t\t0xB87FF2\n\nObject:\n\tObject Server:\t\tSecurity\n\tObject Type:\t\tFile\n\tObject Name:\t\t\\Device\\HarddiskVolume1\n\tHandle ID:\t\t0x1d20\n\tResource Attributes:\t-\n\nProcess Information:\n\tProcess ID:\t\t0x778\n\tProcess Name:\t\tC:\\Windows\\explorer.exe\n\nAccess Request Information:\n\tTransaction ID:\t\t{00000000-0000-0000-0000-000000000000}\n\tAccesses:\t\tSYNCHRONIZE\n\t\t\t\tReadAttributes\n\t\t\t\t\n\tAccess Reasons:\t\t-\n\tAccess Mask:\t\t0x100080\n\tPrivileges Used for Access Check:\t-\n\tRestricted SID Count:\t0",
        "_serial": "214917",
        "_si": [
          "index01",
          "main"
        ],
        "_time": "2018-11-03 21:55:46.000 UTC",
        "host": "t1-corp-employee-01",
        "index": "main",
        "linecount": "39",
        "source": "WinEventLog:Security",
        "sourcetype": "WinEventLog",
        "splunk_server": "index01"
      },
      {
        "Message": "The handle to an object was closed.\n\nSubject :\n\tSecurity ID:\t\tCORP\\bsakamoto\n\tAccount Name:\t\tbsakamoto\n\tAccount Domain:\t\tCORP\n\tLogon ID:\t\t0xB87FF2\n\nObject:\n\tObject Server:\t\tSecurity\n\tHandle ID:\t\t0x111c\n\nProcess Information:\n\tProcess ID:\t\t0x778\n\tProcess Name:\t\tC:\\Windows\\explorer.exe",
        "_bkt": "main~47~309B8BB8-F45C-44CE-ABE5-EF8B9EC8A780",
        "_cd": "47:288995211",
        "_indextime": "1541282148",
        "_pre_msg": "11/03/2018 09:55:46 PM\nLogName=Security\nSourceName=Microsoft Windows security auditing.\nEventCode=4658\nEventType=0\nType=Information\nComputerName=employee-01.corp.wheelzapp.com\nTaskCategory=Removable Storage\nOpCode=Info\nRecordNumber=238698\nKeywords=Audit Success",
        "_raw": "11/03/2018 09:55:46 PM\nLogName=Security\nSourceName=Microsoft Windows security auditing.\nEventCode=4658\nEventType=0\nType=Information\nComputerName=employee-01.corp.wheelzapp.com\nTaskCategory=Removable Storage\nOpCode=Info\nRecordNumber=238698\nKeywords=Audit Success\nMessage=The handle to an object was closed.\n\nSubject :\n\tSecurity ID:\t\tCORP\\bsakamoto\n\tAccount Name:\t\tbsakamoto\n\tAccount Domain:\t\tCORP\n\tLogon ID:\t\t0xB87FF2\n\nObject:\n\tObject Server:\t\tSecurity\n\tHandle ID:\t\t0x111c\n\nProcess Information:\n\tProcess ID:\t\t0x778\n\tProcess Name:\t\tC:\\Windows\\explorer.exe",
        "_serial": "214918",
        "_si": [
          "index01",
          "main"
        ],
        "_time": "2018-11-03 21:55:46.000 UTC",
        "host": "t1-corp-employee-01",
        "index": "main",
        "linecount": "26",
        "source": "WinEventLog:Security",
        "sourcetype": "WinEventLog",
        "splunk_server": "index01"
      },
      {
        "Message": "An attempt was made to duplicate a handle to an object.\n\nSubject:\n\tSecurity ID:\t\tCORP\\bsakamoto\n\tAccount Name:\t\tbsakamoto\n\tAccount Domain:\t\tCORP\n\tLogon ID:\t\t0xB87FF2\n\nSource Handle Information:\n\tSource Handle ID:\t0x1d20\n\tSource Process ID:\t0x778\n\nNew Handle Information:\n\tTarget Handle ID:\t0x111c\n\tTarget Process ID:\t0x4",
        "_bkt": "main~47~309B8BB8-F45C-44CE-ABE5-EF8B9EC8A780",
        "_cd": "47:288995190",
        "_indextime": "1541282148",
        "_pre_msg": "11/03/2018 09:55:46 PM\nLogName=Security\nSourceName=Microsoft Windows security auditing.\nEventCode=4690\nEventType=0\nType=Information\nComputerName=employee-01.corp.wheelzapp.com\nTaskCategory=Handle Manipulation\nOpCode=Info\nRecordNumber=238697\nKeywords=Audit Success",
        "_raw": "11/03/2018 09:55:46 PM\nLogName=Security\nSourceName=Microsoft Windows security auditing.\nEventCode=4690\nEventType=0\nType=Information\nComputerName=employee-01.corp.wheelzapp.com\nTaskCategory=Handle Manipulation\nOpCode=Info\nRecordNumber=238697\nKeywords=Audit Success\nMessage=An attempt was made to duplicate a handle to an object.\n\nSubject:\n\tSecurity ID:\t\tCORP\\bsakamoto\n\tAccount Name:\t\tbsakamoto\n\tAccount Domain:\t\tCORP\n\tLogon ID:\t\t0xB87FF2\n\nSource Handle Information:\n\tSource Handle ID:\t0x1d20\n\tSource Process ID:\t0x778\n\nNew Handle Information:\n\tTarget Handle ID:\t0x111c\n\tTarget Process ID:\t0x4",
        "_serial": "214919",
        "_si": [
          "index01",
          "main"
        ],
        "_time": "2018-11-03 21:55:46.000 UTC",
        "host": "t1-corp-employee-01",
        "index": "main",
        "linecount": "26",
        "source": "WinEventLog:Security",
        "sourcetype": "WinEventLog",
        "splunk_server": "index01"
      },
      {
        "Message": "The handle to an object was closed.\n\nSubject :\n\tSecurity ID:\t\tCORP\\bsakamoto\n\tAccount Name:\t\tbsakamoto\n\tAccount Domain:\t\tCORP\n\tLogon ID:\t\t0xB87FF2\n\nObject:\n\tObject Server:\t\tSecurity\n\tHandle ID:\t\t0x1d20\n\nProcess Information:\n\tProcess ID:\t\t0x778\n\tProcess Name:\t\tC:\\Windows\\explorer.exe",
        "_bkt": "main~47~309B8BB8-F45C-44CE-ABE5-EF8B9EC8A780",
        "_cd": "47:288995170",
        "_indextime": "1541282148",
        "_pre_msg": "11/03/2018 09:55:46 PM\nLogName=Security\nSourceName=Microsoft Windows security auditing.\nEventCode=4658\nEventType=0\nType=Information\nComputerName=employee-01.corp.wheelzapp.com\nTaskCategory=Removable Storage\nOpCode=Info\nRecordNumber=238696\nKeywords=Audit Success",
        "_raw": "11/03/2018 09:55:46 PM\nLogName=Security\nSourceName=Microsoft Windows security auditing.\nEventCode=4658\nEventType=0\nType=Information\nComputerName=employee-01.corp.wheelzapp.com\nTaskCategory=Removable Storage\nOpCode=Info\nRecordNumber=238696\nKeywords=Audit Success\nMessage=The handle to an object was closed.\n\nSubject :\n\tSecurity ID:\t\tCORP\\bsakamoto\n\tAccount Name:\t\tbsakamoto\n\tAccount Domain:\t\tCORP\n\tLogon ID:\t\t0xB87FF2\n\nObject:\n\tObject Server:\t\tSecurity\n\tHandle ID:\t\t0x1d20\n\nProcess Information:\n\tProcess ID:\t\t0x778\n\tProcess Name:\t\tC:\\Windows\\explorer.exe",
        "_serial": "214920",
        "_si": [
          "index01",
          "main"
        ],
        "_time": "2018-11-03 21:55:46.000 UTC",
        "host": "t1-corp-employee-01",
        "index": "main",
        "linecount": "26",
        "source": "WinEventLog:Security",
        "sourcetype": "WinEventLog",
        "splunk_server": "index01"
      },
      {
        "Message": "A handle to an object was requested.\n\nSubject:\n\tSecurity ID:\t\tCORP\\bsakamoto\n\tAccount Name:\t\tbsakamoto\n\tAccount Domain:\t\tCORP\n\tLogon ID:\t\t0xB87FF2\n\nObject:\n\tObject Server:\t\tSecurity\n\tObject Type:\t\tFile\n\tObject Name:\t\t\\Device\\HarddiskVolume1\n\tHandle ID:\t\t0x1d20\n\tResource Attributes:\t-\n\nProcess Information:\n\tProcess ID:\t\t0x778\n\tProcess Name:\t\tC:\\Windows\\explorer.exe\n\nAccess Request Information:\n\tTransaction ID:\t\t{00000000-0000-0000-0000-000000000000}\n\tAccesses:\t\tSYNCHRONIZE\n\t\t\t\tReadAttributes\n\t\t\t\t\n\tAccess Reasons:\t\t-\n\tAccess Mask:\t\t0x100080\n\tPrivileges Used for Access Check:\t-\n\tRestricted SID Count:\t0",
        "_bkt": "main~47~309B8BB8-F45C-44CE-ABE5-EF8B9EC8A780",
        "_cd": "47:288995139",
        "_indextime": "1541282148",
        "_pre_msg": "11/03/2018 09:55:46 PM\nLogName=Security\nSourceName=Microsoft Windows security auditing.\nEventCode=4656\nEventType=0\nType=Information\nComputerName=employee-01.corp.wheelzapp.com\nTaskCategory=Removable Storage\nOpCode=Info\nRecordNumber=238695\nKeywords=Audit Success",
        "_raw": "11/03/2018 09:55:46 PM\nLogName=Security\nSourceName=Microsoft Windows security auditing.\nEventCode=4656\nEventType=0\nType=Information\nComputerName=employee-01.corp.wheelzapp.com\nTaskCategory=Removable Storage\nOpCode=Info\nRecordNumber=238695\nKeywords=Audit Success\nMessage=A handle to an object was requested.\n\nSubject:\n\tSecurity ID:\t\tCORP\\bsakamoto\n\tAccount Name:\t\tbsakamoto\n\tAccount Domain:\t\tCORP\n\tLogon ID:\t\t0xB87FF2\n\nObject:\n\tObject Server:\t\tSecurity\n\tObject Type:\t\tFile\n\tObject Name:\t\t\\Device\\HarddiskVolume1\n\tHandle ID:\t\t0x1d20\n\tResource Attributes:\t-\n\nProcess Information:\n\tProcess ID:\t\t0x778\n\tProcess Name:\t\tC:\\Windows\\explorer.exe\n\nAccess Request Information:\n\tTransaction ID:\t\t{00000000-0000-0000-0000-000000000000}\n\tAccesses:\t\tSYNCHRONIZE\n\t\t\t\tReadAttributes\n\t\t\t\t\n\tAccess Reasons:\t\t-\n\tAccess Mask:\t\t0x100080\n\tPrivileges Used for Access Check:\t-\n\tRestricted SID Count:\t0",
        "_serial": "214921",
        "_si": [
          "index01",
          "main"
        ],
        "_time": "2018-11-03 21:55:46.000 UTC",
        "host": "t1-corp-employee-01",
        "index": "main",
        "linecount": "39",
        "source": "WinEventLog:Security",
        "sourcetype": "WinEventLog",
        "splunk_server": "index01"
      },
      {
        "Message": "The handle to an object was closed.\n\nSubject :\n\tSecurity ID:\t\tCORP\\bsakamoto\n\tAccount Name:\t\tbsakamoto\n\tAccount Domain:\t\tCORP\n\tLogon ID:\t\t0xB87FF2\n\nObject:\n\tObject Server:\t\tSecurity\n\tHandle ID:\t\t0x111c\n\nProcess Information:\n\tProcess ID:\t\t0x778\n\tProcess Name:\t\tC:\\Windows\\explorer.exe",
        "_bkt": "main~47~309B8BB8-F45C-44CE-ABE5-EF8B9EC8A780",
        "_cd": "47:288995119",
        "_indextime": "1541282148",
        "_pre_msg": "11/03/2018 09:55:46 PM\nLogName=Security\nSourceName=Microsoft Windows security auditing.\nEventCode=4658\nEventType=0\nType=Information\nComputerName=employee-01.corp.wheelzapp.com\nTaskCategory=Removable Storage\nOpCode=Info\nRecordNumber=238694\nKeywords=Audit Success",
        "_raw": "11/03/2018 09:55:46 PM\nLogName=Security\nSourceName=Microsoft Windows security auditing.\nEventCode=4658\nEventType=0\nType=Information\nComputerName=employee-01.corp.wheelzapp.com\nTaskCategory=Removable Storage\nOpCode=Info\nRecordNumber=238694\nKeywords=Audit Success\nMessage=The handle to an object was closed.\n\nSubject :\n\tSecurity ID:\t\tCORP\\bsakamoto\n\tAccount Name:\t\tbsakamoto\n\tAccount Domain:\t\tCORP\n\tLogon ID:\t\t0xB87FF2\n\nObject:\n\tObject Server:\t\tSecurity\n\tHandle ID:\t\t0x111c\n\nProcess Information:\n\tProcess ID:\t\t0x778\n\tProcess Name:\t\tC:\\Windows\\explorer.exe",
        "_serial": "214922",
        "_si": [
          "index01",
          "main"
        ],
        "_time": "2018-11-03 21:55:46.000 UTC",
        "host": "t1-corp-employee-01",
        "index": "main",
        "linecount": "26",
        "source": "WinEventLog:Security",
        "sourcetype": "WinEventLog",
        "splunk_server": "index01"
      },
      {
        "Message": "An attempt was made to duplicate a handle to an object.\n\nSubject:\n\tSecurity ID:\t\tCORP\\bsakamoto\n\tAccount Name:\t\tbsakamoto\n\tAccount Domain:\t\tCORP\n\tLogon ID:\t\t0xB87FF2\n\nSource Handle Information:\n\tSource Handle ID:\t0x1d20\n\tSource Process ID:\t0x778\n\nNew Handle Information:\n\tTarget Handle ID:\t0x111c\n\tTarget Process ID:\t0x4",
        "_bkt": "main~47~309B8BB8-F45C-44CE-ABE5-EF8B9EC8A780",
        "_cd": "47:288995098",
        "_indextime": "1541282148",
        "_pre_msg": "11/03/2018 09:55:46 PM\nLogName=Security\nSourceName=Microsoft Windows security auditing.\nEventCode=4690\nEventType=0\nType=Information\nComputerName=employee-01.corp.wheelzapp.com\nTaskCategory=Handle Manipulation\nOpCode=Info\nRecordNumber=238693\nKeywords=Audit Success",
