        "_raw": "11/03/2018 09:51:48 PM\nLogName=Security\nSourceName=Microsoft Windows security auditing.\nEventCode=4674\nEventType=0\nType=Information\nComputerName=employee-00.corp.wheelzapp.com\nTaskCategory=Sensitive Privilege Use\nOpCode=Info\nRecordNumber=197366\nKeywords=Audit Success\nMessage=An operation was attempted on a privileged object.\n\nSubject:\n\tSecurity ID:\t\tCORP\\bsakamoto\n\tAccount Name:\t\tbsakamoto\n\tAccount Domain:\t\tCORP\n\tLogon ID:\t\t0xADCEE5\n\nObject:\n\tObject Server:\tSecurity\n\tObject Type:\tFile\n\tObject Name:\tC:\\Windows\\System32\n\tObject Handle:\t0x360\n\nProcess Information:\n\tProcess ID:\t0x868\n\tProcess Name:\tC:\\Windows\\System32\\wbem\\WmiPrvSE.exe\n\nRequested Operation:\n\tDesired Access:\tSYNCHRONIZE\n\t\t\t\tReadData (or ListDirectory)\n\t\t\t\t\n\tPrivileges:\t\tSeBackupPrivilege",
        "_serial": "227195",
        "_si": [
          "index01",
          "main"
        ],
        "_time": "2018-11-03 21:51:48.000 UTC",
        "host": "t1-corp-employee-00",
        "index": "main",
        "linecount": "34",
        "source": "WinEventLog:Security",
        "sourcetype": "WinEventLog",
        "splunk_server": "index01"
      },
      {
        "Message": "An operation was attempted on a privileged object.\n\nSubject:\n\tSecurity ID:\t\tCORP\\bsakamoto\n\tAccount Name:\t\tbsakamoto\n\tAccount Domain:\t\tCORP\n\tLogon ID:\t\t0xADCEE5\n\nObject:\n\tObject Server:\tSecurity\n\tObject Type:\t-\n\tObject Name:\t-\n\tObject Handle:\t0x360\n\nProcess Information:\n\tProcess ID:\t0x868\n\tProcess Name:\tC:\\Windows\\System32\\wbem\\WmiPrvSE.exe\n\nRequested Operation:\n\tDesired Access:\t1048577\n\tPrivileges:\t\tSeBackupPrivilege",
        "_bkt": "main~47~309B8BB8-F45C-44CE-ABE5-EF8B9EC8A780",
        "_cd": "47:248169119",
        "_indextime": "1541281909",
        "_pre_msg": "11/03/2018 09:51:48 PM\nLogName=Security\nSourceName=Microsoft Windows security auditing.\nEventCode=4674\nEventType=0\nType=Information\nComputerName=employee-00.corp.wheelzapp.com\nTaskCategory=Sensitive Privilege Use\nOpCode=Info\nRecordNumber=197365\nKeywords=Audit Success",
        "_raw": "11/03/2018 09:51:48 PM\nLogName=Security\nSourceName=Microsoft Windows security auditing.\nEventCode=4674\nEventType=0\nType=Information\nComputerName=employee-00.corp.wheelzapp.com\nTaskCategory=Sensitive Privilege Use\nOpCode=Info\nRecordNumber=197365\nKeywords=Audit Success\nMessage=An operation was attempted on a privileged object.\n\nSubject:\n\tSecurity ID:\t\tCORP\\bsakamoto\n\tAccount Name:\t\tbsakamoto\n\tAccount Domain:\t\tCORP\n\tLogon ID:\t\t0xADCEE5\n\nObject:\n\tObject Server:\tSecurity\n\tObject Type:\t-\n\tObject Name:\t-\n\tObject Handle:\t0x360\n\nProcess Information:\n\tProcess ID:\t0x868\n\tProcess Name:\tC:\\Windows\\System32\\wbem\\WmiPrvSE.exe\n\nRequested Operation:\n\tDesired Access:\t1048577\n\tPrivileges:\t\tSeBackupPrivilege",
        "_serial": "227196",
        "_si": [
          "index01",
          "main"
        ],
        "_time": "2018-11-03 21:51:48.000 UTC",
        "host": "t1-corp-employee-00",
        "index": "main",
        "linecount": "32",
        "source": "WinEventLog:Security",
        "sourcetype": "WinEventLog",
        "splunk_server": "index01"
      },
      {
        "Message": "An operation was attempted on a privileged object.\n\nSubject:\n\tSecurity ID:\t\tCORP\\bsakamoto\n\tAccount Name:\t\tbsakamoto\n\tAccount Domain:\t\tCORP\n\tLogon ID:\t\t0xADCEE5\n\nObject:\n\tObject Server:\tSecurity\n\tObject Type:\tFile\n\tObject Name:\tC:\\Windows\\System32\n\tObject Handle:\t0x360\n\nProcess Information:\n\tProcess ID:\t0x868\n\tProcess Name:\tC:\\Windows\\System32\\wbem\\WmiPrvSE.exe\n\nRequested Operation:\n\tDesired Access:\tSYNCHRONIZE\n\t\t\t\tReadData (or ListDirectory)\n\t\t\t\t\n\tPrivileges:\t\tSeBackupPrivilege",
        "_bkt": "main~47~309B8BB8-F45C-44CE-ABE5-EF8B9EC8A780",
        "_cd": "47:248169092",
        "_indextime": "1541281909",
        "_pre_msg": "11/03/2018 09:51:48 PM\nLogName=Security\nSourceName=Microsoft Windows security auditing.\nEventCode=4674\nEventType=0\nType=Information\nComputerName=employee-00.corp.wheelzapp.com\nTaskCategory=Sensitive Privilege Use\nOpCode=Info\nRecordNumber=197364\nKeywords=Audit Success",
        "_raw": "11/03/2018 09:51:48 PM\nLogName=Security\nSourceName=Microsoft Windows security auditing.\nEventCode=4674\nEventType=0\nType=Information\nComputerName=employee-00.corp.wheelzapp.com\nTaskCategory=Sensitive Privilege Use\nOpCode=Info\nRecordNumber=197364\nKeywords=Audit Success\nMessage=An operation was attempted on a privileged object.\n\nSubject:\n\tSecurity ID:\t\tCORP\\bsakamoto\n\tAccount Name:\t\tbsakamoto\n\tAccount Domain:\t\tCORP\n\tLogon ID:\t\t0xADCEE5\n\nObject:\n\tObject Server:\tSecurity\n\tObject Type:\tFile\n\tObject Name:\tC:\\Windows\\System32\n\tObject Handle:\t0x360\n\nProcess Information:\n\tProcess ID:\t0x868\n\tProcess Name:\tC:\\Windows\\System32\\wbem\\WmiPrvSE.exe\n\nRequested Operation:\n\tDesired Access:\tSYNCHRONIZE\n\t\t\t\tReadData (or ListDirectory)\n\t\t\t\t\n\tPrivileges:\t\tSeBackupPrivilege",
        "_serial": "227197",
        "_si": [
          "index01",
          "main"
        ],
        "_time": "2018-11-03 21:51:48.000 UTC",
        "host": "t1-corp-employee-00",
        "index": "main",
        "linecount": "34",
        "source": "WinEventLog:Security",
        "sourcetype": "WinEventLog",
        "splunk_server": "index01"
      },
      {
        "Message": "A token right was adjusted.\n\nSubject:\n\tSecurity ID:\t\tNT AUTHORITY\\SYSTEM\n\tAccount Name:\t\tEMPLOYEE-00$\n\tAccount Domain:\t\tCORP\n\tLogon ID:\t\t0x3E7\n\nTarget Account:\n\tSecurity ID:\t\tNULL SID\n\tAccount Name:\t\tEMPLOYEE-00$\n\tAccount Domain:\t\tCORP\n\tLogon ID:\t\t0x3E7\n\nProcess Information:\n\tProcess ID:\t\t0x468\n\tProcess Name:\t\tC:\\Windows\\System32\\svchost.exe\n\nEnabled Privileges:\n\t\t\tSeAssignPrimaryTokenPrivilege\n\t\t\tSeIncreaseQuotaPrivilege\n\t\t\tSeSecurityPrivilege\n\t\t\tSeTakeOwnershipPrivilege\n\t\t\tSeLoadDriverPrivilege\n\t\t\tSeSystemtimePrivilege\n\t\t\tSeBackupPrivilege\n\t\t\tSeRestorePrivilege\n\t\t\tSeShutdownPrivilege\n\t\t\tSeSystemEnvironmentPrivilege\n\t\t\tSeUndockPrivilege\n\t\t\tSeManageVolumePrivilege\n\nDisabled Privileges:\n\t\t\t-",
        "_bkt": "main~47~309B8BB8-F45C-44CE-ABE5-EF8B9EC8A780",
        "_cd": "47:248169058",
        "_indextime": "1541281909",
        "_pre_msg": "11/03/2018 09:51:48 PM\nLogName=Security\nSourceName=Microsoft Windows security auditing.\nEventCode=4703\nEventType=0\nType=Information\nComputerName=employee-00.corp.wheelzapp.com\nTaskCategory=Token Right Adjusted Events\nOpCode=Info\nRecordNumber=197363\nKeywords=Audit Success",
        "_raw": "11/03/2018 09:51:48 PM\nLogName=Security\nSourceName=Microsoft Windows security auditing.\nEventCode=4703\nEventType=0\nType=Information\nComputerName=employee-00.corp.wheelzapp.com\nTaskCategory=Token Right Adjusted Events\nOpCode=Info\nRecordNumber=197363\nKeywords=Audit Success\nMessage=A token right was adjusted.\n\nSubject:\n\tSecurity ID:\t\tNT AUTHORITY\\SYSTEM\n\tAccount Name:\t\tEMPLOYEE-00$\n\tAccount Domain:\t\tCORP\n\tLogon ID:\t\t0x3E7\n\nTarget Account:\n\tSecurity ID:\t\tNULL SID\n\tAccount Name:\t\tEMPLOYEE-00$\n\tAccount Domain:\t\tCORP\n\tLogon ID:\t\t0x3E7\n\nProcess Information:\n\tProcess ID:\t\t0x468\n\tProcess Name:\t\tC:\\Windows\\System32\\svchost.exe\n\nEnabled Privileges:\n\t\t\tSeAssignPrimaryTokenPrivilege\n\t\t\tSeIncreaseQuotaPrivilege\n\t\t\tSeSecurityPrivilege\n\t\t\tSeTakeOwnershipPrivilege\n\t\t\tSeLoadDriverPrivilege\n\t\t\tSeSystemtimePrivilege\n\t\t\tSeBackupPrivilege\n\t\t\tSeRestorePrivilege\n\t\t\tSeShutdownPrivilege\n\t\t\tSeSystemEnvironmentPrivilege\n\t\t\tSeUndockPrivilege\n\t\t\tSeManageVolumePrivilege\n\nDisabled Privileges:\n\t\t\t-",
        "_serial": "227198",
        "_si": [
          "index01",
          "main"
        ],
        "_time": "2018-11-03 21:51:48.000 UTC",
        "host": "t1-corp-employee-00",
        "index": "main",
        "linecount": "45",
        "source": "WinEventLog:Security",
        "sourcetype": "WinEventLog",
        "splunk_server": "index01"
      },
      {
        "Message": "A token right was adjusted.\n\nSubject:\n\tSecurity ID:\t\tNT AUTHORITY\\SYSTEM\n\tAccount Name:\t\tEMPLOYEE-00$\n\tAccount Domain:\t\tCORP\n\tLogon ID:\t\t0x3E7\n\nTarget Account:\n\tSecurity ID:\t\tNULL SID\n\tAccount Name:\t\tEMPLOYEE-00$\n\tAccount Domain:\t\tCORP\n\tLogon ID:\t\t0x3E7\n\nProcess Information:\n\tProcess ID:\t\t0x468\n\tProcess Name:\t\tC:\\Windows\\System32\\svchost.exe\n\nEnabled Privileges:\n\t\t\tSeAssignPrimaryTokenPrivilege\n\t\t\tSeIncreaseQuotaPrivilege\n\t\t\tSeSecurityPrivilege\n\t\t\tSeTakeOwnershipPrivilege\n\t\t\tSeLoadDriverPrivilege\n\t\t\tSeSystemtimePrivilege\n\t\t\tSeBackupPrivilege\n\t\t\tSeRestorePrivilege\n\t\t\tSeShutdownPrivilege\n\t\t\tSeSystemEnvironmentPrivilege\n\t\t\tSeUndockPrivilege\n\t\t\tSeManageVolumePrivilege\n\nDisabled Privileges:\n\t\t\t-",
        "_bkt": "main~47~309B8BB8-F45C-44CE-ABE5-EF8B9EC8A780",
        "_cd": "47:248169024",
        "_indextime": "1541281909",
        "_pre_msg": "11/03/2018 09:51:48 PM\nLogName=Security\nSourceName=Microsoft Windows security auditing.\nEventCode=4703\nEventType=0\nType=Information\nComputerName=employee-00.corp.wheelzapp.com\nTaskCategory=Token Right Adjusted Events\nOpCode=Info\nRecordNumber=197362\nKeywords=Audit Success",
        "_raw": "11/03/2018 09:51:48 PM\nLogName=Security\nSourceName=Microsoft Windows security auditing.\nEventCode=4703\nEventType=0\nType=Information\nComputerName=employee-00.corp.wheelzapp.com\nTaskCategory=Token Right Adjusted Events\nOpCode=Info\nRecordNumber=197362\nKeywords=Audit Success\nMessage=A token right was adjusted.\n\nSubject:\n\tSecurity ID:\t\tNT AUTHORITY\\SYSTEM\n\tAccount Name:\t\tEMPLOYEE-00$\n\tAccount Domain:\t\tCORP\n\tLogon ID:\t\t0x3E7\n\nTarget Account:\n\tSecurity ID:\t\tNULL SID\n\tAccount Name:\t\tEMPLOYEE-00$\n\tAccount Domain:\t\tCORP\n\tLogon ID:\t\t0x3E7\n\nProcess Information:\n\tProcess ID:\t\t0x468\n\tProcess Name:\t\tC:\\Windows\\System32\\svchost.exe\n\nEnabled Privileges:\n\t\t\tSeAssignPrimaryTokenPrivilege\n\t\t\tSeIncreaseQuotaPrivilege\n\t\t\tSeSecurityPrivilege\n\t\t\tSeTakeOwnershipPrivilege\n\t\t\tSeLoadDriverPrivilege\n\t\t\tSeSystemtimePrivilege\n\t\t\tSeBackupPrivilege\n\t\t\tSeRestorePrivilege\n\t\t\tSeShutdownPrivilege\n\t\t\tSeSystemEnvironmentPrivilege\n\t\t\tSeUndockPrivilege\n\t\t\tSeManageVolumePrivilege\n\nDisabled Privileges:\n\t\t\t-",
        "_serial": "227199",
        "_si": [
          "index01",
          "main"
        ],
        "_time": "2018-11-03 21:51:48.000 UTC",
        "host": "t1-corp-employee-00",
        "index": "main",
        "linecount": "45",
        "source": "WinEventLog:Security",
        "sourcetype": "WinEventLog",
        "splunk_server": "index01"
      },
      {
        "Message": "An operation was attempted on a privileged object.\n\nSubject:\n\tSecurity ID:\t\tCORP\\bsakamoto\n\tAccount Name:\t\tbsakamoto\n\tAccount Domain:\t\tCORP\n\tLogon ID:\t\t0xADCEE5\n\nObject:\n\tObject Server:\tSecurity\n\tObject Type:\t-\n\tObject Name:\t-\n\tObject Handle:\t0x360\n\nProcess Information:\n\tProcess ID:\t0x868\n\tProcess Name:\tC:\\Windows\\System32\\wbem\\WmiPrvSE.exe\n\nRequested Operation:\n\tDesired Access:\t1048577\n\tPrivileges:\t\tSeBackupPrivilege",
        "_bkt": "main~47~309B8BB8-F45C-44CE-ABE5-EF8B9EC8A780",
        "_cd": "47:248169000",
        "_indextime": "1541281909",
        "_pre_msg": "11/03/2018 09:51:48 PM\nLogName=Security\nSourceName=Microsoft Windows security auditing.\nEventCode=4674\nEventType=0\nType=Information\nComputerName=employee-00.corp.wheelzapp.com\nTaskCategory=Sensitive Privilege Use\nOpCode=Info\nRecordNumber=197361\nKeywords=Audit Success",
        "_raw": "11/03/2018 09:51:48 PM\nLogName=Security\nSourceName=Microsoft Windows security auditing.\nEventCode=4674\nEventType=0\nType=Information\nComputerName=employee-00.corp.wheelzapp.com\nTaskCategory=Sensitive Privilege Use\nOpCode=Info\nRecordNumber=197361\nKeywords=Audit Success\nMessage=An operation was attempted on a privileged object.\n\nSubject:\n\tSecurity ID:\t\tCORP\\bsakamoto\n\tAccount Name:\t\tbsakamoto\n\tAccount Domain:\t\tCORP\n\tLogon ID:\t\t0xADCEE5\n\nObject:\n\tObject Server:\tSecurity\n\tObject Type:\t-\n\tObject Name:\t-\n\tObject Handle:\t0x360\n\nProcess Information:\n\tProcess ID:\t0x868\n\tProcess Name:\tC:\\Windows\\System32\\wbem\\WmiPrvSE.exe\n\nRequested Operation:\n\tDesired Access:\t1048577\n\tPrivileges:\t\tSeBackupPrivilege",
        "_serial": "227200",
        "_si": [
          "index01",
          "main"
        ],
        "_time": "2018-11-03 21:51:48.000 UTC",
        "host": "t1-corp-employee-00",
        "index": "main",
        "linecount": "32",
        "source": "WinEventLog:Security",
        "sourcetype": "WinEventLog",
        "splunk_server": "index01"
      },
      {
        "Message": "An operation was attempted on a privileged object.\n\nSubject:\n\tSecurity ID:\t\tCORP\\bsakamoto\n\tAccount Name:\t\tbsakamoto\n\tAccount Domain:\t\tCORP\n\tLogon ID:\t\t0xADCEE5\n\nObject:\n\tObject Server:\tSecurity\n\tObject Type:\tFile\n\tObject Name:\tC:\\Windows\\System32\n\tObject Handle:\t0x360\n\nProcess Information:\n\tProcess ID:\t0x868\n\tProcess Name:\tC:\\Windows\\System32\\wbem\\WmiPrvSE.exe\n\nRequested Operation:\n\tDesired Access:\tSYNCHRONIZE\n\t\t\t\tReadData (or ListDirectory)\n\t\t\t\t\n\tPrivileges:\t\tSeBackupPrivilege",
        "_bkt": "main~47~309B8BB8-F45C-44CE-ABE5-EF8B9EC8A780",
        "_cd": "47:248168973",
        "_indextime": "1541281909",
        "_pre_msg": "11/03/2018 09:51:48 PM\nLogName=Security\nSourceName=Microsoft Windows security auditing.\nEventCode=4674\nEventType=0\nType=Information\nComputerName=employee-00.corp.wheelzapp.com\nTaskCategory=Sensitive Privilege Use\nOpCode=Info\nRecordNumber=197360\nKeywords=Audit Success",
        "_raw": "11/03/2018 09:51:48 PM\nLogName=Security\nSourceName=Microsoft Windows security auditing.\nEventCode=4674\nEventType=0\nType=Information\nComputerName=employee-00.corp.wheelzapp.com\nTaskCategory=Sensitive Privilege Use\nOpCode=Info\nRecordNumber=197360\nKeywords=Audit Success\nMessage=An operation was attempted on a privileged object.\n\nSubject:\n\tSecurity ID:\t\tCORP\\bsakamoto\n\tAccount Name:\t\tbsakamoto\n\tAccount Domain:\t\tCORP\n\tLogon ID:\t\t0xADCEE5\n\nObject:\n\tObject Server:\tSecurity\n\tObject Type:\tFile\n\tObject Name:\tC:\\Windows\\System32\n\tObject Handle:\t0x360\n\nProcess Information:\n\tProcess ID:\t0x868\n\tProcess Name:\tC:\\Windows\\System32\\wbem\\WmiPrvSE.exe\n\nRequested Operation:\n\tDesired Access:\tSYNCHRONIZE\n\t\t\t\tReadData (or ListDirectory)\n\t\t\t\t\n\tPrivileges:\t\tSeBackupPrivilege",
        "_serial": "227201",
        "_si": [
          "index01",
          "main"
        ],
        "_time": "2018-11-03 21:51:48.000 UTC",
        "host": "t1-corp-employee-00",
        "index": "main",
        "linecount": "34",
        "source": "WinEventLog:Security",
        "sourcetype": "WinEventLog",
        "splunk_server": "index01"
      },
      {
        "Message": "An operation was attempted on a privileged object.\n\nSubject:\n\tSecurity ID:\t\tCORP\\bsakamoto\n\tAccount Name:\t\tbsakamoto\n\tAccount Domain:\t\tCORP\n\tLogon ID:\t\t0xADCEE5\n\nObject:\n\tObject Server:\tSecurity\n\tObject Type:\t-\n\tObject Name:\t-\n\tObject Handle:\t0x360\n\nProcess Information:\n\tProcess ID:\t0x868\n\tProcess Name:\tC:\\Windows\\System32\\wbem\\WmiPrvSE.exe\n\nRequested Operation:\n\tDesired Access:\t1048577\n\tPrivileges:\t\tSeBackupPrivilege",
        "_bkt": "main~47~309B8BB8-F45C-44CE-ABE5-EF8B9EC8A780",
        "_cd": "47:248168949",
        "_indextime": "1541281909",
        "_pre_msg": "11/03/2018 09:51:48 PM\nLogName=Security\nSourceName=Microsoft Windows security auditing.\nEventCode=4674\nEventType=0\nType=Information\nComputerName=employee-00.corp.wheelzapp.com\nTaskCategory=Sensitive Privilege Use\nOpCode=Info\nRecordNumber=197359\nKeywords=Audit Success",
        "_raw": "11/03/2018 09:51:48 PM\nLogName=Security\nSourceName=Microsoft Windows security auditing.\nEventCode=4674\nEventType=0\nType=Information\nComputerName=employee-00.corp.wheelzapp.com\nTaskCategory=Sensitive Privilege Use\nOpCode=Info\nRecordNumber=197359\nKeywords=Audit Success\nMessage=An operation was attempted on a privileged object.\n\nSubject:\n\tSecurity ID:\t\tCORP\\bsakamoto\n\tAccount Name:\t\tbsakamoto\n\tAccount Domain:\t\tCORP\n\tLogon ID:\t\t0xADCEE5\n\nObject:\n\tObject Server:\tSecurity\n\tObject Type:\t-\n\tObject Name:\t-\n\tObject Handle:\t0x360\n\nProcess Information:\n\tProcess ID:\t0x868\n\tProcess Name:\tC:\\Windows\\System32\\wbem\\WmiPrvSE.exe\n\nRequested Operation:\n\tDesired Access:\t1048577\n\tPrivileges:\t\tSeBackupPrivilege",
        "_serial": "227202",
        "_si": [
          "index01",
          "main"
        ],
        "_time": "2018-11-03 21:51:48.000 UTC",
        "host": "t1-corp-employee-00",
        "index": "main",
        "linecount": "32",
        "source": "WinEventLog:Security",
        "sourcetype": "WinEventLog",
        "splunk_server": "index01"
      },
      {
        "Message": "An operation was attempted on a privileged object.\n\nSubject:\n\tSecurity ID:\t\tCORP\\bsakamoto\n\tAccount Name:\t\tbsakamoto\n\tAccount Domain:\t\tCORP\n\tLogon ID:\t\t0xADCEE5\n\nObject:\n\tObject Server:\tSecurity\n\tObject Type:\tFile\n\tObject Name:\tC:\\Windows\\System32\n\tObject Handle:\t0x360\n\nProcess Information:\n\tProcess ID:\t0x868\n\tProcess Name:\tC:\\Windows\\System32\\wbem\\WmiPrvSE.exe\n\nRequested Operation:\n\tDesired Access:\tSYNCHRONIZE\n\t\t\t\tReadData (or ListDirectory)\n\t\t\t\t\n\tPrivileges:\t\tSeBackupPrivilege",
        "_bkt": "main~47~309B8BB8-F45C-44CE-ABE5-EF8B9EC8A780",
        "_cd": "47:248168922",
        "_indextime": "1541281909",
        "_pre_msg": "11/03/2018 09:51:48 PM\nLogName=Security\nSourceName=Microsoft Windows security auditing.\nEventCode=4674\nEventType=0\nType=Information\nComputerName=employee-00.corp.wheelzapp.com\nTaskCategory=Sensitive Privilege Use\nOpCode=Info\nRecordNumber=197358\nKeywords=Audit Success",
        "_raw": "11/03/2018 09:51:48 PM\nLogName=Security\nSourceName=Microsoft Windows security auditing.\nEventCode=4674\nEventType=0\nType=Information\nComputerName=employee-00.corp.wheelzapp.com\nTaskCategory=Sensitive Privilege Use\nOpCode=Info\nRecordNumber=197358\nKeywords=Audit Success\nMessage=An operation was attempted on a privileged object.\n\nSubject:\n\tSecurity ID:\t\tCORP\\bsakamoto\n\tAccount Name:\t\tbsakamoto\n\tAccount Domain:\t\tCORP\n\tLogon ID:\t\t0xADCEE5\n\nObject:\n\tObject Server:\tSecurity\n\tObject Type:\tFile\n\tObject Name:\tC:\\Windows\\System32\n\tObject Handle:\t0x360\n\nProcess Information:\n\tProcess ID:\t0x868\n\tProcess Name:\tC:\\Windows\\System32\\wbem\\WmiPrvSE.exe\n\nRequested Operation:\n\tDesired Access:\tSYNCHRONIZE\n\t\t\t\tReadData (or ListDirectory)\n\t\t\t\t\n\tPrivileges:\t\tSeBackupPrivilege",
        "_serial": "227203",
        "_si": [
          "index01",
          "main"
        ],
        "_time": "2018-11-03 21:51:48.000 UTC",
        "host": "t1-corp-employee-00",
        "index": "main",
        "linecount": "34",
        "source": "WinEventLog:Security",
        "sourcetype": "WinEventLog",
        "splunk_server": "index01"
      },
      {
        "Message": "A token right was adjusted.\n\nSubject:\n\tSecurity ID:\t\tNT AUTHORITY\\SYSTEM\n\tAccount Name:\t\tEMPLOYEE-00$\n\tAccount Domain:\t\tCORP\n\tLogon ID:\t\t0x3E7\n\nTarget Account:\n\tSecurity ID:\t\tNULL SID\n\tAccount Name:\t\tEMPLOYEE-00$\n\tAccount Domain:\t\tCORP\n\tLogon ID:\t\t0x3E7\n\nProcess Information:\n\tProcess ID:\t\t0x468\n\tProcess Name:\t\tC:\\Windows\\System32\\svchost.exe\n\nEnabled Privileges:\n\t\t\tSeAssignPrimaryTokenPrivilege\n\t\t\tSeIncreaseQuotaPrivilege\n\t\t\tSeSecurityPrivilege\n\t\t\tSeTakeOwnershipPrivilege\n\t\t\tSeLoadDriverPrivilege\n\t\t\tSeSystemtimePrivilege\n\t\t\tSeBackupPrivilege\n\t\t\tSeRestorePrivilege\n\t\t\tSeShutdownPrivilege\n\t\t\tSeSystemEnvironmentPrivilege\n\t\t\tSeUndockPrivilege\n\t\t\tSeManageVolumePrivilege\n\nDisabled Privileges:\n\t\t\t-",
        "_bkt": "main~47~309B8BB8-F45C-44CE-ABE5-EF8B9EC8A780",
        "_cd": "47:248168888",
        "_indextime": "1541281909",
        "_pre_msg": "11/03/2018 09:51:48 PM\nLogName=Security\nSourceName=Microsoft Windows security auditing.\nEventCode=4703\nEventType=0\nType=Information\nComputerName=employee-00.corp.wheelzapp.com\nTaskCategory=Token Right Adjusted Events\nOpCode=Info\nRecordNumber=197357\nKeywords=Audit Success",
        "_raw": "11/03/2018 09:51:48 PM\nLogName=Security\nSourceName=Microsoft Windows security auditing.\nEventCode=4703\nEventType=0\nType=Information\nComputerName=employee-00.corp.wheelzapp.com\nTaskCategory=Token Right Adjusted Events\nOpCode=Info\nRecordNumber=197357\nKeywords=Audit Success\nMessage=A token right was adjusted.\n\nSubject:\n\tSecurity ID:\t\tNT AUTHORITY\\SYSTEM\n\tAccount Name:\t\tEMPLOYEE-00$\n\tAccount Domain:\t\tCORP\n\tLogon ID:\t\t0x3E7\n\nTarget Account:\n\tSecurity ID:\t\tNULL SID\n\tAccount Name:\t\tEMPLOYEE-00$\n\tAccount Domain:\t\tCORP\n\tLogon ID:\t\t0x3E7\n\nProcess Information:\n\tProcess ID:\t\t0x468\n\tProcess Name:\t\tC:\\Windows\\System32\\svchost.exe\n\nEnabled Privileges:\n\t\t\tSeAssignPrimaryTokenPrivilege\n\t\t\tSeIncreaseQuotaPrivilege\n\t\t\tSeSecurityPrivilege\n\t\t\tSeTakeOwnershipPrivilege\n\t\t\tSeLoadDriverPrivilege\n\t\t\tSeSystemtimePrivilege\n\t\t\tSeBackupPrivilege\n\t\t\tSeRestorePrivilege\n\t\t\tSeShutdownPrivilege\n\t\t\tSeSystemEnvironmentPrivilege\n\t\t\tSeUndockPrivilege\n\t\t\tSeManageVolumePrivilege\n\nDisabled Privileges:\n\t\t\t-",
        "_serial": "227204",
        "_si": [
          "index01",
          "main"
        ],
        "_time": "2018-11-03 21:51:48.000 UTC",
        "host": "t1-corp-employee-00",
        "index": "main",
        "linecount": "45",
        "source": "WinEventLog:Security",
        "sourcetype": "WinEventLog",
        "splunk_server": "index01"
      },
      {
        "Message": "An operation was attempted on a privileged object.\n\nSubject:\n\tSecurity ID:\t\tCORP\\bsakamoto\n\tAccount Name:\t\tbsakamoto\n\tAccount Domain:\t\tCORP\n\tLogon ID:\t\t0xADCEE5\n\nObject:\n\tObject Server:\tSecurity\n\tObject Type:\t-\n\tObject Name:\t-\n\tObject Handle:\t0x360\n\nProcess Information:\n\tProcess ID:\t0x868\n\tProcess Name:\tC:\\Windows\\System32\\wbem\\WmiPrvSE.exe\n\nRequested Operation:\n\tDesired Access:\t1048577\n\tPrivileges:\t\tSeBackupPrivilege",
        "_bkt": "main~47~309B8BB8-F45C-44CE-ABE5-EF8B9EC8A780",
        "_cd": "47:248168864",
        "_indextime": "1541281909",
        "_pre_msg": "11/03/2018 09:51:48 PM\nLogName=Security\nSourceName=Microsoft Windows security auditing.\nEventCode=4674\nEventType=0\nType=Information\nComputerName=employee-00.corp.wheelzapp.com\nTaskCategory=Sensitive Privilege Use\nOpCode=Info\nRecordNumber=197356\nKeywords=Audit Success",
        "_raw": "11/03/2018 09:51:48 PM\nLogName=Security\nSourceName=Microsoft Windows security auditing.\nEventCode=4674\nEventType=0\nType=Information\nComputerName=employee-00.corp.wheelzapp.com\nTaskCategory=Sensitive Privilege Use\nOpCode=Info\nRecordNumber=197356\nKeywords=Audit Success\nMessage=An operation was attempted on a privileged object.\n\nSubject:\n\tSecurity ID:\t\tCORP\\bsakamoto\n\tAccount Name:\t\tbsakamoto\n\tAccount Domain:\t\tCORP\n\tLogon ID:\t\t0xADCEE5\n\nObject:\n\tObject Server:\tSecurity\n\tObject Type:\t-\n\tObject Name:\t-\n\tObject Handle:\t0x360\n\nProcess Information:\n\tProcess ID:\t0x868\n\tProcess Name:\tC:\\Windows\\System32\\wbem\\WmiPrvSE.exe\n\nRequested Operation:\n\tDesired Access:\t1048577\n\tPrivileges:\t\tSeBackupPrivilege",
        "_serial": "227205",
        "_si": [
          "index01",
          "main"
        ],
        "_time": "2018-11-03 21:51:48.000 UTC",
        "host": "t1-corp-employee-00",
        "index": "main",
        "linecount": "32",
        "source": "WinEventLog:Security",
        "sourcetype": "WinEventLog",
        "splunk_server": "index01"
      },
      {
        "Message": "An operation was attempted on a privileged object.\n\nSubject:\n\tSecurity ID:\t\tCORP\\bsakamoto\n\tAccount Name:\t\tbsakamoto\n\tAccount Domain:\t\tCORP\n\tLogon ID:\t\t0xADCEE5\n\nObject:\n\tObject Server:\tSecurity\n\tObject Type:\tFile\n\tObject Name:\tC:\\Windows\\System32\n\tObject Handle:\t0x360\n\nProcess Information:\n\tProcess ID:\t0x868\n\tProcess Name:\tC:\\Windows\\System32\\wbem\\WmiPrvSE.exe\n\nRequested Operation:\n\tDesired Access:\tSYNCHRONIZE\n\t\t\t\tReadData (or ListDirectory)\n\t\t\t\t\n\tPrivileges:\t\tSeBackupPrivilege",
        "_bkt": "main~47~309B8BB8-F45C-44CE-ABE5-EF8B9EC8A780",
        "_cd": "47:248168837",
        "_indextime": "1541281909",
        "_pre_msg": "11/03/2018 09:51:48 PM\nLogName=Security\nSourceName=Microsoft Windows security auditing.\nEventCode=4674\nEventType=0\nType=Information\nComputerName=employee-00.corp.wheelzapp.com\nTaskCategory=Sensitive Privilege Use\nOpCode=Info\nRecordNumber=197355\nKeywords=Audit Success",
        "_raw": "11/03/2018 09:51:48 PM\nLogName=Security\nSourceName=Microsoft Windows security auditing.\nEventCode=4674\nEventType=0\nType=Information\nComputerName=employee-00.corp.wheelzapp.com\nTaskCategory=Sensitive Privilege Use\nOpCode=Info\nRecordNumber=197355\nKeywords=Audit Success\nMessage=An operation was attempted on a privileged object.\n\nSubject:\n\tSecurity ID:\t\tCORP\\bsakamoto\n\tAccount Name:\t\tbsakamoto\n\tAccount Domain:\t\tCORP\n\tLogon ID:\t\t0xADCEE5\n\nObject:\n\tObject Server:\tSecurity\n\tObject Type:\tFile\n\tObject Name:\tC:\\Windows\\System32\n\tObject Handle:\t0x360\n\nProcess Information:\n\tProcess ID:\t0x868\n\tProcess Name:\tC:\\Windows\\System32\\wbem\\WmiPrvSE.exe\n\nRequested Operation:\n\tDesired Access:\tSYNCHRONIZE\n\t\t\t\tReadData (or ListDirectory)\n\t\t\t\t\n\tPrivileges:\t\tSeBackupPrivilege",
        "_serial": "227206",
        "_si": [
          "index01",
          "main"
        ],
        "_time": "2018-11-03 21:51:48.000 UTC",
        "host": "t1-corp-employee-00",
        "index": "main",
        "linecount": "34",
        "source": "WinEventLog:Security",
        "sourcetype": "WinEventLog",
        "splunk_server": "index01"
      },
      {
        "Message": "An operation was attempted on a privileged object.\n\nSubject:\n\tSecurity ID:\t\tCORP\\bsakamoto\n\tAccount Name:\t\tbsakamoto\n\tAccount Domain:\t\tCORP\n\tLogon ID:\t\t0xADCEE5\n\nObject:\n\tObject Server:\tSecurity\n\tObject Type:\t-\n\tObject Name:\t-\n\tObject Handle:\t0x360\n\nProcess Information:\n\tProcess ID:\t0x868\n\tProcess Name:\tC:\\Windows\\System32\\wbem\\WmiPrvSE.exe\n\nRequested Operation:\n\tDesired Access:\t1048577\n\tPrivileges:\t\tSeBackupPrivilege",
        "_bkt": "main~47~309B8BB8-F45C-44CE-ABE5-EF8B9EC8A780",
        "_cd": "47:248168813",
        "_indextime": "1541281909",
        "_pre_msg": "11/03/2018 09:51:48 PM\nLogName=Security\nSourceName=Microsoft Windows security auditing.\nEventCode=4674\nEventType=0\nType=Information\nComputerName=employee-00.corp.wheelzapp.com\nTaskCategory=Sensitive Privilege Use\nOpCode=Info\nRecordNumber=197354\nKeywords=Audit Success",
        "_raw": "11/03/2018 09:51:48 PM\nLogName=Security\nSourceName=Microsoft Windows security auditing.\nEventCode=4674\nEventType=0\nType=Information\nComputerName=employee-00.corp.wheelzapp.com\nTaskCategory=Sensitive Privilege Use\nOpCode=Info\nRecordNumber=197354\nKeywords=Audit Success\nMessage=An operation was attempted on a privileged object.\n\nSubject:\n\tSecurity ID:\t\tCORP\\bsakamoto\n\tAccount Name:\t\tbsakamoto\n\tAccount Domain:\t\tCORP\n\tLogon ID:\t\t0xADCEE5\n\nObject:\n\tObject Server:\tSecurity\n\tObject Type:\t-\n\tObject Name:\t-\n\tObject Handle:\t0x360\n\nProcess Information:\n\tProcess ID:\t0x868\n\tProcess Name:\tC:\\Windows\\System32\\wbem\\WmiPrvSE.exe\n\nRequested Operation:\n\tDesired Access:\t1048577\n\tPrivileges:\t\tSeBackupPrivilege",
        "_serial": "227207",
        "_si": [
          "index01",
          "main"
        ],
        "_time": "2018-11-03 21:51:48.000 UTC",
        "host": "t1-corp-employee-00",
        "index": "main",
        "linecount": "32",
        "source": "WinEventLog:Security",
        "sourcetype": "WinEventLog",
        "splunk_server": "index01"
      },
      {
        "Message": "An operation was attempted on a privileged object.\n\nSubject:\n\tSecurity ID:\t\tCORP\\bsakamoto\n\tAccount Name:\t\tbsakamoto\n\tAccount Domain:\t\tCORP\n\tLogon ID:\t\t0xADCEE5\n\nObject:\n\tObject Server:\tSecurity\n\tObject Type:\tFile\n\tObject Name:\tC:\\Windows\\System32\n\tObject Handle:\t0x360\n\nProcess Information:\n\tProcess ID:\t0x868\n\tProcess Name:\tC:\\Windows\\System32\\wbem\\WmiPrvSE.exe\n\nRequested Operation:\n\tDesired Access:\tSYNCHRONIZE\n\t\t\t\tReadData (or ListDirectory)\n\t\t\t\t\n\tPrivileges:\t\tSeBackupPrivilege",
        "_bkt": "main~47~309B8BB8-F45C-44CE-ABE5-EF8B9EC8A780",
        "_cd": "47:248168786",
        "_indextime": "1541281909",
        "_pre_msg": "11/03/2018 09:51:48 PM\nLogName=Security\nSourceName=Microsoft Windows security auditing.\nEventCode=4674\nEventType=0\nType=Information\nComputerName=employee-00.corp.wheelzapp.com\nTaskCategory=Sensitive Privilege Use\nOpCode=Info\nRecordNumber=197353\nKeywords=Audit Success",
        "_raw": "11/03/2018 09:51:48 PM\nLogName=Security\nSourceName=Microsoft Windows security auditing.\nEventCode=4674\nEventType=0\nType=Information\nComputerName=employee-00.corp.wheelzapp.com\nTaskCategory=Sensitive Privilege Use\nOpCode=Info\nRecordNumber=197353\nKeywords=Audit Success\nMessage=An operation was attempted on a privileged object.\n\nSubject:\n\tSecurity ID:\t\tCORP\\bsakamoto\n\tAccount Name:\t\tbsakamoto\n\tAccount Domain:\t\tCORP\n\tLogon ID:\t\t0xADCEE5\n\nObject:\n\tObject Server:\tSecurity\n\tObject Type:\tFile\n\tObject Name:\tC:\\Windows\\System32\n\tObject Handle:\t0x360\n\nProcess Information:\n\tProcess ID:\t0x868\n\tProcess Name:\tC:\\Windows\\System32\\wbem\\WmiPrvSE.exe\n\nRequested Operation:\n\tDesired Access:\tSYNCHRONIZE\n\t\t\t\tReadData (or ListDirectory)\n\t\t\t\t\n\tPrivileges:\t\tSeBackupPrivilege",
        "_serial": "227208",
        "_si": [
          "index01",
          "main"
        ],
        "_time": "2018-11-03 21:51:48.000 UTC",
        "host": "t1-corp-employee-00",
        "index": "main",
        "linecount": "34",
        "source": "WinEventLog:Security",
        "sourcetype": "WinEventLog",
        "splunk_server": "index01"
      },
      {
        "Message": "An operation was attempted on a privileged object.\n\nSubject:\n\tSecurity ID:\t\tCORP\\bsakamoto\n\tAccount Name:\t\tbsakamoto\n\tAccount Domain:\t\tCORP\n\tLogon ID:\t\t0xADCEE5\n\nObject:\n\tObject Server:\tSecurity\n\tObject Type:\t-\n\tObject Name:\t-\n\tObject Handle:\t0x360\n\nProcess Information:\n\tProcess ID:\t0x868\n\tProcess Name:\tC:\\Windows\\System32\\wbem\\WmiPrvSE.exe\n\nRequested Operation:\n\tDesired Access:\t1048577\n\tPrivileges:\t\tSeBackupPrivilege",
        "_bkt": "main~47~309B8BB8-F45C-44CE-ABE5-EF8B9EC8A780",
        "_cd": "47:248168762",
        "_indextime": "1541281909",
        "_pre_msg": "11/03/2018 09:51:48 PM\nLogName=Security\nSourceName=Microsoft Windows security auditing.\nEventCode=4674\nEventType=0\nType=Information\nComputerName=employee-00.corp.wheelzapp.com\nTaskCategory=Sensitive Privilege Use\nOpCode=Info\nRecordNumber=197352\nKeywords=Audit Success",
        "_raw": "11/03/2018 09:51:48 PM\nLogName=Security\nSourceName=Microsoft Windows security auditing.\nEventCode=4674\nEventType=0\nType=Information\nComputerName=employee-00.corp.wheelzapp.com\nTaskCategory=Sensitive Privilege Use\nOpCode=Info\nRecordNumber=197352\nKeywords=Audit Success\nMessage=An operation was attempted on a privileged object.\n\nSubject:\n\tSecurity ID:\t\tCORP\\bsakamoto\n\tAccount Name:\t\tbsakamoto\n\tAccount Domain:\t\tCORP\n\tLogon ID:\t\t0xADCEE5\n\nObject:\n\tObject Server:\tSecurity\n\tObject Type:\t-\n\tObject Name:\t-\n\tObject Handle:\t0x360\n\nProcess Information:\n\tProcess ID:\t0x868\n\tProcess Name:\tC:\\Windows\\System32\\wbem\\WmiPrvSE.exe\n\nRequested Operation:\n\tDesired Access:\t1048577\n\tPrivileges:\t\tSeBackupPrivilege",
        "_serial": "227209",
        "_si": [
          "index01",
          "main"
        ],
        "_time": "2018-11-03 21:51:48.000 UTC",
        "host": "t1-corp-employee-00",
        "index": "main",
        "linecount": "32",
        "source": "WinEventLog:Security",
        "sourcetype": "WinEventLog",
        "splunk_server": "index01"
      },
      {
        "Message": "An operation was attempted on a privileged object.\n\nSubject:\n\tSecurity ID:\t\tCORP\\bsakamoto\n\tAccount Name:\t\tbsakamoto\n\tAccount Domain:\t\tCORP\n\tLogon ID:\t\t0xADCEE5\n\nObject:\n\tObject Server:\tSecurity\n\tObject Type:\tFile\n\tObject Name:\tC:\\Windows\\System32\n\tObject Handle:\t0x360\n\nProcess Information:\n\tProcess ID:\t0x868\n\tProcess Name:\tC:\\Windows\\System32\\wbem\\WmiPrvSE.exe\n\nRequested Operation:\n\tDesired Access:\tSYNCHRONIZE\n\t\t\t\tReadData (or ListDirectory)\n\t\t\t\t\n\tPrivileges:\t\tSeBackupPrivilege",
        "_bkt": "main~47~309B8BB8-F45C-44CE-ABE5-EF8B9EC8A780",
        "_cd": "47:248168735",
        "_indextime": "1541281909",
        "_pre_msg": "11/03/2018 09:51:48 PM\nLogName=Security\nSourceName=Microsoft Windows security auditing.\nEventCode=4674\nEventType=0\nType=Information\nComputerName=employee-00.corp.wheelzapp.com\nTaskCategory=Sensitive Privilege Use\nOpCode=Info\nRecordNumber=197351\nKeywords=Audit Success",
        "_raw": "11/03/2018 09:51:48 PM\nLogName=Security\nSourceName=Microsoft Windows security auditing.\nEventCode=4674\nEventType=0\nType=Information\nComputerName=employee-00.corp.wheelzapp.com\nTaskCategory=Sensitive Privilege Use\nOpCode=Info\nRecordNumber=197351\nKeywords=Audit Success\nMessage=An operation was attempted on a privileged object.\n\nSubject:\n\tSecurity ID:\t\tCORP\\bsakamoto\n\tAccount Name:\t\tbsakamoto\n\tAccount Domain:\t\tCORP\n\tLogon ID:\t\t0xADCEE5\n\nObject:\n\tObject Server:\tSecurity\n\tObject Type:\tFile\n\tObject Name:\tC:\\Windows\\System32\n\tObject Handle:\t0x360\n\nProcess Information:\n\tProcess ID:\t0x868\n\tProcess Name:\tC:\\Windows\\System32\\wbem\\WmiPrvSE.exe\n\nRequested Operation:\n\tDesired Access:\tSYNCHRONIZE\n\t\t\t\tReadData (or ListDirectory)\n\t\t\t\t\n\tPrivileges:\t\tSeBackupPrivilege",
        "_serial": "227210",
        "_si": [
          "index01",
          "main"
        ],
        "_time": "2018-11-03 21:51:48.000 UTC",
        "host": "t1-corp-employee-00",
        "index": "main",
        "linecount": "34",
        "source": "WinEventLog:Security",
        "sourcetype": "WinEventLog",
        "splunk_server": "index01"
      },
      {
        "Message": "An account failed to log on.\n\nSubject:\n\tSecurity ID:\t\tNULL SID\n\tAccount Name:\t\t-\n\tAccount Domain:\t\t-\n\tLogon ID:\t\t0x0\n\nLogon Type:\t\t\t3\n\nAccount For Which Logon Failed:\n\tSecurity ID:\t\tNULL SID\n\tAccount Name:\t\tbsakamoto\n\tAccount Domain:\t\tCORP\n\nFailure Information:\n\tFailure Reason:\t\tUnknown user name or bad password.\n\tStatus:\t\t\t0xC000006D\n\tSub Status:\t\t0xC000006A\n\nProcess Information:\n\tCaller Process ID:\t0x0\n\tCaller Process Name:\t-\n\nNetwork Information:\n\tWorkstation Name:\tWIN06\n\tSource Network Address:\t10.0.254.106\n\tSource Port:\t\t0\n\nDetailed Authentication Information:\n\tLogon Process:\t\tNtLmSsp \n\tAuthentication Package:\tNTLM\n\tTransited Services:\t-\n\tPackage Name (NTLM only):\t-\n\tKey Length:\t\t0\n\nThis event is generated when a logon request fails. It is generated on the computer where access was attempted.\n\nThe Subject fields indicate the account on the local system which requested the logon. This is most commonly a service such as the Server service, or a local process such as Winlogon.exe or Services.exe.\n\nThe Logon Type field indicates the kind of logon that was requested. The most common types are 2 (interactive) and 3 (network).\n\nThe Process Information fields indicate which account and process on the system requested the logon.\n\nThe Network Information fields indicate where a remote logon request originated. Workstation name is not always available and may be left blank in some cases.\n\nThe authentication information fields provide detailed information about this specific logon request.\n\t- Transited services indicate which intermediate services have participated in this logon request.\n\t- Package name indicates which sub-protocol was used among the NTLM protocols.\n\t- Key length indicates the length of the generated session key. This will be 0 if no session key was requested.",
        "_bkt": "main~47~309B8BB8-F45C-44CE-ABE5-EF8B9EC8A780",
        "_cd": "47:248168666",
        "_indextime": "1541281909",
        "_pre_msg": "11/03/2018 09:51:48 PM\nLogName=Security\nSourceName=Microsoft Windows security auditing.\nEventCode=4625\nEventType=0\nType=Information\nComputerName=employee-00.corp.wheelzapp.com\nTaskCategory=Logon\nOpCode=Info\nRecordNumber=197350\nKeywords=Audit Failure",
        "_raw": "11/03/2018 09:51:48 PM\nLogName=Security\nSourceName=Microsoft Windows security auditing.\nEventCode=4625\nEventType=0\nType=Information\nComputerName=employee-00.corp.wheelzapp.com\nTaskCategory=Logon\nOpCode=Info\nRecordNumber=197350\nKeywords=Audit Failure\nMessage=An account failed to log on.\n\nSubject:\n\tSecurity ID:\t\tNULL SID\n\tAccount Name:\t\t-\n\tAccount Domain:\t\t-\n\tLogon ID:\t\t0x0\n\nLogon Type:\t\t\t3\n\nAccount For Which Logon Failed:\n\tSecurity ID:\t\tNULL SID\n\tAccount Name:\t\tbsakamoto\n\tAccount Domain:\t\tCORP\n\nFailure Information:\n\tFailure Reason:\t\tUnknown user name or bad password.\n\tStatus:\t\t\t0xC000006D\n\tSub Status:\t\t0xC000006A\n\nProcess Information:\n\tCaller Process ID:\t0x0\n\tCaller Process Name:\t-\n\nNetwork Information:\n\tWorkstation Name:\tWIN06\n\tSource Network Address:\t10.0.254.106\n\tSource Port:\t\t0\n\nDetailed Authentication Information:\n\tLogon Process:\t\tNtLmSsp \n\tAuthentication Package:\tNTLM\n\tTransited Services:\t-\n\tPackage Name (NTLM only):\t-\n\tKey Length:\t\t0\n\nThis event is generated when a logon request fails. It is generated on the computer where access was attempted.\n\nThe Subject fields indicate the account on the local system which requested the logon. This is most commonly a service such as the Server service, or a local process such as Winlogon.exe or Services.exe.\n\nThe Logon Type field indicates the kind of logon that was requested. The most common types are 2 (interactive) and 3 (network).\n\nThe Process Information fields indicate which account and process on the system requested the logon.\n\nThe Network Information fields indicate where a remote logon request originated. Workstation name is not always available and may be left blank in some cases.\n\nThe authentication information fields provide detailed information about this specific logon request.\n\t- Transited services indicate which intermediate services have participated in this logon request.\n\t- Package name indicates which sub-protocol was used among the NTLM protocols.\n\t- Key length indicates the length of the generated session key. This will be 0 if no session key was requested.",
        "_serial": "227211",
        "_si": [
          "index01",
          "main"
        ],
        "_time": "2018-11-03 21:51:48.000 UTC",
        "host": "t1-corp-employee-00",
        "index": "main",
        "linecount": "61",
        "source": "WinEventLog:Security",
        "sourcetype": "WinEventLog",
        "splunk_server": "index01"
      },
      {
        "Message": "The Windows Filtering Platform has permitted a connection.\n\nApplication Information:\n\tProcess ID:\t\t912\n\tApplication Name:\t\\device\\harddiskvolume1\\windows\\system32\\svchost.exe\n\nNetwork Information:\n\tDirection:\t\tInbound\n\tSource Address:\t\t10.0.254.106\n\tSource Port:\t\t58908\n\tDestination Address:\t10.0.0.240\n\tDestination Port:\t\t3389\n\tProtocol:\t\t6\n\nFilter Information:\n\tFilter Run-Time ID:\t0\n\tLayer Name:\t\tReceive/Accept\n\tLayer Run-Time ID:\t44",
        "_bkt": "main~47~309B8BB8-F45C-44CE-ABE5-EF8B9EC8A780",
        "_cd": "47:248168641",
        "_indextime": "1541281909",
        "_pre_msg": "11/03/2018 09:51:48 PM\nLogName=Security\nSourceName=Microsoft Windows security auditing.\nEventCode=5156\nEventType=0\nType=Information\nComputerName=employee-00.corp.wheelzapp.com\nTaskCategory=Filtering Platform Connection\nOpCode=Info\nRecordNumber=197349\nKeywords=Audit Success",
        "_raw": "11/03/2018 09:51:48 PM\nLogName=Security\nSourceName=Microsoft Windows security auditing.\nEventCode=5156\nEventType=0\nType=Information\nComputerName=employee-00.corp.wheelzapp.com\nTaskCategory=Filtering Platform Connection\nOpCode=Info\nRecordNumber=197349\nKeywords=Audit Success\nMessage=The Windows Filtering Platform has permitted a connection.\n\nApplication Information:\n\tProcess ID:\t\t912\n\tApplication Name:\t\\device\\harddiskvolume1\\windows\\system32\\svchost.exe\n\nNetwork Information:\n\tDirection:\t\tInbound\n\tSource Address:\t\t10.0.254.106\n\tSource Port:\t\t58908\n\tDestination Address:\t10.0.0.240\n\tDestination Port:\t\t3389\n\tProtocol:\t\t6\n\nFilter Information:\n\tFilter Run-Time ID:\t0\n\tLayer Name:\t\tReceive/Accept\n\tLayer Run-Time ID:\t44",
        "_serial": "227212",
        "_si": [
          "index01",
          "main"
        ],
        "_time": "2018-11-03 21:51:48.000 UTC",
        "host": "t1-corp-employee-00",
        "index": "main",
        "linecount": "29",
        "source": "WinEventLog:Security",
        "sourcetype": "WinEventLog",
        "splunk_server": "index01"
      },
      {
        "Message": "An operation was attempted on a privileged object.\n\nSubject:\n\tSecurity ID:\t\tCORP\\bsakamoto\n\tAccount Name:\t\tbsakamoto\n\tAccount Domain:\t\tCORP\n\tLogon ID:\t\t0xB87FF2\n\nObject:\n\tObject Server:\tSecurity\n\tObject Type:\t-\n\tObject Name:\t-\n\tObject Handle:\t0x1268\n\nProcess Information:\n\tProcess ID:\t0x778\n\tProcess Name:\tC:\\Windows\\explorer.exe\n\nRequested Operation:\n\tDesired Access:\t1048577\n\tPrivileges:\t\tSeBackupPrivilege",
        "_bkt": "main~46~B135F5F1-8761-4D6B-9993-723ECD8DFAF7",
        "_cd": "46:211013488",
        "_indextime": "1541281910",
        "_pre_msg": "11/03/2018 09:51:48 PM\nLogName=Security\nSourceName=Microsoft Windows security auditing.\nEventCode=4674\nEventType=0\nType=Information\nComputerName=employee-01.corp.wheelzapp.com\nTaskCategory=Sensitive Privilege Use\nOpCode=Info\nRecordNumber=232461\nKeywords=Audit Success",
        "_raw": "11/03/2018 09:51:48 PM\nLogName=Security\nSourceName=Microsoft Windows security auditing.\nEventCode=4674\nEventType=0\nType=Information\nComputerName=employee-01.corp.wheelzapp.com\nTaskCategory=Sensitive Privilege Use\nOpCode=Info\nRecordNumber=232461\nKeywords=Audit Success\nMessage=An operation was attempted on a privileged object.\n\nSubject:\n\tSecurity ID:\t\tCORP\\bsakamoto\n\tAccount Name:\t\tbsakamoto\n\tAccount Domain:\t\tCORP\n\tLogon ID:\t\t0xB87FF2\n\nObject:\n\tObject Server:\tSecurity\n\tObject Type:\t-\n\tObject Name:\t-\n\tObject Handle:\t0x1268\n\nProcess Information:\n\tProcess ID:\t0x778\n\tProcess Name:\tC:\\Windows\\explorer.exe\n\nRequested Operation:\n\tDesired Access:\t1048577\n\tPrivileges:\t\tSeBackupPrivilege",
        "_serial": "227213",
        "_si": [
          "index01",
          "main"
        ],
        "_time": "2018-11-03 21:51:48.000 UTC",
        "host": "t1-corp-employee-01",
        "index": "main",
        "linecount": "32",
        "source": "WinEventLog:Security",
        "sourcetype": "WinEventLog",
        "splunk_server": "index01"
      },
      {
        "Message": "An operation was attempted on a privileged object.\n\nSubject:\n\tSecurity ID:\t\tCORP\\bsakamoto\n\tAccount Name:\t\tbsakamoto\n\tAccount Domain:\t\tCORP\n\tLogon ID:\t\t0xB87FF2\n\nObject:\n\tObject Server:\tSecurity\n\tObject Type:\t-\n\tObject Name:\t-\n\tObject Handle:\t0xf5c\n\nProcess Information:\n\tProcess ID:\t0x778\n\tProcess Name:\tC:\\Windows\\explorer.exe\n\nRequested Operation:\n\tDesired Access:\t1048577\n\tPrivileges:\t\tSeBackupPrivilege",
        "_bkt": "main~46~B135F5F1-8761-4D6B-9993-723ECD8DFAF7",
        "_cd": "46:211013464",
        "_indextime": "1541281910",
        "_pre_msg": "11/03/2018 09:51:48 PM\nLogName=Security\nSourceName=Microsoft Windows security auditing.\nEventCode=4674\nEventType=0\nType=Information\nComputerName=employee-01.corp.wheelzapp.com\nTaskCategory=Sensitive Privilege Use\nOpCode=Info\nRecordNumber=232460\nKeywords=Audit Success",
        "_raw": "11/03/2018 09:51:48 PM\nLogName=Security\nSourceName=Microsoft Windows security auditing.\nEventCode=4674\nEventType=0\nType=Information\nComputerName=employee-01.corp.wheelzapp.com\nTaskCategory=Sensitive Privilege Use\nOpCode=Info\nRecordNumber=232460\nKeywords=Audit Success\nMessage=An operation was attempted on a privileged object.\n\nSubject:\n\tSecurity ID:\t\tCORP\\bsakamoto\n\tAccount Name:\t\tbsakamoto\n\tAccount Domain:\t\tCORP\n\tLogon ID:\t\t0xB87FF2\n\nObject:\n\tObject Server:\tSecurity\n\tObject Type:\t-\n\tObject Name:\t-\n\tObject Handle:\t0xf5c\n\nProcess Information:\n\tProcess ID:\t0x778\n\tProcess Name:\tC:\\Windows\\explorer.exe\n\nRequested Operation:\n\tDesired Access:\t1048577\n\tPrivileges:\t\tSeBackupPrivilege",
        "_serial": "227214",
        "_si": [
          "index01",
          "main"
        ],
        "_time": "2018-11-03 21:51:48.000 UTC",
        "host": "t1-corp-employee-01",
        "index": "main",
        "linecount": "32",
        "source": "WinEventLog:Security",
        "sourcetype": "WinEventLog",
        "splunk_server": "index01"
      },
      {
        "Message": "An operation was attempted on a privileged object.\n\nSubject:\n\tSecurity ID:\t\tCORP\\bsakamoto\n\tAccount Name:\t\tbsakamoto\n\tAccount Domain:\t\tCORP\n\tLogon ID:\t\t0xB87FF2\n\nObject:\n\tObject Server:\tSecurity\n\tObject Type:\t-\n\tObject Name:\t-\n\tObject Handle:\t0x1268\n\nProcess Information:\n\tProcess ID:\t0x778\n\tProcess Name:\tC:\\Windows\\explorer.exe\n\nRequested Operation:\n\tDesired Access:\t1048577\n\tPrivileges:\t\tSeBackupPrivilege",
        "_bkt": "main~46~B135F5F1-8761-4D6B-9993-723ECD8DFAF7",
        "_cd": "46:211013440",
        "_indextime": "1541281910",
        "_pre_msg": "11/03/2018 09:51:48 PM\nLogName=Security\nSourceName=Microsoft Windows security auditing.\nEventCode=4674\nEventType=0\nType=Information\nComputerName=employee-01.corp.wheelzapp.com\nTaskCategory=Sensitive Privilege Use\nOpCode=Info\nRecordNumber=232459\nKeywords=Audit Success",
        "_raw": "11/03/2018 09:51:48 PM\nLogName=Security\nSourceName=Microsoft Windows security auditing.\nEventCode=4674\nEventType=0\nType=Information\nComputerName=employee-01.corp.wheelzapp.com\nTaskCategory=Sensitive Privilege Use\nOpCode=Info\nRecordNumber=232459\nKeywords=Audit Success\nMessage=An operation was attempted on a privileged object.\n\nSubject:\n\tSecurity ID:\t\tCORP\\bsakamoto\n\tAccount Name:\t\tbsakamoto\n\tAccount Domain:\t\tCORP\n\tLogon ID:\t\t0xB87FF2\n\nObject:\n\tObject Server:\tSecurity\n\tObject Type:\t-\n\tObject Name:\t-\n\tObject Handle:\t0x1268\n\nProcess Information:\n\tProcess ID:\t0x778\n\tProcess Name:\tC:\\Windows\\explorer.exe\n\nRequested Operation:\n\tDesired Access:\t1048577\n\tPrivileges:\t\tSeBackupPrivilege",
        "_serial": "227215",
        "_si": [
          "index01",
          "main"
        ],
        "_time": "2018-11-03 21:51:48.000 UTC",
        "host": "t1-corp-employee-01",
        "index": "main",
        "linecount": "32",
        "source": "WinEventLog:Security",
        "sourcetype": "WinEventLog",
        "splunk_server": "index01"
      },
      {
        "Message": "An operation was attempted on a privileged object.\n\nSubject:\n\tSecurity ID:\t\tCORP\\bsakamoto\n\tAccount Name:\t\tbsakamoto\n\tAccount Domain:\t\tCORP\n\tLogon ID:\t\t0xB87FF2\n\nObject:\n\tObject Server:\tSecurity\n\tObject Type:\t-\n\tObject Name:\t-\n\tObject Handle:\t0x1268\n\nProcess Information:\n\tProcess ID:\t0x778\n\tProcess Name:\tC:\\Windows\\explorer.exe\n\nRequested Operation:\n\tDesired Access:\t1048577\n\tPrivileges:\t\tSeBackupPrivilege",
        "_bkt": "main~46~B135F5F1-8761-4D6B-9993-723ECD8DFAF7",
        "_cd": "46:211013416",
        "_indextime": "1541281910",
        "_pre_msg": "11/03/2018 09:51:48 PM\nLogName=Security\nSourceName=Microsoft Windows security auditing.\nEventCode=4674\nEventType=0\nType=Information\nComputerName=employee-01.corp.wheelzapp.com\nTaskCategory=Sensitive Privilege Use\nOpCode=Info\nRecordNumber=232458\nKeywords=Audit Success",
