        "_raw": "11/03/2018 09:55:46 PM\nLogName=Security\nSourceName=Microsoft Windows security auditing.\nEventCode=4690\nEventType=0\nType=Information\nComputerName=employee-01.corp.wheelzapp.com\nTaskCategory=Handle Manipulation\nOpCode=Info\nRecordNumber=238693\nKeywords=Audit Success\nMessage=An attempt was made to duplicate a handle to an object.\n\nSubject:\n\tSecurity ID:\t\tCORP\\bsakamoto\n\tAccount Name:\t\tbsakamoto\n\tAccount Domain:\t\tCORP\n\tLogon ID:\t\t0xB87FF2\n\nSource Handle Information:\n\tSource Handle ID:\t0x1d20\n\tSource Process ID:\t0x778\n\nNew Handle Information:\n\tTarget Handle ID:\t0x111c\n\tTarget Process ID:\t0x4",
        "_serial": "214923",
        "_si": [
          "index01",
          "main"
        ],
        "_time": "2018-11-03 21:55:46.000 UTC",
        "host": "t1-corp-employee-01",
        "index": "main",
        "linecount": "26",
        "source": "WinEventLog:Security",
        "sourcetype": "WinEventLog",
        "splunk_server": "index01"
      },
      {
        "Message": "The handle to an object was closed.\n\nSubject :\n\tSecurity ID:\t\tCORP\\bsakamoto\n\tAccount Name:\t\tbsakamoto\n\tAccount Domain:\t\tCORP\n\tLogon ID:\t\t0xB87FF2\n\nObject:\n\tObject Server:\t\tSecurity\n\tHandle ID:\t\t0x2310\n\nProcess Information:\n\tProcess ID:\t\t0x778\n\tProcess Name:\t\tC:\\Windows\\explorer.exe",
        "_bkt": "main~47~309B8BB8-F45C-44CE-ABE5-EF8B9EC8A780",
        "_cd": "47:288995078",
        "_indextime": "1541282148",
        "_pre_msg": "11/03/2018 09:55:46 PM\nLogName=Security\nSourceName=Microsoft Windows security auditing.\nEventCode=4658\nEventType=0\nType=Information\nComputerName=employee-01.corp.wheelzapp.com\nTaskCategory=Removable Storage\nOpCode=Info\nRecordNumber=238692\nKeywords=Audit Success",
        "_raw": "11/03/2018 09:55:46 PM\nLogName=Security\nSourceName=Microsoft Windows security auditing.\nEventCode=4658\nEventType=0\nType=Information\nComputerName=employee-01.corp.wheelzapp.com\nTaskCategory=Removable Storage\nOpCode=Info\nRecordNumber=238692\nKeywords=Audit Success\nMessage=The handle to an object was closed.\n\nSubject :\n\tSecurity ID:\t\tCORP\\bsakamoto\n\tAccount Name:\t\tbsakamoto\n\tAccount Domain:\t\tCORP\n\tLogon ID:\t\t0xB87FF2\n\nObject:\n\tObject Server:\t\tSecurity\n\tHandle ID:\t\t0x2310\n\nProcess Information:\n\tProcess ID:\t\t0x778\n\tProcess Name:\t\tC:\\Windows\\explorer.exe",
        "_serial": "214924",
        "_si": [
          "index01",
          "main"
        ],
        "_time": "2018-11-03 21:55:46.000 UTC",
        "host": "t1-corp-employee-01",
        "index": "main",
        "linecount": "26",
        "source": "WinEventLog:Security",
        "sourcetype": "WinEventLog",
        "splunk_server": "index01"
      },
      {
        "Message": "A handle to an object was requested.\n\nSubject:\n\tSecurity ID:\t\tCORP\\bsakamoto\n\tAccount Name:\t\tbsakamoto\n\tAccount Domain:\t\tCORP\n\tLogon ID:\t\t0xB87FF2\n\nObject:\n\tObject Server:\t\tSecurity\n\tObject Type:\t\tFile\n\tObject Name:\t\t\\Device\\HarddiskVolume1\n\tHandle ID:\t\t0x2310\n\tResource Attributes:\t-\n\nProcess Information:\n\tProcess ID:\t\t0x778\n\tProcess Name:\t\tC:\\Windows\\explorer.exe\n\nAccess Request Information:\n\tTransaction ID:\t\t{00000000-0000-0000-0000-000000000000}\n\tAccesses:\t\tSYNCHRONIZE\n\t\t\t\tReadAttributes\n\t\t\t\t\n\tAccess Reasons:\t\t-\n\tAccess Mask:\t\t0x100080\n\tPrivileges Used for Access Check:\t-\n\tRestricted SID Count:\t0",
        "_bkt": "main~47~309B8BB8-F45C-44CE-ABE5-EF8B9EC8A780",
        "_cd": "47:288995047",
        "_indextime": "1541282148",
        "_pre_msg": "11/03/2018 09:55:46 PM\nLogName=Security\nSourceName=Microsoft Windows security auditing.\nEventCode=4656\nEventType=0\nType=Information\nComputerName=employee-01.corp.wheelzapp.com\nTaskCategory=Removable Storage\nOpCode=Info\nRecordNumber=238691\nKeywords=Audit Success",
        "_raw": "11/03/2018 09:55:46 PM\nLogName=Security\nSourceName=Microsoft Windows security auditing.\nEventCode=4656\nEventType=0\nType=Information\nComputerName=employee-01.corp.wheelzapp.com\nTaskCategory=Removable Storage\nOpCode=Info\nRecordNumber=238691\nKeywords=Audit Success\nMessage=A handle to an object was requested.\n\nSubject:\n\tSecurity ID:\t\tCORP\\bsakamoto\n\tAccount Name:\t\tbsakamoto\n\tAccount Domain:\t\tCORP\n\tLogon ID:\t\t0xB87FF2\n\nObject:\n\tObject Server:\t\tSecurity\n\tObject Type:\t\tFile\n\tObject Name:\t\t\\Device\\HarddiskVolume1\n\tHandle ID:\t\t0x2310\n\tResource Attributes:\t-\n\nProcess Information:\n\tProcess ID:\t\t0x778\n\tProcess Name:\t\tC:\\Windows\\explorer.exe\n\nAccess Request Information:\n\tTransaction ID:\t\t{00000000-0000-0000-0000-000000000000}\n\tAccesses:\t\tSYNCHRONIZE\n\t\t\t\tReadAttributes\n\t\t\t\t\n\tAccess Reasons:\t\t-\n\tAccess Mask:\t\t0x100080\n\tPrivileges Used for Access Check:\t-\n\tRestricted SID Count:\t0",
        "_serial": "214925",
        "_si": [
          "index01",
          "main"
        ],
        "_time": "2018-11-03 21:55:46.000 UTC",
        "host": "t1-corp-employee-01",
        "index": "main",
        "linecount": "39",
        "source": "WinEventLog:Security",
        "sourcetype": "WinEventLog",
        "splunk_server": "index01"
      },
      {
        "Message": "The handle to an object was closed.\n\nSubject :\n\tSecurity ID:\t\tCORP\\bsakamoto\n\tAccount Name:\t\tbsakamoto\n\tAccount Domain:\t\tCORP\n\tLogon ID:\t\t0xB87FF2\n\nObject:\n\tObject Server:\t\tSecurity\n\tHandle ID:\t\t0x1058\n\nProcess Information:\n\tProcess ID:\t\t0x778\n\tProcess Name:\t\tC:\\Windows\\explorer.exe",
        "_bkt": "main~47~309B8BB8-F45C-44CE-ABE5-EF8B9EC8A780",
        "_cd": "47:288995027",
        "_indextime": "1541282148",
        "_pre_msg": "11/03/2018 09:55:46 PM\nLogName=Security\nSourceName=Microsoft Windows security auditing.\nEventCode=4658\nEventType=0\nType=Information\nComputerName=employee-01.corp.wheelzapp.com\nTaskCategory=Removable Storage\nOpCode=Info\nRecordNumber=238690\nKeywords=Audit Success",
        "_raw": "11/03/2018 09:55:46 PM\nLogName=Security\nSourceName=Microsoft Windows security auditing.\nEventCode=4658\nEventType=0\nType=Information\nComputerName=employee-01.corp.wheelzapp.com\nTaskCategory=Removable Storage\nOpCode=Info\nRecordNumber=238690\nKeywords=Audit Success\nMessage=The handle to an object was closed.\n\nSubject :\n\tSecurity ID:\t\tCORP\\bsakamoto\n\tAccount Name:\t\tbsakamoto\n\tAccount Domain:\t\tCORP\n\tLogon ID:\t\t0xB87FF2\n\nObject:\n\tObject Server:\t\tSecurity\n\tHandle ID:\t\t0x1058\n\nProcess Information:\n\tProcess ID:\t\t0x778\n\tProcess Name:\t\tC:\\Windows\\explorer.exe",
        "_serial": "214926",
        "_si": [
          "index01",
          "main"
        ],
        "_time": "2018-11-03 21:55:46.000 UTC",
        "host": "t1-corp-employee-01",
        "index": "main",
        "linecount": "26",
        "source": "WinEventLog:Security",
        "sourcetype": "WinEventLog",
        "splunk_server": "index01"
      },
      {
        "Message": "An attempt was made to duplicate a handle to an object.\n\nSubject:\n\tSecurity ID:\t\tCORP\\bsakamoto\n\tAccount Name:\t\tbsakamoto\n\tAccount Domain:\t\tCORP\n\tLogon ID:\t\t0xB87FF2\n\nSource Handle Information:\n\tSource Handle ID:\t0x2310\n\tSource Process ID:\t0x778\n\nNew Handle Information:\n\tTarget Handle ID:\t0x1058\n\tTarget Process ID:\t0x4",
        "_bkt": "main~47~309B8BB8-F45C-44CE-ABE5-EF8B9EC8A780",
        "_cd": "47:288995006",
        "_indextime": "1541282148",
        "_pre_msg": "11/03/2018 09:55:46 PM\nLogName=Security\nSourceName=Microsoft Windows security auditing.\nEventCode=4690\nEventType=0\nType=Information\nComputerName=employee-01.corp.wheelzapp.com\nTaskCategory=Handle Manipulation\nOpCode=Info\nRecordNumber=238689\nKeywords=Audit Success",
        "_raw": "11/03/2018 09:55:46 PM\nLogName=Security\nSourceName=Microsoft Windows security auditing.\nEventCode=4690\nEventType=0\nType=Information\nComputerName=employee-01.corp.wheelzapp.com\nTaskCategory=Handle Manipulation\nOpCode=Info\nRecordNumber=238689\nKeywords=Audit Success\nMessage=An attempt was made to duplicate a handle to an object.\n\nSubject:\n\tSecurity ID:\t\tCORP\\bsakamoto\n\tAccount Name:\t\tbsakamoto\n\tAccount Domain:\t\tCORP\n\tLogon ID:\t\t0xB87FF2\n\nSource Handle Information:\n\tSource Handle ID:\t0x2310\n\tSource Process ID:\t0x778\n\nNew Handle Information:\n\tTarget Handle ID:\t0x1058\n\tTarget Process ID:\t0x4",
        "_serial": "214927",
        "_si": [
          "index01",
          "main"
        ],
        "_time": "2018-11-03 21:55:46.000 UTC",
        "host": "t1-corp-employee-01",
        "index": "main",
        "linecount": "26",
        "source": "WinEventLog:Security",
        "sourcetype": "WinEventLog",
        "splunk_server": "index01"
      },
      {
        "Message": "The handle to an object was closed.\n\nSubject :\n\tSecurity ID:\t\tCORP\\bsakamoto\n\tAccount Name:\t\tbsakamoto\n\tAccount Domain:\t\tCORP\n\tLogon ID:\t\t0xB87FF2\n\nObject:\n\tObject Server:\t\tSecurity\n\tHandle ID:\t\t0x2310\n\nProcess Information:\n\tProcess ID:\t\t0x778\n\tProcess Name:\t\tC:\\Windows\\explorer.exe",
        "_bkt": "main~47~309B8BB8-F45C-44CE-ABE5-EF8B9EC8A780",
        "_cd": "47:288994986",
        "_indextime": "1541282148",
        "_pre_msg": "11/03/2018 09:55:46 PM\nLogName=Security\nSourceName=Microsoft Windows security auditing.\nEventCode=4658\nEventType=0\nType=Information\nComputerName=employee-01.corp.wheelzapp.com\nTaskCategory=Removable Storage\nOpCode=Info\nRecordNumber=238688\nKeywords=Audit Success",
        "_raw": "11/03/2018 09:55:46 PM\nLogName=Security\nSourceName=Microsoft Windows security auditing.\nEventCode=4658\nEventType=0\nType=Information\nComputerName=employee-01.corp.wheelzapp.com\nTaskCategory=Removable Storage\nOpCode=Info\nRecordNumber=238688\nKeywords=Audit Success\nMessage=The handle to an object was closed.\n\nSubject :\n\tSecurity ID:\t\tCORP\\bsakamoto\n\tAccount Name:\t\tbsakamoto\n\tAccount Domain:\t\tCORP\n\tLogon ID:\t\t0xB87FF2\n\nObject:\n\tObject Server:\t\tSecurity\n\tHandle ID:\t\t0x2310\n\nProcess Information:\n\tProcess ID:\t\t0x778\n\tProcess Name:\t\tC:\\Windows\\explorer.exe",
        "_serial": "214928",
        "_si": [
          "index01",
          "main"
        ],
        "_time": "2018-11-03 21:55:46.000 UTC",
        "host": "t1-corp-employee-01",
        "index": "main",
        "linecount": "26",
        "source": "WinEventLog:Security",
        "sourcetype": "WinEventLog",
        "splunk_server": "index01"
      },
      {
        "Message": "A handle to an object was requested.\n\nSubject:\n\tSecurity ID:\t\tCORP\\bsakamoto\n\tAccount Name:\t\tbsakamoto\n\tAccount Domain:\t\tCORP\n\tLogon ID:\t\t0xB87FF2\n\nObject:\n\tObject Server:\t\tSecurity\n\tObject Type:\t\tFile\n\tObject Name:\t\t\\Device\\HarddiskVolume1\n\tHandle ID:\t\t0x2310\n\tResource Attributes:\t-\n\nProcess Information:\n\tProcess ID:\t\t0x778\n\tProcess Name:\t\tC:\\Windows\\explorer.exe\n\nAccess Request Information:\n\tTransaction ID:\t\t{00000000-0000-0000-0000-000000000000}\n\tAccesses:\t\tSYNCHRONIZE\n\t\t\t\tReadAttributes\n\t\t\t\t\n\tAccess Reasons:\t\t-\n\tAccess Mask:\t\t0x100080\n\tPrivileges Used for Access Check:\t-\n\tRestricted SID Count:\t0",
        "_bkt": "main~47~309B8BB8-F45C-44CE-ABE5-EF8B9EC8A780",
        "_cd": "47:288994955",
        "_indextime": "1541282148",
        "_pre_msg": "11/03/2018 09:55:46 PM\nLogName=Security\nSourceName=Microsoft Windows security auditing.\nEventCode=4656\nEventType=0\nType=Information\nComputerName=employee-01.corp.wheelzapp.com\nTaskCategory=Removable Storage\nOpCode=Info\nRecordNumber=238687\nKeywords=Audit Success",
        "_raw": "11/03/2018 09:55:46 PM\nLogName=Security\nSourceName=Microsoft Windows security auditing.\nEventCode=4656\nEventType=0\nType=Information\nComputerName=employee-01.corp.wheelzapp.com\nTaskCategory=Removable Storage\nOpCode=Info\nRecordNumber=238687\nKeywords=Audit Success\nMessage=A handle to an object was requested.\n\nSubject:\n\tSecurity ID:\t\tCORP\\bsakamoto\n\tAccount Name:\t\tbsakamoto\n\tAccount Domain:\t\tCORP\n\tLogon ID:\t\t0xB87FF2\n\nObject:\n\tObject Server:\t\tSecurity\n\tObject Type:\t\tFile\n\tObject Name:\t\t\\Device\\HarddiskVolume1\n\tHandle ID:\t\t0x2310\n\tResource Attributes:\t-\n\nProcess Information:\n\tProcess ID:\t\t0x778\n\tProcess Name:\t\tC:\\Windows\\explorer.exe\n\nAccess Request Information:\n\tTransaction ID:\t\t{00000000-0000-0000-0000-000000000000}\n\tAccesses:\t\tSYNCHRONIZE\n\t\t\t\tReadAttributes\n\t\t\t\t\n\tAccess Reasons:\t\t-\n\tAccess Mask:\t\t0x100080\n\tPrivileges Used for Access Check:\t-\n\tRestricted SID Count:\t0",
        "_serial": "214929",
        "_si": [
          "index01",
          "main"
        ],
        "_time": "2018-11-03 21:55:46.000 UTC",
        "host": "t1-corp-employee-01",
        "index": "main",
        "linecount": "39",
        "source": "WinEventLog:Security",
        "sourcetype": "WinEventLog",
        "splunk_server": "index01"
      },
      {
        "Message": "The handle to an object was closed.\n\nSubject :\n\tSecurity ID:\t\tCORP\\bsakamoto\n\tAccount Name:\t\tbsakamoto\n\tAccount Domain:\t\tCORP\n\tLogon ID:\t\t0xB87FF2\n\nObject:\n\tObject Server:\t\tSecurity\n\tHandle ID:\t\t0x1058\n\nProcess Information:\n\tProcess ID:\t\t0x778\n\tProcess Name:\t\tC:\\Windows\\explorer.exe",
        "_bkt": "main~47~309B8BB8-F45C-44CE-ABE5-EF8B9EC8A780",
        "_cd": "47:288994935",
        "_indextime": "1541282148",
        "_pre_msg": "11/03/2018 09:55:46 PM\nLogName=Security\nSourceName=Microsoft Windows security auditing.\nEventCode=4658\nEventType=0\nType=Information\nComputerName=employee-01.corp.wheelzapp.com\nTaskCategory=Removable Storage\nOpCode=Info\nRecordNumber=238686\nKeywords=Audit Success",
        "_raw": "11/03/2018 09:55:46 PM\nLogName=Security\nSourceName=Microsoft Windows security auditing.\nEventCode=4658\nEventType=0\nType=Information\nComputerName=employee-01.corp.wheelzapp.com\nTaskCategory=Removable Storage\nOpCode=Info\nRecordNumber=238686\nKeywords=Audit Success\nMessage=The handle to an object was closed.\n\nSubject :\n\tSecurity ID:\t\tCORP\\bsakamoto\n\tAccount Name:\t\tbsakamoto\n\tAccount Domain:\t\tCORP\n\tLogon ID:\t\t0xB87FF2\n\nObject:\n\tObject Server:\t\tSecurity\n\tHandle ID:\t\t0x1058\n\nProcess Information:\n\tProcess ID:\t\t0x778\n\tProcess Name:\t\tC:\\Windows\\explorer.exe",
        "_serial": "214930",
        "_si": [
          "index01",
          "main"
        ],
        "_time": "2018-11-03 21:55:46.000 UTC",
        "host": "t1-corp-employee-01",
        "index": "main",
        "linecount": "26",
        "source": "WinEventLog:Security",
        "sourcetype": "WinEventLog",
        "splunk_server": "index01"
      },
      {
        "Message": "An attempt was made to duplicate a handle to an object.\n\nSubject:\n\tSecurity ID:\t\tCORP\\bsakamoto\n\tAccount Name:\t\tbsakamoto\n\tAccount Domain:\t\tCORP\n\tLogon ID:\t\t0xB87FF2\n\nSource Handle Information:\n\tSource Handle ID:\t0x2310\n\tSource Process ID:\t0x778\n\nNew Handle Information:\n\tTarget Handle ID:\t0x1058\n\tTarget Process ID:\t0x4",
        "_bkt": "main~47~309B8BB8-F45C-44CE-ABE5-EF8B9EC8A780",
        "_cd": "47:288994914",
        "_indextime": "1541282148",
        "_pre_msg": "11/03/2018 09:55:46 PM\nLogName=Security\nSourceName=Microsoft Windows security auditing.\nEventCode=4690\nEventType=0\nType=Information\nComputerName=employee-01.corp.wheelzapp.com\nTaskCategory=Handle Manipulation\nOpCode=Info\nRecordNumber=238685\nKeywords=Audit Success",
        "_raw": "11/03/2018 09:55:46 PM\nLogName=Security\nSourceName=Microsoft Windows security auditing.\nEventCode=4690\nEventType=0\nType=Information\nComputerName=employee-01.corp.wheelzapp.com\nTaskCategory=Handle Manipulation\nOpCode=Info\nRecordNumber=238685\nKeywords=Audit Success\nMessage=An attempt was made to duplicate a handle to an object.\n\nSubject:\n\tSecurity ID:\t\tCORP\\bsakamoto\n\tAccount Name:\t\tbsakamoto\n\tAccount Domain:\t\tCORP\n\tLogon ID:\t\t0xB87FF2\n\nSource Handle Information:\n\tSource Handle ID:\t0x2310\n\tSource Process ID:\t0x778\n\nNew Handle Information:\n\tTarget Handle ID:\t0x1058\n\tTarget Process ID:\t0x4",
        "_serial": "214931",
        "_si": [
          "index01",
          "main"
        ],
        "_time": "2018-11-03 21:55:46.000 UTC",
        "host": "t1-corp-employee-01",
        "index": "main",
        "linecount": "26",
        "source": "WinEventLog:Security",
        "sourcetype": "WinEventLog",
        "splunk_server": "index01"
      },
      {
        "Message": "The handle to an object was closed.\n\nSubject :\n\tSecurity ID:\t\tCORP\\bsakamoto\n\tAccount Name:\t\tbsakamoto\n\tAccount Domain:\t\tCORP\n\tLogon ID:\t\t0xB87FF2\n\nObject:\n\tObject Server:\t\tSecurity\n\tHandle ID:\t\t0x2684\n\nProcess Information:\n\tProcess ID:\t\t0x778\n\tProcess Name:\t\tC:\\Windows\\explorer.exe",
        "_bkt": "main~47~309B8BB8-F45C-44CE-ABE5-EF8B9EC8A780",
        "_cd": "47:288994895",
        "_indextime": "1541282148",
        "_pre_msg": "11/03/2018 09:55:46 PM\nLogName=Security\nSourceName=Microsoft Windows security auditing.\nEventCode=4658\nEventType=0\nType=Information\nComputerName=employee-01.corp.wheelzapp.com\nTaskCategory=File System\nOpCode=Info\nRecordNumber=238684\nKeywords=Audit Success",
        "_raw": "11/03/2018 09:55:46 PM\nLogName=Security\nSourceName=Microsoft Windows security auditing.\nEventCode=4658\nEventType=0\nType=Information\nComputerName=employee-01.corp.wheelzapp.com\nTaskCategory=File System\nOpCode=Info\nRecordNumber=238684\nKeywords=Audit Success\nMessage=The handle to an object was closed.\n\nSubject :\n\tSecurity ID:\t\tCORP\\bsakamoto\n\tAccount Name:\t\tbsakamoto\n\tAccount Domain:\t\tCORP\n\tLogon ID:\t\t0xB87FF2\n\nObject:\n\tObject Server:\t\tSecurity\n\tHandle ID:\t\t0x2684\n\nProcess Information:\n\tProcess ID:\t\t0x778\n\tProcess Name:\t\tC:\\Windows\\explorer.exe",
        "_serial": "214932",
        "_si": [
          "index01",
          "main"
        ],
        "_time": "2018-11-03 21:55:46.000 UTC",
        "host": "t1-corp-employee-01",
        "index": "main",
        "linecount": "26",
        "source": "WinEventLog:Security",
        "sourcetype": "WinEventLog",
        "splunk_server": "index01"
      },
      {
        "Message": "A handle to an object was requested.\n\nSubject:\n\tSecurity ID:\t\tCORP\\bsakamoto\n\tAccount Name:\t\tbsakamoto\n\tAccount Domain:\t\tCORP\n\tLogon ID:\t\t0xB87FF2\n\nObject:\n\tObject Server:\t\tSecurity\n\tObject Type:\t\tFile\n\tObject Name:\t\t\\Device\\MountPointManager\n\tHandle ID:\t\t0x2684\n\tResource Attributes:\t-\n\nProcess Information:\n\tProcess ID:\t\t0x778\n\tProcess Name:\t\tC:\\Windows\\explorer.exe\n\nAccess Request Information:\n\tTransaction ID:\t\t{00000000-0000-0000-0000-000000000000}\n\tAccesses:\t\tSYNCHRONIZE\n\t\t\t\tReadAttributes\n\t\t\t\t\n\tAccess Reasons:\t\t-\n\tAccess Mask:\t\t0x100080\n\tPrivileges Used for Access Check:\t-\n\tRestricted SID Count:\t0",
        "_bkt": "main~47~309B8BB8-F45C-44CE-ABE5-EF8B9EC8A780",
        "_cd": "47:288994865",
        "_indextime": "1541282148",
        "_pre_msg": "11/03/2018 09:55:46 PM\nLogName=Security\nSourceName=Microsoft Windows security auditing.\nEventCode=4656\nEventType=0\nType=Information\nComputerName=employee-01.corp.wheelzapp.com\nTaskCategory=File System\nOpCode=Info\nRecordNumber=238683\nKeywords=Audit Success",
        "_raw": "11/03/2018 09:55:46 PM\nLogName=Security\nSourceName=Microsoft Windows security auditing.\nEventCode=4656\nEventType=0\nType=Information\nComputerName=employee-01.corp.wheelzapp.com\nTaskCategory=File System\nOpCode=Info\nRecordNumber=238683\nKeywords=Audit Success\nMessage=A handle to an object was requested.\n\nSubject:\n\tSecurity ID:\t\tCORP\\bsakamoto\n\tAccount Name:\t\tbsakamoto\n\tAccount Domain:\t\tCORP\n\tLogon ID:\t\t0xB87FF2\n\nObject:\n\tObject Server:\t\tSecurity\n\tObject Type:\t\tFile\n\tObject Name:\t\t\\Device\\MountPointManager\n\tHandle ID:\t\t0x2684\n\tResource Attributes:\t-\n\nProcess Information:\n\tProcess ID:\t\t0x778\n\tProcess Name:\t\tC:\\Windows\\explorer.exe\n\nAccess Request Information:\n\tTransaction ID:\t\t{00000000-0000-0000-0000-000000000000}\n\tAccesses:\t\tSYNCHRONIZE\n\t\t\t\tReadAttributes\n\t\t\t\t\n\tAccess Reasons:\t\t-\n\tAccess Mask:\t\t0x100080\n\tPrivileges Used for Access Check:\t-\n\tRestricted SID Count:\t0",
        "_serial": "214933",
        "_si": [
          "index01",
          "main"
        ],
        "_time": "2018-11-03 21:55:46.000 UTC",
        "host": "t1-corp-employee-01",
        "index": "main",
        "linecount": "39",
        "source": "WinEventLog:Security",
        "sourcetype": "WinEventLog",
        "splunk_server": "index01"
      },
      {
        "Message": "The handle to an object was closed.\n\nSubject :\n\tSecurity ID:\t\tCORP\\bsakamoto\n\tAccount Name:\t\tbsakamoto\n\tAccount Domain:\t\tCORP\n\tLogon ID:\t\t0xB87FF2\n\nObject:\n\tObject Server:\t\tSecurity\n\tHandle ID:\t\t0x111c\n\nProcess Information:\n\tProcess ID:\t\t0x778\n\tProcess Name:\t\tC:\\Windows\\explorer.exe",
        "_bkt": "main~47~309B8BB8-F45C-44CE-ABE5-EF8B9EC8A780",
        "_cd": "47:288994846",
        "_indextime": "1541282148",
        "_pre_msg": "11/03/2018 09:55:46 PM\nLogName=Security\nSourceName=Microsoft Windows security auditing.\nEventCode=4658\nEventType=0\nType=Information\nComputerName=employee-01.corp.wheelzapp.com\nTaskCategory=File System\nOpCode=Info\nRecordNumber=238682\nKeywords=Audit Success",
        "_raw": "11/03/2018 09:55:46 PM\nLogName=Security\nSourceName=Microsoft Windows security auditing.\nEventCode=4658\nEventType=0\nType=Information\nComputerName=employee-01.corp.wheelzapp.com\nTaskCategory=File System\nOpCode=Info\nRecordNumber=238682\nKeywords=Audit Success\nMessage=The handle to an object was closed.\n\nSubject :\n\tSecurity ID:\t\tCORP\\bsakamoto\n\tAccount Name:\t\tbsakamoto\n\tAccount Domain:\t\tCORP\n\tLogon ID:\t\t0xB87FF2\n\nObject:\n\tObject Server:\t\tSecurity\n\tHandle ID:\t\t0x111c\n\nProcess Information:\n\tProcess ID:\t\t0x778\n\tProcess Name:\t\tC:\\Windows\\explorer.exe",
        "_serial": "214934",
        "_si": [
          "index01",
          "main"
        ],
        "_time": "2018-11-03 21:55:46.000 UTC",
        "host": "t1-corp-employee-01",
        "index": "main",
        "linecount": "26",
        "source": "WinEventLog:Security",
        "sourcetype": "WinEventLog",
        "splunk_server": "index01"
      },
      {
        "Message": "An attempt was made to duplicate a handle to an object.\n\nSubject:\n\tSecurity ID:\t\tCORP\\bsakamoto\n\tAccount Name:\t\tbsakamoto\n\tAccount Domain:\t\tCORP\n\tLogon ID:\t\t0xB87FF2\n\nSource Handle Information:\n\tSource Handle ID:\t0x2684\n\tSource Process ID:\t0x778\n\nNew Handle Information:\n\tTarget Handle ID:\t0x111c\n\tTarget Process ID:\t0x4",
        "_bkt": "main~47~309B8BB8-F45C-44CE-ABE5-EF8B9EC8A780",
        "_cd": "47:288994825",
        "_indextime": "1541282148",
        "_pre_msg": "11/03/2018 09:55:46 PM\nLogName=Security\nSourceName=Microsoft Windows security auditing.\nEventCode=4690\nEventType=0\nType=Information\nComputerName=employee-01.corp.wheelzapp.com\nTaskCategory=Handle Manipulation\nOpCode=Info\nRecordNumber=238681\nKeywords=Audit Success",
        "_raw": "11/03/2018 09:55:46 PM\nLogName=Security\nSourceName=Microsoft Windows security auditing.\nEventCode=4690\nEventType=0\nType=Information\nComputerName=employee-01.corp.wheelzapp.com\nTaskCategory=Handle Manipulation\nOpCode=Info\nRecordNumber=238681\nKeywords=Audit Success\nMessage=An attempt was made to duplicate a handle to an object.\n\nSubject:\n\tSecurity ID:\t\tCORP\\bsakamoto\n\tAccount Name:\t\tbsakamoto\n\tAccount Domain:\t\tCORP\n\tLogon ID:\t\t0xB87FF2\n\nSource Handle Information:\n\tSource Handle ID:\t0x2684\n\tSource Process ID:\t0x778\n\nNew Handle Information:\n\tTarget Handle ID:\t0x111c\n\tTarget Process ID:\t0x4",
        "_serial": "214935",
        "_si": [
          "index01",
          "main"
        ],
        "_time": "2018-11-03 21:55:46.000 UTC",
        "host": "t1-corp-employee-01",
        "index": "main",
        "linecount": "26",
        "source": "WinEventLog:Security",
        "sourcetype": "WinEventLog",
        "splunk_server": "index01"
      },
      {
        "Message": "The handle to an object was closed.\n\nSubject :\n\tSecurity ID:\t\tCORP\\bsakamoto\n\tAccount Name:\t\tbsakamoto\n\tAccount Domain:\t\tCORP\n\tLogon ID:\t\t0xB87FF2\n\nObject:\n\tObject Server:\t\tSecurity\n\tHandle ID:\t\t0x2684\n\nProcess Information:\n\tProcess ID:\t\t0x778\n\tProcess Name:\t\tC:\\Windows\\explorer.exe",
        "_bkt": "main~47~309B8BB8-F45C-44CE-ABE5-EF8B9EC8A780",
        "_cd": "47:288994805",
        "_indextime": "1541282148",
        "_pre_msg": "11/03/2018 09:55:46 PM\nLogName=Security\nSourceName=Microsoft Windows security auditing.\nEventCode=4658\nEventType=0\nType=Information\nComputerName=employee-01.corp.wheelzapp.com\nTaskCategory=Removable Storage\nOpCode=Info\nRecordNumber=238680\nKeywords=Audit Success",
        "_raw": "11/03/2018 09:55:46 PM\nLogName=Security\nSourceName=Microsoft Windows security auditing.\nEventCode=4658\nEventType=0\nType=Information\nComputerName=employee-01.corp.wheelzapp.com\nTaskCategory=Removable Storage\nOpCode=Info\nRecordNumber=238680\nKeywords=Audit Success\nMessage=The handle to an object was closed.\n\nSubject :\n\tSecurity ID:\t\tCORP\\bsakamoto\n\tAccount Name:\t\tbsakamoto\n\tAccount Domain:\t\tCORP\n\tLogon ID:\t\t0xB87FF2\n\nObject:\n\tObject Server:\t\tSecurity\n\tHandle ID:\t\t0x2684\n\nProcess Information:\n\tProcess ID:\t\t0x778\n\tProcess Name:\t\tC:\\Windows\\explorer.exe",
        "_serial": "214936",
        "_si": [
          "index01",
          "main"
        ],
        "_time": "2018-11-03 21:55:46.000 UTC",
        "host": "t1-corp-employee-01",
        "index": "main",
        "linecount": "26",
        "source": "WinEventLog:Security",
        "sourcetype": "WinEventLog",
        "splunk_server": "index01"
      },
      {
        "Message": "A handle to an object was requested.\n\nSubject:\n\tSecurity ID:\t\tCORP\\bsakamoto\n\tAccount Name:\t\tbsakamoto\n\tAccount Domain:\t\tCORP\n\tLogon ID:\t\t0xB87FF2\n\nObject:\n\tObject Server:\t\tSecurity\n\tObject Type:\t\tFile\n\tObject Name:\t\t\\Device\\HarddiskVolume1\n\tHandle ID:\t\t0x2684\n\tResource Attributes:\t-\n\nProcess Information:\n\tProcess ID:\t\t0x778\n\tProcess Name:\t\tC:\\Windows\\explorer.exe\n\nAccess Request Information:\n\tTransaction ID:\t\t{00000000-0000-0000-0000-000000000000}\n\tAccesses:\t\tSYNCHRONIZE\n\t\t\t\tReadAttributes\n\t\t\t\t\n\tAccess Reasons:\t\t-\n\tAccess Mask:\t\t0x100080\n\tPrivileges Used for Access Check:\t-\n\tRestricted SID Count:\t0",
        "_bkt": "main~47~309B8BB8-F45C-44CE-ABE5-EF8B9EC8A780",
        "_cd": "47:288994774",
        "_indextime": "1541282148",
        "_pre_msg": "11/03/2018 09:55:46 PM\nLogName=Security\nSourceName=Microsoft Windows security auditing.\nEventCode=4656\nEventType=0\nType=Information\nComputerName=employee-01.corp.wheelzapp.com\nTaskCategory=Removable Storage\nOpCode=Info\nRecordNumber=238679\nKeywords=Audit Success",
        "_raw": "11/03/2018 09:55:46 PM\nLogName=Security\nSourceName=Microsoft Windows security auditing.\nEventCode=4656\nEventType=0\nType=Information\nComputerName=employee-01.corp.wheelzapp.com\nTaskCategory=Removable Storage\nOpCode=Info\nRecordNumber=238679\nKeywords=Audit Success\nMessage=A handle to an object was requested.\n\nSubject:\n\tSecurity ID:\t\tCORP\\bsakamoto\n\tAccount Name:\t\tbsakamoto\n\tAccount Domain:\t\tCORP\n\tLogon ID:\t\t0xB87FF2\n\nObject:\n\tObject Server:\t\tSecurity\n\tObject Type:\t\tFile\n\tObject Name:\t\t\\Device\\HarddiskVolume1\n\tHandle ID:\t\t0x2684\n\tResource Attributes:\t-\n\nProcess Information:\n\tProcess ID:\t\t0x778\n\tProcess Name:\t\tC:\\Windows\\explorer.exe\n\nAccess Request Information:\n\tTransaction ID:\t\t{00000000-0000-0000-0000-000000000000}\n\tAccesses:\t\tSYNCHRONIZE\n\t\t\t\tReadAttributes\n\t\t\t\t\n\tAccess Reasons:\t\t-\n\tAccess Mask:\t\t0x100080\n\tPrivileges Used for Access Check:\t-\n\tRestricted SID Count:\t0",
        "_serial": "214937",
        "_si": [
          "index01",
          "main"
        ],
        "_time": "2018-11-03 21:55:46.000 UTC",
        "host": "t1-corp-employee-01",
        "index": "main",
        "linecount": "39",
        "source": "WinEventLog:Security",
        "sourcetype": "WinEventLog",
        "splunk_server": "index01"
      },
      {
        "Message": "The handle to an object was closed.\n\nSubject :\n\tSecurity ID:\t\tCORP\\bsakamoto\n\tAccount Name:\t\tbsakamoto\n\tAccount Domain:\t\tCORP\n\tLogon ID:\t\t0xB87FF2\n\nObject:\n\tObject Server:\t\tSecurity\n\tHandle ID:\t\t0x111c\n\nProcess Information:\n\tProcess ID:\t\t0x778\n\tProcess Name:\t\tC:\\Windows\\explorer.exe",
        "_bkt": "main~47~309B8BB8-F45C-44CE-ABE5-EF8B9EC8A780",
        "_cd": "47:288994754",
        "_indextime": "1541282148",
        "_pre_msg": "11/03/2018 09:55:46 PM\nLogName=Security\nSourceName=Microsoft Windows security auditing.\nEventCode=4658\nEventType=0\nType=Information\nComputerName=employee-01.corp.wheelzapp.com\nTaskCategory=Removable Storage\nOpCode=Info\nRecordNumber=238678\nKeywords=Audit Success",
        "_raw": "11/03/2018 09:55:46 PM\nLogName=Security\nSourceName=Microsoft Windows security auditing.\nEventCode=4658\nEventType=0\nType=Information\nComputerName=employee-01.corp.wheelzapp.com\nTaskCategory=Removable Storage\nOpCode=Info\nRecordNumber=238678\nKeywords=Audit Success\nMessage=The handle to an object was closed.\n\nSubject :\n\tSecurity ID:\t\tCORP\\bsakamoto\n\tAccount Name:\t\tbsakamoto\n\tAccount Domain:\t\tCORP\n\tLogon ID:\t\t0xB87FF2\n\nObject:\n\tObject Server:\t\tSecurity\n\tHandle ID:\t\t0x111c\n\nProcess Information:\n\tProcess ID:\t\t0x778\n\tProcess Name:\t\tC:\\Windows\\explorer.exe",
        "_serial": "214938",
        "_si": [
          "index01",
          "main"
        ],
        "_time": "2018-11-03 21:55:46.000 UTC",
        "host": "t1-corp-employee-01",
        "index": "main",
        "linecount": "26",
        "source": "WinEventLog:Security",
        "sourcetype": "WinEventLog",
        "splunk_server": "index01"
      },
      {
        "Message": "An attempt was made to duplicate a handle to an object.\n\nSubject:\n\tSecurity ID:\t\tCORP\\bsakamoto\n\tAccount Name:\t\tbsakamoto\n\tAccount Domain:\t\tCORP\n\tLogon ID:\t\t0xB87FF2\n\nSource Handle Information:\n\tSource Handle ID:\t0x2684\n\tSource Process ID:\t0x778\n\nNew Handle Information:\n\tTarget Handle ID:\t0x111c\n\tTarget Process ID:\t0x4",
        "_bkt": "main~47~309B8BB8-F45C-44CE-ABE5-EF8B9EC8A780",
        "_cd": "47:288994733",
        "_indextime": "1541282148",
        "_pre_msg": "11/03/2018 09:55:46 PM\nLogName=Security\nSourceName=Microsoft Windows security auditing.\nEventCode=4690\nEventType=0\nType=Information\nComputerName=employee-01.corp.wheelzapp.com\nTaskCategory=Handle Manipulation\nOpCode=Info\nRecordNumber=238677\nKeywords=Audit Success",
        "_raw": "11/03/2018 09:55:46 PM\nLogName=Security\nSourceName=Microsoft Windows security auditing.\nEventCode=4690\nEventType=0\nType=Information\nComputerName=employee-01.corp.wheelzapp.com\nTaskCategory=Handle Manipulation\nOpCode=Info\nRecordNumber=238677\nKeywords=Audit Success\nMessage=An attempt was made to duplicate a handle to an object.\n\nSubject:\n\tSecurity ID:\t\tCORP\\bsakamoto\n\tAccount Name:\t\tbsakamoto\n\tAccount Domain:\t\tCORP\n\tLogon ID:\t\t0xB87FF2\n\nSource Handle Information:\n\tSource Handle ID:\t0x2684\n\tSource Process ID:\t0x778\n\nNew Handle Information:\n\tTarget Handle ID:\t0x111c\n\tTarget Process ID:\t0x4",
        "_serial": "214939",
        "_si": [
          "index01",
          "main"
        ],
        "_time": "2018-11-03 21:55:46.000 UTC",
        "host": "t1-corp-employee-01",
        "index": "main",
        "linecount": "26",
        "source": "WinEventLog:Security",
        "sourcetype": "WinEventLog",
        "splunk_server": "index01"
      },
      {
        "Message": "The handle to an object was closed.\n\nSubject :\n\tSecurity ID:\t\tCORP\\bsakamoto\n\tAccount Name:\t\tbsakamoto\n\tAccount Domain:\t\tCORP\n\tLogon ID:\t\t0xB87FF2\n\nObject:\n\tObject Server:\t\tSecurity\n\tHandle ID:\t\t0x1e24\n\nProcess Information:\n\tProcess ID:\t\t0x778\n\tProcess Name:\t\tC:\\Windows\\explorer.exe",
        "_bkt": "main~47~309B8BB8-F45C-44CE-ABE5-EF8B9EC8A780",
        "_cd": "47:288994714",
        "_indextime": "1541282148",
        "_pre_msg": "11/03/2018 09:55:46 PM\nLogName=Security\nSourceName=Microsoft Windows security auditing.\nEventCode=4658\nEventType=0\nType=Information\nComputerName=employee-01.corp.wheelzapp.com\nTaskCategory=File System\nOpCode=Info\nRecordNumber=238676\nKeywords=Audit Success",
        "_raw": "11/03/2018 09:55:46 PM\nLogName=Security\nSourceName=Microsoft Windows security auditing.\nEventCode=4658\nEventType=0\nType=Information\nComputerName=employee-01.corp.wheelzapp.com\nTaskCategory=File System\nOpCode=Info\nRecordNumber=238676\nKeywords=Audit Success\nMessage=The handle to an object was closed.\n\nSubject :\n\tSecurity ID:\t\tCORP\\bsakamoto\n\tAccount Name:\t\tbsakamoto\n\tAccount Domain:\t\tCORP\n\tLogon ID:\t\t0xB87FF2\n\nObject:\n\tObject Server:\t\tSecurity\n\tHandle ID:\t\t0x1e24\n\nProcess Information:\n\tProcess ID:\t\t0x778\n\tProcess Name:\t\tC:\\Windows\\explorer.exe",
        "_serial": "214940",
        "_si": [
          "index01",
          "main"
        ],
        "_time": "2018-11-03 21:55:46.000 UTC",
        "host": "t1-corp-employee-01",
        "index": "main",
        "linecount": "26",
        "source": "WinEventLog:Security",
        "sourcetype": "WinEventLog",
        "splunk_server": "index01"
      },
      {
        "Message": "A handle to an object was requested.\n\nSubject:\n\tSecurity ID:\t\tCORP\\bsakamoto\n\tAccount Name:\t\tbsakamoto\n\tAccount Domain:\t\tCORP\n\tLogon ID:\t\t0xB87FF2\n\nObject:\n\tObject Server:\t\tSecurity\n\tObject Type:\t\tFile\n\tObject Name:\t\t\\Device\\MountPointManager\n\tHandle ID:\t\t0x1e24\n\tResource Attributes:\t-\n\nProcess Information:\n\tProcess ID:\t\t0x778\n\tProcess Name:\t\tC:\\Windows\\explorer.exe\n\nAccess Request Information:\n\tTransaction ID:\t\t{00000000-0000-0000-0000-000000000000}\n\tAccesses:\t\tSYNCHRONIZE\n\t\t\t\tReadAttributes\n\t\t\t\t\n\tAccess Reasons:\t\t-\n\tAccess Mask:\t\t0x100080\n\tPrivileges Used for Access Check:\t-\n\tRestricted SID Count:\t0",
        "_bkt": "main~47~309B8BB8-F45C-44CE-ABE5-EF8B9EC8A780",
        "_cd": "47:288994684",
        "_indextime": "1541282148",
        "_pre_msg": "11/03/2018 09:55:46 PM\nLogName=Security\nSourceName=Microsoft Windows security auditing.\nEventCode=4656\nEventType=0\nType=Information\nComputerName=employee-01.corp.wheelzapp.com\nTaskCategory=File System\nOpCode=Info\nRecordNumber=238675\nKeywords=Audit Success",
        "_raw": "11/03/2018 09:55:46 PM\nLogName=Security\nSourceName=Microsoft Windows security auditing.\nEventCode=4656\nEventType=0\nType=Information\nComputerName=employee-01.corp.wheelzapp.com\nTaskCategory=File System\nOpCode=Info\nRecordNumber=238675\nKeywords=Audit Success\nMessage=A handle to an object was requested.\n\nSubject:\n\tSecurity ID:\t\tCORP\\bsakamoto\n\tAccount Name:\t\tbsakamoto\n\tAccount Domain:\t\tCORP\n\tLogon ID:\t\t0xB87FF2\n\nObject:\n\tObject Server:\t\tSecurity\n\tObject Type:\t\tFile\n\tObject Name:\t\t\\Device\\MountPointManager\n\tHandle ID:\t\t0x1e24\n\tResource Attributes:\t-\n\nProcess Information:\n\tProcess ID:\t\t0x778\n\tProcess Name:\t\tC:\\Windows\\explorer.exe\n\nAccess Request Information:\n\tTransaction ID:\t\t{00000000-0000-0000-0000-000000000000}\n\tAccesses:\t\tSYNCHRONIZE\n\t\t\t\tReadAttributes\n\t\t\t\t\n\tAccess Reasons:\t\t-\n\tAccess Mask:\t\t0x100080\n\tPrivileges Used for Access Check:\t-\n\tRestricted SID Count:\t0",
        "_serial": "214941",
        "_si": [
          "index01",
          "main"
        ],
        "_time": "2018-11-03 21:55:46.000 UTC",
        "host": "t1-corp-employee-01",
        "index": "main",
        "linecount": "39",
        "source": "WinEventLog:Security",
        "sourcetype": "WinEventLog",
        "splunk_server": "index01"
      },
      {
        "Message": "The handle to an object was closed.\n\nSubject :\n\tSecurity ID:\t\tCORP\\bsakamoto\n\tAccount Name:\t\tbsakamoto\n\tAccount Domain:\t\tCORP\n\tLogon ID:\t\t0xB87FF2\n\nObject:\n\tObject Server:\t\tSecurity\n\tHandle ID:\t\t0x1024\n\nProcess Information:\n\tProcess ID:\t\t0x778\n\tProcess Name:\t\tC:\\Windows\\explorer.exe",
        "_bkt": "main~47~309B8BB8-F45C-44CE-ABE5-EF8B9EC8A780",
        "_cd": "47:288994665",
        "_indextime": "1541282148",
        "_pre_msg": "11/03/2018 09:55:46 PM\nLogName=Security\nSourceName=Microsoft Windows security auditing.\nEventCode=4658\nEventType=0\nType=Information\nComputerName=employee-01.corp.wheelzapp.com\nTaskCategory=File System\nOpCode=Info\nRecordNumber=238674\nKeywords=Audit Success",
        "_raw": "11/03/2018 09:55:46 PM\nLogName=Security\nSourceName=Microsoft Windows security auditing.\nEventCode=4658\nEventType=0\nType=Information\nComputerName=employee-01.corp.wheelzapp.com\nTaskCategory=File System\nOpCode=Info\nRecordNumber=238674\nKeywords=Audit Success\nMessage=The handle to an object was closed.\n\nSubject :\n\tSecurity ID:\t\tCORP\\bsakamoto\n\tAccount Name:\t\tbsakamoto\n\tAccount Domain:\t\tCORP\n\tLogon ID:\t\t0xB87FF2\n\nObject:\n\tObject Server:\t\tSecurity\n\tHandle ID:\t\t0x1024\n\nProcess Information:\n\tProcess ID:\t\t0x778\n\tProcess Name:\t\tC:\\Windows\\explorer.exe",
        "_serial": "214942",
        "_si": [
          "index01",
          "main"
        ],
        "_time": "2018-11-03 21:55:46.000 UTC",
        "host": "t1-corp-employee-01",
        "index": "main",
        "linecount": "26",
        "source": "WinEventLog:Security",
        "sourcetype": "WinEventLog",
        "splunk_server": "index01"
      },
      {
        "Message": "An attempt was made to duplicate a handle to an object.\n\nSubject:\n\tSecurity ID:\t\tCORP\\bsakamoto\n\tAccount Name:\t\tbsakamoto\n\tAccount Domain:\t\tCORP\n\tLogon ID:\t\t0xB87FF2\n\nSource Handle Information:\n\tSource Handle ID:\t0x1e24\n\tSource Process ID:\t0x778\n\nNew Handle Information:\n\tTarget Handle ID:\t0x1024\n\tTarget Process ID:\t0x4",
        "_bkt": "main~47~309B8BB8-F45C-44CE-ABE5-EF8B9EC8A780",
        "_cd": "47:288994644",
        "_indextime": "1541282148",
        "_pre_msg": "11/03/2018 09:55:46 PM\nLogName=Security\nSourceName=Microsoft Windows security auditing.\nEventCode=4690\nEventType=0\nType=Information\nComputerName=employee-01.corp.wheelzapp.com\nTaskCategory=Handle Manipulation\nOpCode=Info\nRecordNumber=238673\nKeywords=Audit Success",
        "_raw": "11/03/2018 09:55:46 PM\nLogName=Security\nSourceName=Microsoft Windows security auditing.\nEventCode=4690\nEventType=0\nType=Information\nComputerName=employee-01.corp.wheelzapp.com\nTaskCategory=Handle Manipulation\nOpCode=Info\nRecordNumber=238673\nKeywords=Audit Success\nMessage=An attempt was made to duplicate a handle to an object.\n\nSubject:\n\tSecurity ID:\t\tCORP\\bsakamoto\n\tAccount Name:\t\tbsakamoto\n\tAccount Domain:\t\tCORP\n\tLogon ID:\t\t0xB87FF2\n\nSource Handle Information:\n\tSource Handle ID:\t0x1e24\n\tSource Process ID:\t0x778\n\nNew Handle Information:\n\tTarget Handle ID:\t0x1024\n\tTarget Process ID:\t0x4",
        "_serial": "214943",
        "_si": [
          "index01",
          "main"
        ],
        "_time": "2018-11-03 21:55:46.000 UTC",
        "host": "t1-corp-employee-01",
        "index": "main",
        "linecount": "26",
        "source": "WinEventLog:Security",
        "sourcetype": "WinEventLog",
        "splunk_server": "index01"
      },
      {
        "Message": "The handle to an object was closed.\n\nSubject :\n\tSecurity ID:\t\tCORP\\bsakamoto\n\tAccount Name:\t\tbsakamoto\n\tAccount Domain:\t\tCORP\n\tLogon ID:\t\t0xB87FF2\n\nObject:\n\tObject Server:\t\tSecurity\n\tHandle ID:\t\t0x1e24\n\nProcess Information:\n\tProcess ID:\t\t0x778\n\tProcess Name:\t\tC:\\Windows\\explorer.exe",
        "_bkt": "main~47~309B8BB8-F45C-44CE-ABE5-EF8B9EC8A780",
        "_cd": "47:288992650",
        "_indextime": "1541282148",
        "_pre_msg": "11/03/2018 09:55:46 PM\nLogName=Security\nSourceName=Microsoft Windows security auditing.\nEventCode=4658\nEventType=0\nType=Information\nComputerName=employee-01.corp.wheelzapp.com\nTaskCategory=Removable Storage\nOpCode=Info\nRecordNumber=238672\nKeywords=Audit Success",
        "_raw": "11/03/2018 09:55:46 PM\nLogName=Security\nSourceName=Microsoft Windows security auditing.\nEventCode=4658\nEventType=0\nType=Information\nComputerName=employee-01.corp.wheelzapp.com\nTaskCategory=Removable Storage\nOpCode=Info\nRecordNumber=238672\nKeywords=Audit Success\nMessage=The handle to an object was closed.\n\nSubject :\n\tSecurity ID:\t\tCORP\\bsakamoto\n\tAccount Name:\t\tbsakamoto\n\tAccount Domain:\t\tCORP\n\tLogon ID:\t\t0xB87FF2\n\nObject:\n\tObject Server:\t\tSecurity\n\tHandle ID:\t\t0x1e24\n\nProcess Information:\n\tProcess ID:\t\t0x778\n\tProcess Name:\t\tC:\\Windows\\explorer.exe",
        "_serial": "214944",
        "_si": [
          "index01",
          "main"
        ],
        "_time": "2018-11-03 21:55:46.000 UTC",
        "host": "t1-corp-employee-01",
        "index": "main",
        "linecount": "26",
        "source": "WinEventLog:Security",
        "sourcetype": "WinEventLog",
        "splunk_server": "index01"
      },
      {
        "Message": "A handle to an object was requested.\n\nSubject:\n\tSecurity ID:\t\tCORP\\bsakamoto\n\tAccount Name:\t\tbsakamoto\n\tAccount Domain:\t\tCORP\n\tLogon ID:\t\t0xB87FF2\n\nObject:\n\tObject Server:\t\tSecurity\n\tObject Type:\t\tFile\n\tObject Name:\t\t\\Device\\HarddiskVolume1\n\tHandle ID:\t\t0x1e24\n\tResource Attributes:\t-\n\nProcess Information:\n\tProcess ID:\t\t0x778\n\tProcess Name:\t\tC:\\Windows\\explorer.exe\n\nAccess Request Information:\n\tTransaction ID:\t\t{00000000-0000-0000-0000-000000000000}\n\tAccesses:\t\tSYNCHRONIZE\n\t\t\t\tReadAttributes\n\t\t\t\t\n\tAccess Reasons:\t\t-\n\tAccess Mask:\t\t0x100080\n\tPrivileges Used for Access Check:\t-\n\tRestricted SID Count:\t0",
        "_bkt": "main~47~309B8BB8-F45C-44CE-ABE5-EF8B9EC8A780",
        "_cd": "47:288992619",
        "_indextime": "1541282148",
        "_pre_msg": "11/03/2018 09:55:46 PM\nLogName=Security\nSourceName=Microsoft Windows security auditing.\nEventCode=4656\nEventType=0\nType=Information\nComputerName=employee-01.corp.wheelzapp.com\nTaskCategory=Removable Storage\nOpCode=Info\nRecordNumber=238671\nKeywords=Audit Success",
        "_raw": "11/03/2018 09:55:46 PM\nLogName=Security\nSourceName=Microsoft Windows security auditing.\nEventCode=4656\nEventType=0\nType=Information\nComputerName=employee-01.corp.wheelzapp.com\nTaskCategory=Removable Storage\nOpCode=Info\nRecordNumber=238671\nKeywords=Audit Success\nMessage=A handle to an object was requested.\n\nSubject:\n\tSecurity ID:\t\tCORP\\bsakamoto\n\tAccount Name:\t\tbsakamoto\n\tAccount Domain:\t\tCORP\n\tLogon ID:\t\t0xB87FF2\n\nObject:\n\tObject Server:\t\tSecurity\n\tObject Type:\t\tFile\n\tObject Name:\t\t\\Device\\HarddiskVolume1\n\tHandle ID:\t\t0x1e24\n\tResource Attributes:\t-\n\nProcess Information:\n\tProcess ID:\t\t0x778\n\tProcess Name:\t\tC:\\Windows\\explorer.exe\n\nAccess Request Information:\n\tTransaction ID:\t\t{00000000-0000-0000-0000-000000000000}\n\tAccesses:\t\tSYNCHRONIZE\n\t\t\t\tReadAttributes\n\t\t\t\t\n\tAccess Reasons:\t\t-\n\tAccess Mask:\t\t0x100080\n\tPrivileges Used for Access Check:\t-\n\tRestricted SID Count:\t0",
        "_serial": "214945",
        "_si": [
          "index01",
          "main"
        ],
        "_time": "2018-11-03 21:55:46.000 UTC",
        "host": "t1-corp-employee-01",
        "index": "main",
        "linecount": "39",
        "source": "WinEventLog:Security",
        "sourcetype": "WinEventLog",
        "splunk_server": "index01"
      },
      {
        "Message": "The handle to an object was closed.\n\nSubject :\n\tSecurity ID:\t\tCORP\\bsakamoto\n\tAccount Name:\t\tbsakamoto\n\tAccount Domain:\t\tCORP\n\tLogon ID:\t\t0xB87FF2\n\nObject:\n\tObject Server:\t\tSecurity\n\tHandle ID:\t\t0x1024\n\nProcess Information:\n\tProcess ID:\t\t0x778\n\tProcess Name:\t\tC:\\Windows\\explorer.exe",
        "_bkt": "main~47~309B8BB8-F45C-44CE-ABE5-EF8B9EC8A780",
        "_cd": "47:288992599",
        "_indextime": "1541282148",
        "_pre_msg": "11/03/2018 09:55:46 PM\nLogName=Security\nSourceName=Microsoft Windows security auditing.\nEventCode=4658\nEventType=0\nType=Information\nComputerName=employee-01.corp.wheelzapp.com\nTaskCategory=Removable Storage\nOpCode=Info\nRecordNumber=238670\nKeywords=Audit Success",
        "_raw": "11/03/2018 09:55:46 PM\nLogName=Security\nSourceName=Microsoft Windows security auditing.\nEventCode=4658\nEventType=0\nType=Information\nComputerName=employee-01.corp.wheelzapp.com\nTaskCategory=Removable Storage\nOpCode=Info\nRecordNumber=238670\nKeywords=Audit Success\nMessage=The handle to an object was closed.\n\nSubject :\n\tSecurity ID:\t\tCORP\\bsakamoto\n\tAccount Name:\t\tbsakamoto\n\tAccount Domain:\t\tCORP\n\tLogon ID:\t\t0xB87FF2\n\nObject:\n\tObject Server:\t\tSecurity\n\tHandle ID:\t\t0x1024\n\nProcess Information:\n\tProcess ID:\t\t0x778\n\tProcess Name:\t\tC:\\Windows\\explorer.exe",
        "_serial": "214946",
        "_si": [
          "index01",
          "main"
        ],
        "_time": "2018-11-03 21:55:46.000 UTC",
        "host": "t1-corp-employee-01",
        "index": "main",
        "linecount": "26",
        "source": "WinEventLog:Security",
        "sourcetype": "WinEventLog",
        "splunk_server": "index01"
      },
      {
        "Message": "An attempt was made to duplicate a handle to an object.\n\nSubject:\n\tSecurity ID:\t\tCORP\\bsakamoto\n\tAccount Name:\t\tbsakamoto\n\tAccount Domain:\t\tCORP\n\tLogon ID:\t\t0xB87FF2\n\nSource Handle Information:\n\tSource Handle ID:\t0x1e24\n\tSource Process ID:\t0x778\n\nNew Handle Information:\n\tTarget Handle ID:\t0x1024\n\tTarget Process ID:\t0x4",
        "_bkt": "main~47~309B8BB8-F45C-44CE-ABE5-EF8B9EC8A780",
        "_cd": "47:288992578",
        "_indextime": "1541282148",
        "_pre_msg": "11/03/2018 09:55:46 PM\nLogName=Security\nSourceName=Microsoft Windows security auditing.\nEventCode=4690\nEventType=0\nType=Information\nComputerName=employee-01.corp.wheelzapp.com\nTaskCategory=Handle Manipulation\nOpCode=Info\nRecordNumber=238669\nKeywords=Audit Success",
        "_raw": "11/03/2018 09:55:46 PM\nLogName=Security\nSourceName=Microsoft Windows security auditing.\nEventCode=4690\nEventType=0\nType=Information\nComputerName=employee-01.corp.wheelzapp.com\nTaskCategory=Handle Manipulation\nOpCode=Info\nRecordNumber=238669\nKeywords=Audit Success\nMessage=An attempt was made to duplicate a handle to an object.\n\nSubject:\n\tSecurity ID:\t\tCORP\\bsakamoto\n\tAccount Name:\t\tbsakamoto\n\tAccount Domain:\t\tCORP\n\tLogon ID:\t\t0xB87FF2\n\nSource Handle Information:\n\tSource Handle ID:\t0x1e24\n\tSource Process ID:\t0x778\n\nNew Handle Information:\n\tTarget Handle ID:\t0x1024\n\tTarget Process ID:\t0x4",
        "_serial": "214947",
        "_si": [
          "index01",
          "main"
        ],
        "_time": "2018-11-03 21:55:46.000 UTC",
        "host": "t1-corp-employee-01",
        "index": "main",
        "linecount": "26",
        "source": "WinEventLog:Security",
        "sourcetype": "WinEventLog",
        "splunk_server": "index01"
      },
      {
        "Message": "The handle to an object was closed.\n\nSubject :\n\tSecurity ID:\t\tCORP\\bsakamoto\n\tAccount Name:\t\tbsakamoto\n\tAccount Domain:\t\tCORP\n\tLogon ID:\t\t0xB87FF2\n\nObject:\n\tObject Server:\t\tSecurity\n\tHandle ID:\t\t0x23a4\n\nProcess Information:\n\tProcess ID:\t\t0x778\n\tProcess Name:\t\tC:\\Windows\\explorer.exe",
        "_bkt": "main~47~309B8BB8-F45C-44CE-ABE5-EF8B9EC8A780",
        "_cd": "47:288992559",
        "_indextime": "1541282148",
        "_pre_msg": "11/03/2018 09:55:46 PM\nLogName=Security\nSourceName=Microsoft Windows security auditing.\nEventCode=4658\nEventType=0\nType=Information\nComputerName=employee-01.corp.wheelzapp.com\nTaskCategory=Kernel Object\nOpCode=Info\nRecordNumber=238668\nKeywords=Audit Success",
