        "_raw": "11/03/2018 11:10:48 PM\nLogName=Security\nSourceName=Microsoft Windows security auditing.\nEventCode=4658\nEventType=0\nType=Information\nComputerName=employee-01.corp.wheelzapp.com\nTaskCategory=Removable Storage\nOpCode=Info\nRecordNumber=294454\nKeywords=Audit Success\nMessage=The handle to an object was closed.\n\nSubject :\n\tSecurity ID:\t\tCORP\\jerrold.reddick\n\tAccount Name:\t\tjerrold.reddick\n\tAccount Domain:\t\tCORP\n\tLogon ID:\t\t0x150D208\n\nObject:\n\tObject Server:\t\tSecurity\n\tHandle ID:\t\t0x1340\n\nProcess Information:\n\tProcess ID:\t\t0xd1c\n\tProcess Name:\t\tC:\\Windows\\explorer.exe",
        "_serial": "39163",
        "_si": [
          "index01",
          "main"
        ],
        "_time": "2018-11-03 23:10:48.000 UTC",
        "host": "t1-corp-employee-01",
        "index": "main",
        "linecount": "26",
        "source": "WinEventLog:Security",
        "sourcetype": "WinEventLog",
        "splunk_server": "index01"
      },
      {
        "Message": "An attempt was made to duplicate a handle to an object.\n\nSubject:\n\tSecurity ID:\t\tCORP\\jerrold.reddick\n\tAccount Name:\t\tjerrold.reddick\n\tAccount Domain:\t\tCORP\n\tLogon ID:\t\t0x150D208\n\nSource Handle Information:\n\tSource Handle ID:\t0x13f4\n\tSource Process ID:\t0xd1c\n\nNew Handle Information:\n\tTarget Handle ID:\t0x1340\n\tTarget Process ID:\t0x4",
        "_bkt": "main~47~B135F5F1-8761-4D6B-9993-723ECD8DFAF7",
        "_cd": "47:210774319",
        "_indextime": "1541286649",
        "_pre_msg": "11/03/2018 11:10:48 PM\nLogName=Security\nSourceName=Microsoft Windows security auditing.\nEventCode=4690\nEventType=0\nType=Information\nComputerName=employee-01.corp.wheelzapp.com\nTaskCategory=Handle Manipulation\nOpCode=Info\nRecordNumber=294453\nKeywords=Audit Success",
        "_raw": "11/03/2018 11:10:48 PM\nLogName=Security\nSourceName=Microsoft Windows security auditing.\nEventCode=4690\nEventType=0\nType=Information\nComputerName=employee-01.corp.wheelzapp.com\nTaskCategory=Handle Manipulation\nOpCode=Info\nRecordNumber=294453\nKeywords=Audit Success\nMessage=An attempt was made to duplicate a handle to an object.\n\nSubject:\n\tSecurity ID:\t\tCORP\\jerrold.reddick\n\tAccount Name:\t\tjerrold.reddick\n\tAccount Domain:\t\tCORP\n\tLogon ID:\t\t0x150D208\n\nSource Handle Information:\n\tSource Handle ID:\t0x13f4\n\tSource Process ID:\t0xd1c\n\nNew Handle Information:\n\tTarget Handle ID:\t0x1340\n\tTarget Process ID:\t0x4",
        "_serial": "39164",
        "_si": [
          "index01",
          "main"
        ],
        "_time": "2018-11-03 23:10:48.000 UTC",
        "host": "t1-corp-employee-01",
        "index": "main",
        "linecount": "26",
        "source": "WinEventLog:Security",
        "sourcetype": "WinEventLog",
        "splunk_server": "index01"
      },
      {
        "Message": "The handle to an object was closed.\n\nSubject :\n\tSecurity ID:\t\tCORP\\jerrold.reddick\n\tAccount Name:\t\tjerrold.reddick\n\tAccount Domain:\t\tCORP\n\tLogon ID:\t\t0x150D208\n\nObject:\n\tObject Server:\t\tSecurity\n\tHandle ID:\t\t0x2338\n\nProcess Information:\n\tProcess ID:\t\t0xd1c\n\tProcess Name:\t\tC:\\Windows\\explorer.exe",
        "_bkt": "main~47~B135F5F1-8761-4D6B-9993-723ECD8DFAF7",
        "_cd": "47:210774299",
        "_indextime": "1541286649",
        "_pre_msg": "11/03/2018 11:10:48 PM\nLogName=Security\nSourceName=Microsoft Windows security auditing.\nEventCode=4658\nEventType=0\nType=Information\nComputerName=employee-01.corp.wheelzapp.com\nTaskCategory=File System\nOpCode=Info\nRecordNumber=294452\nKeywords=Audit Success",
        "_raw": "11/03/2018 11:10:48 PM\nLogName=Security\nSourceName=Microsoft Windows security auditing.\nEventCode=4658\nEventType=0\nType=Information\nComputerName=employee-01.corp.wheelzapp.com\nTaskCategory=File System\nOpCode=Info\nRecordNumber=294452\nKeywords=Audit Success\nMessage=The handle to an object was closed.\n\nSubject :\n\tSecurity ID:\t\tCORP\\jerrold.reddick\n\tAccount Name:\t\tjerrold.reddick\n\tAccount Domain:\t\tCORP\n\tLogon ID:\t\t0x150D208\n\nObject:\n\tObject Server:\t\tSecurity\n\tHandle ID:\t\t0x2338\n\nProcess Information:\n\tProcess ID:\t\t0xd1c\n\tProcess Name:\t\tC:\\Windows\\explorer.exe",
        "_serial": "39165",
        "_si": [
          "index01",
          "main"
        ],
        "_time": "2018-11-03 23:10:48.000 UTC",
        "host": "t1-corp-employee-01",
        "index": "main",
        "linecount": "26",
        "source": "WinEventLog:Security",
        "sourcetype": "WinEventLog",
        "splunk_server": "index01"
      },
      {
        "Message": "A handle to an object was requested.\n\nSubject:\n\tSecurity ID:\t\tCORP\\jerrold.reddick\n\tAccount Name:\t\tjerrold.reddick\n\tAccount Domain:\t\tCORP\n\tLogon ID:\t\t0x150D208\n\nObject:\n\tObject Server:\t\tSecurity\n\tObject Type:\t\tFile\n\tObject Name:\t\t\\Device\\MountPointManager\n\tHandle ID:\t\t0x2338\n\tResource Attributes:\t-\n\nProcess Information:\n\tProcess ID:\t\t0xd1c\n\tProcess Name:\t\tC:\\Windows\\explorer.exe\n\nAccess Request Information:\n\tTransaction ID:\t\t{00000000-0000-0000-0000-000000000000}\n\tAccesses:\t\tSYNCHRONIZE\n\t\t\t\tReadAttributes\n\t\t\t\t\n\tAccess Reasons:\t\t-\n\tAccess Mask:\t\t0x100080\n\tPrivileges Used for Access Check:\t-\n\tRestricted SID Count:\t0",
        "_bkt": "main~47~B135F5F1-8761-4D6B-9993-723ECD8DFAF7",
        "_cd": "47:210774268",
        "_indextime": "1541286649",
        "_pre_msg": "11/03/2018 11:10:48 PM\nLogName=Security\nSourceName=Microsoft Windows security auditing.\nEventCode=4656\nEventType=0\nType=Information\nComputerName=employee-01.corp.wheelzapp.com\nTaskCategory=File System\nOpCode=Info\nRecordNumber=294451\nKeywords=Audit Success",
        "_raw": "11/03/2018 11:10:48 PM\nLogName=Security\nSourceName=Microsoft Windows security auditing.\nEventCode=4656\nEventType=0\nType=Information\nComputerName=employee-01.corp.wheelzapp.com\nTaskCategory=File System\nOpCode=Info\nRecordNumber=294451\nKeywords=Audit Success\nMessage=A handle to an object was requested.\n\nSubject:\n\tSecurity ID:\t\tCORP\\jerrold.reddick\n\tAccount Name:\t\tjerrold.reddick\n\tAccount Domain:\t\tCORP\n\tLogon ID:\t\t0x150D208\n\nObject:\n\tObject Server:\t\tSecurity\n\tObject Type:\t\tFile\n\tObject Name:\t\t\\Device\\MountPointManager\n\tHandle ID:\t\t0x2338\n\tResource Attributes:\t-\n\nProcess Information:\n\tProcess ID:\t\t0xd1c\n\tProcess Name:\t\tC:\\Windows\\explorer.exe\n\nAccess Request Information:\n\tTransaction ID:\t\t{00000000-0000-0000-0000-000000000000}\n\tAccesses:\t\tSYNCHRONIZE\n\t\t\t\tReadAttributes\n\t\t\t\t\n\tAccess Reasons:\t\t-\n\tAccess Mask:\t\t0x100080\n\tPrivileges Used for Access Check:\t-\n\tRestricted SID Count:\t0",
        "_serial": "39166",
        "_si": [
          "index01",
          "main"
        ],
        "_time": "2018-11-03 23:10:48.000 UTC",
        "host": "t1-corp-employee-01",
        "index": "main",
        "linecount": "39",
        "source": "WinEventLog:Security",
        "sourcetype": "WinEventLog",
        "splunk_server": "index01"
      },
      {
        "Message": "The handle to an object was closed.\n\nSubject :\n\tSecurity ID:\t\tCORP\\jerrold.reddick\n\tAccount Name:\t\tjerrold.reddick\n\tAccount Domain:\t\tCORP\n\tLogon ID:\t\t0x150D208\n\nObject:\n\tObject Server:\t\tSecurity\n\tHandle ID:\t\t0x1200\n\nProcess Information:\n\tProcess ID:\t\t0xd1c\n\tProcess Name:\t\tC:\\Windows\\explorer.exe",
        "_bkt": "main~47~B135F5F1-8761-4D6B-9993-723ECD8DFAF7",
        "_cd": "47:210774248",
        "_indextime": "1541286649",
        "_pre_msg": "11/03/2018 11:10:48 PM\nLogName=Security\nSourceName=Microsoft Windows security auditing.\nEventCode=4658\nEventType=0\nType=Information\nComputerName=employee-01.corp.wheelzapp.com\nTaskCategory=File System\nOpCode=Info\nRecordNumber=294450\nKeywords=Audit Success",
        "_raw": "11/03/2018 11:10:48 PM\nLogName=Security\nSourceName=Microsoft Windows security auditing.\nEventCode=4658\nEventType=0\nType=Information\nComputerName=employee-01.corp.wheelzapp.com\nTaskCategory=File System\nOpCode=Info\nRecordNumber=294450\nKeywords=Audit Success\nMessage=The handle to an object was closed.\n\nSubject :\n\tSecurity ID:\t\tCORP\\jerrold.reddick\n\tAccount Name:\t\tjerrold.reddick\n\tAccount Domain:\t\tCORP\n\tLogon ID:\t\t0x150D208\n\nObject:\n\tObject Server:\t\tSecurity\n\tHandle ID:\t\t0x1200\n\nProcess Information:\n\tProcess ID:\t\t0xd1c\n\tProcess Name:\t\tC:\\Windows\\explorer.exe",
        "_serial": "39167",
        "_si": [
          "index01",
          "main"
        ],
        "_time": "2018-11-03 23:10:48.000 UTC",
        "host": "t1-corp-employee-01",
        "index": "main",
        "linecount": "26",
        "source": "WinEventLog:Security",
        "sourcetype": "WinEventLog",
        "splunk_server": "index01"
      },
      {
        "Message": "An attempt was made to duplicate a handle to an object.\n\nSubject:\n\tSecurity ID:\t\tCORP\\jerrold.reddick\n\tAccount Name:\t\tjerrold.reddick\n\tAccount Domain:\t\tCORP\n\tLogon ID:\t\t0x150D208\n\nSource Handle Information:\n\tSource Handle ID:\t0x2338\n\tSource Process ID:\t0xd1c\n\nNew Handle Information:\n\tTarget Handle ID:\t0x1200\n\tTarget Process ID:\t0x4",
        "_bkt": "main~47~B135F5F1-8761-4D6B-9993-723ECD8DFAF7",
        "_cd": "47:210774227",
        "_indextime": "1541286649",
        "_pre_msg": "11/03/2018 11:10:48 PM\nLogName=Security\nSourceName=Microsoft Windows security auditing.\nEventCode=4690\nEventType=0\nType=Information\nComputerName=employee-01.corp.wheelzapp.com\nTaskCategory=Handle Manipulation\nOpCode=Info\nRecordNumber=294449\nKeywords=Audit Success",
        "_raw": "11/03/2018 11:10:48 PM\nLogName=Security\nSourceName=Microsoft Windows security auditing.\nEventCode=4690\nEventType=0\nType=Information\nComputerName=employee-01.corp.wheelzapp.com\nTaskCategory=Handle Manipulation\nOpCode=Info\nRecordNumber=294449\nKeywords=Audit Success\nMessage=An attempt was made to duplicate a handle to an object.\n\nSubject:\n\tSecurity ID:\t\tCORP\\jerrold.reddick\n\tAccount Name:\t\tjerrold.reddick\n\tAccount Domain:\t\tCORP\n\tLogon ID:\t\t0x150D208\n\nSource Handle Information:\n\tSource Handle ID:\t0x2338\n\tSource Process ID:\t0xd1c\n\nNew Handle Information:\n\tTarget Handle ID:\t0x1200\n\tTarget Process ID:\t0x4",
        "_serial": "39168",
        "_si": [
          "index01",
          "main"
        ],
        "_time": "2018-11-03 23:10:48.000 UTC",
        "host": "t1-corp-employee-01",
        "index": "main",
        "linecount": "26",
        "source": "WinEventLog:Security",
        "sourcetype": "WinEventLog",
        "splunk_server": "index01"
      },
      {
        "Message": "The handle to an object was closed.\n\nSubject :\n\tSecurity ID:\t\tCORP\\jerrold.reddick\n\tAccount Name:\t\tjerrold.reddick\n\tAccount Domain:\t\tCORP\n\tLogon ID:\t\t0x150D208\n\nObject:\n\tObject Server:\t\tSecurity\n\tHandle ID:\t\t0x2338\n\nProcess Information:\n\tProcess ID:\t\t0xd1c\n\tProcess Name:\t\tC:\\Windows\\explorer.exe",
        "_bkt": "main~47~B135F5F1-8761-4D6B-9993-723ECD8DFAF7",
        "_cd": "47:210774207",
        "_indextime": "1541286649",
        "_pre_msg": "11/03/2018 11:10:48 PM\nLogName=Security\nSourceName=Microsoft Windows security auditing.\nEventCode=4658\nEventType=0\nType=Information\nComputerName=employee-01.corp.wheelzapp.com\nTaskCategory=Removable Storage\nOpCode=Info\nRecordNumber=294448\nKeywords=Audit Success",
        "_raw": "11/03/2018 11:10:48 PM\nLogName=Security\nSourceName=Microsoft Windows security auditing.\nEventCode=4658\nEventType=0\nType=Information\nComputerName=employee-01.corp.wheelzapp.com\nTaskCategory=Removable Storage\nOpCode=Info\nRecordNumber=294448\nKeywords=Audit Success\nMessage=The handle to an object was closed.\n\nSubject :\n\tSecurity ID:\t\tCORP\\jerrold.reddick\n\tAccount Name:\t\tjerrold.reddick\n\tAccount Domain:\t\tCORP\n\tLogon ID:\t\t0x150D208\n\nObject:\n\tObject Server:\t\tSecurity\n\tHandle ID:\t\t0x2338\n\nProcess Information:\n\tProcess ID:\t\t0xd1c\n\tProcess Name:\t\tC:\\Windows\\explorer.exe",
        "_serial": "39169",
        "_si": [
          "index01",
          "main"
        ],
        "_time": "2018-11-03 23:10:48.000 UTC",
        "host": "t1-corp-employee-01",
        "index": "main",
        "linecount": "26",
        "source": "WinEventLog:Security",
        "sourcetype": "WinEventLog",
        "splunk_server": "index01"
      },
      {
        "Message": "A handle to an object was requested.\n\nSubject:\n\tSecurity ID:\t\tCORP\\jerrold.reddick\n\tAccount Name:\t\tjerrold.reddick\n\tAccount Domain:\t\tCORP\n\tLogon ID:\t\t0x150D208\n\nObject:\n\tObject Server:\t\tSecurity\n\tObject Type:\t\tFile\n\tObject Name:\t\t\\Device\\HarddiskVolume1\n\tHandle ID:\t\t0x2338\n\tResource Attributes:\t-\n\nProcess Information:\n\tProcess ID:\t\t0xd1c\n\tProcess Name:\t\tC:\\Windows\\explorer.exe\n\nAccess Request Information:\n\tTransaction ID:\t\t{00000000-0000-0000-0000-000000000000}\n\tAccesses:\t\tSYNCHRONIZE\n\t\t\t\tReadAttributes\n\t\t\t\t\n\tAccess Reasons:\t\t-\n\tAccess Mask:\t\t0x100080\n\tPrivileges Used for Access Check:\t-\n\tRestricted SID Count:\t0",
        "_bkt": "main~47~B135F5F1-8761-4D6B-9993-723ECD8DFAF7",
        "_cd": "47:210774176",
        "_indextime": "1541286649",
        "_pre_msg": "11/03/2018 11:10:48 PM\nLogName=Security\nSourceName=Microsoft Windows security auditing.\nEventCode=4656\nEventType=0\nType=Information\nComputerName=employee-01.corp.wheelzapp.com\nTaskCategory=Removable Storage\nOpCode=Info\nRecordNumber=294447\nKeywords=Audit Success",
        "_raw": "11/03/2018 11:10:48 PM\nLogName=Security\nSourceName=Microsoft Windows security auditing.\nEventCode=4656\nEventType=0\nType=Information\nComputerName=employee-01.corp.wheelzapp.com\nTaskCategory=Removable Storage\nOpCode=Info\nRecordNumber=294447\nKeywords=Audit Success\nMessage=A handle to an object was requested.\n\nSubject:\n\tSecurity ID:\t\tCORP\\jerrold.reddick\n\tAccount Name:\t\tjerrold.reddick\n\tAccount Domain:\t\tCORP\n\tLogon ID:\t\t0x150D208\n\nObject:\n\tObject Server:\t\tSecurity\n\tObject Type:\t\tFile\n\tObject Name:\t\t\\Device\\HarddiskVolume1\n\tHandle ID:\t\t0x2338\n\tResource Attributes:\t-\n\nProcess Information:\n\tProcess ID:\t\t0xd1c\n\tProcess Name:\t\tC:\\Windows\\explorer.exe\n\nAccess Request Information:\n\tTransaction ID:\t\t{00000000-0000-0000-0000-000000000000}\n\tAccesses:\t\tSYNCHRONIZE\n\t\t\t\tReadAttributes\n\t\t\t\t\n\tAccess Reasons:\t\t-\n\tAccess Mask:\t\t0x100080\n\tPrivileges Used for Access Check:\t-\n\tRestricted SID Count:\t0",
        "_serial": "39170",
        "_si": [
          "index01",
          "main"
        ],
        "_time": "2018-11-03 23:10:48.000 UTC",
        "host": "t1-corp-employee-01",
        "index": "main",
        "linecount": "39",
        "source": "WinEventLog:Security",
        "sourcetype": "WinEventLog",
        "splunk_server": "index01"
      },
      {
        "Message": "The handle to an object was closed.\n\nSubject :\n\tSecurity ID:\t\tCORP\\jerrold.reddick\n\tAccount Name:\t\tjerrold.reddick\n\tAccount Domain:\t\tCORP\n\tLogon ID:\t\t0x150D208\n\nObject:\n\tObject Server:\t\tSecurity\n\tHandle ID:\t\t0x1200\n\nProcess Information:\n\tProcess ID:\t\t0xd1c\n\tProcess Name:\t\tC:\\Windows\\explorer.exe",
        "_bkt": "main~47~B135F5F1-8761-4D6B-9993-723ECD8DFAF7",
        "_cd": "47:210774156",
        "_indextime": "1541286649",
        "_pre_msg": "11/03/2018 11:10:48 PM\nLogName=Security\nSourceName=Microsoft Windows security auditing.\nEventCode=4658\nEventType=0\nType=Information\nComputerName=employee-01.corp.wheelzapp.com\nTaskCategory=Removable Storage\nOpCode=Info\nRecordNumber=294446\nKeywords=Audit Success",
        "_raw": "11/03/2018 11:10:48 PM\nLogName=Security\nSourceName=Microsoft Windows security auditing.\nEventCode=4658\nEventType=0\nType=Information\nComputerName=employee-01.corp.wheelzapp.com\nTaskCategory=Removable Storage\nOpCode=Info\nRecordNumber=294446\nKeywords=Audit Success\nMessage=The handle to an object was closed.\n\nSubject :\n\tSecurity ID:\t\tCORP\\jerrold.reddick\n\tAccount Name:\t\tjerrold.reddick\n\tAccount Domain:\t\tCORP\n\tLogon ID:\t\t0x150D208\n\nObject:\n\tObject Server:\t\tSecurity\n\tHandle ID:\t\t0x1200\n\nProcess Information:\n\tProcess ID:\t\t0xd1c\n\tProcess Name:\t\tC:\\Windows\\explorer.exe",
        "_serial": "39171",
        "_si": [
          "index01",
          "main"
        ],
        "_time": "2018-11-03 23:10:48.000 UTC",
        "host": "t1-corp-employee-01",
        "index": "main",
        "linecount": "26",
        "source": "WinEventLog:Security",
        "sourcetype": "WinEventLog",
        "splunk_server": "index01"
      },
      {
        "Message": "An attempt was made to duplicate a handle to an object.\n\nSubject:\n\tSecurity ID:\t\tCORP\\jerrold.reddick\n\tAccount Name:\t\tjerrold.reddick\n\tAccount Domain:\t\tCORP\n\tLogon ID:\t\t0x150D208\n\nSource Handle Information:\n\tSource Handle ID:\t0x2338\n\tSource Process ID:\t0xd1c\n\nNew Handle Information:\n\tTarget Handle ID:\t0x1200\n\tTarget Process ID:\t0x4",
        "_bkt": "main~47~B135F5F1-8761-4D6B-9993-723ECD8DFAF7",
        "_cd": "47:210774135",
        "_indextime": "1541286649",
        "_pre_msg": "11/03/2018 11:10:48 PM\nLogName=Security\nSourceName=Microsoft Windows security auditing.\nEventCode=4690\nEventType=0\nType=Information\nComputerName=employee-01.corp.wheelzapp.com\nTaskCategory=Handle Manipulation\nOpCode=Info\nRecordNumber=294445\nKeywords=Audit Success",
        "_raw": "11/03/2018 11:10:48 PM\nLogName=Security\nSourceName=Microsoft Windows security auditing.\nEventCode=4690\nEventType=0\nType=Information\nComputerName=employee-01.corp.wheelzapp.com\nTaskCategory=Handle Manipulation\nOpCode=Info\nRecordNumber=294445\nKeywords=Audit Success\nMessage=An attempt was made to duplicate a handle to an object.\n\nSubject:\n\tSecurity ID:\t\tCORP\\jerrold.reddick\n\tAccount Name:\t\tjerrold.reddick\n\tAccount Domain:\t\tCORP\n\tLogon ID:\t\t0x150D208\n\nSource Handle Information:\n\tSource Handle ID:\t0x2338\n\tSource Process ID:\t0xd1c\n\nNew Handle Information:\n\tTarget Handle ID:\t0x1200\n\tTarget Process ID:\t0x4",
        "_serial": "39172",
        "_si": [
          "index01",
          "main"
        ],
        "_time": "2018-11-03 23:10:48.000 UTC",
        "host": "t1-corp-employee-01",
        "index": "main",
        "linecount": "26",
        "source": "WinEventLog:Security",
        "sourcetype": "WinEventLog",
        "splunk_server": "index01"
      }
    ]
  },
  {
    "g": [
      {
        "_bkt": "ids~20~B135F5F1-8761-4D6B-9993-723ECD8DFAF7",
        "_cd": "20:413049",
        "_indextime": "1541284820",
        "_raw": "{\"timestamp\":\"2018-11-03T22:40:20.000103+0000\",\"flow_id\":238004062065095,\"in_iface\":\"ens4\",\"event_type\":\"alert\",\"src_ip\":\"10.0.1.54\",\"src_port\":60574,\"dest_ip\":\"169.254.169.254\",\"dest_port\":80,\"proto\":\"TCP\",\"tx_id\":0,\"alert\":{\"action\":\"allowed\",\"gid\":1,\"signature_id\":2013031,\"rev\":6,\"signature\":\"ET POLICY Python-urllib\\/ Suspicious User Agent\",\"category\":\"Attempted Information Leak\",\"severity\":2},\"http\":{\"hostname\":\"metadata.google.internal\",\"url\":\"\\/computeMetadata\\/v1\\/instance\\/network-interfaces\\/?alt=json&last_etag=7f59ecb50a8a392b&recursive=True&timeout_sec=64&wait_for_change=True\",\"http_user_agent\":\"Python-urllib\\/3.6\",\"http_content_type\":\"application\\/json\",\"http_method\":\"GET\",\"protocol\":\"HTTP\\/1.1\",\"status\":200,\"length\":318},\"app_proto\":\"http\",\"payload\":\"R0VUIC9jb21wdXRlTWV0YWRhdGEvdjEvaW5zdGFuY2UvbmV0d29yay1pbnRlcmZhY2VzLz9hbHQ9anNvbiZsYXN0X2V0YWc9N2Y1OWVjYjUwYThhMzkyYiZyZWN1cnNpdmU9VHJ1ZSZ0aW1lb3V0X3NlYz02NCZ3YWl0X2Zvcl9jaGFuZ2U9VHJ1ZSBIVFRQLzEuMQ0KQWNjZXB0LUVuY29kaW5nOiBpZGVudGl0eQ0KSG9zdDogbWV0YWRhdGEuZ29vZ2xlLmludGVybmFsDQpVc2VyLUFnZW50OiBQeXRob24tdXJsbGliLzMuNg0KTWV0YWRhdGEtRmxhdm9yOiBHb29nbGUNCkNvbm5lY3Rpb246IGNsb3NlDQoNCg==\",\"stream\":1,\"packet\":\"QgEKAAEBQgEKAAE2CABFAAAo9r5AAEAG5N4KAAE2qf6p\\/uyeAFC72nW9Ifquf1AQcwpfTQAA\",\"packet_info\":{\"linktype\":1}}",
        "_serial": "2335",
        "_si": [
          "index02",
          "ids"
        ],
        "_subsecond": ".000103",
        "_time": "2018-11-03 22:40:20.000 UTC",
        "host": "t1-prod-memcache-13",
        "index": "ids",
        "linecount": "1",
        "source": "/var/log/suricata/alert-json.log",
        "sourcetype": "suricata:alert",
        "splunk_server": "index02"
      }
    ],
    "e": [
      {
        "Message": "The Windows Filtering Platform has permitted a connection.\n\nApplication Information:\n\tProcess ID:\t\t3368\n\tApplication Name:\t\\device\\harddiskvolume1\\program files\\splunkuniversalforwarder\\bin\\splunkd.exe\n\nNetwork Information:\n\tDirection:\t\tOutbound\n\tSource Address:\t\t10.0.0.10\n\tSource Port:\t\t56478\n\tDestination Address:\t169.61.138.119\n\tDestination Port:\t\t9997\n\tProtocol:\t\t6\n\nFilter Information:\n\tFilter Run-Time ID:\t0\n\tLayer Name:\t\tConnect\n\tLayer Run-Time ID:\t48",
        "_bkt": "main~48~309B8BB8-F45C-44CE-ABE5-EF8B9EC8A780",
        "_cd": "48:105303396",
        "_indextime": "1541284822",
        "_pre_msg": "11/03/2018 10:40:20 PM\nLogName=Security\nSourceName=Microsoft Windows security auditing.\nEventCode=5156\nEventType=0\nType=Information\nComputerName=ad-00.corp.wheelzapp.com\nTaskCategory=Filtering Platform Connection\nOpCode=Info\nRecordNumber=939768\nKeywords=Audit Success",
        "_raw": "11/03/2018 10:40:20 PM\nLogName=Security\nSourceName=Microsoft Windows security auditing.\nEventCode=5156\nEventType=0\nType=Information\nComputerName=ad-00.corp.wheelzapp.com\nTaskCategory=Filtering Platform Connection\nOpCode=Info\nRecordNumber=939768\nKeywords=Audit Success\nMessage=The Windows Filtering Platform has permitted a connection.\n\nApplication Information:\n\tProcess ID:\t\t3368\n\tApplication Name:\t\\device\\harddiskvolume1\\program files\\splunkuniversalforwarder\\bin\\splunkd.exe\n\nNetwork Information:\n\tDirection:\t\tOutbound\n\tSource Address:\t\t10.0.0.10\n\tSource Port:\t\t56478\n\tDestination Address:\t169.61.138.119\n\tDestination Port:\t\t9997\n\tProtocol:\t\t6\n\nFilter Information:\n\tFilter Run-Time ID:\t0\n\tLayer Name:\t\tConnect\n\tLayer Run-Time ID:\t48",
        "_serial": "86988",
        "_si": [
          "index01",
          "main"
        ],
        "_time": "2018-11-03 22:40:20.000 UTC",
        "host": "t1-corp-ad-00",
        "index": "main",
        "linecount": "29",
        "source": "WinEventLog:Security",
        "sourcetype": "WinEventLog",
        "splunk_server": "index01"
      },
      {
        "Message": "A new process has been created.\n\nCreator Subject:\n\tSecurity ID:\t\tNT AUTHORITY\\SYSTEM\n\tAccount Name:\t\tEMPLOYEE-00$\n\tAccount Domain:\t\tCORP\n\tLogon ID:\t\t0x3E7\n\nTarget Subject:\n\tSecurity ID:\t\tNULL SID\n\tAccount Name:\t\t-\n\tAccount Domain:\t\t-\n\tLogon ID:\t\t0x0\n\nProcess Information:\n\tNew Process ID:\t\t0x844\n\tNew Process Name:\tC:\\Program Files\\SplunkUniversalForwarder\\bin\\splunk-powershell.exe\n\tToken Elevation Type:\t%%1936\n\tMandatory Label:\t\tMandatory Label\\System Mandatory Level\n\tCreator Process ID:\t0x7d8\n\tCreator Process Name:\tC:\\Program Files\\SplunkUniversalForwarder\\bin\\splunkd.exe\n\tProcess Command Line:\t\n\nToken Elevation Type indicates the type of token that was assigned to the new process in accordance with User Account Control policy.\n\nType 1 is a full token with no privileges removed or groups disabled.  A full token is only used if User Account Control is disabled or if the user is the built-in Administrator account or a service account.\n\nType 2 is an elevated token with no privileges removed or groups disabled.  An elevated token is used when User Account Control is enabled and the user chooses to start the program using Run as administrator.  An elevated token is also used when an application is configured to always require administrative privilege or to always require maximum privilege, and the user is a member of the Administrators group.\n\nType 3 is a limited token with administrative privileges removed and administrative groups disabled.  The limited token is used when User Account Control is enabled, the application does not require administrative privilege, and the user does not choose to start the program using Run as administrator.",
        "_bkt": "main~48~309B8BB8-F45C-44CE-ABE5-EF8B9EC8A780",
        "_cd": "48:105297385",
        "_indextime": "1541284822",
        "_pre_msg": "11/03/2018 10:40:20 PM\nLogName=Security\nSourceName=Microsoft Windows security auditing.\nEventCode=4688\nEventType=0\nType=Information\nComputerName=employee-00.corp.wheelzapp.com\nTaskCategory=Process Creation\nOpCode=Info\nRecordNumber=251657\nKeywords=Audit Success",
        "_raw": "11/03/2018 10:40:20 PM\nLogName=Security\nSourceName=Microsoft Windows security auditing.\nEventCode=4688\nEventType=0\nType=Information\nComputerName=employee-00.corp.wheelzapp.com\nTaskCategory=Process Creation\nOpCode=Info\nRecordNumber=251657\nKeywords=Audit Success\nMessage=A new process has been created.\n\nCreator Subject:\n\tSecurity ID:\t\tNT AUTHORITY\\SYSTEM\n\tAccount Name:\t\tEMPLOYEE-00$\n\tAccount Domain:\t\tCORP\n\tLogon ID:\t\t0x3E7\n\nTarget Subject:\n\tSecurity ID:\t\tNULL SID\n\tAccount Name:\t\t-\n\tAccount Domain:\t\t-\n\tLogon ID:\t\t0x0\n\nProcess Information:\n\tNew Process ID:\t\t0x844\n\tNew Process Name:\tC:\\Program Files\\SplunkUniversalForwarder\\bin\\splunk-powershell.exe\n\tToken Elevation Type:\t%%1936\n\tMandatory Label:\t\tMandatory Label\\System Mandatory Level\n\tCreator Process ID:\t0x7d8\n\tCreator Process Name:\tC:\\Program Files\\SplunkUniversalForwarder\\bin\\splunkd.exe\n\tProcess Command Line:\t\n\nToken Elevation Type indicates the type of token that was assigned to the new process in accordance with User Account Control policy.\n\nType 1 is a full token with no privileges removed or groups disabled.  A full token is only used if User Account Control is disabled or if the user is the built-in Administrator account or a service account.\n\nType 2 is an elevated token with no privileges removed or groups disabled.  An elevated token is used when User Account Control is enabled and the user chooses to start the program using Run as administrator.  An elevated token is also used when an application is configured to always require administrative privilege or to always require maximum privilege, and the user is a member of the Administrators group.\n\nType 3 is a limited token with administrative privileges removed and administrative groups disabled.  The limited token is used when User Account Control is enabled, the application does not require administrative privilege, and the user does not choose to start the program using Run as administrator.",
        "_serial": "86989",
        "_si": [
          "index01",
          "main"
        ],
        "_time": "2018-11-03 22:40:20.000 UTC",
        "host": "t1-corp-employee-00",
        "index": "main",
        "linecount": "41",
        "source": "WinEventLog:Security",
        "sourcetype": "WinEventLog",
        "splunk_server": "index01"
      },
      {
        "Message": "The handle to an object was closed.\n\nSubject :\n\tSecurity ID:\t\tNT AUTHORITY\\SYSTEM\n\tAccount Name:\t\tAD-00$\n\tAccount Domain:\t\tCORP\n\tLogon ID:\t\t0x3E7\n\nObject:\n\tObject Server:\t\tSecurity\n\tHandle ID:\t\t0x7fc\n\nProcess Information:\n\tProcess ID:\t\t0x1114\n\tProcess Name:\t\tC:\\Program Files (x86)\\BigFix Enterprise\\BES Client\\BESClient.exe",
        "_bkt": "main~48~309B8BB8-F45C-44CE-ABE5-EF8B9EC8A780",
        "_cd": "48:105255033",
        "_indextime": "1541284821",
        "_pre_msg": "11/03/2018 10:40:20 PM\nLogName=Security\nSourceName=Microsoft Windows security auditing.\nEventCode=4658\nEventType=0\nType=Information\nComputerName=ad-00.corp.wheelzapp.com\nTaskCategory=Kernel Object\nOpCode=Info\nRecordNumber=939767\nKeywords=Audit Success",
        "_raw": "11/03/2018 10:40:20 PM\nLogName=Security\nSourceName=Microsoft Windows security auditing.\nEventCode=4658\nEventType=0\nType=Information\nComputerName=ad-00.corp.wheelzapp.com\nTaskCategory=Kernel Object\nOpCode=Info\nRecordNumber=939767\nKeywords=Audit Success\nMessage=The handle to an object was closed.\n\nSubject :\n\tSecurity ID:\t\tNT AUTHORITY\\SYSTEM\n\tAccount Name:\t\tAD-00$\n\tAccount Domain:\t\tCORP\n\tLogon ID:\t\t0x3E7\n\nObject:\n\tObject Server:\t\tSecurity\n\tHandle ID:\t\t0x7fc\n\nProcess Information:\n\tProcess ID:\t\t0x1114\n\tProcess Name:\t\tC:\\Program Files (x86)\\BigFix Enterprise\\BES Client\\BESClient.exe",
        "_serial": "86990",
        "_si": [
          "index01",
          "main"
        ],
        "_time": "2018-11-03 22:40:20.000 UTC",
        "host": "t1-corp-ad-00",
        "index": "main",
        "linecount": "26",
        "source": "WinEventLog:Security",
        "sourcetype": "WinEventLog",
        "splunk_server": "index01"
      },
      {
        "Message": "A handle to an object was requested.\n\nSubject:\n\tSecurity ID:\t\tNT AUTHORITY\\SYSTEM\n\tAccount Name:\t\tAD-00$\n\tAccount Domain:\t\tCORP\n\tLogon ID:\t\t0x3E7\n\nObject:\n\tObject Server:\t\tSecurity\n\tObject Type:\t\tProcess\n\tObject Name:\t\t\\Device\\HarddiskVolume1\\Windows\\System32\\lsass.exe\n\tHandle ID:\t\t0x7fc\n\tResource Attributes:\t-\n\nProcess Information:\n\tProcess ID:\t\t0x1114\n\tProcess Name:\t\tC:\\Program Files (x86)\\BigFix Enterprise\\BES Client\\BESClient.exe\n\nAccess Request Information:\n\tTransaction ID:\t\t{00000000-0000-0000-0000-000000000000}\n\tAccesses:\t\tRead from process memory\n\t\t\t\tQuery process information\n\t\t\t\tUndefined Access (no effect) Bit 12\n\t\t\t\t\n\tAccess Reasons:\t\t-\n\tAccess Mask:\t\t0x1410\n\tPrivileges Used for Access Check:\t-\n\tRestricted SID Count:\t0",
        "_bkt": "main~48~309B8BB8-F45C-44CE-ABE5-EF8B9EC8A780",
        "_cd": "48:105254999",
        "_indextime": "1541284821",
        "_pre_msg": "11/03/2018 10:40:20 PM\nLogName=Security\nSourceName=Microsoft Windows security auditing.\nEventCode=4656\nEventType=0\nType=Information\nComputerName=ad-00.corp.wheelzapp.com\nTaskCategory=Kernel Object\nOpCode=Info\nRecordNumber=939766\nKeywords=Audit Success",
        "_raw": "11/03/2018 10:40:20 PM\nLogName=Security\nSourceName=Microsoft Windows security auditing.\nEventCode=4656\nEventType=0\nType=Information\nComputerName=ad-00.corp.wheelzapp.com\nTaskCategory=Kernel Object\nOpCode=Info\nRecordNumber=939766\nKeywords=Audit Success\nMessage=A handle to an object was requested.\n\nSubject:\n\tSecurity ID:\t\tNT AUTHORITY\\SYSTEM\n\tAccount Name:\t\tAD-00$\n\tAccount Domain:\t\tCORP\n\tLogon ID:\t\t0x3E7\n\nObject:\n\tObject Server:\t\tSecurity\n\tObject Type:\t\tProcess\n\tObject Name:\t\t\\Device\\HarddiskVolume1\\Windows\\System32\\lsass.exe\n\tHandle ID:\t\t0x7fc\n\tResource Attributes:\t-\n\nProcess Information:\n\tProcess ID:\t\t0x1114\n\tProcess Name:\t\tC:\\Program Files (x86)\\BigFix Enterprise\\BES Client\\BESClient.exe\n\nAccess Request Information:\n\tTransaction ID:\t\t{00000000-0000-0000-0000-000000000000}\n\tAccesses:\t\tRead from process memory\n\t\t\t\tQuery process information\n\t\t\t\tUndefined Access (no effect) Bit 12\n\t\t\t\t\n\tAccess Reasons:\t\t-\n\tAccess Mask:\t\t0x1410\n\tPrivileges Used for Access Check:\t-\n\tRestricted SID Count:\t0",
        "_serial": "86991",
        "_si": [
          "index01",
          "main"
        ],
        "_time": "2018-11-03 22:40:20.000 UTC",
        "host": "t1-corp-ad-00",
        "index": "main",
        "linecount": "40",
        "source": "WinEventLog:Security",
        "sourcetype": "WinEventLog",
        "splunk_server": "index01"
      },
      {
        "Message": "The handle to an object was closed.\n\nSubject :\n\tSecurity ID:\t\tNT AUTHORITY\\SYSTEM\n\tAccount Name:\t\tAD-00$\n\tAccount Domain:\t\tCORP\n\tLogon ID:\t\t0x3E7\n\nObject:\n\tObject Server:\t\tSecurity\n\tHandle ID:\t\t0x1278\n\nProcess Information:\n\tProcess ID:\t\t0x1114\n\tProcess Name:\t\tC:\\Program Files (x86)\\BigFix Enterprise\\BES Client\\BESClient.exe",
        "_bkt": "main~48~309B8BB8-F45C-44CE-ABE5-EF8B9EC8A780",
        "_cd": "48:105254978",
        "_indextime": "1541284821",
        "_pre_msg": "11/03/2018 10:40:20 PM\nLogName=Security\nSourceName=Microsoft Windows security auditing.\nEventCode=4658\nEventType=0\nType=Information\nComputerName=ad-00.corp.wheelzapp.com\nTaskCategory=Kernel Object\nOpCode=Info\nRecordNumber=939765\nKeywords=Audit Success",
        "_raw": "11/03/2018 10:40:20 PM\nLogName=Security\nSourceName=Microsoft Windows security auditing.\nEventCode=4658\nEventType=0\nType=Information\nComputerName=ad-00.corp.wheelzapp.com\nTaskCategory=Kernel Object\nOpCode=Info\nRecordNumber=939765\nKeywords=Audit Success\nMessage=The handle to an object was closed.\n\nSubject :\n\tSecurity ID:\t\tNT AUTHORITY\\SYSTEM\n\tAccount Name:\t\tAD-00$\n\tAccount Domain:\t\tCORP\n\tLogon ID:\t\t0x3E7\n\nObject:\n\tObject Server:\t\tSecurity\n\tHandle ID:\t\t0x1278\n\nProcess Information:\n\tProcess ID:\t\t0x1114\n\tProcess Name:\t\tC:\\Program Files (x86)\\BigFix Enterprise\\BES Client\\BESClient.exe",
        "_serial": "86992",
        "_si": [
          "index01",
          "main"
        ],
        "_time": "2018-11-03 22:40:20.000 UTC",
        "host": "t1-corp-ad-00",
        "index": "main",
        "linecount": "26",
        "source": "WinEventLog:Security",
        "sourcetype": "WinEventLog",
        "splunk_server": "index01"
      },
      {
        "Message": "An attempt was made to duplicate a handle to an object.\n\nSubject:\n\tSecurity ID:\t\tNT AUTHORITY\\SYSTEM\n\tAccount Name:\t\tAD-00$\n\tAccount Domain:\t\tCORP\n\tLogon ID:\t\t0x3E7\n\nSource Handle Information:\n\tSource Handle ID:\t0x7fc\n\tSource Process ID:\t0x1114\n\nNew Handle Information:\n\tTarget Handle ID:\t0x1278\n\tTarget Process ID:\t0x4",
        "_bkt": "main~48~309B8BB8-F45C-44CE-ABE5-EF8B9EC8A780",
        "_cd": "48:105254957",
        "_indextime": "1541284821",
        "_pre_msg": "11/03/2018 10:40:20 PM\nLogName=Security\nSourceName=Microsoft Windows security auditing.\nEventCode=4690\nEventType=0\nType=Information\nComputerName=ad-00.corp.wheelzapp.com\nTaskCategory=Handle Manipulation\nOpCode=Info\nRecordNumber=939764\nKeywords=Audit Success",
        "_raw": "11/03/2018 10:40:20 PM\nLogName=Security\nSourceName=Microsoft Windows security auditing.\nEventCode=4690\nEventType=0\nType=Information\nComputerName=ad-00.corp.wheelzapp.com\nTaskCategory=Handle Manipulation\nOpCode=Info\nRecordNumber=939764\nKeywords=Audit Success\nMessage=An attempt was made to duplicate a handle to an object.\n\nSubject:\n\tSecurity ID:\t\tNT AUTHORITY\\SYSTEM\n\tAccount Name:\t\tAD-00$\n\tAccount Domain:\t\tCORP\n\tLogon ID:\t\t0x3E7\n\nSource Handle Information:\n\tSource Handle ID:\t0x7fc\n\tSource Process ID:\t0x1114\n\nNew Handle Information:\n\tTarget Handle ID:\t0x1278\n\tTarget Process ID:\t0x4",
        "_serial": "86993",
        "_si": [
          "index01",
          "main"
        ],
        "_time": "2018-11-03 22:40:20.000 UTC",
        "host": "t1-corp-ad-00",
        "index": "main",
        "linecount": "26",
        "source": "WinEventLog:Security",
        "sourcetype": "WinEventLog",
        "splunk_server": "index01"
      },
      {
        "Message": "The handle to an object was closed.\n\nSubject :\n\tSecurity ID:\t\tNT AUTHORITY\\SYSTEM\n\tAccount Name:\t\tAD-00$\n\tAccount Domain:\t\tCORP\n\tLogon ID:\t\t0x3E7\n\nObject:\n\tObject Server:\t\tSecurity\n\tHandle ID:\t\t0x6f8\n\nProcess Information:\n\tProcess ID:\t\t0x1114\n\tProcess Name:\t\tC:\\Program Files (x86)\\BigFix Enterprise\\BES Client\\BESClient.exe",
        "_bkt": "main~48~309B8BB8-F45C-44CE-ABE5-EF8B9EC8A780",
        "_cd": "48:105254936",
        "_indextime": "1541284821",
        "_pre_msg": "11/03/2018 10:40:20 PM\nLogName=Security\nSourceName=Microsoft Windows security auditing.\nEventCode=4658\nEventType=0\nType=Information\nComputerName=ad-00.corp.wheelzapp.com\nTaskCategory=Kernel Object\nOpCode=Info\nRecordNumber=939763\nKeywords=Audit Success",
        "_raw": "11/03/2018 10:40:20 PM\nLogName=Security\nSourceName=Microsoft Windows security auditing.\nEventCode=4658\nEventType=0\nType=Information\nComputerName=ad-00.corp.wheelzapp.com\nTaskCategory=Kernel Object\nOpCode=Info\nRecordNumber=939763\nKeywords=Audit Success\nMessage=The handle to an object was closed.\n\nSubject :\n\tSecurity ID:\t\tNT AUTHORITY\\SYSTEM\n\tAccount Name:\t\tAD-00$\n\tAccount Domain:\t\tCORP\n\tLogon ID:\t\t0x3E7\n\nObject:\n\tObject Server:\t\tSecurity\n\tHandle ID:\t\t0x6f8\n\nProcess Information:\n\tProcess ID:\t\t0x1114\n\tProcess Name:\t\tC:\\Program Files (x86)\\BigFix Enterprise\\BES Client\\BESClient.exe",
        "_serial": "86994",
        "_si": [
          "index01",
          "main"
        ],
        "_time": "2018-11-03 22:40:20.000 UTC",
        "host": "t1-corp-ad-00",
        "index": "main",
        "linecount": "26",
        "source": "WinEventLog:Security",
        "sourcetype": "WinEventLog",
        "splunk_server": "index01"
      },
      {
        "Message": "An attempt was made to access an object.\n\nSubject:\n\tSecurity ID:\t\tNT AUTHORITY\\SYSTEM\n\tAccount Name:\t\tAD-00$\n\tAccount Domain:\t\tCORP\n\tLogon ID:\t\t0x3E7\n\nObject:\n\tObject Server:\t\tSecurity\n\tObject Type:\t\tProcess\n\tObject Name:\t\t\\Device\\HarddiskVolume1\\Windows\\System32\\lsass.exe\n\tHandle ID:\t\t0x6f8\n\tResource Attributes:\t-\n\nProcess Information:\n\tProcess ID:\t\t0x1114\n\tProcess Name:\t\tC:\\Program Files (x86)\\BigFix Enterprise\\BES Client\\BESClient.exe\n\nAccess Request Information:\n\tAccesses:\t\tRead from process memory\n\t\t\t\t\n\tAccess Mask:\t\t0x10",
        "_bkt": "main~48~309B8BB8-F45C-44CE-ABE5-EF8B9EC8A780",
        "_cd": "48:105254908",
        "_indextime": "1541284821",
        "_pre_msg": "11/03/2018 10:40:20 PM\nLogName=Security\nSourceName=Microsoft Windows security auditing.\nEventCode=4663\nEventType=0\nType=Information\nComputerName=ad-00.corp.wheelzapp.com\nTaskCategory=Kernel Object\nOpCode=Info\nRecordNumber=939762\nKeywords=Audit Success",
        "_raw": "11/03/2018 10:40:20 PM\nLogName=Security\nSourceName=Microsoft Windows security auditing.\nEventCode=4663\nEventType=0\nType=Information\nComputerName=ad-00.corp.wheelzapp.com\nTaskCategory=Kernel Object\nOpCode=Info\nRecordNumber=939762\nKeywords=Audit Success\nMessage=An attempt was made to access an object.\n\nSubject:\n\tSecurity ID:\t\tNT AUTHORITY\\SYSTEM\n\tAccount Name:\t\tAD-00$\n\tAccount Domain:\t\tCORP\n\tLogon ID:\t\t0x3E7\n\nObject:\n\tObject Server:\t\tSecurity\n\tObject Type:\t\tProcess\n\tObject Name:\t\t\\Device\\HarddiskVolume1\\Windows\\System32\\lsass.exe\n\tHandle ID:\t\t0x6f8\n\tResource Attributes:\t-\n\nProcess Information:\n\tProcess ID:\t\t0x1114\n\tProcess Name:\t\tC:\\Program Files (x86)\\BigFix Enterprise\\BES Client\\BESClient.exe\n\nAccess Request Information:\n\tAccesses:\t\tRead from process memory\n\t\t\t\t\n\tAccess Mask:\t\t0x10",
        "_serial": "86995",
        "_si": [
          "index01",
          "main"
        ],
        "_time": "2018-11-03 22:40:20.000 UTC",
        "host": "t1-corp-ad-00",
        "index": "main",
        "linecount": "34",
        "source": "WinEventLog:Security",
        "sourcetype": "WinEventLog",
        "splunk_server": "index01"
      },
      {
        "Message": "A handle to an object was requested.\n\nSubject:\n\tSecurity ID:\t\tNT AUTHORITY\\SYSTEM\n\tAccount Name:\t\tAD-00$\n\tAccount Domain:\t\tCORP\n\tLogon ID:\t\t0x3E7\n\nObject:\n\tObject Server:\t\tSecurity\n\tObject Type:\t\tProcess\n\tObject Name:\t\t\\Device\\HarddiskVolume1\\Windows\\System32\\lsass.exe\n\tHandle ID:\t\t0x6f8\n\tResource Attributes:\t-\n\nProcess Information:\n\tProcess ID:\t\t0x1114\n\tProcess Name:\t\tC:\\Program Files (x86)\\BigFix Enterprise\\BES Client\\BESClient.exe\n\nAccess Request Information:\n\tTransaction ID:\t\t{00000000-0000-0000-0000-000000000000}\n\tAccesses:\t\tDELETE\n\t\t\t\tREAD_CONTROL\n\t\t\t\tWRITE_DAC\n\t\t\t\tWRITE_OWNER\n\t\t\t\tSYNCHRONIZE\n\t\t\t\tForce process termination\n\t\t\t\tCreate new thread in process\n\t\t\t\tSet process session ID\n\t\t\t\tPerform virtual memory operation\n\t\t\t\tRead from process memory\n\t\t\t\tWrite to process memory\n\t\t\t\tDuplicate handle into or out of process\n\t\t\t\tCreate a subprocess of process\n\t\t\t\tSet process quotas\n\t\t\t\tSet process information\n\t\t\t\tQuery process information\n\t\t\t\tSet process termination port\n\t\t\t\tUndefined Access (no effect) Bit 12\n\t\t\t\tUndefined Access (no effect) Bit 13\n\t\t\t\tUndefined Access (no effect) Bit 14\n\t\t\t\tUndefined Access (no effect) Bit 15\n\t\t\t\t\n\tAccess Reasons:\t\t-\n\tAccess Mask:\t\t0x1FFFFF\n\tPrivileges Used for Access Check:\t-\n\tRestricted SID Count:\t0",
        "_bkt": "main~48~309B8BB8-F45C-44CE-ABE5-EF8B9EC8A780",
        "_cd": "48:105254097",
        "_indextime": "1541284821",
        "_pre_msg": "11/03/2018 10:40:20 PM\nLogName=Security\nSourceName=Microsoft Windows security auditing.\nEventCode=4656\nEventType=0\nType=Information\nComputerName=ad-00.corp.wheelzapp.com\nTaskCategory=Kernel Object\nOpCode=Info\nRecordNumber=939761\nKeywords=Audit Success",
        "_raw": "11/03/2018 10:40:20 PM\nLogName=Security\nSourceName=Microsoft Windows security auditing.\nEventCode=4656\nEventType=0\nType=Information\nComputerName=ad-00.corp.wheelzapp.com\nTaskCategory=Kernel Object\nOpCode=Info\nRecordNumber=939761\nKeywords=Audit Success\nMessage=A handle to an object was requested.\n\nSubject:\n\tSecurity ID:\t\tNT AUTHORITY\\SYSTEM\n\tAccount Name:\t\tAD-00$\n\tAccount Domain:\t\tCORP\n\tLogon ID:\t\t0x3E7\n\nObject:\n\tObject Server:\t\tSecurity\n\tObject Type:\t\tProcess\n\tObject Name:\t\t\\Device\\HarddiskVolume1\\Windows\\System32\\lsass.exe\n\tHandle ID:\t\t0x6f8\n\tResource Attributes:\t-\n\nProcess Information:\n\tProcess ID:\t\t0x1114\n\tProcess Name:\t\tC:\\Program Files (x86)\\BigFix Enterprise\\BES Client\\BESClient.exe\n\nAccess Request Information:\n\tTransaction ID:\t\t{00000000-0000-0000-0000-000000000000}\n\tAccesses:\t\tDELETE\n\t\t\t\tREAD_CONTROL\n\t\t\t\tWRITE_DAC\n\t\t\t\tWRITE_OWNER\n\t\t\t\tSYNCHRONIZE\n\t\t\t\tForce process termination\n\t\t\t\tCreate new thread in process\n\t\t\t\tSet process session ID\n\t\t\t\tPerform virtual memory operation\n\t\t\t\tRead from process memory\n\t\t\t\tWrite to process memory\n\t\t\t\tDuplicate handle into or out of process\n\t\t\t\tCreate a subprocess of process\n\t\t\t\tSet process quotas\n\t\t\t\tSet process information\n\t\t\t\tQuery process information\n\t\t\t\tSet process termination port\n\t\t\t\tUndefined Access (no effect) Bit 12\n\t\t\t\tUndefined Access (no effect) Bit 13\n\t\t\t\tUndefined Access (no effect) Bit 14\n\t\t\t\tUndefined Access (no effect) Bit 15\n\t\t\t\t\n\tAccess Reasons:\t\t-\n\tAccess Mask:\t\t0x1FFFFF\n\tPrivileges Used for Access Check:\t-\n\tRestricted SID Count:\t0",
        "_serial": "86996",
        "_si": [
          "index01",
          "main"
        ],
        "_time": "2018-11-03 22:40:20.000 UTC",
        "host": "t1-corp-ad-00",
        "index": "main",
        "linecount": "58",
        "source": "WinEventLog:Security",
        "sourcetype": "WinEventLog",
        "splunk_server": "index01"
      },
      {
        "Message": "The handle to an object was closed.\n\nSubject :\n\tSecurity ID:\t\tNT AUTHORITY\\SYSTEM\n\tAccount Name:\t\tAD-00$\n\tAccount Domain:\t\tCORP\n\tLogon ID:\t\t0x3E7\n\nObject:\n\tObject Server:\t\tSecurity\n\tHandle ID:\t\t0x1278\n\nProcess Information:\n\tProcess ID:\t\t0x1114\n\tProcess Name:\t\tC:\\Program Files (x86)\\BigFix Enterprise\\BES Client\\BESClient.exe",
        "_bkt": "main~48~309B8BB8-F45C-44CE-ABE5-EF8B9EC8A780",
        "_cd": "48:105254076",
        "_indextime": "1541284821",
        "_pre_msg": "11/03/2018 10:40:20 PM\nLogName=Security\nSourceName=Microsoft Windows security auditing.\nEventCode=4658\nEventType=0\nType=Information\nComputerName=ad-00.corp.wheelzapp.com\nTaskCategory=Kernel Object\nOpCode=Info\nRecordNumber=939760\nKeywords=Audit Success",
        "_raw": "11/03/2018 10:40:20 PM\nLogName=Security\nSourceName=Microsoft Windows security auditing.\nEventCode=4658\nEventType=0\nType=Information\nComputerName=ad-00.corp.wheelzapp.com\nTaskCategory=Kernel Object\nOpCode=Info\nRecordNumber=939760\nKeywords=Audit Success\nMessage=The handle to an object was closed.\n\nSubject :\n\tSecurity ID:\t\tNT AUTHORITY\\SYSTEM\n\tAccount Name:\t\tAD-00$\n\tAccount Domain:\t\tCORP\n\tLogon ID:\t\t0x3E7\n\nObject:\n\tObject Server:\t\tSecurity\n\tHandle ID:\t\t0x1278\n\nProcess Information:\n\tProcess ID:\t\t0x1114\n\tProcess Name:\t\tC:\\Program Files (x86)\\BigFix Enterprise\\BES Client\\BESClient.exe",
        "_serial": "86997",
        "_si": [
          "index01",
          "main"
        ],
        "_time": "2018-11-03 22:40:20.000 UTC",
        "host": "t1-corp-ad-00",
        "index": "main",
        "linecount": "26",
        "source": "WinEventLog:Security",
        "sourcetype": "WinEventLog",
        "splunk_server": "index01"
      },
      {
        "Message": "An attempt was made to duplicate a handle to an object.\n\nSubject:\n\tSecurity ID:\t\tNT AUTHORITY\\SYSTEM\n\tAccount Name:\t\tAD-00$\n\tAccount Domain:\t\tCORP\n\tLogon ID:\t\t0x3E7\n\nSource Handle Information:\n\tSource Handle ID:\t0x6f8\n\tSource Process ID:\t0x1114\n\nNew Handle Information:\n\tTarget Handle ID:\t0x1278\n\tTarget Process ID:\t0x4",
        "_bkt": "main~48~309B8BB8-F45C-44CE-ABE5-EF8B9EC8A780",
        "_cd": "48:105254055",
        "_indextime": "1541284821",
        "_pre_msg": "11/03/2018 10:40:20 PM\nLogName=Security\nSourceName=Microsoft Windows security auditing.\nEventCode=4690\nEventType=0\nType=Information\nComputerName=ad-00.corp.wheelzapp.com\nTaskCategory=Handle Manipulation\nOpCode=Info\nRecordNumber=939759\nKeywords=Audit Success",
        "_raw": "11/03/2018 10:40:20 PM\nLogName=Security\nSourceName=Microsoft Windows security auditing.\nEventCode=4690\nEventType=0\nType=Information\nComputerName=ad-00.corp.wheelzapp.com\nTaskCategory=Handle Manipulation\nOpCode=Info\nRecordNumber=939759\nKeywords=Audit Success\nMessage=An attempt was made to duplicate a handle to an object.\n\nSubject:\n\tSecurity ID:\t\tNT AUTHORITY\\SYSTEM\n\tAccount Name:\t\tAD-00$\n\tAccount Domain:\t\tCORP\n\tLogon ID:\t\t0x3E7\n\nSource Handle Information:\n\tSource Handle ID:\t0x6f8\n\tSource Process ID:\t0x1114\n\nNew Handle Information:\n\tTarget Handle ID:\t0x1278\n\tTarget Process ID:\t0x4",
        "_serial": "86998",
        "_si": [
          "index01",
          "main"
        ],
        "_time": "2018-11-03 22:40:20.000 UTC",
        "host": "t1-corp-ad-00",
        "index": "main",
        "linecount": "26",
        "source": "WinEventLog:Security",
        "sourcetype": "WinEventLog",
        "splunk_server": "index01"
      }
    ]
  },
  {
    "g": [
      {
        "_bkt": "ids~21~309B8BB8-F45C-44CE-ABE5-EF8B9EC8A780",
        "_cd": "21:48316667",
        "_indextime": "1541284014",
        "_raw": "{\"timestamp\":\"2018-11-03T22:26:54.000131+0000\",\"flow_id\":1624979944372185,\"in_iface\":\"ens4\",\"event_type\":\"alert\",\"src_ip\":\"10.0.47.21\",\"src_port\":40438,\"dest_ip\":\"169.254.169.254\",\"dest_port\":80,\"proto\":\"TCP\",\"tx_id\":0,\"alert\":{\"action\":\"allowed\",\"gid\":1,\"signature_id\":2013031,\"rev\":6,\"signature\":\"ET POLICY Python-urllib\\/ Suspicious User Agent\",\"category\":\"Attempted Information Leak\",\"severity\":2},\"http\":{\"hostname\":\"metadata.google.internal\",\"url\":\"\\/computeMetadata\\/v1\\/?alt=json&last_etag=7d37dec4bd696a2f&recursive=True&timeout_sec=84&wait_for_change=True\",\"http_user_agent\":\"Python-urllib\\/3.6\",\"http_method\":\"GET\",\"protocol\":\"HTTP\\/1.1\",\"length\":0},\"app_proto\":\"http\",\"payload\":\"R0VUIC9jb21wdXRlTWV0YWRhdGEvdjEvP2FsdD1qc29uJmxhc3RfZXRhZz03ZDM3ZGVjNGJkNjk2YTJmJnJlY3Vyc2l2ZT1UcnVlJnRpbWVvdXRfc2VjPTg0JndhaXRfZm9yX2NoYW5nZT1UcnVlIEhUVFAvMS4xDQpBY2NlcHQtRW5jb2Rpbmc6IGlkZW50aXR5DQpIb3N0OiBtZXRhZGF0YS5nb29nbGUuaW50ZXJuYWwNClVzZXItQWdlbnQ6IFB5dGhvbi11cmxsaWIvMy42DQpNZXRhZGF0YS1GbGF2b3I6IEdvb2dsZQ0KQ29ubmVjdGlvbjogY2xvc2UNCg0K\",\"stream\":1,\"packet\":\"QgEKAC8BQgEKAC8VCABFAAAoFnZAAEAGl0gKAC8Vqf6p\\/p32AFBfMldkUk27e1AQhSCNLAAA\",\"packet_info\":{\"linktype\":1}}",
        "_serial": "3163",
        "_si": [
          "index01",
          "ids"
        ],
        "_subsecond": ".000131",
        "_time": "2018-11-03 22:26:54.000 UTC",
        "host": "t1-cars-car-21",
        "index": "ids",
        "linecount": "1",
        "source": "/var/log/suricata/alert-json.log",
        "sourcetype": "suricata:alert",
        "splunk_server": "index01"
      }
    ],
    "e": [
      {
        "Message": "The handle to an object was closed.\n\nSubject :\n\tSecurity ID:\t\tNT AUTHORITY\\SYSTEM\n\tAccount Name:\t\tEMPLOYEE-00$\n\tAccount Domain:\t\tCORP\n\tLogon ID:\t\t0x3E7\n\nObject:\n\tObject Server:\t\tSecurity\n\tHandle ID:\t\t0x654\n\nProcess Information:\n\tProcess ID:\t\t0xd7c\n\tProcess Name:\t\tC:\\Program Files (x86)\\BigFix Enterprise\\BES Client\\BESClient.exe",
        "_bkt": "main~48~309B8BB8-F45C-44CE-ABE5-EF8B9EC8A780",
        "_cd": "48:16117259",
        "_indextime": "1541284015",
