        "_raw": "11/03/2018 08:40:17 PM\nLogName=Security\nSourceName=Microsoft Windows security auditing.\nEventCode=4658\nEventType=0\nType=Information\nComputerName=ad-00.corp.wheelzapp.com\nTaskCategory=Removable Storage\nOpCode=Info\nRecordNumber=834689\nKeywords=Audit Success\nMessage=The handle to an object was closed.\n\nSubject :\n\tSecurity ID:\t\tNT AUTHORITY\\SYSTEM\n\tAccount Name:\t\tAD-00$\n\tAccount Domain:\t\tCORP\n\tLogon ID:\t\t0x3E7\n\nObject:\n\tObject Server:\t\tSecurity\n\tHandle ID:\t\t0xfa0\n\nProcess Information:\n\tProcess ID:\t\t0x1114\n\tProcess Name:\t\tC:\\Program Files (x86)\\BigFix Enterprise\\BES Client\\BESClient.exe",
        "_serial": "365175",
        "_si": [
          "index01",
          "main"
        ],
        "_time": "2018-11-03 20:40:17.000 UTC",
        "host": "t1-corp-ad-00",
        "index": "main",
        "linecount": "26",
        "source": "WinEventLog:Security",
        "sourcetype": "WinEventLog",
        "splunk_server": "index01"
      },
      {
        "Message": "An attempt was made to duplicate a handle to an object.\n\nSubject:\n\tSecurity ID:\t\tNT AUTHORITY\\SYSTEM\n\tAccount Name:\t\tAD-00$\n\tAccount Domain:\t\tCORP\n\tLogon ID:\t\t0x3E7\n\nSource Handle Information:\n\tSource Handle ID:\t0x634\n\tSource Process ID:\t0x1114\n\nNew Handle Information:\n\tTarget Handle ID:\t0xfa0\n\tTarget Process ID:\t0x4",
        "_bkt": "main~45~B135F5F1-8761-4D6B-9993-723ECD8DFAF7",
        "_cd": "45:130185894",
        "_indextime": "1541277617",
        "_pre_msg": "11/03/2018 08:40:17 PM\nLogName=Security\nSourceName=Microsoft Windows security auditing.\nEventCode=4690\nEventType=0\nType=Information\nComputerName=ad-00.corp.wheelzapp.com\nTaskCategory=Handle Manipulation\nOpCode=Info\nRecordNumber=834688\nKeywords=Audit Success",
        "_raw": "11/03/2018 08:40:17 PM\nLogName=Security\nSourceName=Microsoft Windows security auditing.\nEventCode=4690\nEventType=0\nType=Information\nComputerName=ad-00.corp.wheelzapp.com\nTaskCategory=Handle Manipulation\nOpCode=Info\nRecordNumber=834688\nKeywords=Audit Success\nMessage=An attempt was made to duplicate a handle to an object.\n\nSubject:\n\tSecurity ID:\t\tNT AUTHORITY\\SYSTEM\n\tAccount Name:\t\tAD-00$\n\tAccount Domain:\t\tCORP\n\tLogon ID:\t\t0x3E7\n\nSource Handle Information:\n\tSource Handle ID:\t0x634\n\tSource Process ID:\t0x1114\n\nNew Handle Information:\n\tTarget Handle ID:\t0xfa0\n\tTarget Process ID:\t0x4",
        "_serial": "365176",
        "_si": [
          "index01",
          "main"
        ],
        "_time": "2018-11-03 20:40:17.000 UTC",
        "host": "t1-corp-ad-00",
        "index": "main",
        "linecount": "26",
        "source": "WinEventLog:Security",
        "sourcetype": "WinEventLog",
        "splunk_server": "index01"
      },
      {
        "Message": "The handle to an object was closed.\n\nSubject :\n\tSecurity ID:\t\tNT AUTHORITY\\SYSTEM\n\tAccount Name:\t\tAD-00$\n\tAccount Domain:\t\tCORP\n\tLogon ID:\t\t0x3E7\n\nObject:\n\tObject Server:\t\tSecurity\n\tHandle ID:\t\t0x634\n\nProcess Information:\n\tProcess ID:\t\t0x1114\n\tProcess Name:\t\tC:\\Program Files (x86)\\BigFix Enterprise\\BES Client\\BESClient.exe",
        "_bkt": "main~45~B135F5F1-8761-4D6B-9993-723ECD8DFAF7",
        "_cd": "45:130185873",
        "_indextime": "1541277617",
        "_pre_msg": "11/03/2018 08:40:17 PM\nLogName=Security\nSourceName=Microsoft Windows security auditing.\nEventCode=4658\nEventType=0\nType=Information\nComputerName=ad-00.corp.wheelzapp.com\nTaskCategory=Removable Storage\nOpCode=Info\nRecordNumber=834687\nKeywords=Audit Success",
        "_raw": "11/03/2018 08:40:17 PM\nLogName=Security\nSourceName=Microsoft Windows security auditing.\nEventCode=4658\nEventType=0\nType=Information\nComputerName=ad-00.corp.wheelzapp.com\nTaskCategory=Removable Storage\nOpCode=Info\nRecordNumber=834687\nKeywords=Audit Success\nMessage=The handle to an object was closed.\n\nSubject :\n\tSecurity ID:\t\tNT AUTHORITY\\SYSTEM\n\tAccount Name:\t\tAD-00$\n\tAccount Domain:\t\tCORP\n\tLogon ID:\t\t0x3E7\n\nObject:\n\tObject Server:\t\tSecurity\n\tHandle ID:\t\t0x634\n\nProcess Information:\n\tProcess ID:\t\t0x1114\n\tProcess Name:\t\tC:\\Program Files (x86)\\BigFix Enterprise\\BES Client\\BESClient.exe",
        "_serial": "365177",
        "_si": [
          "index01",
          "main"
        ],
        "_time": "2018-11-03 20:40:17.000 UTC",
        "host": "t1-corp-ad-00",
        "index": "main",
        "linecount": "26",
        "source": "WinEventLog:Security",
        "sourcetype": "WinEventLog",
        "splunk_server": "index01"
      },
      {
        "Message": "A handle to an object was requested.\n\nSubject:\n\tSecurity ID:\t\tNT AUTHORITY\\SYSTEM\n\tAccount Name:\t\tAD-00$\n\tAccount Domain:\t\tCORP\n\tLogon ID:\t\t0x3E7\n\nObject:\n\tObject Server:\t\tSecurity\n\tObject Type:\t\tFile\n\tObject Name:\t\tC:\\Windows\\System32\\WinMetadata\n\tHandle ID:\t\t0x634\n\tResource Attributes:\t-\n\nProcess Information:\n\tProcess ID:\t\t0x1114\n\tProcess Name:\t\tC:\\Program Files (x86)\\BigFix Enterprise\\BES Client\\BESClient.exe\n\nAccess Request Information:\n\tTransaction ID:\t\t{00000000-0000-0000-0000-000000000000}\n\tAccesses:\t\tSYNCHRONIZE\n\t\t\t\tReadData (or ListDirectory)\n\t\t\t\t\n\tAccess Reasons:\t\tSYNCHRONIZE:\tGranted by\tD:(A;;0x1200a9;;;SY)\n\t\t\t\tReadData (or ListDirectory):\tGranted by\tD:(A;;0x1200a9;;;SY)\n\t\t\t\t\n\tAccess Mask:\t\t0x100001\n\tPrivileges Used for Access Check:\t-\n\tRestricted SID Count:\t0",
        "_bkt": "main~45~B135F5F1-8761-4D6B-9993-723ECD8DFAF7",
        "_cd": "45:130185837",
        "_indextime": "1541277617",
        "_pre_msg": "11/03/2018 08:40:17 PM\nLogName=Security\nSourceName=Microsoft Windows security auditing.\nEventCode=4656\nEventType=0\nType=Information\nComputerName=ad-00.corp.wheelzapp.com\nTaskCategory=Removable Storage\nOpCode=Info\nRecordNumber=834686\nKeywords=Audit Success",
        "_raw": "11/03/2018 08:40:17 PM\nLogName=Security\nSourceName=Microsoft Windows security auditing.\nEventCode=4656\nEventType=0\nType=Information\nComputerName=ad-00.corp.wheelzapp.com\nTaskCategory=Removable Storage\nOpCode=Info\nRecordNumber=834686\nKeywords=Audit Success\nMessage=A handle to an object was requested.\n\nSubject:\n\tSecurity ID:\t\tNT AUTHORITY\\SYSTEM\n\tAccount Name:\t\tAD-00$\n\tAccount Domain:\t\tCORP\n\tLogon ID:\t\t0x3E7\n\nObject:\n\tObject Server:\t\tSecurity\n\tObject Type:\t\tFile\n\tObject Name:\t\tC:\\Windows\\System32\\WinMetadata\n\tHandle ID:\t\t0x634\n\tResource Attributes:\t-\n\nProcess Information:\n\tProcess ID:\t\t0x1114\n\tProcess Name:\t\tC:\\Program Files (x86)\\BigFix Enterprise\\BES Client\\BESClient.exe\n\nAccess Request Information:\n\tTransaction ID:\t\t{00000000-0000-0000-0000-000000000000}\n\tAccesses:\t\tSYNCHRONIZE\n\t\t\t\tReadData (or ListDirectory)\n\t\t\t\t\n\tAccess Reasons:\t\tSYNCHRONIZE:\tGranted by\tD:(A;;0x1200a9;;;SY)\n\t\t\t\tReadData (or ListDirectory):\tGranted by\tD:(A;;0x1200a9;;;SY)\n\t\t\t\t\n\tAccess Mask:\t\t0x100001\n\tPrivileges Used for Access Check:\t-\n\tRestricted SID Count:\t0",
        "_serial": "365178",
        "_si": [
          "index01",
          "main"
        ],
        "_time": "2018-11-03 20:40:17.000 UTC",
        "host": "t1-corp-ad-00",
        "index": "main",
        "linecount": "41",
        "source": "WinEventLog:Security",
        "sourcetype": "WinEventLog",
        "splunk_server": "index01"
      },
      {
        "Message": "The handle to an object was closed.\n\nSubject :\n\tSecurity ID:\t\tNT AUTHORITY\\SYSTEM\n\tAccount Name:\t\tAD-00$\n\tAccount Domain:\t\tCORP\n\tLogon ID:\t\t0x3E7\n\nObject:\n\tObject Server:\t\tSecurity\n\tHandle ID:\t\t0xfa0\n\nProcess Information:\n\tProcess ID:\t\t0x1114\n\tProcess Name:\t\tC:\\Program Files (x86)\\BigFix Enterprise\\BES Client\\BESClient.exe",
        "_bkt": "main~45~B135F5F1-8761-4D6B-9993-723ECD8DFAF7",
        "_cd": "45:130185816",
        "_indextime": "1541277617",
        "_pre_msg": "11/03/2018 08:40:17 PM\nLogName=Security\nSourceName=Microsoft Windows security auditing.\nEventCode=4658\nEventType=0\nType=Information\nComputerName=ad-00.corp.wheelzapp.com\nTaskCategory=Removable Storage\nOpCode=Info\nRecordNumber=834685\nKeywords=Audit Success",
        "_raw": "11/03/2018 08:40:17 PM\nLogName=Security\nSourceName=Microsoft Windows security auditing.\nEventCode=4658\nEventType=0\nType=Information\nComputerName=ad-00.corp.wheelzapp.com\nTaskCategory=Removable Storage\nOpCode=Info\nRecordNumber=834685\nKeywords=Audit Success\nMessage=The handle to an object was closed.\n\nSubject :\n\tSecurity ID:\t\tNT AUTHORITY\\SYSTEM\n\tAccount Name:\t\tAD-00$\n\tAccount Domain:\t\tCORP\n\tLogon ID:\t\t0x3E7\n\nObject:\n\tObject Server:\t\tSecurity\n\tHandle ID:\t\t0xfa0\n\nProcess Information:\n\tProcess ID:\t\t0x1114\n\tProcess Name:\t\tC:\\Program Files (x86)\\BigFix Enterprise\\BES Client\\BESClient.exe",
        "_serial": "365179",
        "_si": [
          "index01",
          "main"
        ],
        "_time": "2018-11-03 20:40:17.000 UTC",
        "host": "t1-corp-ad-00",
        "index": "main",
        "linecount": "26",
        "source": "WinEventLog:Security",
        "sourcetype": "WinEventLog",
        "splunk_server": "index01"
      },
      {
        "Message": "An attempt was made to duplicate a handle to an object.\n\nSubject:\n\tSecurity ID:\t\tNT AUTHORITY\\SYSTEM\n\tAccount Name:\t\tAD-00$\n\tAccount Domain:\t\tCORP\n\tLogon ID:\t\t0x3E7\n\nSource Handle Information:\n\tSource Handle ID:\t0x634\n\tSource Process ID:\t0x1114\n\nNew Handle Information:\n\tTarget Handle ID:\t0xfa0\n\tTarget Process ID:\t0x4",
        "_bkt": "main~45~B135F5F1-8761-4D6B-9993-723ECD8DFAF7",
        "_cd": "45:130185795",
        "_indextime": "1541277617",
        "_pre_msg": "11/03/2018 08:40:17 PM\nLogName=Security\nSourceName=Microsoft Windows security auditing.\nEventCode=4690\nEventType=0\nType=Information\nComputerName=ad-00.corp.wheelzapp.com\nTaskCategory=Handle Manipulation\nOpCode=Info\nRecordNumber=834684\nKeywords=Audit Success",
        "_raw": "11/03/2018 08:40:17 PM\nLogName=Security\nSourceName=Microsoft Windows security auditing.\nEventCode=4690\nEventType=0\nType=Information\nComputerName=ad-00.corp.wheelzapp.com\nTaskCategory=Handle Manipulation\nOpCode=Info\nRecordNumber=834684\nKeywords=Audit Success\nMessage=An attempt was made to duplicate a handle to an object.\n\nSubject:\n\tSecurity ID:\t\tNT AUTHORITY\\SYSTEM\n\tAccount Name:\t\tAD-00$\n\tAccount Domain:\t\tCORP\n\tLogon ID:\t\t0x3E7\n\nSource Handle Information:\n\tSource Handle ID:\t0x634\n\tSource Process ID:\t0x1114\n\nNew Handle Information:\n\tTarget Handle ID:\t0xfa0\n\tTarget Process ID:\t0x4",
        "_serial": "365180",
        "_si": [
          "index01",
          "main"
        ],
        "_time": "2018-11-03 20:40:17.000 UTC",
        "host": "t1-corp-ad-00",
        "index": "main",
        "linecount": "26",
        "source": "WinEventLog:Security",
        "sourcetype": "WinEventLog",
        "splunk_server": "index01"
      },
      {
        "Message": "The handle to an object was closed.\n\nSubject :\n\tSecurity ID:\t\tNT AUTHORITY\\SYSTEM\n\tAccount Name:\t\tAD-00$\n\tAccount Domain:\t\tCORP\n\tLogon ID:\t\t0x3E7\n\nObject:\n\tObject Server:\t\tSecurity\n\tHandle ID:\t\t0x634\n\nProcess Information:\n\tProcess ID:\t\t0x1114\n\tProcess Name:\t\tC:\\Program Files (x86)\\BigFix Enterprise\\BES Client\\BESClient.exe",
        "_bkt": "main~45~B135F5F1-8761-4D6B-9993-723ECD8DFAF7",
        "_cd": "45:130185774",
        "_indextime": "1541277617",
        "_pre_msg": "11/03/2018 08:40:17 PM\nLogName=Security\nSourceName=Microsoft Windows security auditing.\nEventCode=4658\nEventType=0\nType=Information\nComputerName=ad-00.corp.wheelzapp.com\nTaskCategory=Removable Storage\nOpCode=Info\nRecordNumber=834683\nKeywords=Audit Success",
        "_raw": "11/03/2018 08:40:17 PM\nLogName=Security\nSourceName=Microsoft Windows security auditing.\nEventCode=4658\nEventType=0\nType=Information\nComputerName=ad-00.corp.wheelzapp.com\nTaskCategory=Removable Storage\nOpCode=Info\nRecordNumber=834683\nKeywords=Audit Success\nMessage=The handle to an object was closed.\n\nSubject :\n\tSecurity ID:\t\tNT AUTHORITY\\SYSTEM\n\tAccount Name:\t\tAD-00$\n\tAccount Domain:\t\tCORP\n\tLogon ID:\t\t0x3E7\n\nObject:\n\tObject Server:\t\tSecurity\n\tHandle ID:\t\t0x634\n\nProcess Information:\n\tProcess ID:\t\t0x1114\n\tProcess Name:\t\tC:\\Program Files (x86)\\BigFix Enterprise\\BES Client\\BESClient.exe",
        "_serial": "365181",
        "_si": [
          "index01",
          "main"
        ],
        "_time": "2018-11-03 20:40:17.000 UTC",
        "host": "t1-corp-ad-00",
        "index": "main",
        "linecount": "26",
        "source": "WinEventLog:Security",
        "sourcetype": "WinEventLog",
        "splunk_server": "index01"
      },
      {
        "Message": "A handle to an object was requested.\n\nSubject:\n\tSecurity ID:\t\tNT AUTHORITY\\SYSTEM\n\tAccount Name:\t\tAD-00$\n\tAccount Domain:\t\tCORP\n\tLogon ID:\t\t0x3E7\n\nObject:\n\tObject Server:\t\tSecurity\n\tObject Type:\t\tFile\n\tObject Name:\t\tC:\\Windows\\System32\\WinMetadata\n\tHandle ID:\t\t0x634\n\tResource Attributes:\t-\n\nProcess Information:\n\tProcess ID:\t\t0x1114\n\tProcess Name:\t\tC:\\Program Files (x86)\\BigFix Enterprise\\BES Client\\BESClient.exe\n\nAccess Request Information:\n\tTransaction ID:\t\t{00000000-0000-0000-0000-000000000000}\n\tAccesses:\t\tSYNCHRONIZE\n\t\t\t\t\n\tAccess Reasons:\t\tSYNCHRONIZE:\tGranted by\tD:(A;;0x1200a9;;;SY)\n\t\t\t\t\n\tAccess Mask:\t\t0x100000\n\tPrivileges Used for Access Check:\t-\n\tRestricted SID Count:\t0",
        "_bkt": "main~45~B135F5F1-8761-4D6B-9993-723ECD8DFAF7",
        "_cd": "45:130185264",
        "_indextime": "1541277617",
        "_pre_msg": "11/03/2018 08:40:17 PM\nLogName=Security\nSourceName=Microsoft Windows security auditing.\nEventCode=4656\nEventType=0\nType=Information\nComputerName=ad-00.corp.wheelzapp.com\nTaskCategory=Removable Storage\nOpCode=Info\nRecordNumber=834682\nKeywords=Audit Success",
        "_raw": "11/03/2018 08:40:17 PM\nLogName=Security\nSourceName=Microsoft Windows security auditing.\nEventCode=4656\nEventType=0\nType=Information\nComputerName=ad-00.corp.wheelzapp.com\nTaskCategory=Removable Storage\nOpCode=Info\nRecordNumber=834682\nKeywords=Audit Success\nMessage=A handle to an object was requested.\n\nSubject:\n\tSecurity ID:\t\tNT AUTHORITY\\SYSTEM\n\tAccount Name:\t\tAD-00$\n\tAccount Domain:\t\tCORP\n\tLogon ID:\t\t0x3E7\n\nObject:\n\tObject Server:\t\tSecurity\n\tObject Type:\t\tFile\n\tObject Name:\t\tC:\\Windows\\System32\\WinMetadata\n\tHandle ID:\t\t0x634\n\tResource Attributes:\t-\n\nProcess Information:\n\tProcess ID:\t\t0x1114\n\tProcess Name:\t\tC:\\Program Files (x86)\\BigFix Enterprise\\BES Client\\BESClient.exe\n\nAccess Request Information:\n\tTransaction ID:\t\t{00000000-0000-0000-0000-000000000000}\n\tAccesses:\t\tSYNCHRONIZE\n\t\t\t\t\n\tAccess Reasons:\t\tSYNCHRONIZE:\tGranted by\tD:(A;;0x1200a9;;;SY)\n\t\t\t\t\n\tAccess Mask:\t\t0x100000\n\tPrivileges Used for Access Check:\t-\n\tRestricted SID Count:\t0",
        "_serial": "365182",
        "_si": [
          "index01",
          "main"
        ],
        "_time": "2018-11-03 20:40:17.000 UTC",
        "host": "t1-corp-ad-00",
        "index": "main",
        "linecount": "39",
        "source": "WinEventLog:Security",
        "sourcetype": "WinEventLog",
        "splunk_server": "index01"
      },
      {
        "Message": "The handle to an object was closed.\n\nSubject :\n\tSecurity ID:\t\tNT AUTHORITY\\SYSTEM\n\tAccount Name:\t\tAD-00$\n\tAccount Domain:\t\tCORP\n\tLogon ID:\t\t0x3E7\n\nObject:\n\tObject Server:\t\tSecurity\n\tHandle ID:\t\t0xfa0\n\nProcess Information:\n\tProcess ID:\t\t0x1114\n\tProcess Name:\t\tC:\\Program Files (x86)\\BigFix Enterprise\\BES Client\\BESClient.exe",
        "_bkt": "main~45~B135F5F1-8761-4D6B-9993-723ECD8DFAF7",
        "_cd": "45:130185243",
        "_indextime": "1541277617",
        "_pre_msg": "11/03/2018 08:40:17 PM\nLogName=Security\nSourceName=Microsoft Windows security auditing.\nEventCode=4658\nEventType=0\nType=Information\nComputerName=ad-00.corp.wheelzapp.com\nTaskCategory=Removable Storage\nOpCode=Info\nRecordNumber=834681\nKeywords=Audit Success",
        "_raw": "11/03/2018 08:40:17 PM\nLogName=Security\nSourceName=Microsoft Windows security auditing.\nEventCode=4658\nEventType=0\nType=Information\nComputerName=ad-00.corp.wheelzapp.com\nTaskCategory=Removable Storage\nOpCode=Info\nRecordNumber=834681\nKeywords=Audit Success\nMessage=The handle to an object was closed.\n\nSubject :\n\tSecurity ID:\t\tNT AUTHORITY\\SYSTEM\n\tAccount Name:\t\tAD-00$\n\tAccount Domain:\t\tCORP\n\tLogon ID:\t\t0x3E7\n\nObject:\n\tObject Server:\t\tSecurity\n\tHandle ID:\t\t0xfa0\n\nProcess Information:\n\tProcess ID:\t\t0x1114\n\tProcess Name:\t\tC:\\Program Files (x86)\\BigFix Enterprise\\BES Client\\BESClient.exe",
        "_serial": "365183",
        "_si": [
          "index01",
          "main"
        ],
        "_time": "2018-11-03 20:40:17.000 UTC",
        "host": "t1-corp-ad-00",
        "index": "main",
        "linecount": "26",
        "source": "WinEventLog:Security",
        "sourcetype": "WinEventLog",
        "splunk_server": "index01"
      },
      {
        "Message": "An attempt was made to duplicate a handle to an object.\n\nSubject:\n\tSecurity ID:\t\tNT AUTHORITY\\SYSTEM\n\tAccount Name:\t\tAD-00$\n\tAccount Domain:\t\tCORP\n\tLogon ID:\t\t0x3E7\n\nSource Handle Information:\n\tSource Handle ID:\t0x634\n\tSource Process ID:\t0x1114\n\nNew Handle Information:\n\tTarget Handle ID:\t0xfa0\n\tTarget Process ID:\t0x4",
        "_bkt": "main~45~B135F5F1-8761-4D6B-9993-723ECD8DFAF7",
        "_cd": "45:130185222",
        "_indextime": "1541277617",
        "_pre_msg": "11/03/2018 08:40:17 PM\nLogName=Security\nSourceName=Microsoft Windows security auditing.\nEventCode=4690\nEventType=0\nType=Information\nComputerName=ad-00.corp.wheelzapp.com\nTaskCategory=Handle Manipulation\nOpCode=Info\nRecordNumber=834680\nKeywords=Audit Success",
        "_raw": "11/03/2018 08:40:17 PM\nLogName=Security\nSourceName=Microsoft Windows security auditing.\nEventCode=4690\nEventType=0\nType=Information\nComputerName=ad-00.corp.wheelzapp.com\nTaskCategory=Handle Manipulation\nOpCode=Info\nRecordNumber=834680\nKeywords=Audit Success\nMessage=An attempt was made to duplicate a handle to an object.\n\nSubject:\n\tSecurity ID:\t\tNT AUTHORITY\\SYSTEM\n\tAccount Name:\t\tAD-00$\n\tAccount Domain:\t\tCORP\n\tLogon ID:\t\t0x3E7\n\nSource Handle Information:\n\tSource Handle ID:\t0x634\n\tSource Process ID:\t0x1114\n\nNew Handle Information:\n\tTarget Handle ID:\t0xfa0\n\tTarget Process ID:\t0x4",
        "_serial": "365184",
        "_si": [
          "index01",
          "main"
        ],
        "_time": "2018-11-03 20:40:17.000 UTC",
        "host": "t1-corp-ad-00",
        "index": "main",
        "linecount": "26",
        "source": "WinEventLog:Security",
        "sourcetype": "WinEventLog",
        "splunk_server": "index01"
      },
      {
        "Message": "The handle to an object was closed.\n\nSubject :\n\tSecurity ID:\t\tNT AUTHORITY\\SYSTEM\n\tAccount Name:\t\tAD-00$\n\tAccount Domain:\t\tCORP\n\tLogon ID:\t\t0x3E7\n\nObject:\n\tObject Server:\t\tSecurity\n\tHandle ID:\t\t0x634\n\nProcess Information:\n\tProcess ID:\t\t0x1114\n\tProcess Name:\t\tC:\\Program Files (x86)\\BigFix Enterprise\\BES Client\\BESClient.exe",
        "_bkt": "main~45~B135F5F1-8761-4D6B-9993-723ECD8DFAF7",
        "_cd": "45:130185201",
        "_indextime": "1541277617",
        "_pre_msg": "11/03/2018 08:40:17 PM\nLogName=Security\nSourceName=Microsoft Windows security auditing.\nEventCode=4658\nEventType=0\nType=Information\nComputerName=ad-00.corp.wheelzapp.com\nTaskCategory=Removable Storage\nOpCode=Info\nRecordNumber=834679\nKeywords=Audit Success",
        "_raw": "11/03/2018 08:40:17 PM\nLogName=Security\nSourceName=Microsoft Windows security auditing.\nEventCode=4658\nEventType=0\nType=Information\nComputerName=ad-00.corp.wheelzapp.com\nTaskCategory=Removable Storage\nOpCode=Info\nRecordNumber=834679\nKeywords=Audit Success\nMessage=The handle to an object was closed.\n\nSubject :\n\tSecurity ID:\t\tNT AUTHORITY\\SYSTEM\n\tAccount Name:\t\tAD-00$\n\tAccount Domain:\t\tCORP\n\tLogon ID:\t\t0x3E7\n\nObject:\n\tObject Server:\t\tSecurity\n\tHandle ID:\t\t0x634\n\nProcess Information:\n\tProcess ID:\t\t0x1114\n\tProcess Name:\t\tC:\\Program Files (x86)\\BigFix Enterprise\\BES Client\\BESClient.exe",
        "_serial": "365185",
        "_si": [
          "index01",
          "main"
        ],
        "_time": "2018-11-03 20:40:17.000 UTC",
        "host": "t1-corp-ad-00",
        "index": "main",
        "linecount": "26",
        "source": "WinEventLog:Security",
        "sourcetype": "WinEventLog",
        "splunk_server": "index01"
      },
      {
        "Message": "A handle to an object was requested.\n\nSubject:\n\tSecurity ID:\t\tNT AUTHORITY\\SYSTEM\n\tAccount Name:\t\tAD-00$\n\tAccount Domain:\t\tCORP\n\tLogon ID:\t\t0x3E7\n\nObject:\n\tObject Server:\t\tSecurity\n\tObject Type:\t\tFile\n\tObject Name:\t\tC:\\Windows\\System32\\SystemResetPlatform\n\tHandle ID:\t\t0x634\n\tResource Attributes:\t-\n\nProcess Information:\n\tProcess ID:\t\t0x1114\n\tProcess Name:\t\tC:\\Program Files (x86)\\BigFix Enterprise\\BES Client\\BESClient.exe\n\nAccess Request Information:\n\tTransaction ID:\t\t{00000000-0000-0000-0000-000000000000}\n\tAccesses:\t\tSYNCHRONIZE\n\t\t\t\tReadData (or ListDirectory)\n\t\t\t\t\n\tAccess Reasons:\t\tSYNCHRONIZE:\tGranted by\tD:(A;;0x1200a9;;;SY)\n\t\t\t\tReadData (or ListDirectory):\tGranted by\tD:(A;;0x1200a9;;;SY)\n\t\t\t\t\n\tAccess Mask:\t\t0x100001\n\tPrivileges Used for Access Check:\t-\n\tRestricted SID Count:\t0",
        "_bkt": "main~45~B135F5F1-8761-4D6B-9993-723ECD8DFAF7",
        "_cd": "45:130185165",
        "_indextime": "1541277617",
        "_pre_msg": "11/03/2018 08:40:17 PM\nLogName=Security\nSourceName=Microsoft Windows security auditing.\nEventCode=4656\nEventType=0\nType=Information\nComputerName=ad-00.corp.wheelzapp.com\nTaskCategory=Removable Storage\nOpCode=Info\nRecordNumber=834678\nKeywords=Audit Success",
        "_raw": "11/03/2018 08:40:17 PM\nLogName=Security\nSourceName=Microsoft Windows security auditing.\nEventCode=4656\nEventType=0\nType=Information\nComputerName=ad-00.corp.wheelzapp.com\nTaskCategory=Removable Storage\nOpCode=Info\nRecordNumber=834678\nKeywords=Audit Success\nMessage=A handle to an object was requested.\n\nSubject:\n\tSecurity ID:\t\tNT AUTHORITY\\SYSTEM\n\tAccount Name:\t\tAD-00$\n\tAccount Domain:\t\tCORP\n\tLogon ID:\t\t0x3E7\n\nObject:\n\tObject Server:\t\tSecurity\n\tObject Type:\t\tFile\n\tObject Name:\t\tC:\\Windows\\System32\\SystemResetPlatform\n\tHandle ID:\t\t0x634\n\tResource Attributes:\t-\n\nProcess Information:\n\tProcess ID:\t\t0x1114\n\tProcess Name:\t\tC:\\Program Files (x86)\\BigFix Enterprise\\BES Client\\BESClient.exe\n\nAccess Request Information:\n\tTransaction ID:\t\t{00000000-0000-0000-0000-000000000000}\n\tAccesses:\t\tSYNCHRONIZE\n\t\t\t\tReadData (or ListDirectory)\n\t\t\t\t\n\tAccess Reasons:\t\tSYNCHRONIZE:\tGranted by\tD:(A;;0x1200a9;;;SY)\n\t\t\t\tReadData (or ListDirectory):\tGranted by\tD:(A;;0x1200a9;;;SY)\n\t\t\t\t\n\tAccess Mask:\t\t0x100001\n\tPrivileges Used for Access Check:\t-\n\tRestricted SID Count:\t0",
        "_serial": "365186",
        "_si": [
          "index01",
          "main"
        ],
        "_time": "2018-11-03 20:40:17.000 UTC",
        "host": "t1-corp-ad-00",
        "index": "main",
        "linecount": "41",
        "source": "WinEventLog:Security",
        "sourcetype": "WinEventLog",
        "splunk_server": "index01"
      },
      {
        "Message": "The handle to an object was closed.\n\nSubject :\n\tSecurity ID:\t\tNT AUTHORITY\\SYSTEM\n\tAccount Name:\t\tAD-00$\n\tAccount Domain:\t\tCORP\n\tLogon ID:\t\t0x3E7\n\nObject:\n\tObject Server:\t\tSecurity\n\tHandle ID:\t\t0xfa0\n\nProcess Information:\n\tProcess ID:\t\t0x1114\n\tProcess Name:\t\tC:\\Program Files (x86)\\BigFix Enterprise\\BES Client\\BESClient.exe",
        "_bkt": "main~45~B135F5F1-8761-4D6B-9993-723ECD8DFAF7",
        "_cd": "45:130185144",
        "_indextime": "1541277617",
        "_pre_msg": "11/03/2018 08:40:17 PM\nLogName=Security\nSourceName=Microsoft Windows security auditing.\nEventCode=4658\nEventType=0\nType=Information\nComputerName=ad-00.corp.wheelzapp.com\nTaskCategory=Removable Storage\nOpCode=Info\nRecordNumber=834677\nKeywords=Audit Success",
        "_raw": "11/03/2018 08:40:17 PM\nLogName=Security\nSourceName=Microsoft Windows security auditing.\nEventCode=4658\nEventType=0\nType=Information\nComputerName=ad-00.corp.wheelzapp.com\nTaskCategory=Removable Storage\nOpCode=Info\nRecordNumber=834677\nKeywords=Audit Success\nMessage=The handle to an object was closed.\n\nSubject :\n\tSecurity ID:\t\tNT AUTHORITY\\SYSTEM\n\tAccount Name:\t\tAD-00$\n\tAccount Domain:\t\tCORP\n\tLogon ID:\t\t0x3E7\n\nObject:\n\tObject Server:\t\tSecurity\n\tHandle ID:\t\t0xfa0\n\nProcess Information:\n\tProcess ID:\t\t0x1114\n\tProcess Name:\t\tC:\\Program Files (x86)\\BigFix Enterprise\\BES Client\\BESClient.exe",
        "_serial": "365187",
        "_si": [
          "index01",
          "main"
        ],
        "_time": "2018-11-03 20:40:17.000 UTC",
        "host": "t1-corp-ad-00",
        "index": "main",
        "linecount": "26",
        "source": "WinEventLog:Security",
        "sourcetype": "WinEventLog",
        "splunk_server": "index01"
      },
      {
        "Message": "An attempt was made to duplicate a handle to an object.\n\nSubject:\n\tSecurity ID:\t\tNT AUTHORITY\\SYSTEM\n\tAccount Name:\t\tAD-00$\n\tAccount Domain:\t\tCORP\n\tLogon ID:\t\t0x3E7\n\nSource Handle Information:\n\tSource Handle ID:\t0x634\n\tSource Process ID:\t0x1114\n\nNew Handle Information:\n\tTarget Handle ID:\t0xfa0\n\tTarget Process ID:\t0x4",
        "_bkt": "main~45~B135F5F1-8761-4D6B-9993-723ECD8DFAF7",
        "_cd": "45:130185123",
        "_indextime": "1541277617",
        "_pre_msg": "11/03/2018 08:40:17 PM\nLogName=Security\nSourceName=Microsoft Windows security auditing.\nEventCode=4690\nEventType=0\nType=Information\nComputerName=ad-00.corp.wheelzapp.com\nTaskCategory=Handle Manipulation\nOpCode=Info\nRecordNumber=834676\nKeywords=Audit Success",
        "_raw": "11/03/2018 08:40:17 PM\nLogName=Security\nSourceName=Microsoft Windows security auditing.\nEventCode=4690\nEventType=0\nType=Information\nComputerName=ad-00.corp.wheelzapp.com\nTaskCategory=Handle Manipulation\nOpCode=Info\nRecordNumber=834676\nKeywords=Audit Success\nMessage=An attempt was made to duplicate a handle to an object.\n\nSubject:\n\tSecurity ID:\t\tNT AUTHORITY\\SYSTEM\n\tAccount Name:\t\tAD-00$\n\tAccount Domain:\t\tCORP\n\tLogon ID:\t\t0x3E7\n\nSource Handle Information:\n\tSource Handle ID:\t0x634\n\tSource Process ID:\t0x1114\n\nNew Handle Information:\n\tTarget Handle ID:\t0xfa0\n\tTarget Process ID:\t0x4",
        "_serial": "365188",
        "_si": [
          "index01",
          "main"
        ],
        "_time": "2018-11-03 20:40:17.000 UTC",
        "host": "t1-corp-ad-00",
        "index": "main",
        "linecount": "26",
        "source": "WinEventLog:Security",
        "sourcetype": "WinEventLog",
        "splunk_server": "index01"
      },
      {
        "Message": "The handle to an object was closed.\n\nSubject :\n\tSecurity ID:\t\tNT AUTHORITY\\SYSTEM\n\tAccount Name:\t\tAD-00$\n\tAccount Domain:\t\tCORP\n\tLogon ID:\t\t0x3E7\n\nObject:\n\tObject Server:\t\tSecurity\n\tHandle ID:\t\t0x634\n\nProcess Information:\n\tProcess ID:\t\t0x1114\n\tProcess Name:\t\tC:\\Program Files (x86)\\BigFix Enterprise\\BES Client\\BESClient.exe",
        "_bkt": "main~45~B135F5F1-8761-4D6B-9993-723ECD8DFAF7",
        "_cd": "45:130185102",
        "_indextime": "1541277617",
        "_pre_msg": "11/03/2018 08:40:17 PM\nLogName=Security\nSourceName=Microsoft Windows security auditing.\nEventCode=4658\nEventType=0\nType=Information\nComputerName=ad-00.corp.wheelzapp.com\nTaskCategory=Removable Storage\nOpCode=Info\nRecordNumber=834675\nKeywords=Audit Success",
        "_raw": "11/03/2018 08:40:17 PM\nLogName=Security\nSourceName=Microsoft Windows security auditing.\nEventCode=4658\nEventType=0\nType=Information\nComputerName=ad-00.corp.wheelzapp.com\nTaskCategory=Removable Storage\nOpCode=Info\nRecordNumber=834675\nKeywords=Audit Success\nMessage=The handle to an object was closed.\n\nSubject :\n\tSecurity ID:\t\tNT AUTHORITY\\SYSTEM\n\tAccount Name:\t\tAD-00$\n\tAccount Domain:\t\tCORP\n\tLogon ID:\t\t0x3E7\n\nObject:\n\tObject Server:\t\tSecurity\n\tHandle ID:\t\t0x634\n\nProcess Information:\n\tProcess ID:\t\t0x1114\n\tProcess Name:\t\tC:\\Program Files (x86)\\BigFix Enterprise\\BES Client\\BESClient.exe",
        "_serial": "365189",
        "_si": [
          "index01",
          "main"
        ],
        "_time": "2018-11-03 20:40:17.000 UTC",
        "host": "t1-corp-ad-00",
        "index": "main",
        "linecount": "26",
        "source": "WinEventLog:Security",
        "sourcetype": "WinEventLog",
        "splunk_server": "index01"
      },
      {
        "Message": "A handle to an object was requested.\n\nSubject:\n\tSecurity ID:\t\tNT AUTHORITY\\SYSTEM\n\tAccount Name:\t\tAD-00$\n\tAccount Domain:\t\tCORP\n\tLogon ID:\t\t0x3E7\n\nObject:\n\tObject Server:\t\tSecurity\n\tObject Type:\t\tFile\n\tObject Name:\t\tC:\\Windows\\System32\\SystemResetPlatform\n\tHandle ID:\t\t0x634\n\tResource Attributes:\t-\n\nProcess Information:\n\tProcess ID:\t\t0x1114\n\tProcess Name:\t\tC:\\Program Files (x86)\\BigFix Enterprise\\BES Client\\BESClient.exe\n\nAccess Request Information:\n\tTransaction ID:\t\t{00000000-0000-0000-0000-000000000000}\n\tAccesses:\t\tSYNCHRONIZE\n\t\t\t\t\n\tAccess Reasons:\t\tSYNCHRONIZE:\tGranted by\tD:(A;;0x1200a9;;;SY)\n\t\t\t\t\n\tAccess Mask:\t\t0x100000\n\tPrivileges Used for Access Check:\t-\n\tRestricted SID Count:\t0",
        "_bkt": "main~45~B135F5F1-8761-4D6B-9993-723ECD8DFAF7",
        "_cd": "45:130185069",
        "_indextime": "1541277617",
        "_pre_msg": "11/03/2018 08:40:17 PM\nLogName=Security\nSourceName=Microsoft Windows security auditing.\nEventCode=4656\nEventType=0\nType=Information\nComputerName=ad-00.corp.wheelzapp.com\nTaskCategory=Removable Storage\nOpCode=Info\nRecordNumber=834674\nKeywords=Audit Success",
        "_raw": "11/03/2018 08:40:17 PM\nLogName=Security\nSourceName=Microsoft Windows security auditing.\nEventCode=4656\nEventType=0\nType=Information\nComputerName=ad-00.corp.wheelzapp.com\nTaskCategory=Removable Storage\nOpCode=Info\nRecordNumber=834674\nKeywords=Audit Success\nMessage=A handle to an object was requested.\n\nSubject:\n\tSecurity ID:\t\tNT AUTHORITY\\SYSTEM\n\tAccount Name:\t\tAD-00$\n\tAccount Domain:\t\tCORP\n\tLogon ID:\t\t0x3E7\n\nObject:\n\tObject Server:\t\tSecurity\n\tObject Type:\t\tFile\n\tObject Name:\t\tC:\\Windows\\System32\\SystemResetPlatform\n\tHandle ID:\t\t0x634\n\tResource Attributes:\t-\n\nProcess Information:\n\tProcess ID:\t\t0x1114\n\tProcess Name:\t\tC:\\Program Files (x86)\\BigFix Enterprise\\BES Client\\BESClient.exe\n\nAccess Request Information:\n\tTransaction ID:\t\t{00000000-0000-0000-0000-000000000000}\n\tAccesses:\t\tSYNCHRONIZE\n\t\t\t\t\n\tAccess Reasons:\t\tSYNCHRONIZE:\tGranted by\tD:(A;;0x1200a9;;;SY)\n\t\t\t\t\n\tAccess Mask:\t\t0x100000\n\tPrivileges Used for Access Check:\t-\n\tRestricted SID Count:\t0",
        "_serial": "365190",
        "_si": [
          "index01",
          "main"
        ],
        "_time": "2018-11-03 20:40:17.000 UTC",
        "host": "t1-corp-ad-00",
        "index": "main",
        "linecount": "39",
        "source": "WinEventLog:Security",
        "sourcetype": "WinEventLog",
        "splunk_server": "index01"
      },
      {
        "Message": "The handle to an object was closed.\n\nSubject :\n\tSecurity ID:\t\tNT AUTHORITY\\SYSTEM\n\tAccount Name:\t\tAD-00$\n\tAccount Domain:\t\tCORP\n\tLogon ID:\t\t0x3E7\n\nObject:\n\tObject Server:\t\tSecurity\n\tHandle ID:\t\t0xfa0\n\nProcess Information:\n\tProcess ID:\t\t0x1114\n\tProcess Name:\t\tC:\\Program Files (x86)\\BigFix Enterprise\\BES Client\\BESClient.exe",
        "_bkt": "main~45~B135F5F1-8761-4D6B-9993-723ECD8DFAF7",
        "_cd": "45:130185048",
        "_indextime": "1541277617",
        "_pre_msg": "11/03/2018 08:40:17 PM\nLogName=Security\nSourceName=Microsoft Windows security auditing.\nEventCode=4658\nEventType=0\nType=Information\nComputerName=ad-00.corp.wheelzapp.com\nTaskCategory=Removable Storage\nOpCode=Info\nRecordNumber=834673\nKeywords=Audit Success",
        "_raw": "11/03/2018 08:40:17 PM\nLogName=Security\nSourceName=Microsoft Windows security auditing.\nEventCode=4658\nEventType=0\nType=Information\nComputerName=ad-00.corp.wheelzapp.com\nTaskCategory=Removable Storage\nOpCode=Info\nRecordNumber=834673\nKeywords=Audit Success\nMessage=The handle to an object was closed.\n\nSubject :\n\tSecurity ID:\t\tNT AUTHORITY\\SYSTEM\n\tAccount Name:\t\tAD-00$\n\tAccount Domain:\t\tCORP\n\tLogon ID:\t\t0x3E7\n\nObject:\n\tObject Server:\t\tSecurity\n\tHandle ID:\t\t0xfa0\n\nProcess Information:\n\tProcess ID:\t\t0x1114\n\tProcess Name:\t\tC:\\Program Files (x86)\\BigFix Enterprise\\BES Client\\BESClient.exe",
        "_serial": "365191",
        "_si": [
          "index01",
          "main"
        ],
        "_time": "2018-11-03 20:40:17.000 UTC",
        "host": "t1-corp-ad-00",
        "index": "main",
        "linecount": "26",
        "source": "WinEventLog:Security",
        "sourcetype": "WinEventLog",
        "splunk_server": "index01"
      },
      {
        "Message": "An attempt was made to duplicate a handle to an object.\n\nSubject:\n\tSecurity ID:\t\tNT AUTHORITY\\SYSTEM\n\tAccount Name:\t\tAD-00$\n\tAccount Domain:\t\tCORP\n\tLogon ID:\t\t0x3E7\n\nSource Handle Information:\n\tSource Handle ID:\t0x634\n\tSource Process ID:\t0x1114\n\nNew Handle Information:\n\tTarget Handle ID:\t0xfa0\n\tTarget Process ID:\t0x4",
        "_bkt": "main~45~B135F5F1-8761-4D6B-9993-723ECD8DFAF7",
        "_cd": "45:130185027",
        "_indextime": "1541277617",
        "_pre_msg": "11/03/2018 08:40:17 PM\nLogName=Security\nSourceName=Microsoft Windows security auditing.\nEventCode=4690\nEventType=0\nType=Information\nComputerName=ad-00.corp.wheelzapp.com\nTaskCategory=Handle Manipulation\nOpCode=Info\nRecordNumber=834672\nKeywords=Audit Success",
        "_raw": "11/03/2018 08:40:17 PM\nLogName=Security\nSourceName=Microsoft Windows security auditing.\nEventCode=4690\nEventType=0\nType=Information\nComputerName=ad-00.corp.wheelzapp.com\nTaskCategory=Handle Manipulation\nOpCode=Info\nRecordNumber=834672\nKeywords=Audit Success\nMessage=An attempt was made to duplicate a handle to an object.\n\nSubject:\n\tSecurity ID:\t\tNT AUTHORITY\\SYSTEM\n\tAccount Name:\t\tAD-00$\n\tAccount Domain:\t\tCORP\n\tLogon ID:\t\t0x3E7\n\nSource Handle Information:\n\tSource Handle ID:\t0x634\n\tSource Process ID:\t0x1114\n\nNew Handle Information:\n\tTarget Handle ID:\t0xfa0\n\tTarget Process ID:\t0x4",
        "_serial": "365192",
        "_si": [
          "index01",
          "main"
        ],
        "_time": "2018-11-03 20:40:17.000 UTC",
        "host": "t1-corp-ad-00",
        "index": "main",
        "linecount": "26",
        "source": "WinEventLog:Security",
        "sourcetype": "WinEventLog",
        "splunk_server": "index01"
      },
      {
        "Message": "The handle to an object was closed.\n\nSubject :\n\tSecurity ID:\t\tNT AUTHORITY\\SYSTEM\n\tAccount Name:\t\tAD-00$\n\tAccount Domain:\t\tCORP\n\tLogon ID:\t\t0x3E7\n\nObject:\n\tObject Server:\t\tSecurity\n\tHandle ID:\t\t0x634\n\nProcess Information:\n\tProcess ID:\t\t0x1114\n\tProcess Name:\t\tC:\\Program Files (x86)\\BigFix Enterprise\\BES Client\\BESClient.exe",
        "_bkt": "main~45~B135F5F1-8761-4D6B-9993-723ECD8DFAF7",
        "_cd": "45:130185006",
        "_indextime": "1541277617",
        "_pre_msg": "11/03/2018 08:40:17 PM\nLogName=Security\nSourceName=Microsoft Windows security auditing.\nEventCode=4658\nEventType=0\nType=Information\nComputerName=ad-00.corp.wheelzapp.com\nTaskCategory=Removable Storage\nOpCode=Info\nRecordNumber=834671\nKeywords=Audit Success",
        "_raw": "11/03/2018 08:40:17 PM\nLogName=Security\nSourceName=Microsoft Windows security auditing.\nEventCode=4658\nEventType=0\nType=Information\nComputerName=ad-00.corp.wheelzapp.com\nTaskCategory=Removable Storage\nOpCode=Info\nRecordNumber=834671\nKeywords=Audit Success\nMessage=The handle to an object was closed.\n\nSubject :\n\tSecurity ID:\t\tNT AUTHORITY\\SYSTEM\n\tAccount Name:\t\tAD-00$\n\tAccount Domain:\t\tCORP\n\tLogon ID:\t\t0x3E7\n\nObject:\n\tObject Server:\t\tSecurity\n\tHandle ID:\t\t0x634\n\nProcess Information:\n\tProcess ID:\t\t0x1114\n\tProcess Name:\t\tC:\\Program Files (x86)\\BigFix Enterprise\\BES Client\\BESClient.exe",
        "_serial": "365193",
        "_si": [
          "index01",
          "main"
        ],
        "_time": "2018-11-03 20:40:17.000 UTC",
        "host": "t1-corp-ad-00",
        "index": "main",
        "linecount": "26",
        "source": "WinEventLog:Security",
        "sourcetype": "WinEventLog",
        "splunk_server": "index01"
      },
      {
        "Message": "A handle to an object was requested.\n\nSubject:\n\tSecurity ID:\t\tNT AUTHORITY\\SYSTEM\n\tAccount Name:\t\tAD-00$\n\tAccount Domain:\t\tCORP\n\tLogon ID:\t\t0x3E7\n\nObject:\n\tObject Server:\t\tSecurity\n\tObject Type:\t\tFile\n\tObject Name:\t\tC:\\Windows\\System32\\SecureBootUpdates\n\tHandle ID:\t\t0x634\n\tResource Attributes:\t-\n\nProcess Information:\n\tProcess ID:\t\t0x1114\n\tProcess Name:\t\tC:\\Program Files (x86)\\BigFix Enterprise\\BES Client\\BESClient.exe\n\nAccess Request Information:\n\tTransaction ID:\t\t{00000000-0000-0000-0000-000000000000}\n\tAccesses:\t\tSYNCHRONIZE\n\t\t\t\tReadData (or ListDirectory)\n\t\t\t\t\n\tAccess Reasons:\t\tSYNCHRONIZE:\tGranted by\tD:(A;;0x1200a9;;;SY)\n\t\t\t\tReadData (or ListDirectory):\tGranted by\tD:(A;;0x1200a9;;;SY)\n\t\t\t\t\n\tAccess Mask:\t\t0x100001\n\tPrivileges Used for Access Check:\t-\n\tRestricted SID Count:\t0",
        "_bkt": "main~45~B135F5F1-8761-4D6B-9993-723ECD8DFAF7",
        "_cd": "45:130184970",
        "_indextime": "1541277617",
        "_pre_msg": "11/03/2018 08:40:17 PM\nLogName=Security\nSourceName=Microsoft Windows security auditing.\nEventCode=4656\nEventType=0\nType=Information\nComputerName=ad-00.corp.wheelzapp.com\nTaskCategory=Removable Storage\nOpCode=Info\nRecordNumber=834670\nKeywords=Audit Success",
        "_raw": "11/03/2018 08:40:17 PM\nLogName=Security\nSourceName=Microsoft Windows security auditing.\nEventCode=4656\nEventType=0\nType=Information\nComputerName=ad-00.corp.wheelzapp.com\nTaskCategory=Removable Storage\nOpCode=Info\nRecordNumber=834670\nKeywords=Audit Success\nMessage=A handle to an object was requested.\n\nSubject:\n\tSecurity ID:\t\tNT AUTHORITY\\SYSTEM\n\tAccount Name:\t\tAD-00$\n\tAccount Domain:\t\tCORP\n\tLogon ID:\t\t0x3E7\n\nObject:\n\tObject Server:\t\tSecurity\n\tObject Type:\t\tFile\n\tObject Name:\t\tC:\\Windows\\System32\\SecureBootUpdates\n\tHandle ID:\t\t0x634\n\tResource Attributes:\t-\n\nProcess Information:\n\tProcess ID:\t\t0x1114\n\tProcess Name:\t\tC:\\Program Files (x86)\\BigFix Enterprise\\BES Client\\BESClient.exe\n\nAccess Request Information:\n\tTransaction ID:\t\t{00000000-0000-0000-0000-000000000000}\n\tAccesses:\t\tSYNCHRONIZE\n\t\t\t\tReadData (or ListDirectory)\n\t\t\t\t\n\tAccess Reasons:\t\tSYNCHRONIZE:\tGranted by\tD:(A;;0x1200a9;;;SY)\n\t\t\t\tReadData (or ListDirectory):\tGranted by\tD:(A;;0x1200a9;;;SY)\n\t\t\t\t\n\tAccess Mask:\t\t0x100001\n\tPrivileges Used for Access Check:\t-\n\tRestricted SID Count:\t0",
        "_serial": "365194",
        "_si": [
          "index01",
          "main"
        ],
        "_time": "2018-11-03 20:40:17.000 UTC",
        "host": "t1-corp-ad-00",
        "index": "main",
        "linecount": "41",
        "source": "WinEventLog:Security",
        "sourcetype": "WinEventLog",
        "splunk_server": "index01"
      },
      {
        "Message": "The handle to an object was closed.\n\nSubject :\n\tSecurity ID:\t\tNT AUTHORITY\\SYSTEM\n\tAccount Name:\t\tAD-00$\n\tAccount Domain:\t\tCORP\n\tLogon ID:\t\t0x3E7\n\nObject:\n\tObject Server:\t\tSecurity\n\tHandle ID:\t\t0xfa0\n\nProcess Information:\n\tProcess ID:\t\t0x1114\n\tProcess Name:\t\tC:\\Program Files (x86)\\BigFix Enterprise\\BES Client\\BESClient.exe",
        "_bkt": "main~45~B135F5F1-8761-4D6B-9993-723ECD8DFAF7",
        "_cd": "45:130184949",
        "_indextime": "1541277617",
        "_pre_msg": "11/03/2018 08:40:17 PM\nLogName=Security\nSourceName=Microsoft Windows security auditing.\nEventCode=4658\nEventType=0\nType=Information\nComputerName=ad-00.corp.wheelzapp.com\nTaskCategory=Removable Storage\nOpCode=Info\nRecordNumber=834669\nKeywords=Audit Success",
        "_raw": "11/03/2018 08:40:17 PM\nLogName=Security\nSourceName=Microsoft Windows security auditing.\nEventCode=4658\nEventType=0\nType=Information\nComputerName=ad-00.corp.wheelzapp.com\nTaskCategory=Removable Storage\nOpCode=Info\nRecordNumber=834669\nKeywords=Audit Success\nMessage=The handle to an object was closed.\n\nSubject :\n\tSecurity ID:\t\tNT AUTHORITY\\SYSTEM\n\tAccount Name:\t\tAD-00$\n\tAccount Domain:\t\tCORP\n\tLogon ID:\t\t0x3E7\n\nObject:\n\tObject Server:\t\tSecurity\n\tHandle ID:\t\t0xfa0\n\nProcess Information:\n\tProcess ID:\t\t0x1114\n\tProcess Name:\t\tC:\\Program Files (x86)\\BigFix Enterprise\\BES Client\\BESClient.exe",
        "_serial": "365195",
        "_si": [
          "index01",
          "main"
        ],
        "_time": "2018-11-03 20:40:17.000 UTC",
        "host": "t1-corp-ad-00",
        "index": "main",
        "linecount": "26",
        "source": "WinEventLog:Security",
        "sourcetype": "WinEventLog",
        "splunk_server": "index01"
      },
      {
        "Message": "An attempt was made to duplicate a handle to an object.\n\nSubject:\n\tSecurity ID:\t\tNT AUTHORITY\\SYSTEM\n\tAccount Name:\t\tAD-00$\n\tAccount Domain:\t\tCORP\n\tLogon ID:\t\t0x3E7\n\nSource Handle Information:\n\tSource Handle ID:\t0x634\n\tSource Process ID:\t0x1114\n\nNew Handle Information:\n\tTarget Handle ID:\t0xfa0\n\tTarget Process ID:\t0x4",
        "_bkt": "main~45~B135F5F1-8761-4D6B-9993-723ECD8DFAF7",
        "_cd": "45:130184928",
        "_indextime": "1541277617",
        "_pre_msg": "11/03/2018 08:40:17 PM\nLogName=Security\nSourceName=Microsoft Windows security auditing.\nEventCode=4690\nEventType=0\nType=Information\nComputerName=ad-00.corp.wheelzapp.com\nTaskCategory=Handle Manipulation\nOpCode=Info\nRecordNumber=834668\nKeywords=Audit Success",
        "_raw": "11/03/2018 08:40:17 PM\nLogName=Security\nSourceName=Microsoft Windows security auditing.\nEventCode=4690\nEventType=0\nType=Information\nComputerName=ad-00.corp.wheelzapp.com\nTaskCategory=Handle Manipulation\nOpCode=Info\nRecordNumber=834668\nKeywords=Audit Success\nMessage=An attempt was made to duplicate a handle to an object.\n\nSubject:\n\tSecurity ID:\t\tNT AUTHORITY\\SYSTEM\n\tAccount Name:\t\tAD-00$\n\tAccount Domain:\t\tCORP\n\tLogon ID:\t\t0x3E7\n\nSource Handle Information:\n\tSource Handle ID:\t0x634\n\tSource Process ID:\t0x1114\n\nNew Handle Information:\n\tTarget Handle ID:\t0xfa0\n\tTarget Process ID:\t0x4",
        "_serial": "365196",
        "_si": [
          "index01",
          "main"
        ],
        "_time": "2018-11-03 20:40:17.000 UTC",
        "host": "t1-corp-ad-00",
        "index": "main",
        "linecount": "26",
        "source": "WinEventLog:Security",
        "sourcetype": "WinEventLog",
        "splunk_server": "index01"
      },
      {
        "Message": "The handle to an object was closed.\n\nSubject :\n\tSecurity ID:\t\tNT AUTHORITY\\SYSTEM\n\tAccount Name:\t\tAD-00$\n\tAccount Domain:\t\tCORP\n\tLogon ID:\t\t0x3E7\n\nObject:\n\tObject Server:\t\tSecurity\n\tHandle ID:\t\t0x634\n\nProcess Information:\n\tProcess ID:\t\t0x1114\n\tProcess Name:\t\tC:\\Program Files (x86)\\BigFix Enterprise\\BES Client\\BESClient.exe",
        "_bkt": "main~45~B135F5F1-8761-4D6B-9993-723ECD8DFAF7",
        "_cd": "45:130184907",
        "_indextime": "1541277617",
        "_pre_msg": "11/03/2018 08:40:17 PM\nLogName=Security\nSourceName=Microsoft Windows security auditing.\nEventCode=4658\nEventType=0\nType=Information\nComputerName=ad-00.corp.wheelzapp.com\nTaskCategory=Removable Storage\nOpCode=Info\nRecordNumber=834667\nKeywords=Audit Success",
        "_raw": "11/03/2018 08:40:17 PM\nLogName=Security\nSourceName=Microsoft Windows security auditing.\nEventCode=4658\nEventType=0\nType=Information\nComputerName=ad-00.corp.wheelzapp.com\nTaskCategory=Removable Storage\nOpCode=Info\nRecordNumber=834667\nKeywords=Audit Success\nMessage=The handle to an object was closed.\n\nSubject :\n\tSecurity ID:\t\tNT AUTHORITY\\SYSTEM\n\tAccount Name:\t\tAD-00$\n\tAccount Domain:\t\tCORP\n\tLogon ID:\t\t0x3E7\n\nObject:\n\tObject Server:\t\tSecurity\n\tHandle ID:\t\t0x634\n\nProcess Information:\n\tProcess ID:\t\t0x1114\n\tProcess Name:\t\tC:\\Program Files (x86)\\BigFix Enterprise\\BES Client\\BESClient.exe",
        "_serial": "365197",
        "_si": [
          "index01",
          "main"
        ],
        "_time": "2018-11-03 20:40:17.000 UTC",
        "host": "t1-corp-ad-00",
        "index": "main",
        "linecount": "26",
        "source": "WinEventLog:Security",
        "sourcetype": "WinEventLog",
        "splunk_server": "index01"
      },
      {
        "Message": "A handle to an object was requested.\n\nSubject:\n\tSecurity ID:\t\tNT AUTHORITY\\SYSTEM\n\tAccount Name:\t\tAD-00$\n\tAccount Domain:\t\tCORP\n\tLogon ID:\t\t0x3E7\n\nObject:\n\tObject Server:\t\tSecurity\n\tObject Type:\t\tFile\n\tObject Name:\t\tC:\\Windows\\System32\\SecureBootUpdates\n\tHandle ID:\t\t0x634\n\tResource Attributes:\t-\n\nProcess Information:\n\tProcess ID:\t\t0x1114\n\tProcess Name:\t\tC:\\Program Files (x86)\\BigFix Enterprise\\BES Client\\BESClient.exe\n\nAccess Request Information:\n\tTransaction ID:\t\t{00000000-0000-0000-0000-000000000000}\n\tAccesses:\t\tSYNCHRONIZE\n\t\t\t\t\n\tAccess Reasons:\t\tSYNCHRONIZE:\tGranted by\tD:(A;;0x1200a9;;;SY)\n\t\t\t\t\n\tAccess Mask:\t\t0x100000\n\tPrivileges Used for Access Check:\t-\n\tRestricted SID Count:\t0",
        "_bkt": "main~45~B135F5F1-8761-4D6B-9993-723ECD8DFAF7",
        "_cd": "45:130184874",
        "_indextime": "1541277617",
        "_pre_msg": "11/03/2018 08:40:17 PM\nLogName=Security\nSourceName=Microsoft Windows security auditing.\nEventCode=4656\nEventType=0\nType=Information\nComputerName=ad-00.corp.wheelzapp.com\nTaskCategory=Removable Storage\nOpCode=Info\nRecordNumber=834666\nKeywords=Audit Success",
        "_raw": "11/03/2018 08:40:17 PM\nLogName=Security\nSourceName=Microsoft Windows security auditing.\nEventCode=4656\nEventType=0\nType=Information\nComputerName=ad-00.corp.wheelzapp.com\nTaskCategory=Removable Storage\nOpCode=Info\nRecordNumber=834666\nKeywords=Audit Success\nMessage=A handle to an object was requested.\n\nSubject:\n\tSecurity ID:\t\tNT AUTHORITY\\SYSTEM\n\tAccount Name:\t\tAD-00$\n\tAccount Domain:\t\tCORP\n\tLogon ID:\t\t0x3E7\n\nObject:\n\tObject Server:\t\tSecurity\n\tObject Type:\t\tFile\n\tObject Name:\t\tC:\\Windows\\System32\\SecureBootUpdates\n\tHandle ID:\t\t0x634\n\tResource Attributes:\t-\n\nProcess Information:\n\tProcess ID:\t\t0x1114\n\tProcess Name:\t\tC:\\Program Files (x86)\\BigFix Enterprise\\BES Client\\BESClient.exe\n\nAccess Request Information:\n\tTransaction ID:\t\t{00000000-0000-0000-0000-000000000000}\n\tAccesses:\t\tSYNCHRONIZE\n\t\t\t\t\n\tAccess Reasons:\t\tSYNCHRONIZE:\tGranted by\tD:(A;;0x1200a9;;;SY)\n\t\t\t\t\n\tAccess Mask:\t\t0x100000\n\tPrivileges Used for Access Check:\t-\n\tRestricted SID Count:\t0",
        "_serial": "365198",
        "_si": [
          "index01",
          "main"
        ],
        "_time": "2018-11-03 20:40:17.000 UTC",
        "host": "t1-corp-ad-00",
        "index": "main",
        "linecount": "39",
        "source": "WinEventLog:Security",
        "sourcetype": "WinEventLog",
        "splunk_server": "index01"
      },
      {
        "Message": "The handle to an object was closed.\n\nSubject :\n\tSecurity ID:\t\tNT AUTHORITY\\SYSTEM\n\tAccount Name:\t\tAD-00$\n\tAccount Domain:\t\tCORP\n\tLogon ID:\t\t0x3E7\n\nObject:\n\tObject Server:\t\tSecurity\n\tHandle ID:\t\t0xfa0\n\nProcess Information:\n\tProcess ID:\t\t0x1114\n\tProcess Name:\t\tC:\\Program Files (x86)\\BigFix Enterprise\\BES Client\\BESClient.exe",
        "_bkt": "main~45~B135F5F1-8761-4D6B-9993-723ECD8DFAF7",
        "_cd": "45:130184853",
        "_indextime": "1541277617",
        "_pre_msg": "11/03/2018 08:40:17 PM\nLogName=Security\nSourceName=Microsoft Windows security auditing.\nEventCode=4658\nEventType=0\nType=Information\nComputerName=ad-00.corp.wheelzapp.com\nTaskCategory=Removable Storage\nOpCode=Info\nRecordNumber=834665\nKeywords=Audit Success",
