        "_raw": "11/03/2018 09:51:48 PM\nLogName=Security\nSourceName=Microsoft Windows security auditing.\nEventCode=4674\nEventType=0\nType=Information\nComputerName=employee-01.corp.wheelzapp.com\nTaskCategory=Sensitive Privilege Use\nOpCode=Info\nRecordNumber=232458\nKeywords=Audit Success\nMessage=An operation was attempted on a privileged object.\n\nSubject:\n\tSecurity ID:\t\tCORP\\bsakamoto\n\tAccount Name:\t\tbsakamoto\n\tAccount Domain:\t\tCORP\n\tLogon ID:\t\t0xB87FF2\n\nObject:\n\tObject Server:\tSecurity\n\tObject Type:\t-\n\tObject Name:\t-\n\tObject Handle:\t0x1268\n\nProcess Information:\n\tProcess ID:\t0x778\n\tProcess Name:\tC:\\Windows\\explorer.exe\n\nRequested Operation:\n\tDesired Access:\t1048577\n\tPrivileges:\t\tSeBackupPrivilege",
        "_serial": "227216",
        "_si": [
          "index01",
          "main"
        ],
        "_time": "2018-11-03 21:51:48.000 UTC",
        "host": "t1-corp-employee-01",
        "index": "main",
        "linecount": "32",
        "source": "WinEventLog:Security",
        "sourcetype": "WinEventLog",
        "splunk_server": "index01"
      },
      {
        "Message": "An operation was attempted on a privileged object.\n\nSubject:\n\tSecurity ID:\t\tCORP\\bsakamoto\n\tAccount Name:\t\tbsakamoto\n\tAccount Domain:\t\tCORP\n\tLogon ID:\t\t0xB87FF2\n\nObject:\n\tObject Server:\tSecurity\n\tObject Type:\t-\n\tObject Name:\t-\n\tObject Handle:\t0x1268\n\nProcess Information:\n\tProcess ID:\t0x778\n\tProcess Name:\tC:\\Windows\\explorer.exe\n\nRequested Operation:\n\tDesired Access:\t1048577\n\tPrivileges:\t\tSeBackupPrivilege",
        "_bkt": "main~46~B135F5F1-8761-4D6B-9993-723ECD8DFAF7",
        "_cd": "46:211013392",
        "_indextime": "1541281910",
        "_pre_msg": "11/03/2018 09:51:48 PM\nLogName=Security\nSourceName=Microsoft Windows security auditing.\nEventCode=4674\nEventType=0\nType=Information\nComputerName=employee-01.corp.wheelzapp.com\nTaskCategory=Sensitive Privilege Use\nOpCode=Info\nRecordNumber=232457\nKeywords=Audit Success",
        "_raw": "11/03/2018 09:51:48 PM\nLogName=Security\nSourceName=Microsoft Windows security auditing.\nEventCode=4674\nEventType=0\nType=Information\nComputerName=employee-01.corp.wheelzapp.com\nTaskCategory=Sensitive Privilege Use\nOpCode=Info\nRecordNumber=232457\nKeywords=Audit Success\nMessage=An operation was attempted on a privileged object.\n\nSubject:\n\tSecurity ID:\t\tCORP\\bsakamoto\n\tAccount Name:\t\tbsakamoto\n\tAccount Domain:\t\tCORP\n\tLogon ID:\t\t0xB87FF2\n\nObject:\n\tObject Server:\tSecurity\n\tObject Type:\t-\n\tObject Name:\t-\n\tObject Handle:\t0x1268\n\nProcess Information:\n\tProcess ID:\t0x778\n\tProcess Name:\tC:\\Windows\\explorer.exe\n\nRequested Operation:\n\tDesired Access:\t1048577\n\tPrivileges:\t\tSeBackupPrivilege",
        "_serial": "227217",
        "_si": [
          "index01",
          "main"
        ],
        "_time": "2018-11-03 21:51:48.000 UTC",
        "host": "t1-corp-employee-01",
        "index": "main",
        "linecount": "32",
        "source": "WinEventLog:Security",
        "sourcetype": "WinEventLog",
        "splunk_server": "index01"
      },
      {
        "Message": "An operation was attempted on a privileged object.\n\nSubject:\n\tSecurity ID:\t\tCORP\\bsakamoto\n\tAccount Name:\t\tbsakamoto\n\tAccount Domain:\t\tCORP\n\tLogon ID:\t\t0xB87FF2\n\nObject:\n\tObject Server:\tSecurity\n\tObject Type:\t-\n\tObject Name:\t-\n\tObject Handle:\t0x1268\n\nProcess Information:\n\tProcess ID:\t0x778\n\tProcess Name:\tC:\\Windows\\explorer.exe\n\nRequested Operation:\n\tDesired Access:\t1048577\n\tPrivileges:\t\tSeBackupPrivilege",
        "_bkt": "main~46~B135F5F1-8761-4D6B-9993-723ECD8DFAF7",
        "_cd": "46:211013368",
        "_indextime": "1541281910",
        "_pre_msg": "11/03/2018 09:51:48 PM\nLogName=Security\nSourceName=Microsoft Windows security auditing.\nEventCode=4674\nEventType=0\nType=Information\nComputerName=employee-01.corp.wheelzapp.com\nTaskCategory=Sensitive Privilege Use\nOpCode=Info\nRecordNumber=232456\nKeywords=Audit Success",
        "_raw": "11/03/2018 09:51:48 PM\nLogName=Security\nSourceName=Microsoft Windows security auditing.\nEventCode=4674\nEventType=0\nType=Information\nComputerName=employee-01.corp.wheelzapp.com\nTaskCategory=Sensitive Privilege Use\nOpCode=Info\nRecordNumber=232456\nKeywords=Audit Success\nMessage=An operation was attempted on a privileged object.\n\nSubject:\n\tSecurity ID:\t\tCORP\\bsakamoto\n\tAccount Name:\t\tbsakamoto\n\tAccount Domain:\t\tCORP\n\tLogon ID:\t\t0xB87FF2\n\nObject:\n\tObject Server:\tSecurity\n\tObject Type:\t-\n\tObject Name:\t-\n\tObject Handle:\t0x1268\n\nProcess Information:\n\tProcess ID:\t0x778\n\tProcess Name:\tC:\\Windows\\explorer.exe\n\nRequested Operation:\n\tDesired Access:\t1048577\n\tPrivileges:\t\tSeBackupPrivilege",
        "_serial": "227218",
        "_si": [
          "index01",
          "main"
        ],
        "_time": "2018-11-03 21:51:48.000 UTC",
        "host": "t1-corp-employee-01",
        "index": "main",
        "linecount": "32",
        "source": "WinEventLog:Security",
        "sourcetype": "WinEventLog",
        "splunk_server": "index01"
      },
      {
        "Message": "An operation was attempted on a privileged object.\n\nSubject:\n\tSecurity ID:\t\tCORP\\bsakamoto\n\tAccount Name:\t\tbsakamoto\n\tAccount Domain:\t\tCORP\n\tLogon ID:\t\t0xB87FF2\n\nObject:\n\tObject Server:\tSecurity\n\tObject Type:\t-\n\tObject Name:\t-\n\tObject Handle:\t0x1268\n\nProcess Information:\n\tProcess ID:\t0x778\n\tProcess Name:\tC:\\Windows\\explorer.exe\n\nRequested Operation:\n\tDesired Access:\t1048577\n\tPrivileges:\t\tSeBackupPrivilege",
        "_bkt": "main~46~B135F5F1-8761-4D6B-9993-723ECD8DFAF7",
        "_cd": "46:211013344",
        "_indextime": "1541281910",
        "_pre_msg": "11/03/2018 09:51:48 PM\nLogName=Security\nSourceName=Microsoft Windows security auditing.\nEventCode=4674\nEventType=0\nType=Information\nComputerName=employee-01.corp.wheelzapp.com\nTaskCategory=Sensitive Privilege Use\nOpCode=Info\nRecordNumber=232455\nKeywords=Audit Success",
        "_raw": "11/03/2018 09:51:48 PM\nLogName=Security\nSourceName=Microsoft Windows security auditing.\nEventCode=4674\nEventType=0\nType=Information\nComputerName=employee-01.corp.wheelzapp.com\nTaskCategory=Sensitive Privilege Use\nOpCode=Info\nRecordNumber=232455\nKeywords=Audit Success\nMessage=An operation was attempted on a privileged object.\n\nSubject:\n\tSecurity ID:\t\tCORP\\bsakamoto\n\tAccount Name:\t\tbsakamoto\n\tAccount Domain:\t\tCORP\n\tLogon ID:\t\t0xB87FF2\n\nObject:\n\tObject Server:\tSecurity\n\tObject Type:\t-\n\tObject Name:\t-\n\tObject Handle:\t0x1268\n\nProcess Information:\n\tProcess ID:\t0x778\n\tProcess Name:\tC:\\Windows\\explorer.exe\n\nRequested Operation:\n\tDesired Access:\t1048577\n\tPrivileges:\t\tSeBackupPrivilege",
        "_serial": "227219",
        "_si": [
          "index01",
          "main"
        ],
        "_time": "2018-11-03 21:51:48.000 UTC",
        "host": "t1-corp-employee-01",
        "index": "main",
        "linecount": "32",
        "source": "WinEventLog:Security",
        "sourcetype": "WinEventLog",
        "splunk_server": "index01"
      },
      {
        "Message": "An operation was attempted on a privileged object.\n\nSubject:\n\tSecurity ID:\t\tCORP\\bsakamoto\n\tAccount Name:\t\tbsakamoto\n\tAccount Domain:\t\tCORP\n\tLogon ID:\t\t0xB87FF2\n\nObject:\n\tObject Server:\tSecurity\n\tObject Type:\t-\n\tObject Name:\t-\n\tObject Handle:\t0x1268\n\nProcess Information:\n\tProcess ID:\t0x778\n\tProcess Name:\tC:\\Windows\\explorer.exe\n\nRequested Operation:\n\tDesired Access:\t1048577\n\tPrivileges:\t\tSeBackupPrivilege",
        "_bkt": "main~46~B135F5F1-8761-4D6B-9993-723ECD8DFAF7",
        "_cd": "46:211013320",
        "_indextime": "1541281910",
        "_pre_msg": "11/03/2018 09:51:48 PM\nLogName=Security\nSourceName=Microsoft Windows security auditing.\nEventCode=4674\nEventType=0\nType=Information\nComputerName=employee-01.corp.wheelzapp.com\nTaskCategory=Sensitive Privilege Use\nOpCode=Info\nRecordNumber=232454\nKeywords=Audit Success",
        "_raw": "11/03/2018 09:51:48 PM\nLogName=Security\nSourceName=Microsoft Windows security auditing.\nEventCode=4674\nEventType=0\nType=Information\nComputerName=employee-01.corp.wheelzapp.com\nTaskCategory=Sensitive Privilege Use\nOpCode=Info\nRecordNumber=232454\nKeywords=Audit Success\nMessage=An operation was attempted on a privileged object.\n\nSubject:\n\tSecurity ID:\t\tCORP\\bsakamoto\n\tAccount Name:\t\tbsakamoto\n\tAccount Domain:\t\tCORP\n\tLogon ID:\t\t0xB87FF2\n\nObject:\n\tObject Server:\tSecurity\n\tObject Type:\t-\n\tObject Name:\t-\n\tObject Handle:\t0x1268\n\nProcess Information:\n\tProcess ID:\t0x778\n\tProcess Name:\tC:\\Windows\\explorer.exe\n\nRequested Operation:\n\tDesired Access:\t1048577\n\tPrivileges:\t\tSeBackupPrivilege",
        "_serial": "227220",
        "_si": [
          "index01",
          "main"
        ],
        "_time": "2018-11-03 21:51:48.000 UTC",
        "host": "t1-corp-employee-01",
        "index": "main",
        "linecount": "32",
        "source": "WinEventLog:Security",
        "sourcetype": "WinEventLog",
        "splunk_server": "index01"
      },
      {
        "Message": "An operation was attempted on a privileged object.\n\nSubject:\n\tSecurity ID:\t\tCORP\\bsakamoto\n\tAccount Name:\t\tbsakamoto\n\tAccount Domain:\t\tCORP\n\tLogon ID:\t\t0xB87FF2\n\nObject:\n\tObject Server:\tSecurity\n\tObject Type:\t-\n\tObject Name:\t-\n\tObject Handle:\t0xf5c\n\nProcess Information:\n\tProcess ID:\t0x778\n\tProcess Name:\tC:\\Windows\\explorer.exe\n\nRequested Operation:\n\tDesired Access:\t1048577\n\tPrivileges:\t\tSeBackupPrivilege",
        "_bkt": "main~46~B135F5F1-8761-4D6B-9993-723ECD8DFAF7",
        "_cd": "46:211013024",
        "_indextime": "1541281910",
        "_pre_msg": "11/03/2018 09:51:48 PM\nLogName=Security\nSourceName=Microsoft Windows security auditing.\nEventCode=4674\nEventType=0\nType=Information\nComputerName=employee-01.corp.wheelzapp.com\nTaskCategory=Sensitive Privilege Use\nOpCode=Info\nRecordNumber=232453\nKeywords=Audit Success",
        "_raw": "11/03/2018 09:51:48 PM\nLogName=Security\nSourceName=Microsoft Windows security auditing.\nEventCode=4674\nEventType=0\nType=Information\nComputerName=employee-01.corp.wheelzapp.com\nTaskCategory=Sensitive Privilege Use\nOpCode=Info\nRecordNumber=232453\nKeywords=Audit Success\nMessage=An operation was attempted on a privileged object.\n\nSubject:\n\tSecurity ID:\t\tCORP\\bsakamoto\n\tAccount Name:\t\tbsakamoto\n\tAccount Domain:\t\tCORP\n\tLogon ID:\t\t0xB87FF2\n\nObject:\n\tObject Server:\tSecurity\n\tObject Type:\t-\n\tObject Name:\t-\n\tObject Handle:\t0xf5c\n\nProcess Information:\n\tProcess ID:\t0x778\n\tProcess Name:\tC:\\Windows\\explorer.exe\n\nRequested Operation:\n\tDesired Access:\t1048577\n\tPrivileges:\t\tSeBackupPrivilege",
        "_serial": "227221",
        "_si": [
          "index01",
          "main"
        ],
        "_time": "2018-11-03 21:51:48.000 UTC",
        "host": "t1-corp-employee-01",
        "index": "main",
        "linecount": "32",
        "source": "WinEventLog:Security",
        "sourcetype": "WinEventLog",
        "splunk_server": "index01"
      },
      {
        "Message": "An operation was attempted on a privileged object.\n\nSubject:\n\tSecurity ID:\t\tCORP\\bsakamoto\n\tAccount Name:\t\tbsakamoto\n\tAccount Domain:\t\tCORP\n\tLogon ID:\t\t0xB87FF2\n\nObject:\n\tObject Server:\tSecurity\n\tObject Type:\t-\n\tObject Name:\t-\n\tObject Handle:\t0x1268\n\nProcess Information:\n\tProcess ID:\t0x778\n\tProcess Name:\tC:\\Windows\\explorer.exe\n\nRequested Operation:\n\tDesired Access:\t1048577\n\tPrivileges:\t\tSeBackupPrivilege",
        "_bkt": "main~46~B135F5F1-8761-4D6B-9993-723ECD8DFAF7",
        "_cd": "46:211013000",
        "_indextime": "1541281910",
        "_pre_msg": "11/03/2018 09:51:48 PM\nLogName=Security\nSourceName=Microsoft Windows security auditing.\nEventCode=4674\nEventType=0\nType=Information\nComputerName=employee-01.corp.wheelzapp.com\nTaskCategory=Sensitive Privilege Use\nOpCode=Info\nRecordNumber=232452\nKeywords=Audit Success",
        "_raw": "11/03/2018 09:51:48 PM\nLogName=Security\nSourceName=Microsoft Windows security auditing.\nEventCode=4674\nEventType=0\nType=Information\nComputerName=employee-01.corp.wheelzapp.com\nTaskCategory=Sensitive Privilege Use\nOpCode=Info\nRecordNumber=232452\nKeywords=Audit Success\nMessage=An operation was attempted on a privileged object.\n\nSubject:\n\tSecurity ID:\t\tCORP\\bsakamoto\n\tAccount Name:\t\tbsakamoto\n\tAccount Domain:\t\tCORP\n\tLogon ID:\t\t0xB87FF2\n\nObject:\n\tObject Server:\tSecurity\n\tObject Type:\t-\n\tObject Name:\t-\n\tObject Handle:\t0x1268\n\nProcess Information:\n\tProcess ID:\t0x778\n\tProcess Name:\tC:\\Windows\\explorer.exe\n\nRequested Operation:\n\tDesired Access:\t1048577\n\tPrivileges:\t\tSeBackupPrivilege",
        "_serial": "227222",
        "_si": [
          "index01",
          "main"
        ],
        "_time": "2018-11-03 21:51:48.000 UTC",
        "host": "t1-corp-employee-01",
        "index": "main",
        "linecount": "32",
        "source": "WinEventLog:Security",
        "sourcetype": "WinEventLog",
        "splunk_server": "index01"
      },
      {
        "Message": "The handle to an object was closed.\n\nSubject :\n\tSecurity ID:\t\tNT AUTHORITY\\SYSTEM\n\tAccount Name:\t\tEMPLOYEE-01$\n\tAccount Domain:\t\tCORP\n\tLogon ID:\t\t0x3E7\n\nObject:\n\tObject Server:\t\tSecurity\n\tHandle ID:\t\t0x748\n\nProcess Information:\n\tProcess ID:\t\t0x13cc\n\tProcess Name:\t\tC:\\Program Files (x86)\\BigFix Enterprise\\BES Client\\BESClient.exe",
        "_bkt": "main~46~B135F5F1-8761-4D6B-9993-723ECD8DFAF7",
        "_cd": "46:211012979",
        "_indextime": "1541281910",
        "_pre_msg": "11/03/2018 09:51:48 PM\nLogName=Security\nSourceName=Microsoft Windows security auditing.\nEventCode=4658\nEventType=0\nType=Information\nComputerName=employee-01.corp.wheelzapp.com\nTaskCategory=Kernel Object\nOpCode=Info\nRecordNumber=232451\nKeywords=Audit Success",
        "_raw": "11/03/2018 09:51:48 PM\nLogName=Security\nSourceName=Microsoft Windows security auditing.\nEventCode=4658\nEventType=0\nType=Information\nComputerName=employee-01.corp.wheelzapp.com\nTaskCategory=Kernel Object\nOpCode=Info\nRecordNumber=232451\nKeywords=Audit Success\nMessage=The handle to an object was closed.\n\nSubject :\n\tSecurity ID:\t\tNT AUTHORITY\\SYSTEM\n\tAccount Name:\t\tEMPLOYEE-01$\n\tAccount Domain:\t\tCORP\n\tLogon ID:\t\t0x3E7\n\nObject:\n\tObject Server:\t\tSecurity\n\tHandle ID:\t\t0x748\n\nProcess Information:\n\tProcess ID:\t\t0x13cc\n\tProcess Name:\t\tC:\\Program Files (x86)\\BigFix Enterprise\\BES Client\\BESClient.exe",
        "_serial": "227223",
        "_si": [
          "index01",
          "main"
        ],
        "_time": "2018-11-03 21:51:48.000 UTC",
        "host": "t1-corp-employee-01",
        "index": "main",
        "linecount": "26",
        "source": "WinEventLog:Security",
        "sourcetype": "WinEventLog",
        "splunk_server": "index01"
      },
      {
        "Message": "A handle to an object was requested.\n\nSubject:\n\tSecurity ID:\t\tNT AUTHORITY\\SYSTEM\n\tAccount Name:\t\tEMPLOYEE-01$\n\tAccount Domain:\t\tCORP\n\tLogon ID:\t\t0x3E7\n\nObject:\n\tObject Server:\t\tSecurity\n\tObject Type:\t\tProcess\n\tObject Name:\t\t\\Device\\HarddiskVolume1\\Windows\\System32\\lsass.exe\n\tHandle ID:\t\t0x748\n\tResource Attributes:\t-\n\nProcess Information:\n\tProcess ID:\t\t0x13cc\n\tProcess Name:\t\tC:\\Program Files (x86)\\BigFix Enterprise\\BES Client\\BESClient.exe\n\nAccess Request Information:\n\tTransaction ID:\t\t{00000000-0000-0000-0000-000000000000}\n\tAccesses:\t\tRead from process memory\n\t\t\t\tQuery process information\n\t\t\t\tUndefined Access (no effect) Bit 12\n\t\t\t\t\n\tAccess Reasons:\t\t-\n\tAccess Mask:\t\t0x1410\n\tPrivileges Used for Access Check:\t-\n\tRestricted SID Count:\t0",
        "_bkt": "main~46~B135F5F1-8761-4D6B-9993-723ECD8DFAF7",
        "_cd": "46:211012944",
        "_indextime": "1541281910",
        "_pre_msg": "11/03/2018 09:51:48 PM\nLogName=Security\nSourceName=Microsoft Windows security auditing.\nEventCode=4656\nEventType=0\nType=Information\nComputerName=employee-01.corp.wheelzapp.com\nTaskCategory=Kernel Object\nOpCode=Info\nRecordNumber=232450\nKeywords=Audit Success",
        "_raw": "11/03/2018 09:51:48 PM\nLogName=Security\nSourceName=Microsoft Windows security auditing.\nEventCode=4656\nEventType=0\nType=Information\nComputerName=employee-01.corp.wheelzapp.com\nTaskCategory=Kernel Object\nOpCode=Info\nRecordNumber=232450\nKeywords=Audit Success\nMessage=A handle to an object was requested.\n\nSubject:\n\tSecurity ID:\t\tNT AUTHORITY\\SYSTEM\n\tAccount Name:\t\tEMPLOYEE-01$\n\tAccount Domain:\t\tCORP\n\tLogon ID:\t\t0x3E7\n\nObject:\n\tObject Server:\t\tSecurity\n\tObject Type:\t\tProcess\n\tObject Name:\t\t\\Device\\HarddiskVolume1\\Windows\\System32\\lsass.exe\n\tHandle ID:\t\t0x748\n\tResource Attributes:\t-\n\nProcess Information:\n\tProcess ID:\t\t0x13cc\n\tProcess Name:\t\tC:\\Program Files (x86)\\BigFix Enterprise\\BES Client\\BESClient.exe\n\nAccess Request Information:\n\tTransaction ID:\t\t{00000000-0000-0000-0000-000000000000}\n\tAccesses:\t\tRead from process memory\n\t\t\t\tQuery process information\n\t\t\t\tUndefined Access (no effect) Bit 12\n\t\t\t\t\n\tAccess Reasons:\t\t-\n\tAccess Mask:\t\t0x1410\n\tPrivileges Used for Access Check:\t-\n\tRestricted SID Count:\t0",
        "_serial": "227224",
        "_si": [
          "index01",
          "main"
        ],
        "_time": "2018-11-03 21:51:48.000 UTC",
        "host": "t1-corp-employee-01",
        "index": "main",
        "linecount": "40",
        "source": "WinEventLog:Security",
        "sourcetype": "WinEventLog",
        "splunk_server": "index01"
      },
      {
        "Message": "The handle to an object was closed.\n\nSubject :\n\tSecurity ID:\t\tNT AUTHORITY\\SYSTEM\n\tAccount Name:\t\tEMPLOYEE-01$\n\tAccount Domain:\t\tCORP\n\tLogon ID:\t\t0x3E7\n\nObject:\n\tObject Server:\t\tSecurity\n\tHandle ID:\t\t0x810\n\nProcess Information:\n\tProcess ID:\t\t0x13cc\n\tProcess Name:\t\tC:\\Program Files (x86)\\BigFix Enterprise\\BES Client\\BESClient.exe",
        "_bkt": "main~46~B135F5F1-8761-4D6B-9993-723ECD8DFAF7",
        "_cd": "46:211012923",
        "_indextime": "1541281910",
        "_pre_msg": "11/03/2018 09:51:48 PM\nLogName=Security\nSourceName=Microsoft Windows security auditing.\nEventCode=4658\nEventType=0\nType=Information\nComputerName=employee-01.corp.wheelzapp.com\nTaskCategory=Kernel Object\nOpCode=Info\nRecordNumber=232449\nKeywords=Audit Success",
        "_raw": "11/03/2018 09:51:48 PM\nLogName=Security\nSourceName=Microsoft Windows security auditing.\nEventCode=4658\nEventType=0\nType=Information\nComputerName=employee-01.corp.wheelzapp.com\nTaskCategory=Kernel Object\nOpCode=Info\nRecordNumber=232449\nKeywords=Audit Success\nMessage=The handle to an object was closed.\n\nSubject :\n\tSecurity ID:\t\tNT AUTHORITY\\SYSTEM\n\tAccount Name:\t\tEMPLOYEE-01$\n\tAccount Domain:\t\tCORP\n\tLogon ID:\t\t0x3E7\n\nObject:\n\tObject Server:\t\tSecurity\n\tHandle ID:\t\t0x810\n\nProcess Information:\n\tProcess ID:\t\t0x13cc\n\tProcess Name:\t\tC:\\Program Files (x86)\\BigFix Enterprise\\BES Client\\BESClient.exe",
        "_serial": "227225",
        "_si": [
          "index01",
          "main"
        ],
        "_time": "2018-11-03 21:51:48.000 UTC",
        "host": "t1-corp-employee-01",
        "index": "main",
        "linecount": "26",
        "source": "WinEventLog:Security",
        "sourcetype": "WinEventLog",
        "splunk_server": "index01"
      },
      {
        "Message": "An attempt was made to duplicate a handle to an object.\n\nSubject:\n\tSecurity ID:\t\tNT AUTHORITY\\SYSTEM\n\tAccount Name:\t\tEMPLOYEE-01$\n\tAccount Domain:\t\tCORP\n\tLogon ID:\t\t0x3E7\n\nSource Handle Information:\n\tSource Handle ID:\t0x748\n\tSource Process ID:\t0x13cc\n\nNew Handle Information:\n\tTarget Handle ID:\t0x810\n\tTarget Process ID:\t0x4",
        "_bkt": "main~46~B135F5F1-8761-4D6B-9993-723ECD8DFAF7",
        "_cd": "46:211012902",
        "_indextime": "1541281910",
        "_pre_msg": "11/03/2018 09:51:48 PM\nLogName=Security\nSourceName=Microsoft Windows security auditing.\nEventCode=4690\nEventType=0\nType=Information\nComputerName=employee-01.corp.wheelzapp.com\nTaskCategory=Handle Manipulation\nOpCode=Info\nRecordNumber=232448\nKeywords=Audit Success",
        "_raw": "11/03/2018 09:51:48 PM\nLogName=Security\nSourceName=Microsoft Windows security auditing.\nEventCode=4690\nEventType=0\nType=Information\nComputerName=employee-01.corp.wheelzapp.com\nTaskCategory=Handle Manipulation\nOpCode=Info\nRecordNumber=232448\nKeywords=Audit Success\nMessage=An attempt was made to duplicate a handle to an object.\n\nSubject:\n\tSecurity ID:\t\tNT AUTHORITY\\SYSTEM\n\tAccount Name:\t\tEMPLOYEE-01$\n\tAccount Domain:\t\tCORP\n\tLogon ID:\t\t0x3E7\n\nSource Handle Information:\n\tSource Handle ID:\t0x748\n\tSource Process ID:\t0x13cc\n\nNew Handle Information:\n\tTarget Handle ID:\t0x810\n\tTarget Process ID:\t0x4",
        "_serial": "227226",
        "_si": [
          "index01",
          "main"
        ],
        "_time": "2018-11-03 21:51:48.000 UTC",
        "host": "t1-corp-employee-01",
        "index": "main",
        "linecount": "26",
        "source": "WinEventLog:Security",
        "sourcetype": "WinEventLog",
        "splunk_server": "index01"
      },
      {
        "Message": "The handle to an object was closed.\n\nSubject :\n\tSecurity ID:\t\tNT AUTHORITY\\SYSTEM\n\tAccount Name:\t\tEMPLOYEE-01$\n\tAccount Domain:\t\tCORP\n\tLogon ID:\t\t0x3E7\n\nObject:\n\tObject Server:\t\tSecurity\n\tHandle ID:\t\t0x578\n\nProcess Information:\n\tProcess ID:\t\t0x13cc\n\tProcess Name:\t\tC:\\Program Files (x86)\\BigFix Enterprise\\BES Client\\BESClient.exe",
        "_bkt": "main~46~B135F5F1-8761-4D6B-9993-723ECD8DFAF7",
        "_cd": "46:211012881",
        "_indextime": "1541281910",
        "_pre_msg": "11/03/2018 09:51:48 PM\nLogName=Security\nSourceName=Microsoft Windows security auditing.\nEventCode=4658\nEventType=0\nType=Information\nComputerName=employee-01.corp.wheelzapp.com\nTaskCategory=Kernel Object\nOpCode=Info\nRecordNumber=232447\nKeywords=Audit Success",
        "_raw": "11/03/2018 09:51:48 PM\nLogName=Security\nSourceName=Microsoft Windows security auditing.\nEventCode=4658\nEventType=0\nType=Information\nComputerName=employee-01.corp.wheelzapp.com\nTaskCategory=Kernel Object\nOpCode=Info\nRecordNumber=232447\nKeywords=Audit Success\nMessage=The handle to an object was closed.\n\nSubject :\n\tSecurity ID:\t\tNT AUTHORITY\\SYSTEM\n\tAccount Name:\t\tEMPLOYEE-01$\n\tAccount Domain:\t\tCORP\n\tLogon ID:\t\t0x3E7\n\nObject:\n\tObject Server:\t\tSecurity\n\tHandle ID:\t\t0x578\n\nProcess Information:\n\tProcess ID:\t\t0x13cc\n\tProcess Name:\t\tC:\\Program Files (x86)\\BigFix Enterprise\\BES Client\\BESClient.exe",
        "_serial": "227227",
        "_si": [
          "index01",
          "main"
        ],
        "_time": "2018-11-03 21:51:48.000 UTC",
        "host": "t1-corp-employee-01",
        "index": "main",
        "linecount": "26",
        "source": "WinEventLog:Security",
        "sourcetype": "WinEventLog",
        "splunk_server": "index01"
      },
      {
        "Message": "An attempt was made to access an object.\n\nSubject:\n\tSecurity ID:\t\tNT AUTHORITY\\SYSTEM\n\tAccount Name:\t\tEMPLOYEE-01$\n\tAccount Domain:\t\tCORP\n\tLogon ID:\t\t0x3E7\n\nObject:\n\tObject Server:\t\tSecurity\n\tObject Type:\t\tProcess\n\tObject Name:\t\t\\Device\\HarddiskVolume1\\Windows\\System32\\lsass.exe\n\tHandle ID:\t\t0x578\n\tResource Attributes:\t-\n\nProcess Information:\n\tProcess ID:\t\t0x13cc\n\tProcess Name:\t\tC:\\Program Files (x86)\\BigFix Enterprise\\BES Client\\BESClient.exe\n\nAccess Request Information:\n\tAccesses:\t\tRead from process memory\n\t\t\t\t\n\tAccess Mask:\t\t0x10",
        "_bkt": "main~46~B135F5F1-8761-4D6B-9993-723ECD8DFAF7",
        "_cd": "46:211012853",
        "_indextime": "1541281910",
        "_pre_msg": "11/03/2018 09:51:48 PM\nLogName=Security\nSourceName=Microsoft Windows security auditing.\nEventCode=4663\nEventType=0\nType=Information\nComputerName=employee-01.corp.wheelzapp.com\nTaskCategory=Kernel Object\nOpCode=Info\nRecordNumber=232446\nKeywords=Audit Success",
        "_raw": "11/03/2018 09:51:48 PM\nLogName=Security\nSourceName=Microsoft Windows security auditing.\nEventCode=4663\nEventType=0\nType=Information\nComputerName=employee-01.corp.wheelzapp.com\nTaskCategory=Kernel Object\nOpCode=Info\nRecordNumber=232446\nKeywords=Audit Success\nMessage=An attempt was made to access an object.\n\nSubject:\n\tSecurity ID:\t\tNT AUTHORITY\\SYSTEM\n\tAccount Name:\t\tEMPLOYEE-01$\n\tAccount Domain:\t\tCORP\n\tLogon ID:\t\t0x3E7\n\nObject:\n\tObject Server:\t\tSecurity\n\tObject Type:\t\tProcess\n\tObject Name:\t\t\\Device\\HarddiskVolume1\\Windows\\System32\\lsass.exe\n\tHandle ID:\t\t0x578\n\tResource Attributes:\t-\n\nProcess Information:\n\tProcess ID:\t\t0x13cc\n\tProcess Name:\t\tC:\\Program Files (x86)\\BigFix Enterprise\\BES Client\\BESClient.exe\n\nAccess Request Information:\n\tAccesses:\t\tRead from process memory\n\t\t\t\t\n\tAccess Mask:\t\t0x10",
        "_serial": "227228",
        "_si": [
          "index01",
          "main"
        ],
        "_time": "2018-11-03 21:51:48.000 UTC",
        "host": "t1-corp-employee-01",
        "index": "main",
        "linecount": "34",
        "source": "WinEventLog:Security",
        "sourcetype": "WinEventLog",
        "splunk_server": "index01"
      },
      {
        "Message": "A handle to an object was requested.\n\nSubject:\n\tSecurity ID:\t\tNT AUTHORITY\\SYSTEM\n\tAccount Name:\t\tEMPLOYEE-01$\n\tAccount Domain:\t\tCORP\n\tLogon ID:\t\t0x3E7\n\nObject:\n\tObject Server:\t\tSecurity\n\tObject Type:\t\tProcess\n\tObject Name:\t\t\\Device\\HarddiskVolume1\\Windows\\System32\\lsass.exe\n\tHandle ID:\t\t0x578\n\tResource Attributes:\t-\n\nProcess Information:\n\tProcess ID:\t\t0x13cc\n\tProcess Name:\t\tC:\\Program Files (x86)\\BigFix Enterprise\\BES Client\\BESClient.exe\n\nAccess Request Information:\n\tTransaction ID:\t\t{00000000-0000-0000-0000-000000000000}\n\tAccesses:\t\tDELETE\n\t\t\t\tREAD_CONTROL\n\t\t\t\tWRITE_DAC\n\t\t\t\tWRITE_OWNER\n\t\t\t\tSYNCHRONIZE\n\t\t\t\tForce process termination\n\t\t\t\tCreate new thread in process\n\t\t\t\tSet process session ID\n\t\t\t\tPerform virtual memory operation\n\t\t\t\tRead from process memory\n\t\t\t\tWrite to process memory\n\t\t\t\tDuplicate handle into or out of process\n\t\t\t\tCreate a subprocess of process\n\t\t\t\tSet process quotas\n\t\t\t\tSet process information\n\t\t\t\tQuery process information\n\t\t\t\tSet process termination port\n\t\t\t\tUndefined Access (no effect) Bit 12\n\t\t\t\tUndefined Access (no effect) Bit 13\n\t\t\t\tUndefined Access (no effect) Bit 14\n\t\t\t\tUndefined Access (no effect) Bit 15\n\t\t\t\t\n\tAccess Reasons:\t\t-\n\tAccess Mask:\t\t0x1FFFFF\n\tPrivileges Used for Access Check:\t-\n\tRestricted SID Count:\t0",
        "_bkt": "main~46~B135F5F1-8761-4D6B-9993-723ECD8DFAF7",
        "_cd": "46:211012801",
        "_indextime": "1541281910",
        "_pre_msg": "11/03/2018 09:51:48 PM\nLogName=Security\nSourceName=Microsoft Windows security auditing.\nEventCode=4656\nEventType=0\nType=Information\nComputerName=employee-01.corp.wheelzapp.com\nTaskCategory=Kernel Object\nOpCode=Info\nRecordNumber=232445\nKeywords=Audit Success",
        "_raw": "11/03/2018 09:51:48 PM\nLogName=Security\nSourceName=Microsoft Windows security auditing.\nEventCode=4656\nEventType=0\nType=Information\nComputerName=employee-01.corp.wheelzapp.com\nTaskCategory=Kernel Object\nOpCode=Info\nRecordNumber=232445\nKeywords=Audit Success\nMessage=A handle to an object was requested.\n\nSubject:\n\tSecurity ID:\t\tNT AUTHORITY\\SYSTEM\n\tAccount Name:\t\tEMPLOYEE-01$\n\tAccount Domain:\t\tCORP\n\tLogon ID:\t\t0x3E7\n\nObject:\n\tObject Server:\t\tSecurity\n\tObject Type:\t\tProcess\n\tObject Name:\t\t\\Device\\HarddiskVolume1\\Windows\\System32\\lsass.exe\n\tHandle ID:\t\t0x578\n\tResource Attributes:\t-\n\nProcess Information:\n\tProcess ID:\t\t0x13cc\n\tProcess Name:\t\tC:\\Program Files (x86)\\BigFix Enterprise\\BES Client\\BESClient.exe\n\nAccess Request Information:\n\tTransaction ID:\t\t{00000000-0000-0000-0000-000000000000}\n\tAccesses:\t\tDELETE\n\t\t\t\tREAD_CONTROL\n\t\t\t\tWRITE_DAC\n\t\t\t\tWRITE_OWNER\n\t\t\t\tSYNCHRONIZE\n\t\t\t\tForce process termination\n\t\t\t\tCreate new thread in process\n\t\t\t\tSet process session ID\n\t\t\t\tPerform virtual memory operation\n\t\t\t\tRead from process memory\n\t\t\t\tWrite to process memory\n\t\t\t\tDuplicate handle into or out of process\n\t\t\t\tCreate a subprocess of process\n\t\t\t\tSet process quotas\n\t\t\t\tSet process information\n\t\t\t\tQuery process information\n\t\t\t\tSet process termination port\n\t\t\t\tUndefined Access (no effect) Bit 12\n\t\t\t\tUndefined Access (no effect) Bit 13\n\t\t\t\tUndefined Access (no effect) Bit 14\n\t\t\t\tUndefined Access (no effect) Bit 15\n\t\t\t\t\n\tAccess Reasons:\t\t-\n\tAccess Mask:\t\t0x1FFFFF\n\tPrivileges Used for Access Check:\t-\n\tRestricted SID Count:\t0",
        "_serial": "227229",
        "_si": [
          "index01",
          "main"
        ],
        "_time": "2018-11-03 21:51:48.000 UTC",
        "host": "t1-corp-employee-01",
        "index": "main",
        "linecount": "58",
        "source": "WinEventLog:Security",
        "sourcetype": "WinEventLog",
        "splunk_server": "index01"
      },
      {
        "Message": "The handle to an object was closed.\n\nSubject :\n\tSecurity ID:\t\tNT AUTHORITY\\SYSTEM\n\tAccount Name:\t\tEMPLOYEE-01$\n\tAccount Domain:\t\tCORP\n\tLogon ID:\t\t0x3E7\n\nObject:\n\tObject Server:\t\tSecurity\n\tHandle ID:\t\t0x810\n\nProcess Information:\n\tProcess ID:\t\t0x13cc\n\tProcess Name:\t\tC:\\Program Files (x86)\\BigFix Enterprise\\BES Client\\BESClient.exe",
        "_bkt": "main~46~B135F5F1-8761-4D6B-9993-723ECD8DFAF7",
        "_cd": "46:211012780",
        "_indextime": "1541281910",
        "_pre_msg": "11/03/2018 09:51:48 PM\nLogName=Security\nSourceName=Microsoft Windows security auditing.\nEventCode=4658\nEventType=0\nType=Information\nComputerName=employee-01.corp.wheelzapp.com\nTaskCategory=Kernel Object\nOpCode=Info\nRecordNumber=232444\nKeywords=Audit Success",
        "_raw": "11/03/2018 09:51:48 PM\nLogName=Security\nSourceName=Microsoft Windows security auditing.\nEventCode=4658\nEventType=0\nType=Information\nComputerName=employee-01.corp.wheelzapp.com\nTaskCategory=Kernel Object\nOpCode=Info\nRecordNumber=232444\nKeywords=Audit Success\nMessage=The handle to an object was closed.\n\nSubject :\n\tSecurity ID:\t\tNT AUTHORITY\\SYSTEM\n\tAccount Name:\t\tEMPLOYEE-01$\n\tAccount Domain:\t\tCORP\n\tLogon ID:\t\t0x3E7\n\nObject:\n\tObject Server:\t\tSecurity\n\tHandle ID:\t\t0x810\n\nProcess Information:\n\tProcess ID:\t\t0x13cc\n\tProcess Name:\t\tC:\\Program Files (x86)\\BigFix Enterprise\\BES Client\\BESClient.exe",
        "_serial": "227230",
        "_si": [
          "index01",
          "main"
        ],
        "_time": "2018-11-03 21:51:48.000 UTC",
        "host": "t1-corp-employee-01",
        "index": "main",
        "linecount": "26",
        "source": "WinEventLog:Security",
        "sourcetype": "WinEventLog",
        "splunk_server": "index01"
      },
      {
        "Message": "An attempt was made to duplicate a handle to an object.\n\nSubject:\n\tSecurity ID:\t\tNT AUTHORITY\\SYSTEM\n\tAccount Name:\t\tEMPLOYEE-01$\n\tAccount Domain:\t\tCORP\n\tLogon ID:\t\t0x3E7\n\nSource Handle Information:\n\tSource Handle ID:\t0x578\n\tSource Process ID:\t0x13cc\n\nNew Handle Information:\n\tTarget Handle ID:\t0x810\n\tTarget Process ID:\t0x4",
        "_bkt": "main~46~B135F5F1-8761-4D6B-9993-723ECD8DFAF7",
        "_cd": "46:211012759",
        "_indextime": "1541281910",
        "_pre_msg": "11/03/2018 09:51:48 PM\nLogName=Security\nSourceName=Microsoft Windows security auditing.\nEventCode=4690\nEventType=0\nType=Information\nComputerName=employee-01.corp.wheelzapp.com\nTaskCategory=Handle Manipulation\nOpCode=Info\nRecordNumber=232443\nKeywords=Audit Success",
        "_raw": "11/03/2018 09:51:48 PM\nLogName=Security\nSourceName=Microsoft Windows security auditing.\nEventCode=4690\nEventType=0\nType=Information\nComputerName=employee-01.corp.wheelzapp.com\nTaskCategory=Handle Manipulation\nOpCode=Info\nRecordNumber=232443\nKeywords=Audit Success\nMessage=An attempt was made to duplicate a handle to an object.\n\nSubject:\n\tSecurity ID:\t\tNT AUTHORITY\\SYSTEM\n\tAccount Name:\t\tEMPLOYEE-01$\n\tAccount Domain:\t\tCORP\n\tLogon ID:\t\t0x3E7\n\nSource Handle Information:\n\tSource Handle ID:\t0x578\n\tSource Process ID:\t0x13cc\n\nNew Handle Information:\n\tTarget Handle ID:\t0x810\n\tTarget Process ID:\t0x4",
        "_serial": "227231",
        "_si": [
          "index01",
          "main"
        ],
        "_time": "2018-11-03 21:51:48.000 UTC",
        "host": "t1-corp-employee-01",
        "index": "main",
        "linecount": "26",
        "source": "WinEventLog:Security",
        "sourcetype": "WinEventLog",
        "splunk_server": "index01"
      },
      {
        "Message": "An operation was attempted on a privileged object.\n\nSubject:\n\tSecurity ID:\t\tCORP\\bsakamoto\n\tAccount Name:\t\tbsakamoto\n\tAccount Domain:\t\tCORP\n\tLogon ID:\t\t0xB87FF2\n\nObject:\n\tObject Server:\tSecurity\n\tObject Type:\t-\n\tObject Name:\t-\n\tObject Handle:\t0xf5c\n\nProcess Information:\n\tProcess ID:\t0x778\n\tProcess Name:\tC:\\Windows\\explorer.exe\n\nRequested Operation:\n\tDesired Access:\t1048577\n\tPrivileges:\t\tSeBackupPrivilege",
        "_bkt": "main~46~B135F5F1-8761-4D6B-9993-723ECD8DFAF7",
        "_cd": "46:211012735",
        "_indextime": "1541281910",
        "_pre_msg": "11/03/2018 09:51:48 PM\nLogName=Security\nSourceName=Microsoft Windows security auditing.\nEventCode=4674\nEventType=0\nType=Information\nComputerName=employee-01.corp.wheelzapp.com\nTaskCategory=Sensitive Privilege Use\nOpCode=Info\nRecordNumber=232442\nKeywords=Audit Success",
        "_raw": "11/03/2018 09:51:48 PM\nLogName=Security\nSourceName=Microsoft Windows security auditing.\nEventCode=4674\nEventType=0\nType=Information\nComputerName=employee-01.corp.wheelzapp.com\nTaskCategory=Sensitive Privilege Use\nOpCode=Info\nRecordNumber=232442\nKeywords=Audit Success\nMessage=An operation was attempted on a privileged object.\n\nSubject:\n\tSecurity ID:\t\tCORP\\bsakamoto\n\tAccount Name:\t\tbsakamoto\n\tAccount Domain:\t\tCORP\n\tLogon ID:\t\t0xB87FF2\n\nObject:\n\tObject Server:\tSecurity\n\tObject Type:\t-\n\tObject Name:\t-\n\tObject Handle:\t0xf5c\n\nProcess Information:\n\tProcess ID:\t0x778\n\tProcess Name:\tC:\\Windows\\explorer.exe\n\nRequested Operation:\n\tDesired Access:\t1048577\n\tPrivileges:\t\tSeBackupPrivilege",
        "_serial": "227232",
        "_si": [
          "index01",
          "main"
        ],
        "_time": "2018-11-03 21:51:48.000 UTC",
        "host": "t1-corp-employee-01",
        "index": "main",
        "linecount": "32",
        "source": "WinEventLog:Security",
        "sourcetype": "WinEventLog",
        "splunk_server": "index01"
      },
      {
        "Message": "An operation was attempted on a privileged object.\n\nSubject:\n\tSecurity ID:\t\tCORP\\bsakamoto\n\tAccount Name:\t\tbsakamoto\n\tAccount Domain:\t\tCORP\n\tLogon ID:\t\t0xB87FF2\n\nObject:\n\tObject Server:\tSecurity\n\tObject Type:\t-\n\tObject Name:\t-\n\tObject Handle:\t0x1268\n\nProcess Information:\n\tProcess ID:\t0x778\n\tProcess Name:\tC:\\Windows\\explorer.exe\n\nRequested Operation:\n\tDesired Access:\t1048577\n\tPrivileges:\t\tSeBackupPrivilege",
        "_bkt": "main~46~B135F5F1-8761-4D6B-9993-723ECD8DFAF7",
        "_cd": "46:211012711",
        "_indextime": "1541281910",
        "_pre_msg": "11/03/2018 09:51:48 PM\nLogName=Security\nSourceName=Microsoft Windows security auditing.\nEventCode=4674\nEventType=0\nType=Information\nComputerName=employee-01.corp.wheelzapp.com\nTaskCategory=Sensitive Privilege Use\nOpCode=Info\nRecordNumber=232441\nKeywords=Audit Success",
        "_raw": "11/03/2018 09:51:48 PM\nLogName=Security\nSourceName=Microsoft Windows security auditing.\nEventCode=4674\nEventType=0\nType=Information\nComputerName=employee-01.corp.wheelzapp.com\nTaskCategory=Sensitive Privilege Use\nOpCode=Info\nRecordNumber=232441\nKeywords=Audit Success\nMessage=An operation was attempted on a privileged object.\n\nSubject:\n\tSecurity ID:\t\tCORP\\bsakamoto\n\tAccount Name:\t\tbsakamoto\n\tAccount Domain:\t\tCORP\n\tLogon ID:\t\t0xB87FF2\n\nObject:\n\tObject Server:\tSecurity\n\tObject Type:\t-\n\tObject Name:\t-\n\tObject Handle:\t0x1268\n\nProcess Information:\n\tProcess ID:\t0x778\n\tProcess Name:\tC:\\Windows\\explorer.exe\n\nRequested Operation:\n\tDesired Access:\t1048577\n\tPrivileges:\t\tSeBackupPrivilege",
        "_serial": "227233",
        "_si": [
          "index01",
          "main"
        ],
        "_time": "2018-11-03 21:51:48.000 UTC",
        "host": "t1-corp-employee-01",
        "index": "main",
        "linecount": "32",
        "source": "WinEventLog:Security",
        "sourcetype": "WinEventLog",
        "splunk_server": "index01"
      },
      {
        "Message": "An operation was attempted on a privileged object.\n\nSubject:\n\tSecurity ID:\t\tCORP\\bsakamoto\n\tAccount Name:\t\tbsakamoto\n\tAccount Domain:\t\tCORP\n\tLogon ID:\t\t0xB87FF2\n\nObject:\n\tObject Server:\tSecurity\n\tObject Type:\t-\n\tObject Name:\t-\n\tObject Handle:\t0xf5c\n\nProcess Information:\n\tProcess ID:\t0x778\n\tProcess Name:\tC:\\Windows\\explorer.exe\n\nRequested Operation:\n\tDesired Access:\t1048577\n\tPrivileges:\t\tSeBackupPrivilege",
        "_bkt": "main~46~B135F5F1-8761-4D6B-9993-723ECD8DFAF7",
        "_cd": "46:211012687",
        "_indextime": "1541281910",
        "_pre_msg": "11/03/2018 09:51:48 PM\nLogName=Security\nSourceName=Microsoft Windows security auditing.\nEventCode=4674\nEventType=0\nType=Information\nComputerName=employee-01.corp.wheelzapp.com\nTaskCategory=Sensitive Privilege Use\nOpCode=Info\nRecordNumber=232440\nKeywords=Audit Success",
        "_raw": "11/03/2018 09:51:48 PM\nLogName=Security\nSourceName=Microsoft Windows security auditing.\nEventCode=4674\nEventType=0\nType=Information\nComputerName=employee-01.corp.wheelzapp.com\nTaskCategory=Sensitive Privilege Use\nOpCode=Info\nRecordNumber=232440\nKeywords=Audit Success\nMessage=An operation was attempted on a privileged object.\n\nSubject:\n\tSecurity ID:\t\tCORP\\bsakamoto\n\tAccount Name:\t\tbsakamoto\n\tAccount Domain:\t\tCORP\n\tLogon ID:\t\t0xB87FF2\n\nObject:\n\tObject Server:\tSecurity\n\tObject Type:\t-\n\tObject Name:\t-\n\tObject Handle:\t0xf5c\n\nProcess Information:\n\tProcess ID:\t0x778\n\tProcess Name:\tC:\\Windows\\explorer.exe\n\nRequested Operation:\n\tDesired Access:\t1048577\n\tPrivileges:\t\tSeBackupPrivilege",
        "_serial": "227234",
        "_si": [
          "index01",
          "main"
        ],
        "_time": "2018-11-03 21:51:48.000 UTC",
        "host": "t1-corp-employee-01",
        "index": "main",
        "linecount": "32",
        "source": "WinEventLog:Security",
        "sourcetype": "WinEventLog",
        "splunk_server": "index01"
      },
      {
        "Message": "An operation was attempted on a privileged object.\n\nSubject:\n\tSecurity ID:\t\tCORP\\bsakamoto\n\tAccount Name:\t\tbsakamoto\n\tAccount Domain:\t\tCORP\n\tLogon ID:\t\t0xB87FF2\n\nObject:\n\tObject Server:\tSecurity\n\tObject Type:\t-\n\tObject Name:\t-\n\tObject Handle:\t0x1268\n\nProcess Information:\n\tProcess ID:\t0x778\n\tProcess Name:\tC:\\Windows\\explorer.exe\n\nRequested Operation:\n\tDesired Access:\t1048577\n\tPrivileges:\t\tSeBackupPrivilege",
        "_bkt": "main~46~B135F5F1-8761-4D6B-9993-723ECD8DFAF7",
        "_cd": "46:211012663",
        "_indextime": "1541281910",
        "_pre_msg": "11/03/2018 09:51:48 PM\nLogName=Security\nSourceName=Microsoft Windows security auditing.\nEventCode=4674\nEventType=0\nType=Information\nComputerName=employee-01.corp.wheelzapp.com\nTaskCategory=Sensitive Privilege Use\nOpCode=Info\nRecordNumber=232439\nKeywords=Audit Success",
        "_raw": "11/03/2018 09:51:48 PM\nLogName=Security\nSourceName=Microsoft Windows security auditing.\nEventCode=4674\nEventType=0\nType=Information\nComputerName=employee-01.corp.wheelzapp.com\nTaskCategory=Sensitive Privilege Use\nOpCode=Info\nRecordNumber=232439\nKeywords=Audit Success\nMessage=An operation was attempted on a privileged object.\n\nSubject:\n\tSecurity ID:\t\tCORP\\bsakamoto\n\tAccount Name:\t\tbsakamoto\n\tAccount Domain:\t\tCORP\n\tLogon ID:\t\t0xB87FF2\n\nObject:\n\tObject Server:\tSecurity\n\tObject Type:\t-\n\tObject Name:\t-\n\tObject Handle:\t0x1268\n\nProcess Information:\n\tProcess ID:\t0x778\n\tProcess Name:\tC:\\Windows\\explorer.exe\n\nRequested Operation:\n\tDesired Access:\t1048577\n\tPrivileges:\t\tSeBackupPrivilege",
        "_serial": "227235",
        "_si": [
          "index01",
          "main"
        ],
        "_time": "2018-11-03 21:51:48.000 UTC",
        "host": "t1-corp-employee-01",
        "index": "main",
        "linecount": "32",
        "source": "WinEventLog:Security",
        "sourcetype": "WinEventLog",
        "splunk_server": "index01"
      },
      {
        "Message": "An operation was attempted on a privileged object.\n\nSubject:\n\tSecurity ID:\t\tCORP\\bsakamoto\n\tAccount Name:\t\tbsakamoto\n\tAccount Domain:\t\tCORP\n\tLogon ID:\t\t0xB87FF2\n\nObject:\n\tObject Server:\tSecurity\n\tObject Type:\t-\n\tObject Name:\t-\n\tObject Handle:\t0x1268\n\nProcess Information:\n\tProcess ID:\t0x778\n\tProcess Name:\tC:\\Windows\\explorer.exe\n\nRequested Operation:\n\tDesired Access:\t1048577\n\tPrivileges:\t\tSeBackupPrivilege",
        "_bkt": "main~46~B135F5F1-8761-4D6B-9993-723ECD8DFAF7",
        "_cd": "46:211012639",
        "_indextime": "1541281910",
        "_pre_msg": "11/03/2018 09:51:48 PM\nLogName=Security\nSourceName=Microsoft Windows security auditing.\nEventCode=4674\nEventType=0\nType=Information\nComputerName=employee-01.corp.wheelzapp.com\nTaskCategory=Sensitive Privilege Use\nOpCode=Info\nRecordNumber=232438\nKeywords=Audit Success",
        "_raw": "11/03/2018 09:51:48 PM\nLogName=Security\nSourceName=Microsoft Windows security auditing.\nEventCode=4674\nEventType=0\nType=Information\nComputerName=employee-01.corp.wheelzapp.com\nTaskCategory=Sensitive Privilege Use\nOpCode=Info\nRecordNumber=232438\nKeywords=Audit Success\nMessage=An operation was attempted on a privileged object.\n\nSubject:\n\tSecurity ID:\t\tCORP\\bsakamoto\n\tAccount Name:\t\tbsakamoto\n\tAccount Domain:\t\tCORP\n\tLogon ID:\t\t0xB87FF2\n\nObject:\n\tObject Server:\tSecurity\n\tObject Type:\t-\n\tObject Name:\t-\n\tObject Handle:\t0x1268\n\nProcess Information:\n\tProcess ID:\t0x778\n\tProcess Name:\tC:\\Windows\\explorer.exe\n\nRequested Operation:\n\tDesired Access:\t1048577\n\tPrivileges:\t\tSeBackupPrivilege",
        "_serial": "227236",
        "_si": [
          "index01",
          "main"
        ],
        "_time": "2018-11-03 21:51:48.000 UTC",
        "host": "t1-corp-employee-01",
        "index": "main",
        "linecount": "32",
        "source": "WinEventLog:Security",
        "sourcetype": "WinEventLog",
        "splunk_server": "index01"
      },
      {
        "Message": "An operation was attempted on a privileged object.\n\nSubject:\n\tSecurity ID:\t\tCORP\\bsakamoto\n\tAccount Name:\t\tbsakamoto\n\tAccount Domain:\t\tCORP\n\tLogon ID:\t\t0xB87FF2\n\nObject:\n\tObject Server:\tSecurity\n\tObject Type:\t-\n\tObject Name:\t-\n\tObject Handle:\t0xf5c\n\nProcess Information:\n\tProcess ID:\t0x778\n\tProcess Name:\tC:\\Windows\\explorer.exe\n\nRequested Operation:\n\tDesired Access:\t1048577\n\tPrivileges:\t\tSeBackupPrivilege",
        "_bkt": "main~46~B135F5F1-8761-4D6B-9993-723ECD8DFAF7",
        "_cd": "46:211012585",
        "_indextime": "1541281910",
        "_pre_msg": "11/03/2018 09:51:48 PM\nLogName=Security\nSourceName=Microsoft Windows security auditing.\nEventCode=4674\nEventType=0\nType=Information\nComputerName=employee-01.corp.wheelzapp.com\nTaskCategory=Sensitive Privilege Use\nOpCode=Info\nRecordNumber=232437\nKeywords=Audit Success",
        "_raw": "11/03/2018 09:51:48 PM\nLogName=Security\nSourceName=Microsoft Windows security auditing.\nEventCode=4674\nEventType=0\nType=Information\nComputerName=employee-01.corp.wheelzapp.com\nTaskCategory=Sensitive Privilege Use\nOpCode=Info\nRecordNumber=232437\nKeywords=Audit Success\nMessage=An operation was attempted on a privileged object.\n\nSubject:\n\tSecurity ID:\t\tCORP\\bsakamoto\n\tAccount Name:\t\tbsakamoto\n\tAccount Domain:\t\tCORP\n\tLogon ID:\t\t0xB87FF2\n\nObject:\n\tObject Server:\tSecurity\n\tObject Type:\t-\n\tObject Name:\t-\n\tObject Handle:\t0xf5c\n\nProcess Information:\n\tProcess ID:\t0x778\n\tProcess Name:\tC:\\Windows\\explorer.exe\n\nRequested Operation:\n\tDesired Access:\t1048577\n\tPrivileges:\t\tSeBackupPrivilege",
        "_serial": "227237",
        "_si": [
          "index01",
          "main"
        ],
        "_time": "2018-11-03 21:51:48.000 UTC",
        "host": "t1-corp-employee-01",
        "index": "main",
        "linecount": "32",
        "source": "WinEventLog:Security",
        "sourcetype": "WinEventLog",
        "splunk_server": "index01"
      },
      {
        "Message": "The computer attempted to validate the credentials for an account.\n\nAuthentication Package:\tMICROSOFT_AUTHENTICATION_PACKAGE_V1_0\nLogon Account:\tbsakamoto\nSource Workstation:\tWIN06\nError Code:\t0xC000006A",
        "_bkt": "main~46~B135F5F1-8761-4D6B-9993-723ECD8DFAF7",
        "_cd": "46:210983029",
        "_indextime": "1541281909",
        "_pre_msg": "11/03/2018 09:51:48 PM\nLogName=Security\nSourceName=Microsoft Windows security auditing.\nEventCode=4776\nEventType=0\nType=Information\nComputerName=ad-00.corp.wheelzapp.com\nTaskCategory=Credential Validation\nOpCode=Info\nRecordNumber=896064\nKeywords=Audit Failure",
        "_raw": "11/03/2018 09:51:48 PM\nLogName=Security\nSourceName=Microsoft Windows security auditing.\nEventCode=4776\nEventType=0\nType=Information\nComputerName=ad-00.corp.wheelzapp.com\nTaskCategory=Credential Validation\nOpCode=Info\nRecordNumber=896064\nKeywords=Audit Failure\nMessage=The computer attempted to validate the credentials for an account.\n\nAuthentication Package:\tMICROSOFT_AUTHENTICATION_PACKAGE_V1_0\nLogon Account:\tbsakamoto\nSource Workstation:\tWIN06\nError Code:\t0xC000006A",
        "_serial": "227238",
        "_si": [
          "index01",
          "main"
        ],
        "_time": "2018-11-03 21:51:48.000 UTC",
        "host": "t1-corp-ad-00",
        "index": "main",
        "linecount": "17",
        "source": "WinEventLog:Security",
        "sourcetype": "WinEventLog",
        "splunk_server": "index01"
      },
      {
        "Message": "The Windows Filtering Platform has permitted a connection.\n\nApplication Information:\n\tProcess ID:\t\t2592\n\tApplication Name:\t\\device\\harddiskvolume1\\windows\\system32\\dns.exe\n\nNetwork Information:\n\tDirection:\t\tInbound\n\tSource Address:\t\t10.0.0.20\n\tSource Port:\t\t35695\n\tDestination Address:\t10.0.0.10\n\tDestination Port:\t\t53\n\tProtocol:\t\t17\n\nFilter Information:\n\tFilter Run-Time ID:\t0\n\tLayer Name:\t\tReceive/Accept\n\tLayer Run-Time ID:\t44",
        "_bkt": "main~46~B135F5F1-8761-4D6B-9993-723ECD8DFAF7",
        "_cd": "46:210983004",
        "_indextime": "1541281909",
        "_pre_msg": "11/03/2018 09:51:48 PM\nLogName=Security\nSourceName=Microsoft Windows security auditing.\nEventCode=5156\nEventType=0\nType=Information\nComputerName=ad-00.corp.wheelzapp.com\nTaskCategory=Filtering Platform Connection\nOpCode=Info\nRecordNumber=896063\nKeywords=Audit Success",
