        "_raw": "11/03/2018 11:10:48 PM\nLogName=Security\nSourceName=Microsoft Windows security auditing.\nEventCode=4690\nEventType=0\nType=Information\nComputerName=ad-00.corp.wheelzapp.com\nTaskCategory=Handle Manipulation\nOpCode=Info\nRecordNumber=955728\nKeywords=Audit Success\nMessage=An attempt was made to duplicate a handle to an object.\n\nSubject:\n\tSecurity ID:\t\tNT AUTHORITY\\SYSTEM\n\tAccount Name:\t\tAD-00$\n\tAccount Domain:\t\tCORP\n\tLogon ID:\t\t0x3E7\n\nSource Handle Information:\n\tSource Handle ID:\t0x588\n\tSource Process ID:\t0xa40\n\nNew Handle Information:\n\tTarget Handle ID:\t0x1150\n\tTarget Process ID:\t0x4",
        "_serial": "39138",
        "_si": [
          "index01",
          "main"
        ],
        "_time": "2018-11-03 23:10:48.000 UTC",
        "host": "t1-corp-ad-00",
        "index": "main",
        "linecount": "26",
        "source": "WinEventLog:Security",
        "sourcetype": "WinEventLog",
        "splunk_server": "index01"
      },
      {
        "Message": "The handle to an object was closed.\n\nSubject :\n\tSecurity ID:\t\tNT AUTHORITY\\SYSTEM\n\tAccount Name:\t\tAD-00$\n\tAccount Domain:\t\tCORP\n\tLogon ID:\t\t0x3E7\n\nObject:\n\tObject Server:\t\tSecurity\n\tHandle ID:\t\t0x6dc\n\nProcess Information:\n\tProcess ID:\t\t0xa40\n\tProcess Name:\t\tC:\\Windows\\System32\\dfsrs.exe",
        "_bkt": "main~48~309B8BB8-F45C-44CE-ABE5-EF8B9EC8A780",
        "_cd": "48:212271724",
        "_indextime": "1541286649",
        "_pre_msg": "11/03/2018 11:10:48 PM\nLogName=Security\nSourceName=Microsoft Windows security auditing.\nEventCode=4658\nEventType=0\nType=Information\nComputerName=ad-00.corp.wheelzapp.com\nTaskCategory=File System\nOpCode=Info\nRecordNumber=955727\nKeywords=Audit Success",
        "_raw": "11/03/2018 11:10:48 PM\nLogName=Security\nSourceName=Microsoft Windows security auditing.\nEventCode=4658\nEventType=0\nType=Information\nComputerName=ad-00.corp.wheelzapp.com\nTaskCategory=File System\nOpCode=Info\nRecordNumber=955727\nKeywords=Audit Success\nMessage=The handle to an object was closed.\n\nSubject :\n\tSecurity ID:\t\tNT AUTHORITY\\SYSTEM\n\tAccount Name:\t\tAD-00$\n\tAccount Domain:\t\tCORP\n\tLogon ID:\t\t0x3E7\n\nObject:\n\tObject Server:\t\tSecurity\n\tHandle ID:\t\t0x6dc\n\nProcess Information:\n\tProcess ID:\t\t0xa40\n\tProcess Name:\t\tC:\\Windows\\System32\\dfsrs.exe",
        "_serial": "39139",
        "_si": [
          "index01",
          "main"
        ],
        "_time": "2018-11-03 23:10:48.000 UTC",
        "host": "t1-corp-ad-00",
        "index": "main",
        "linecount": "26",
        "source": "WinEventLog:Security",
        "sourcetype": "WinEventLog",
        "splunk_server": "index01"
      },
      {
        "Message": "A handle to an object was requested.\n\nSubject:\n\tSecurity ID:\t\tNT AUTHORITY\\SYSTEM\n\tAccount Name:\t\tAD-00$\n\tAccount Domain:\t\tCORP\n\tLogon ID:\t\t0x3E7\n\nObject:\n\tObject Server:\t\tSecurity\n\tObject Type:\t\tFile\n\tObject Name:\t\t\\Device\\MountPointManager\n\tHandle ID:\t\t0x6dc\n\tResource Attributes:\t-\n\nProcess Information:\n\tProcess ID:\t\t0xa40\n\tProcess Name:\t\tC:\\Windows\\System32\\dfsrs.exe\n\nAccess Request Information:\n\tTransaction ID:\t\t{00000000-0000-0000-0000-000000000000}\n\tAccesses:\t\tSYNCHRONIZE\n\t\t\t\tReadAttributes\n\t\t\t\t\n\tAccess Reasons:\t\t-\n\tAccess Mask:\t\t0x100080\n\tPrivileges Used for Access Check:\t-\n\tRestricted SID Count:\t0",
        "_bkt": "main~48~309B8BB8-F45C-44CE-ABE5-EF8B9EC8A780",
        "_cd": "48:212271694",
        "_indextime": "1541286649",
        "_pre_msg": "11/03/2018 11:10:48 PM\nLogName=Security\nSourceName=Microsoft Windows security auditing.\nEventCode=4656\nEventType=0\nType=Information\nComputerName=ad-00.corp.wheelzapp.com\nTaskCategory=File System\nOpCode=Info\nRecordNumber=955726\nKeywords=Audit Success",
        "_raw": "11/03/2018 11:10:48 PM\nLogName=Security\nSourceName=Microsoft Windows security auditing.\nEventCode=4656\nEventType=0\nType=Information\nComputerName=ad-00.corp.wheelzapp.com\nTaskCategory=File System\nOpCode=Info\nRecordNumber=955726\nKeywords=Audit Success\nMessage=A handle to an object was requested.\n\nSubject:\n\tSecurity ID:\t\tNT AUTHORITY\\SYSTEM\n\tAccount Name:\t\tAD-00$\n\tAccount Domain:\t\tCORP\n\tLogon ID:\t\t0x3E7\n\nObject:\n\tObject Server:\t\tSecurity\n\tObject Type:\t\tFile\n\tObject Name:\t\t\\Device\\MountPointManager\n\tHandle ID:\t\t0x6dc\n\tResource Attributes:\t-\n\nProcess Information:\n\tProcess ID:\t\t0xa40\n\tProcess Name:\t\tC:\\Windows\\System32\\dfsrs.exe\n\nAccess Request Information:\n\tTransaction ID:\t\t{00000000-0000-0000-0000-000000000000}\n\tAccesses:\t\tSYNCHRONIZE\n\t\t\t\tReadAttributes\n\t\t\t\t\n\tAccess Reasons:\t\t-\n\tAccess Mask:\t\t0x100080\n\tPrivileges Used for Access Check:\t-\n\tRestricted SID Count:\t0",
        "_serial": "39140",
        "_si": [
          "index01",
          "main"
        ],
        "_time": "2018-11-03 23:10:48.000 UTC",
        "host": "t1-corp-ad-00",
        "index": "main",
        "linecount": "39",
        "source": "WinEventLog:Security",
        "sourcetype": "WinEventLog",
        "splunk_server": "index01"
      },
      {
        "Message": "The handle to an object was closed.\n\nSubject :\n\tSecurity ID:\t\tNT AUTHORITY\\SYSTEM\n\tAccount Name:\t\tAD-00$\n\tAccount Domain:\t\tCORP\n\tLogon ID:\t\t0x3E7\n\nObject:\n\tObject Server:\t\tSecurity\n\tHandle ID:\t\t0x1150\n\nProcess Information:\n\tProcess ID:\t\t0xa40\n\tProcess Name:\t\tC:\\Windows\\System32\\dfsrs.exe",
        "_bkt": "main~48~309B8BB8-F45C-44CE-ABE5-EF8B9EC8A780",
        "_cd": "48:212271675",
        "_indextime": "1541286649",
        "_pre_msg": "11/03/2018 11:10:48 PM\nLogName=Security\nSourceName=Microsoft Windows security auditing.\nEventCode=4658\nEventType=0\nType=Information\nComputerName=ad-00.corp.wheelzapp.com\nTaskCategory=File System\nOpCode=Info\nRecordNumber=955725\nKeywords=Audit Success",
        "_raw": "11/03/2018 11:10:48 PM\nLogName=Security\nSourceName=Microsoft Windows security auditing.\nEventCode=4658\nEventType=0\nType=Information\nComputerName=ad-00.corp.wheelzapp.com\nTaskCategory=File System\nOpCode=Info\nRecordNumber=955725\nKeywords=Audit Success\nMessage=The handle to an object was closed.\n\nSubject :\n\tSecurity ID:\t\tNT AUTHORITY\\SYSTEM\n\tAccount Name:\t\tAD-00$\n\tAccount Domain:\t\tCORP\n\tLogon ID:\t\t0x3E7\n\nObject:\n\tObject Server:\t\tSecurity\n\tHandle ID:\t\t0x1150\n\nProcess Information:\n\tProcess ID:\t\t0xa40\n\tProcess Name:\t\tC:\\Windows\\System32\\dfsrs.exe",
        "_serial": "39141",
        "_si": [
          "index01",
          "main"
        ],
        "_time": "2018-11-03 23:10:48.000 UTC",
        "host": "t1-corp-ad-00",
        "index": "main",
        "linecount": "26",
        "source": "WinEventLog:Security",
        "sourcetype": "WinEventLog",
        "splunk_server": "index01"
      },
      {
        "Message": "An attempt was made to duplicate a handle to an object.\n\nSubject:\n\tSecurity ID:\t\tNT AUTHORITY\\SYSTEM\n\tAccount Name:\t\tAD-00$\n\tAccount Domain:\t\tCORP\n\tLogon ID:\t\t0x3E7\n\nSource Handle Information:\n\tSource Handle ID:\t0x6dc\n\tSource Process ID:\t0xa40\n\nNew Handle Information:\n\tTarget Handle ID:\t0x1150\n\tTarget Process ID:\t0x4",
        "_bkt": "main~48~309B8BB8-F45C-44CE-ABE5-EF8B9EC8A780",
        "_cd": "48:212271654",
        "_indextime": "1541286649",
        "_pre_msg": "11/03/2018 11:10:48 PM\nLogName=Security\nSourceName=Microsoft Windows security auditing.\nEventCode=4690\nEventType=0\nType=Information\nComputerName=ad-00.corp.wheelzapp.com\nTaskCategory=Handle Manipulation\nOpCode=Info\nRecordNumber=955724\nKeywords=Audit Success",
        "_raw": "11/03/2018 11:10:48 PM\nLogName=Security\nSourceName=Microsoft Windows security auditing.\nEventCode=4690\nEventType=0\nType=Information\nComputerName=ad-00.corp.wheelzapp.com\nTaskCategory=Handle Manipulation\nOpCode=Info\nRecordNumber=955724\nKeywords=Audit Success\nMessage=An attempt was made to duplicate a handle to an object.\n\nSubject:\n\tSecurity ID:\t\tNT AUTHORITY\\SYSTEM\n\tAccount Name:\t\tAD-00$\n\tAccount Domain:\t\tCORP\n\tLogon ID:\t\t0x3E7\n\nSource Handle Information:\n\tSource Handle ID:\t0x6dc\n\tSource Process ID:\t0xa40\n\nNew Handle Information:\n\tTarget Handle ID:\t0x1150\n\tTarget Process ID:\t0x4",
        "_serial": "39142",
        "_si": [
          "index01",
          "main"
        ],
        "_time": "2018-11-03 23:10:48.000 UTC",
        "host": "t1-corp-ad-00",
        "index": "main",
        "linecount": "26",
        "source": "WinEventLog:Security",
        "sourcetype": "WinEventLog",
        "splunk_server": "index01"
      },
      {
        "Message": "The handle to an object was closed.\n\nSubject :\n\tSecurity ID:\t\tNT AUTHORITY\\SYSTEM\n\tAccount Name:\t\tAD-00$\n\tAccount Domain:\t\tCORP\n\tLogon ID:\t\t0x3E7\n\nObject:\n\tObject Server:\t\tSecurity\n\tHandle ID:\t\t0x6dc\n\nProcess Information:\n\tProcess ID:\t\t0xa40\n\tProcess Name:\t\tC:\\Windows\\System32\\dfsrs.exe",
        "_bkt": "main~48~309B8BB8-F45C-44CE-ABE5-EF8B9EC8A780",
        "_cd": "48:212271634",
        "_indextime": "1541286649",
        "_pre_msg": "11/03/2018 11:10:48 PM\nLogName=Security\nSourceName=Microsoft Windows security auditing.\nEventCode=4658\nEventType=0\nType=Information\nComputerName=ad-00.corp.wheelzapp.com\nTaskCategory=Removable Storage\nOpCode=Info\nRecordNumber=955723\nKeywords=Audit Success",
        "_raw": "11/03/2018 11:10:48 PM\nLogName=Security\nSourceName=Microsoft Windows security auditing.\nEventCode=4658\nEventType=0\nType=Information\nComputerName=ad-00.corp.wheelzapp.com\nTaskCategory=Removable Storage\nOpCode=Info\nRecordNumber=955723\nKeywords=Audit Success\nMessage=The handle to an object was closed.\n\nSubject :\n\tSecurity ID:\t\tNT AUTHORITY\\SYSTEM\n\tAccount Name:\t\tAD-00$\n\tAccount Domain:\t\tCORP\n\tLogon ID:\t\t0x3E7\n\nObject:\n\tObject Server:\t\tSecurity\n\tHandle ID:\t\t0x6dc\n\nProcess Information:\n\tProcess ID:\t\t0xa40\n\tProcess Name:\t\tC:\\Windows\\System32\\dfsrs.exe",
        "_serial": "39143",
        "_si": [
          "index01",
          "main"
        ],
        "_time": "2018-11-03 23:10:48.000 UTC",
        "host": "t1-corp-ad-00",
        "index": "main",
        "linecount": "26",
        "source": "WinEventLog:Security",
        "sourcetype": "WinEventLog",
        "splunk_server": "index01"
      },
      {
        "Message": "A handle to an object was requested.\n\nSubject:\n\tSecurity ID:\t\tNT AUTHORITY\\SYSTEM\n\tAccount Name:\t\tAD-00$\n\tAccount Domain:\t\tCORP\n\tLogon ID:\t\t0x3E7\n\nObject:\n\tObject Server:\t\tSecurity\n\tObject Type:\t\tFile\n\tObject Name:\t\t\\Device\\HarddiskVolume1\n\tHandle ID:\t\t0x6dc\n\tResource Attributes:\t-\n\nProcess Information:\n\tProcess ID:\t\t0xa40\n\tProcess Name:\t\tC:\\Windows\\System32\\dfsrs.exe\n\nAccess Request Information:\n\tTransaction ID:\t\t{00000000-0000-0000-0000-000000000000}\n\tAccesses:\t\tSYNCHRONIZE\n\t\t\t\tReadAttributes\n\t\t\t\t\n\tAccess Reasons:\t\t-\n\tAccess Mask:\t\t0x100080\n\tPrivileges Used for Access Check:\t-\n\tRestricted SID Count:\t0",
        "_bkt": "main~48~309B8BB8-F45C-44CE-ABE5-EF8B9EC8A780",
        "_cd": "48:212271604",
        "_indextime": "1541286649",
        "_pre_msg": "11/03/2018 11:10:48 PM\nLogName=Security\nSourceName=Microsoft Windows security auditing.\nEventCode=4656\nEventType=0\nType=Information\nComputerName=ad-00.corp.wheelzapp.com\nTaskCategory=Removable Storage\nOpCode=Info\nRecordNumber=955722\nKeywords=Audit Success",
        "_raw": "11/03/2018 11:10:48 PM\nLogName=Security\nSourceName=Microsoft Windows security auditing.\nEventCode=4656\nEventType=0\nType=Information\nComputerName=ad-00.corp.wheelzapp.com\nTaskCategory=Removable Storage\nOpCode=Info\nRecordNumber=955722\nKeywords=Audit Success\nMessage=A handle to an object was requested.\n\nSubject:\n\tSecurity ID:\t\tNT AUTHORITY\\SYSTEM\n\tAccount Name:\t\tAD-00$\n\tAccount Domain:\t\tCORP\n\tLogon ID:\t\t0x3E7\n\nObject:\n\tObject Server:\t\tSecurity\n\tObject Type:\t\tFile\n\tObject Name:\t\t\\Device\\HarddiskVolume1\n\tHandle ID:\t\t0x6dc\n\tResource Attributes:\t-\n\nProcess Information:\n\tProcess ID:\t\t0xa40\n\tProcess Name:\t\tC:\\Windows\\System32\\dfsrs.exe\n\nAccess Request Information:\n\tTransaction ID:\t\t{00000000-0000-0000-0000-000000000000}\n\tAccesses:\t\tSYNCHRONIZE\n\t\t\t\tReadAttributes\n\t\t\t\t\n\tAccess Reasons:\t\t-\n\tAccess Mask:\t\t0x100080\n\tPrivileges Used for Access Check:\t-\n\tRestricted SID Count:\t0",
        "_serial": "39144",
        "_si": [
          "index01",
          "main"
        ],
        "_time": "2018-11-03 23:10:48.000 UTC",
        "host": "t1-corp-ad-00",
        "index": "main",
        "linecount": "39",
        "source": "WinEventLog:Security",
        "sourcetype": "WinEventLog",
        "splunk_server": "index01"
      },
      {
        "Message": "The handle to an object was closed.\n\nSubject :\n\tSecurity ID:\t\tNT AUTHORITY\\SYSTEM\n\tAccount Name:\t\tAD-00$\n\tAccount Domain:\t\tCORP\n\tLogon ID:\t\t0x3E7\n\nObject:\n\tObject Server:\t\tSecurity\n\tHandle ID:\t\t0x1150\n\nProcess Information:\n\tProcess ID:\t\t0xa40\n\tProcess Name:\t\tC:\\Windows\\System32\\dfsrs.exe",
        "_bkt": "main~48~309B8BB8-F45C-44CE-ABE5-EF8B9EC8A780",
        "_cd": "48:212271584",
        "_indextime": "1541286649",
        "_pre_msg": "11/03/2018 11:10:48 PM\nLogName=Security\nSourceName=Microsoft Windows security auditing.\nEventCode=4658\nEventType=0\nType=Information\nComputerName=ad-00.corp.wheelzapp.com\nTaskCategory=Removable Storage\nOpCode=Info\nRecordNumber=955721\nKeywords=Audit Success",
        "_raw": "11/03/2018 11:10:48 PM\nLogName=Security\nSourceName=Microsoft Windows security auditing.\nEventCode=4658\nEventType=0\nType=Information\nComputerName=ad-00.corp.wheelzapp.com\nTaskCategory=Removable Storage\nOpCode=Info\nRecordNumber=955721\nKeywords=Audit Success\nMessage=The handle to an object was closed.\n\nSubject :\n\tSecurity ID:\t\tNT AUTHORITY\\SYSTEM\n\tAccount Name:\t\tAD-00$\n\tAccount Domain:\t\tCORP\n\tLogon ID:\t\t0x3E7\n\nObject:\n\tObject Server:\t\tSecurity\n\tHandle ID:\t\t0x1150\n\nProcess Information:\n\tProcess ID:\t\t0xa40\n\tProcess Name:\t\tC:\\Windows\\System32\\dfsrs.exe",
        "_serial": "39145",
        "_si": [
          "index01",
          "main"
        ],
        "_time": "2018-11-03 23:10:48.000 UTC",
        "host": "t1-corp-ad-00",
        "index": "main",
        "linecount": "26",
        "source": "WinEventLog:Security",
        "sourcetype": "WinEventLog",
        "splunk_server": "index01"
      },
      {
        "Message": "An attempt was made to duplicate a handle to an object.\n\nSubject:\n\tSecurity ID:\t\tNT AUTHORITY\\SYSTEM\n\tAccount Name:\t\tAD-00$\n\tAccount Domain:\t\tCORP\n\tLogon ID:\t\t0x3E7\n\nSource Handle Information:\n\tSource Handle ID:\t0x6dc\n\tSource Process ID:\t0xa40\n\nNew Handle Information:\n\tTarget Handle ID:\t0x1150\n\tTarget Process ID:\t0x4",
        "_bkt": "main~48~309B8BB8-F45C-44CE-ABE5-EF8B9EC8A780",
        "_cd": "48:212271563",
        "_indextime": "1541286649",
        "_pre_msg": "11/03/2018 11:10:48 PM\nLogName=Security\nSourceName=Microsoft Windows security auditing.\nEventCode=4690\nEventType=0\nType=Information\nComputerName=ad-00.corp.wheelzapp.com\nTaskCategory=Handle Manipulation\nOpCode=Info\nRecordNumber=955720\nKeywords=Audit Success",
        "_raw": "11/03/2018 11:10:48 PM\nLogName=Security\nSourceName=Microsoft Windows security auditing.\nEventCode=4690\nEventType=0\nType=Information\nComputerName=ad-00.corp.wheelzapp.com\nTaskCategory=Handle Manipulation\nOpCode=Info\nRecordNumber=955720\nKeywords=Audit Success\nMessage=An attempt was made to duplicate a handle to an object.\n\nSubject:\n\tSecurity ID:\t\tNT AUTHORITY\\SYSTEM\n\tAccount Name:\t\tAD-00$\n\tAccount Domain:\t\tCORP\n\tLogon ID:\t\t0x3E7\n\nSource Handle Information:\n\tSource Handle ID:\t0x6dc\n\tSource Process ID:\t0xa40\n\nNew Handle Information:\n\tTarget Handle ID:\t0x1150\n\tTarget Process ID:\t0x4",
        "_serial": "39146",
        "_si": [
          "index01",
          "main"
        ],
        "_time": "2018-11-03 23:10:48.000 UTC",
        "host": "t1-corp-ad-00",
        "index": "main",
        "linecount": "26",
        "source": "WinEventLog:Security",
        "sourcetype": "WinEventLog",
        "splunk_server": "index01"
      },
      {
        "Message": "The handle to an object was closed.\n\nSubject :\n\tSecurity ID:\t\tNT AUTHORITY\\SYSTEM\n\tAccount Name:\t\tAD-00$\n\tAccount Domain:\t\tCORP\n\tLogon ID:\t\t0x3E7\n\nObject:\n\tObject Server:\t\tSecurity\n\tHandle ID:\t\t0x6dc\n\nProcess Information:\n\tProcess ID:\t\t0xa40\n\tProcess Name:\t\tC:\\Windows\\System32\\dfsrs.exe",
        "_bkt": "main~48~309B8BB8-F45C-44CE-ABE5-EF8B9EC8A780",
        "_cd": "48:212271543",
        "_indextime": "1541286649",
        "_pre_msg": "11/03/2018 11:10:48 PM\nLogName=Security\nSourceName=Microsoft Windows security auditing.\nEventCode=4658\nEventType=0\nType=Information\nComputerName=ad-00.corp.wheelzapp.com\nTaskCategory=Removable Storage\nOpCode=Info\nRecordNumber=955719\nKeywords=Audit Success",
        "_raw": "11/03/2018 11:10:48 PM\nLogName=Security\nSourceName=Microsoft Windows security auditing.\nEventCode=4658\nEventType=0\nType=Information\nComputerName=ad-00.corp.wheelzapp.com\nTaskCategory=Removable Storage\nOpCode=Info\nRecordNumber=955719\nKeywords=Audit Success\nMessage=The handle to an object was closed.\n\nSubject :\n\tSecurity ID:\t\tNT AUTHORITY\\SYSTEM\n\tAccount Name:\t\tAD-00$\n\tAccount Domain:\t\tCORP\n\tLogon ID:\t\t0x3E7\n\nObject:\n\tObject Server:\t\tSecurity\n\tHandle ID:\t\t0x6dc\n\nProcess Information:\n\tProcess ID:\t\t0xa40\n\tProcess Name:\t\tC:\\Windows\\System32\\dfsrs.exe",
        "_serial": "39147",
        "_si": [
          "index01",
          "main"
        ],
        "_time": "2018-11-03 23:10:48.000 UTC",
        "host": "t1-corp-ad-00",
        "index": "main",
        "linecount": "26",
        "source": "WinEventLog:Security",
        "sourcetype": "WinEventLog",
        "splunk_server": "index01"
      },
      {
        "Message": "The handle to an object was closed.\n\nSubject :\n\tSecurity ID:\t\tNT AUTHORITY\\SYSTEM\n\tAccount Name:\t\tAD-00$\n\tAccount Domain:\t\tCORP\n\tLogon ID:\t\t0x3E7\n\nObject:\n\tObject Server:\t\tSecurity\n\tHandle ID:\t\t0x588\n\nProcess Information:\n\tProcess ID:\t\t0xa40\n\tProcess Name:\t\tC:\\Windows\\System32\\dfsrs.exe",
        "_bkt": "main~48~309B8BB8-F45C-44CE-ABE5-EF8B9EC8A780",
        "_cd": "48:212271524",
        "_indextime": "1541286649",
        "_pre_msg": "11/03/2018 11:10:48 PM\nLogName=Security\nSourceName=Microsoft Windows security auditing.\nEventCode=4658\nEventType=0\nType=Information\nComputerName=ad-00.corp.wheelzapp.com\nTaskCategory=Kernel Object\nOpCode=Info\nRecordNumber=955718\nKeywords=Audit Success",
        "_raw": "11/03/2018 11:10:48 PM\nLogName=Security\nSourceName=Microsoft Windows security auditing.\nEventCode=4658\nEventType=0\nType=Information\nComputerName=ad-00.corp.wheelzapp.com\nTaskCategory=Kernel Object\nOpCode=Info\nRecordNumber=955718\nKeywords=Audit Success\nMessage=The handle to an object was closed.\n\nSubject :\n\tSecurity ID:\t\tNT AUTHORITY\\SYSTEM\n\tAccount Name:\t\tAD-00$\n\tAccount Domain:\t\tCORP\n\tLogon ID:\t\t0x3E7\n\nObject:\n\tObject Server:\t\tSecurity\n\tHandle ID:\t\t0x588\n\nProcess Information:\n\tProcess ID:\t\t0xa40\n\tProcess Name:\t\tC:\\Windows\\System32\\dfsrs.exe",
        "_serial": "39148",
        "_si": [
          "index01",
          "main"
        ],
        "_time": "2018-11-03 23:10:48.000 UTC",
        "host": "t1-corp-ad-00",
        "index": "main",
        "linecount": "26",
        "source": "WinEventLog:Security",
        "sourcetype": "WinEventLog",
        "splunk_server": "index01"
      },
      {
        "Message": "An attempt was made to access an object.\n\nSubject:\n\tSecurity ID:\t\tNT AUTHORITY\\SYSTEM\n\tAccount Name:\t\tAD-00$\n\tAccount Domain:\t\tCORP\n\tLogon ID:\t\t0x3E7\n\nObject:\n\tObject Server:\t\tSecurity\n\tObject Type:\t\tSymbolicLink\n\tObject Name:\t\t\\GLOBAL??\\C:\n\tHandle ID:\t\t0x588\n\tResource Attributes:\t-\n\nProcess Information:\n\tProcess ID:\t\t0xa40\n\tProcess Name:\t\tC:\\Windows\\System32\\dfsrs.exe\n\nAccess Request Information:\n\tAccesses:\t\tUse symbolic link\n\t\t\t\t\n\tAccess Mask:\t\t0x1",
        "_bkt": "main~48~309B8BB8-F45C-44CE-ABE5-EF8B9EC8A780",
        "_cd": "48:212271499",
        "_indextime": "1541286649",
        "_pre_msg": "11/03/2018 11:10:48 PM\nLogName=Security\nSourceName=Microsoft Windows security auditing.\nEventCode=4663\nEventType=0\nType=Information\nComputerName=ad-00.corp.wheelzapp.com\nTaskCategory=Kernel Object\nOpCode=Info\nRecordNumber=955717\nKeywords=Audit Success",
        "_raw": "11/03/2018 11:10:48 PM\nLogName=Security\nSourceName=Microsoft Windows security auditing.\nEventCode=4663\nEventType=0\nType=Information\nComputerName=ad-00.corp.wheelzapp.com\nTaskCategory=Kernel Object\nOpCode=Info\nRecordNumber=955717\nKeywords=Audit Success\nMessage=An attempt was made to access an object.\n\nSubject:\n\tSecurity ID:\t\tNT AUTHORITY\\SYSTEM\n\tAccount Name:\t\tAD-00$\n\tAccount Domain:\t\tCORP\n\tLogon ID:\t\t0x3E7\n\nObject:\n\tObject Server:\t\tSecurity\n\tObject Type:\t\tSymbolicLink\n\tObject Name:\t\t\\GLOBAL??\\C:\n\tHandle ID:\t\t0x588\n\tResource Attributes:\t-\n\nProcess Information:\n\tProcess ID:\t\t0xa40\n\tProcess Name:\t\tC:\\Windows\\System32\\dfsrs.exe\n\nAccess Request Information:\n\tAccesses:\t\tUse symbolic link\n\t\t\t\t\n\tAccess Mask:\t\t0x1",
        "_serial": "39149",
        "_si": [
          "index01",
          "main"
        ],
        "_time": "2018-11-03 23:10:48.000 UTC",
        "host": "t1-corp-ad-00",
        "index": "main",
        "linecount": "34",
        "source": "WinEventLog:Security",
        "sourcetype": "WinEventLog",
        "splunk_server": "index01"
      },
      {
        "Message": "A handle to an object was requested.\n\nSubject:\n\tSecurity ID:\t\tNT AUTHORITY\\SYSTEM\n\tAccount Name:\t\tAD-00$\n\tAccount Domain:\t\tCORP\n\tLogon ID:\t\t0x3E7\n\nObject:\n\tObject Server:\t\tSecurity\n\tObject Type:\t\tSymbolicLink\n\tObject Name:\t\t\\GLOBAL??\\C:\n\tHandle ID:\t\t0x588\n\tResource Attributes:\t-\n\nProcess Information:\n\tProcess ID:\t\t0xa40\n\tProcess Name:\t\tC:\\Windows\\System32\\dfsrs.exe\n\nAccess Request Information:\n\tTransaction ID:\t\t{00000000-0000-0000-0000-000000000000}\n\tAccesses:\t\tUse symbolic link\n\t\t\t\t\n\tAccess Reasons:\t\t-\n\tAccess Mask:\t\t0x1\n\tPrivileges Used for Access Check:\t-\n\tRestricted SID Count:\t0",
        "_bkt": "main~48~309B8BB8-F45C-44CE-ABE5-EF8B9EC8A780",
        "_cd": "48:212271469",
        "_indextime": "1541286649",
        "_pre_msg": "11/03/2018 11:10:48 PM\nLogName=Security\nSourceName=Microsoft Windows security auditing.\nEventCode=4656\nEventType=0\nType=Information\nComputerName=ad-00.corp.wheelzapp.com\nTaskCategory=Kernel Object\nOpCode=Info\nRecordNumber=955716\nKeywords=Audit Success",
        "_raw": "11/03/2018 11:10:48 PM\nLogName=Security\nSourceName=Microsoft Windows security auditing.\nEventCode=4656\nEventType=0\nType=Information\nComputerName=ad-00.corp.wheelzapp.com\nTaskCategory=Kernel Object\nOpCode=Info\nRecordNumber=955716\nKeywords=Audit Success\nMessage=A handle to an object was requested.\n\nSubject:\n\tSecurity ID:\t\tNT AUTHORITY\\SYSTEM\n\tAccount Name:\t\tAD-00$\n\tAccount Domain:\t\tCORP\n\tLogon ID:\t\t0x3E7\n\nObject:\n\tObject Server:\t\tSecurity\n\tObject Type:\t\tSymbolicLink\n\tObject Name:\t\t\\GLOBAL??\\C:\n\tHandle ID:\t\t0x588\n\tResource Attributes:\t-\n\nProcess Information:\n\tProcess ID:\t\t0xa40\n\tProcess Name:\t\tC:\\Windows\\System32\\dfsrs.exe\n\nAccess Request Information:\n\tTransaction ID:\t\t{00000000-0000-0000-0000-000000000000}\n\tAccesses:\t\tUse symbolic link\n\t\t\t\t\n\tAccess Reasons:\t\t-\n\tAccess Mask:\t\t0x1\n\tPrivileges Used for Access Check:\t-\n\tRestricted SID Count:\t0",
        "_serial": "39150",
        "_si": [
          "index01",
          "main"
        ],
        "_time": "2018-11-03 23:10:48.000 UTC",
        "host": "t1-corp-ad-00",
        "index": "main",
        "linecount": "38",
        "source": "WinEventLog:Security",
        "sourcetype": "WinEventLog",
        "splunk_server": "index01"
      },
      {
        "Message": "The handle to an object was closed.\n\nSubject :\n\tSecurity ID:\t\tNT AUTHORITY\\SYSTEM\n\tAccount Name:\t\tAD-00$\n\tAccount Domain:\t\tCORP\n\tLogon ID:\t\t0x3E7\n\nObject:\n\tObject Server:\t\tSecurity\n\tHandle ID:\t\t0x1150\n\nProcess Information:\n\tProcess ID:\t\t0xa40\n\tProcess Name:\t\tC:\\Windows\\System32\\dfsrs.exe",
        "_bkt": "main~48~309B8BB8-F45C-44CE-ABE5-EF8B9EC8A780",
        "_cd": "48:212271450",
        "_indextime": "1541286649",
        "_pre_msg": "11/03/2018 11:10:48 PM\nLogName=Security\nSourceName=Microsoft Windows security auditing.\nEventCode=4658\nEventType=0\nType=Information\nComputerName=ad-00.corp.wheelzapp.com\nTaskCategory=Kernel Object\nOpCode=Info\nRecordNumber=955715\nKeywords=Audit Success",
        "_raw": "11/03/2018 11:10:48 PM\nLogName=Security\nSourceName=Microsoft Windows security auditing.\nEventCode=4658\nEventType=0\nType=Information\nComputerName=ad-00.corp.wheelzapp.com\nTaskCategory=Kernel Object\nOpCode=Info\nRecordNumber=955715\nKeywords=Audit Success\nMessage=The handle to an object was closed.\n\nSubject :\n\tSecurity ID:\t\tNT AUTHORITY\\SYSTEM\n\tAccount Name:\t\tAD-00$\n\tAccount Domain:\t\tCORP\n\tLogon ID:\t\t0x3E7\n\nObject:\n\tObject Server:\t\tSecurity\n\tHandle ID:\t\t0x1150\n\nProcess Information:\n\tProcess ID:\t\t0xa40\n\tProcess Name:\t\tC:\\Windows\\System32\\dfsrs.exe",
        "_serial": "39151",
        "_si": [
          "index01",
          "main"
        ],
        "_time": "2018-11-03 23:10:48.000 UTC",
        "host": "t1-corp-ad-00",
        "index": "main",
        "linecount": "26",
        "source": "WinEventLog:Security",
        "sourcetype": "WinEventLog",
        "splunk_server": "index01"
      },
      {
        "Message": "An attempt was made to duplicate a handle to an object.\n\nSubject:\n\tSecurity ID:\t\tNT AUTHORITY\\SYSTEM\n\tAccount Name:\t\tAD-00$\n\tAccount Domain:\t\tCORP\n\tLogon ID:\t\t0x3E7\n\nSource Handle Information:\n\tSource Handle ID:\t0x588\n\tSource Process ID:\t0xa40\n\nNew Handle Information:\n\tTarget Handle ID:\t0x1150\n\tTarget Process ID:\t0x4",
        "_bkt": "main~48~309B8BB8-F45C-44CE-ABE5-EF8B9EC8A780",
        "_cd": "48:212271429",
        "_indextime": "1541286649",
        "_pre_msg": "11/03/2018 11:10:48 PM\nLogName=Security\nSourceName=Microsoft Windows security auditing.\nEventCode=4690\nEventType=0\nType=Information\nComputerName=ad-00.corp.wheelzapp.com\nTaskCategory=Handle Manipulation\nOpCode=Info\nRecordNumber=955714\nKeywords=Audit Success",
        "_raw": "11/03/2018 11:10:48 PM\nLogName=Security\nSourceName=Microsoft Windows security auditing.\nEventCode=4690\nEventType=0\nType=Information\nComputerName=ad-00.corp.wheelzapp.com\nTaskCategory=Handle Manipulation\nOpCode=Info\nRecordNumber=955714\nKeywords=Audit Success\nMessage=An attempt was made to duplicate a handle to an object.\n\nSubject:\n\tSecurity ID:\t\tNT AUTHORITY\\SYSTEM\n\tAccount Name:\t\tAD-00$\n\tAccount Domain:\t\tCORP\n\tLogon ID:\t\t0x3E7\n\nSource Handle Information:\n\tSource Handle ID:\t0x588\n\tSource Process ID:\t0xa40\n\nNew Handle Information:\n\tTarget Handle ID:\t0x1150\n\tTarget Process ID:\t0x4",
        "_serial": "39152",
        "_si": [
          "index01",
          "main"
        ],
        "_time": "2018-11-03 23:10:48.000 UTC",
        "host": "t1-corp-ad-00",
        "index": "main",
        "linecount": "26",
        "source": "WinEventLog:Security",
        "sourcetype": "WinEventLog",
        "splunk_server": "index01"
      },
      {
        "Message": "A handle to an object was requested.\n\nSubject:\n\tSecurity ID:\t\tNT AUTHORITY\\SYSTEM\n\tAccount Name:\t\tAD-00$\n\tAccount Domain:\t\tCORP\n\tLogon ID:\t\t0x3E7\n\nObject:\n\tObject Server:\t\tSecurity\n\tObject Type:\t\tFile\n\tObject Name:\t\t\\Device\\HarddiskVolume1\n\tHandle ID:\t\t0x6dc\n\tResource Attributes:\t-\n\nProcess Information:\n\tProcess ID:\t\t0xa40\n\tProcess Name:\t\tC:\\Windows\\System32\\dfsrs.exe\n\nAccess Request Information:\n\tTransaction ID:\t\t{00000000-0000-0000-0000-000000000000}\n\tAccesses:\t\tSYNCHRONIZE\n\t\t\t\tReadAttributes\n\t\t\t\t\n\tAccess Reasons:\t\t-\n\tAccess Mask:\t\t0x100080\n\tPrivileges Used for Access Check:\t-\n\tRestricted SID Count:\t0",
        "_bkt": "main~48~309B8BB8-F45C-44CE-ABE5-EF8B9EC8A780",
        "_cd": "48:212271399",
        "_indextime": "1541286649",
        "_pre_msg": "11/03/2018 11:10:48 PM\nLogName=Security\nSourceName=Microsoft Windows security auditing.\nEventCode=4656\nEventType=0\nType=Information\nComputerName=ad-00.corp.wheelzapp.com\nTaskCategory=Removable Storage\nOpCode=Info\nRecordNumber=955713\nKeywords=Audit Success",
        "_raw": "11/03/2018 11:10:48 PM\nLogName=Security\nSourceName=Microsoft Windows security auditing.\nEventCode=4656\nEventType=0\nType=Information\nComputerName=ad-00.corp.wheelzapp.com\nTaskCategory=Removable Storage\nOpCode=Info\nRecordNumber=955713\nKeywords=Audit Success\nMessage=A handle to an object was requested.\n\nSubject:\n\tSecurity ID:\t\tNT AUTHORITY\\SYSTEM\n\tAccount Name:\t\tAD-00$\n\tAccount Domain:\t\tCORP\n\tLogon ID:\t\t0x3E7\n\nObject:\n\tObject Server:\t\tSecurity\n\tObject Type:\t\tFile\n\tObject Name:\t\t\\Device\\HarddiskVolume1\n\tHandle ID:\t\t0x6dc\n\tResource Attributes:\t-\n\nProcess Information:\n\tProcess ID:\t\t0xa40\n\tProcess Name:\t\tC:\\Windows\\System32\\dfsrs.exe\n\nAccess Request Information:\n\tTransaction ID:\t\t{00000000-0000-0000-0000-000000000000}\n\tAccesses:\t\tSYNCHRONIZE\n\t\t\t\tReadAttributes\n\t\t\t\t\n\tAccess Reasons:\t\t-\n\tAccess Mask:\t\t0x100080\n\tPrivileges Used for Access Check:\t-\n\tRestricted SID Count:\t0",
        "_serial": "39153",
        "_si": [
          "index01",
          "main"
        ],
        "_time": "2018-11-03 23:10:48.000 UTC",
        "host": "t1-corp-ad-00",
        "index": "main",
        "linecount": "39",
        "source": "WinEventLog:Security",
        "sourcetype": "WinEventLog",
        "splunk_server": "index01"
      },
      {
        "Message": "The handle to an object was closed.\n\nSubject :\n\tSecurity ID:\t\tNT AUTHORITY\\SYSTEM\n\tAccount Name:\t\tAD-00$\n\tAccount Domain:\t\tCORP\n\tLogon ID:\t\t0x3E7\n\nObject:\n\tObject Server:\t\tSecurity\n\tHandle ID:\t\t0x1150\n\nProcess Information:\n\tProcess ID:\t\t0xa40\n\tProcess Name:\t\tC:\\Windows\\System32\\dfsrs.exe",
        "_bkt": "main~48~309B8BB8-F45C-44CE-ABE5-EF8B9EC8A780",
        "_cd": "48:212271379",
        "_indextime": "1541286649",
        "_pre_msg": "11/03/2018 11:10:48 PM\nLogName=Security\nSourceName=Microsoft Windows security auditing.\nEventCode=4658\nEventType=0\nType=Information\nComputerName=ad-00.corp.wheelzapp.com\nTaskCategory=Removable Storage\nOpCode=Info\nRecordNumber=955712\nKeywords=Audit Success",
        "_raw": "11/03/2018 11:10:48 PM\nLogName=Security\nSourceName=Microsoft Windows security auditing.\nEventCode=4658\nEventType=0\nType=Information\nComputerName=ad-00.corp.wheelzapp.com\nTaskCategory=Removable Storage\nOpCode=Info\nRecordNumber=955712\nKeywords=Audit Success\nMessage=The handle to an object was closed.\n\nSubject :\n\tSecurity ID:\t\tNT AUTHORITY\\SYSTEM\n\tAccount Name:\t\tAD-00$\n\tAccount Domain:\t\tCORP\n\tLogon ID:\t\t0x3E7\n\nObject:\n\tObject Server:\t\tSecurity\n\tHandle ID:\t\t0x1150\n\nProcess Information:\n\tProcess ID:\t\t0xa40\n\tProcess Name:\t\tC:\\Windows\\System32\\dfsrs.exe",
        "_serial": "39154",
        "_si": [
          "index01",
          "main"
        ],
        "_time": "2018-11-03 23:10:48.000 UTC",
        "host": "t1-corp-ad-00",
        "index": "main",
        "linecount": "26",
        "source": "WinEventLog:Security",
        "sourcetype": "WinEventLog",
        "splunk_server": "index01"
      },
      {
        "Message": "An attempt was made to duplicate a handle to an object.\n\nSubject:\n\tSecurity ID:\t\tNT AUTHORITY\\SYSTEM\n\tAccount Name:\t\tAD-00$\n\tAccount Domain:\t\tCORP\n\tLogon ID:\t\t0x3E7\n\nSource Handle Information:\n\tSource Handle ID:\t0x6dc\n\tSource Process ID:\t0xa40\n\nNew Handle Information:\n\tTarget Handle ID:\t0x1150\n\tTarget Process ID:\t0x4",
        "_bkt": "main~48~309B8BB8-F45C-44CE-ABE5-EF8B9EC8A780",
        "_cd": "48:212271358",
        "_indextime": "1541286649",
        "_pre_msg": "11/03/2018 11:10:48 PM\nLogName=Security\nSourceName=Microsoft Windows security auditing.\nEventCode=4690\nEventType=0\nType=Information\nComputerName=ad-00.corp.wheelzapp.com\nTaskCategory=Handle Manipulation\nOpCode=Info\nRecordNumber=955711\nKeywords=Audit Success",
        "_raw": "11/03/2018 11:10:48 PM\nLogName=Security\nSourceName=Microsoft Windows security auditing.\nEventCode=4690\nEventType=0\nType=Information\nComputerName=ad-00.corp.wheelzapp.com\nTaskCategory=Handle Manipulation\nOpCode=Info\nRecordNumber=955711\nKeywords=Audit Success\nMessage=An attempt was made to duplicate a handle to an object.\n\nSubject:\n\tSecurity ID:\t\tNT AUTHORITY\\SYSTEM\n\tAccount Name:\t\tAD-00$\n\tAccount Domain:\t\tCORP\n\tLogon ID:\t\t0x3E7\n\nSource Handle Information:\n\tSource Handle ID:\t0x6dc\n\tSource Process ID:\t0xa40\n\nNew Handle Information:\n\tTarget Handle ID:\t0x1150\n\tTarget Process ID:\t0x4",
        "_serial": "39155",
        "_si": [
          "index01",
          "main"
        ],
        "_time": "2018-11-03 23:10:48.000 UTC",
        "host": "t1-corp-ad-00",
        "index": "main",
        "linecount": "26",
        "source": "WinEventLog:Security",
        "sourcetype": "WinEventLog",
        "splunk_server": "index01"
      },
      {
        "Message": "The Windows Filtering Platform has permitted a connection.\n\nApplication Information:\n\tProcess ID:\t\t3368\n\tApplication Name:\t\\device\\harddiskvolume1\\program files\\splunkuniversalforwarder\\bin\\splunkd.exe\n\nNetwork Information:\n\tDirection:\t\tOutbound\n\tSource Address:\t\t10.0.0.10\n\tSource Port:\t\t56702\n\tDestination Address:\t169.61.138.114\n\tDestination Port:\t\t8089\n\tProtocol:\t\t6\n\nFilter Information:\n\tFilter Run-Time ID:\t0\n\tLayer Name:\t\tConnect\n\tLayer Run-Time ID:\t48",
        "_bkt": "main~48~309B8BB8-F45C-44CE-ABE5-EF8B9EC8A780",
        "_cd": "48:212271332",
        "_indextime": "1541286649",
        "_pre_msg": "11/03/2018 11:10:48 PM\nLogName=Security\nSourceName=Microsoft Windows security auditing.\nEventCode=5156\nEventType=0\nType=Information\nComputerName=ad-00.corp.wheelzapp.com\nTaskCategory=Filtering Platform Connection\nOpCode=Info\nRecordNumber=955710\nKeywords=Audit Success",
        "_raw": "11/03/2018 11:10:48 PM\nLogName=Security\nSourceName=Microsoft Windows security auditing.\nEventCode=5156\nEventType=0\nType=Information\nComputerName=ad-00.corp.wheelzapp.com\nTaskCategory=Filtering Platform Connection\nOpCode=Info\nRecordNumber=955710\nKeywords=Audit Success\nMessage=The Windows Filtering Platform has permitted a connection.\n\nApplication Information:\n\tProcess ID:\t\t3368\n\tApplication Name:\t\\device\\harddiskvolume1\\program files\\splunkuniversalforwarder\\bin\\splunkd.exe\n\nNetwork Information:\n\tDirection:\t\tOutbound\n\tSource Address:\t\t10.0.0.10\n\tSource Port:\t\t56702\n\tDestination Address:\t169.61.138.114\n\tDestination Port:\t\t8089\n\tProtocol:\t\t6\n\nFilter Information:\n\tFilter Run-Time ID:\t0\n\tLayer Name:\t\tConnect\n\tLayer Run-Time ID:\t48",
        "_serial": "39156",
        "_si": [
          "index01",
          "main"
        ],
        "_time": "2018-11-03 23:10:48.000 UTC",
        "host": "t1-corp-ad-00",
        "index": "main",
        "linecount": "29",
        "source": "WinEventLog:Security",
        "sourcetype": "WinEventLog",
        "splunk_server": "index01"
      },
      {
        "Message": "The handle to an object was closed.\n\nSubject :\n\tSecurity ID:\t\tCORP\\jerrold.reddick\n\tAccount Name:\t\tjerrold.reddick\n\tAccount Domain:\t\tCORP\n\tLogon ID:\t\t0x150D208\n\nObject:\n\tObject Server:\t\tSecurity\n\tHandle ID:\t\t0x13f4\n\nProcess Information:\n\tProcess ID:\t\t0xd1c\n\tProcess Name:\t\tC:\\Windows\\explorer.exe",
        "_bkt": "main~47~B135F5F1-8761-4D6B-9993-723ECD8DFAF7",
        "_cd": "47:210775525",
        "_indextime": "1541286649",
        "_pre_msg": "11/03/2018 11:10:48 PM\nLogName=Security\nSourceName=Microsoft Windows security auditing.\nEventCode=4658\nEventType=0\nType=Information\nComputerName=employee-01.corp.wheelzapp.com\nTaskCategory=File System\nOpCode=Info\nRecordNumber=294460\nKeywords=Audit Success",
        "_raw": "11/03/2018 11:10:48 PM\nLogName=Security\nSourceName=Microsoft Windows security auditing.\nEventCode=4658\nEventType=0\nType=Information\nComputerName=employee-01.corp.wheelzapp.com\nTaskCategory=File System\nOpCode=Info\nRecordNumber=294460\nKeywords=Audit Success\nMessage=The handle to an object was closed.\n\nSubject :\n\tSecurity ID:\t\tCORP\\jerrold.reddick\n\tAccount Name:\t\tjerrold.reddick\n\tAccount Domain:\t\tCORP\n\tLogon ID:\t\t0x150D208\n\nObject:\n\tObject Server:\t\tSecurity\n\tHandle ID:\t\t0x13f4\n\nProcess Information:\n\tProcess ID:\t\t0xd1c\n\tProcess Name:\t\tC:\\Windows\\explorer.exe",
        "_serial": "39157",
        "_si": [
          "index01",
          "main"
        ],
        "_time": "2018-11-03 23:10:48.000 UTC",
        "host": "t1-corp-employee-01",
        "index": "main",
        "linecount": "26",
        "source": "WinEventLog:Security",
        "sourcetype": "WinEventLog",
        "splunk_server": "index01"
      },
      {
        "Message": "A handle to an object was requested.\n\nSubject:\n\tSecurity ID:\t\tCORP\\jerrold.reddick\n\tAccount Name:\t\tjerrold.reddick\n\tAccount Domain:\t\tCORP\n\tLogon ID:\t\t0x150D208\n\nObject:\n\tObject Server:\t\tSecurity\n\tObject Type:\t\tFile\n\tObject Name:\t\t\\Device\\MountPointManager\n\tHandle ID:\t\t0x13f4\n\tResource Attributes:\t-\n\nProcess Information:\n\tProcess ID:\t\t0xd1c\n\tProcess Name:\t\tC:\\Windows\\explorer.exe\n\nAccess Request Information:\n\tTransaction ID:\t\t{00000000-0000-0000-0000-000000000000}\n\tAccesses:\t\tSYNCHRONIZE\n\t\t\t\tReadAttributes\n\t\t\t\t\n\tAccess Reasons:\t\t-\n\tAccess Mask:\t\t0x100080\n\tPrivileges Used for Access Check:\t-\n\tRestricted SID Count:\t0",
        "_bkt": "main~47~B135F5F1-8761-4D6B-9993-723ECD8DFAF7",
        "_cd": "47:210774452",
        "_indextime": "1541286649",
        "_pre_msg": "11/03/2018 11:10:48 PM\nLogName=Security\nSourceName=Microsoft Windows security auditing.\nEventCode=4656\nEventType=0\nType=Information\nComputerName=employee-01.corp.wheelzapp.com\nTaskCategory=File System\nOpCode=Info\nRecordNumber=294459\nKeywords=Audit Success",
        "_raw": "11/03/2018 11:10:48 PM\nLogName=Security\nSourceName=Microsoft Windows security auditing.\nEventCode=4656\nEventType=0\nType=Information\nComputerName=employee-01.corp.wheelzapp.com\nTaskCategory=File System\nOpCode=Info\nRecordNumber=294459\nKeywords=Audit Success\nMessage=A handle to an object was requested.\n\nSubject:\n\tSecurity ID:\t\tCORP\\jerrold.reddick\n\tAccount Name:\t\tjerrold.reddick\n\tAccount Domain:\t\tCORP\n\tLogon ID:\t\t0x150D208\n\nObject:\n\tObject Server:\t\tSecurity\n\tObject Type:\t\tFile\n\tObject Name:\t\t\\Device\\MountPointManager\n\tHandle ID:\t\t0x13f4\n\tResource Attributes:\t-\n\nProcess Information:\n\tProcess ID:\t\t0xd1c\n\tProcess Name:\t\tC:\\Windows\\explorer.exe\n\nAccess Request Information:\n\tTransaction ID:\t\t{00000000-0000-0000-0000-000000000000}\n\tAccesses:\t\tSYNCHRONIZE\n\t\t\t\tReadAttributes\n\t\t\t\t\n\tAccess Reasons:\t\t-\n\tAccess Mask:\t\t0x100080\n\tPrivileges Used for Access Check:\t-\n\tRestricted SID Count:\t0",
        "_serial": "39158",
        "_si": [
          "index01",
          "main"
        ],
        "_time": "2018-11-03 23:10:48.000 UTC",
        "host": "t1-corp-employee-01",
        "index": "main",
        "linecount": "39",
        "source": "WinEventLog:Security",
        "sourcetype": "WinEventLog",
        "splunk_server": "index01"
      },
      {
        "Message": "The handle to an object was closed.\n\nSubject :\n\tSecurity ID:\t\tCORP\\jerrold.reddick\n\tAccount Name:\t\tjerrold.reddick\n\tAccount Domain:\t\tCORP\n\tLogon ID:\t\t0x150D208\n\nObject:\n\tObject Server:\t\tSecurity\n\tHandle ID:\t\t0x1340\n\nProcess Information:\n\tProcess ID:\t\t0xd1c\n\tProcess Name:\t\tC:\\Windows\\explorer.exe",
        "_bkt": "main~47~B135F5F1-8761-4D6B-9993-723ECD8DFAF7",
        "_cd": "47:210774432",
        "_indextime": "1541286649",
        "_pre_msg": "11/03/2018 11:10:48 PM\nLogName=Security\nSourceName=Microsoft Windows security auditing.\nEventCode=4658\nEventType=0\nType=Information\nComputerName=employee-01.corp.wheelzapp.com\nTaskCategory=File System\nOpCode=Info\nRecordNumber=294458\nKeywords=Audit Success",
        "_raw": "11/03/2018 11:10:48 PM\nLogName=Security\nSourceName=Microsoft Windows security auditing.\nEventCode=4658\nEventType=0\nType=Information\nComputerName=employee-01.corp.wheelzapp.com\nTaskCategory=File System\nOpCode=Info\nRecordNumber=294458\nKeywords=Audit Success\nMessage=The handle to an object was closed.\n\nSubject :\n\tSecurity ID:\t\tCORP\\jerrold.reddick\n\tAccount Name:\t\tjerrold.reddick\n\tAccount Domain:\t\tCORP\n\tLogon ID:\t\t0x150D208\n\nObject:\n\tObject Server:\t\tSecurity\n\tHandle ID:\t\t0x1340\n\nProcess Information:\n\tProcess ID:\t\t0xd1c\n\tProcess Name:\t\tC:\\Windows\\explorer.exe",
        "_serial": "39159",
        "_si": [
          "index01",
          "main"
        ],
        "_time": "2018-11-03 23:10:48.000 UTC",
        "host": "t1-corp-employee-01",
        "index": "main",
        "linecount": "26",
        "source": "WinEventLog:Security",
        "sourcetype": "WinEventLog",
        "splunk_server": "index01"
      },
      {
        "Message": "An attempt was made to duplicate a handle to an object.\n\nSubject:\n\tSecurity ID:\t\tCORP\\jerrold.reddick\n\tAccount Name:\t\tjerrold.reddick\n\tAccount Domain:\t\tCORP\n\tLogon ID:\t\t0x150D208\n\nSource Handle Information:\n\tSource Handle ID:\t0x13f4\n\tSource Process ID:\t0xd1c\n\nNew Handle Information:\n\tTarget Handle ID:\t0x1340\n\tTarget Process ID:\t0x4",
        "_bkt": "main~47~B135F5F1-8761-4D6B-9993-723ECD8DFAF7",
        "_cd": "47:210774411",
        "_indextime": "1541286649",
        "_pre_msg": "11/03/2018 11:10:48 PM\nLogName=Security\nSourceName=Microsoft Windows security auditing.\nEventCode=4690\nEventType=0\nType=Information\nComputerName=employee-01.corp.wheelzapp.com\nTaskCategory=Handle Manipulation\nOpCode=Info\nRecordNumber=294457\nKeywords=Audit Success",
        "_raw": "11/03/2018 11:10:48 PM\nLogName=Security\nSourceName=Microsoft Windows security auditing.\nEventCode=4690\nEventType=0\nType=Information\nComputerName=employee-01.corp.wheelzapp.com\nTaskCategory=Handle Manipulation\nOpCode=Info\nRecordNumber=294457\nKeywords=Audit Success\nMessage=An attempt was made to duplicate a handle to an object.\n\nSubject:\n\tSecurity ID:\t\tCORP\\jerrold.reddick\n\tAccount Name:\t\tjerrold.reddick\n\tAccount Domain:\t\tCORP\n\tLogon ID:\t\t0x150D208\n\nSource Handle Information:\n\tSource Handle ID:\t0x13f4\n\tSource Process ID:\t0xd1c\n\nNew Handle Information:\n\tTarget Handle ID:\t0x1340\n\tTarget Process ID:\t0x4",
        "_serial": "39160",
        "_si": [
          "index01",
          "main"
        ],
        "_time": "2018-11-03 23:10:48.000 UTC",
        "host": "t1-corp-employee-01",
        "index": "main",
        "linecount": "26",
        "source": "WinEventLog:Security",
        "sourcetype": "WinEventLog",
        "splunk_server": "index01"
      },
      {
        "Message": "The handle to an object was closed.\n\nSubject :\n\tSecurity ID:\t\tCORP\\jerrold.reddick\n\tAccount Name:\t\tjerrold.reddick\n\tAccount Domain:\t\tCORP\n\tLogon ID:\t\t0x150D208\n\nObject:\n\tObject Server:\t\tSecurity\n\tHandle ID:\t\t0x13f4\n\nProcess Information:\n\tProcess ID:\t\t0xd1c\n\tProcess Name:\t\tC:\\Windows\\explorer.exe",
        "_bkt": "main~47~B135F5F1-8761-4D6B-9993-723ECD8DFAF7",
        "_cd": "47:210774391",
        "_indextime": "1541286649",
        "_pre_msg": "11/03/2018 11:10:48 PM\nLogName=Security\nSourceName=Microsoft Windows security auditing.\nEventCode=4658\nEventType=0\nType=Information\nComputerName=employee-01.corp.wheelzapp.com\nTaskCategory=Removable Storage\nOpCode=Info\nRecordNumber=294456\nKeywords=Audit Success",
        "_raw": "11/03/2018 11:10:48 PM\nLogName=Security\nSourceName=Microsoft Windows security auditing.\nEventCode=4658\nEventType=0\nType=Information\nComputerName=employee-01.corp.wheelzapp.com\nTaskCategory=Removable Storage\nOpCode=Info\nRecordNumber=294456\nKeywords=Audit Success\nMessage=The handle to an object was closed.\n\nSubject :\n\tSecurity ID:\t\tCORP\\jerrold.reddick\n\tAccount Name:\t\tjerrold.reddick\n\tAccount Domain:\t\tCORP\n\tLogon ID:\t\t0x150D208\n\nObject:\n\tObject Server:\t\tSecurity\n\tHandle ID:\t\t0x13f4\n\nProcess Information:\n\tProcess ID:\t\t0xd1c\n\tProcess Name:\t\tC:\\Windows\\explorer.exe",
        "_serial": "39161",
        "_si": [
          "index01",
          "main"
        ],
        "_time": "2018-11-03 23:10:48.000 UTC",
        "host": "t1-corp-employee-01",
        "index": "main",
        "linecount": "26",
        "source": "WinEventLog:Security",
        "sourcetype": "WinEventLog",
        "splunk_server": "index01"
      },
      {
        "Message": "A handle to an object was requested.\n\nSubject:\n\tSecurity ID:\t\tCORP\\jerrold.reddick\n\tAccount Name:\t\tjerrold.reddick\n\tAccount Domain:\t\tCORP\n\tLogon ID:\t\t0x150D208\n\nObject:\n\tObject Server:\t\tSecurity\n\tObject Type:\t\tFile\n\tObject Name:\t\t\\Device\\HarddiskVolume1\n\tHandle ID:\t\t0x13f4\n\tResource Attributes:\t-\n\nProcess Information:\n\tProcess ID:\t\t0xd1c\n\tProcess Name:\t\tC:\\Windows\\explorer.exe\n\nAccess Request Information:\n\tTransaction ID:\t\t{00000000-0000-0000-0000-000000000000}\n\tAccesses:\t\tSYNCHRONIZE\n\t\t\t\tReadAttributes\n\t\t\t\t\n\tAccess Reasons:\t\t-\n\tAccess Mask:\t\t0x100080\n\tPrivileges Used for Access Check:\t-\n\tRestricted SID Count:\t0",
        "_bkt": "main~47~B135F5F1-8761-4D6B-9993-723ECD8DFAF7",
        "_cd": "47:210774360",
        "_indextime": "1541286649",
        "_pre_msg": "11/03/2018 11:10:48 PM\nLogName=Security\nSourceName=Microsoft Windows security auditing.\nEventCode=4656\nEventType=0\nType=Information\nComputerName=employee-01.corp.wheelzapp.com\nTaskCategory=Removable Storage\nOpCode=Info\nRecordNumber=294455\nKeywords=Audit Success",
        "_raw": "11/03/2018 11:10:48 PM\nLogName=Security\nSourceName=Microsoft Windows security auditing.\nEventCode=4656\nEventType=0\nType=Information\nComputerName=employee-01.corp.wheelzapp.com\nTaskCategory=Removable Storage\nOpCode=Info\nRecordNumber=294455\nKeywords=Audit Success\nMessage=A handle to an object was requested.\n\nSubject:\n\tSecurity ID:\t\tCORP\\jerrold.reddick\n\tAccount Name:\t\tjerrold.reddick\n\tAccount Domain:\t\tCORP\n\tLogon ID:\t\t0x150D208\n\nObject:\n\tObject Server:\t\tSecurity\n\tObject Type:\t\tFile\n\tObject Name:\t\t\\Device\\HarddiskVolume1\n\tHandle ID:\t\t0x13f4\n\tResource Attributes:\t-\n\nProcess Information:\n\tProcess ID:\t\t0xd1c\n\tProcess Name:\t\tC:\\Windows\\explorer.exe\n\nAccess Request Information:\n\tTransaction ID:\t\t{00000000-0000-0000-0000-000000000000}\n\tAccesses:\t\tSYNCHRONIZE\n\t\t\t\tReadAttributes\n\t\t\t\t\n\tAccess Reasons:\t\t-\n\tAccess Mask:\t\t0x100080\n\tPrivileges Used for Access Check:\t-\n\tRestricted SID Count:\t0",
        "_serial": "39162",
        "_si": [
          "index01",
          "main"
        ],
        "_time": "2018-11-03 23:10:48.000 UTC",
        "host": "t1-corp-employee-01",
        "index": "main",
        "linecount": "39",
        "source": "WinEventLog:Security",
        "sourcetype": "WinEventLog",
        "splunk_server": "index01"
      },
      {
        "Message": "The handle to an object was closed.\n\nSubject :\n\tSecurity ID:\t\tCORP\\jerrold.reddick\n\tAccount Name:\t\tjerrold.reddick\n\tAccount Domain:\t\tCORP\n\tLogon ID:\t\t0x150D208\n\nObject:\n\tObject Server:\t\tSecurity\n\tHandle ID:\t\t0x1340\n\nProcess Information:\n\tProcess ID:\t\t0xd1c\n\tProcess Name:\t\tC:\\Windows\\explorer.exe",
        "_bkt": "main~47~B135F5F1-8761-4D6B-9993-723ECD8DFAF7",
        "_cd": "47:210774340",
        "_indextime": "1541286649",
        "_pre_msg": "11/03/2018 11:10:48 PM\nLogName=Security\nSourceName=Microsoft Windows security auditing.\nEventCode=4658\nEventType=0\nType=Information\nComputerName=employee-01.corp.wheelzapp.com\nTaskCategory=Removable Storage\nOpCode=Info\nRecordNumber=294454\nKeywords=Audit Success",
