        "_raw": "11/03/2018 09:14:17 PM\nLogName=Security\nSourceName=Microsoft Windows security auditing.\nEventCode=5156\nEventType=0\nType=Information\nComputerName=ad-00.corp.wheelzapp.com\nTaskCategory=Filtering Platform Connection\nOpCode=Info\nRecordNumber=857197\nKeywords=Audit Success\nMessage=The Windows Filtering Platform has permitted a connection.\n\nApplication Information:\n\tProcess ID:\t\t4\n\tApplication Name:\tSystem\n\nNetwork Information:\n\tDirection:\t\tInbound\n\tSource Address:\t\t10.0.254.103\n\tSource Port:\t\t52485\n\tDestination Address:\t10.0.0.10\n\tDestination Port:\t\t137\n\tProtocol:\t\t17\n\nFilter Information:\n\tFilter Run-Time ID:\t0\n\tLayer Name:\t\tReceive/Accept\n\tLayer Run-Time ID:\t44",
        "_serial": "300736",
        "_si": [
          "index01",
          "main"
        ],
        "_time": "2018-11-03 21:14:17.000 UTC",
        "host": "t1-corp-ad-00",
        "index": "main",
        "linecount": "29",
        "source": "WinEventLog:Security",
        "sourcetype": "WinEventLog",
        "splunk_server": "index01"
      },
      {
        "Message": "The Windows Filtering Platform has permitted a connection.\n\nApplication Information:\n\tProcess ID:\t\t4\n\tApplication Name:\tSystem\n\nNetwork Information:\n\tDirection:\t\tInbound\n\tSource Address:\t\t10.0.254.103\n\tSource Port:\t\t12622\n\tDestination Address:\t10.0.0.10\n\tDestination Port:\t\t139\n\tProtocol:\t\t6\n\nFilter Information:\n\tFilter Run-Time ID:\t0\n\tLayer Name:\t\tReceive/Accept\n\tLayer Run-Time ID:\t44",
        "_bkt": "main~47~309B8BB8-F45C-44CE-ABE5-EF8B9EC8A780",
        "_cd": "47:2109135",
        "_indextime": "1541279658",
        "_pre_msg": "11/03/2018 09:14:17 PM\nLogName=Security\nSourceName=Microsoft Windows security auditing.\nEventCode=5156\nEventType=0\nType=Information\nComputerName=ad-00.corp.wheelzapp.com\nTaskCategory=Filtering Platform Connection\nOpCode=Info\nRecordNumber=857196\nKeywords=Audit Success",
        "_raw": "11/03/2018 09:14:17 PM\nLogName=Security\nSourceName=Microsoft Windows security auditing.\nEventCode=5156\nEventType=0\nType=Information\nComputerName=ad-00.corp.wheelzapp.com\nTaskCategory=Filtering Platform Connection\nOpCode=Info\nRecordNumber=857196\nKeywords=Audit Success\nMessage=The Windows Filtering Platform has permitted a connection.\n\nApplication Information:\n\tProcess ID:\t\t4\n\tApplication Name:\tSystem\n\nNetwork Information:\n\tDirection:\t\tInbound\n\tSource Address:\t\t10.0.254.103\n\tSource Port:\t\t12622\n\tDestination Address:\t10.0.0.10\n\tDestination Port:\t\t139\n\tProtocol:\t\t6\n\nFilter Information:\n\tFilter Run-Time ID:\t0\n\tLayer Name:\t\tReceive/Accept\n\tLayer Run-Time ID:\t44",
        "_serial": "300737",
        "_si": [
          "index01",
          "main"
        ],
        "_time": "2018-11-03 21:14:17.000 UTC",
        "host": "t1-corp-ad-00",
        "index": "main",
        "linecount": "29",
        "source": "WinEventLog:Security",
        "sourcetype": "WinEventLog",
        "splunk_server": "index01"
      },
      {
        "Message": "The Windows Filtering Platform has permitted a connection.\n\nApplication Information:\n\tProcess ID:\t\t4\n\tApplication Name:\tSystem\n\nNetwork Information:\n\tDirection:\t\tInbound\n\tSource Address:\t\t10.0.254.103\n\tSource Port:\t\t12621\n\tDestination Address:\t10.0.0.10\n\tDestination Port:\t\t139\n\tProtocol:\t\t6\n\nFilter Information:\n\tFilter Run-Time ID:\t0\n\tLayer Name:\t\tReceive/Accept\n\tLayer Run-Time ID:\t44",
        "_bkt": "main~47~309B8BB8-F45C-44CE-ABE5-EF8B9EC8A780",
        "_cd": "47:2109112",
        "_indextime": "1541279658",
        "_pre_msg": "11/03/2018 09:14:17 PM\nLogName=Security\nSourceName=Microsoft Windows security auditing.\nEventCode=5156\nEventType=0\nType=Information\nComputerName=ad-00.corp.wheelzapp.com\nTaskCategory=Filtering Platform Connection\nOpCode=Info\nRecordNumber=857195\nKeywords=Audit Success",
        "_raw": "11/03/2018 09:14:17 PM\nLogName=Security\nSourceName=Microsoft Windows security auditing.\nEventCode=5156\nEventType=0\nType=Information\nComputerName=ad-00.corp.wheelzapp.com\nTaskCategory=Filtering Platform Connection\nOpCode=Info\nRecordNumber=857195\nKeywords=Audit Success\nMessage=The Windows Filtering Platform has permitted a connection.\n\nApplication Information:\n\tProcess ID:\t\t4\n\tApplication Name:\tSystem\n\nNetwork Information:\n\tDirection:\t\tInbound\n\tSource Address:\t\t10.0.254.103\n\tSource Port:\t\t12621\n\tDestination Address:\t10.0.0.10\n\tDestination Port:\t\t139\n\tProtocol:\t\t6\n\nFilter Information:\n\tFilter Run-Time ID:\t0\n\tLayer Name:\t\tReceive/Accept\n\tLayer Run-Time ID:\t44",
        "_serial": "300738",
        "_si": [
          "index01",
          "main"
        ],
        "_time": "2018-11-03 21:14:17.000 UTC",
        "host": "t1-corp-ad-00",
        "index": "main",
        "linecount": "29",
        "source": "WinEventLog:Security",
        "sourcetype": "WinEventLog",
        "splunk_server": "index01"
      },
      {
        "Message": "The handle to an object was closed.\n\nSubject :\n\tSecurity ID:\t\tNT AUTHORITY\\SYSTEM\n\tAccount Name:\t\tAD-00$\n\tAccount Domain:\t\tCORP\n\tLogon ID:\t\t0x3E7\n\nObject:\n\tObject Server:\t\tSecurity\n\tHandle ID:\t\t0x7a8\n\nProcess Information:\n\tProcess ID:\t\t0x1114\n\tProcess Name:\t\tC:\\Program Files (x86)\\BigFix Enterprise\\BES Client\\BESClient.exe",
        "_bkt": "main~47~309B8BB8-F45C-44CE-ABE5-EF8B9EC8A780",
        "_cd": "47:2109091",
        "_indextime": "1541279658",
        "_pre_msg": "11/03/2018 09:14:17 PM\nLogName=Security\nSourceName=Microsoft Windows security auditing.\nEventCode=4658\nEventType=0\nType=Information\nComputerName=ad-00.corp.wheelzapp.com\nTaskCategory=File System\nOpCode=Info\nRecordNumber=857194\nKeywords=Audit Success",
        "_raw": "11/03/2018 09:14:17 PM\nLogName=Security\nSourceName=Microsoft Windows security auditing.\nEventCode=4658\nEventType=0\nType=Information\nComputerName=ad-00.corp.wheelzapp.com\nTaskCategory=File System\nOpCode=Info\nRecordNumber=857194\nKeywords=Audit Success\nMessage=The handle to an object was closed.\n\nSubject :\n\tSecurity ID:\t\tNT AUTHORITY\\SYSTEM\n\tAccount Name:\t\tAD-00$\n\tAccount Domain:\t\tCORP\n\tLogon ID:\t\t0x3E7\n\nObject:\n\tObject Server:\t\tSecurity\n\tHandle ID:\t\t0x7a8\n\nProcess Information:\n\tProcess ID:\t\t0x1114\n\tProcess Name:\t\tC:\\Program Files (x86)\\BigFix Enterprise\\BES Client\\BESClient.exe",
        "_serial": "300739",
        "_si": [
          "index01",
          "main"
        ],
        "_time": "2018-11-03 21:14:17.000 UTC",
        "host": "t1-corp-ad-00",
        "index": "main",
        "linecount": "26",
        "source": "WinEventLog:Security",
        "sourcetype": "WinEventLog",
        "splunk_server": "index01"
      },
      {
        "Message": "A handle to an object was requested.\n\nSubject:\n\tSecurity ID:\t\tNT AUTHORITY\\SYSTEM\n\tAccount Name:\t\tAD-00$\n\tAccount Domain:\t\tCORP\n\tLogon ID:\t\t0x3E7\n\nObject:\n\tObject Server:\t\tSecurity\n\tObject Type:\t\tFile\n\tObject Name:\t\t\\Device\\MountPointManager\n\tHandle ID:\t\t0x7a8\n\tResource Attributes:\t-\n\nProcess Information:\n\tProcess ID:\t\t0x1114\n\tProcess Name:\t\tC:\\Program Files (x86)\\BigFix Enterprise\\BES Client\\BESClient.exe\n\nAccess Request Information:\n\tTransaction ID:\t\t{00000000-0000-0000-0000-000000000000}\n\tAccesses:\t\tSYNCHRONIZE\n\t\t\t\tReadAttributes\n\t\t\t\t\n\tAccess Reasons:\t\t-\n\tAccess Mask:\t\t0x100080\n\tPrivileges Used for Access Check:\t-\n\tRestricted SID Count:\t0",
        "_bkt": "main~47~309B8BB8-F45C-44CE-ABE5-EF8B9EC8A780",
        "_cd": "47:2109060",
        "_indextime": "1541279658",
        "_pre_msg": "11/03/2018 09:14:17 PM\nLogName=Security\nSourceName=Microsoft Windows security auditing.\nEventCode=4656\nEventType=0\nType=Information\nComputerName=ad-00.corp.wheelzapp.com\nTaskCategory=File System\nOpCode=Info\nRecordNumber=857193\nKeywords=Audit Success",
        "_raw": "11/03/2018 09:14:17 PM\nLogName=Security\nSourceName=Microsoft Windows security auditing.\nEventCode=4656\nEventType=0\nType=Information\nComputerName=ad-00.corp.wheelzapp.com\nTaskCategory=File System\nOpCode=Info\nRecordNumber=857193\nKeywords=Audit Success\nMessage=A handle to an object was requested.\n\nSubject:\n\tSecurity ID:\t\tNT AUTHORITY\\SYSTEM\n\tAccount Name:\t\tAD-00$\n\tAccount Domain:\t\tCORP\n\tLogon ID:\t\t0x3E7\n\nObject:\n\tObject Server:\t\tSecurity\n\tObject Type:\t\tFile\n\tObject Name:\t\t\\Device\\MountPointManager\n\tHandle ID:\t\t0x7a8\n\tResource Attributes:\t-\n\nProcess Information:\n\tProcess ID:\t\t0x1114\n\tProcess Name:\t\tC:\\Program Files (x86)\\BigFix Enterprise\\BES Client\\BESClient.exe\n\nAccess Request Information:\n\tTransaction ID:\t\t{00000000-0000-0000-0000-000000000000}\n\tAccesses:\t\tSYNCHRONIZE\n\t\t\t\tReadAttributes\n\t\t\t\t\n\tAccess Reasons:\t\t-\n\tAccess Mask:\t\t0x100080\n\tPrivileges Used for Access Check:\t-\n\tRestricted SID Count:\t0",
        "_serial": "300740",
        "_si": [
          "index01",
          "main"
        ],
        "_time": "2018-11-03 21:14:17.000 UTC",
        "host": "t1-corp-ad-00",
        "index": "main",
        "linecount": "39",
        "source": "WinEventLog:Security",
        "sourcetype": "WinEventLog",
        "splunk_server": "index01"
      },
      {
        "Message": "The handle to an object was closed.\n\nSubject :\n\tSecurity ID:\t\tNT AUTHORITY\\SYSTEM\n\tAccount Name:\t\tAD-00$\n\tAccount Domain:\t\tCORP\n\tLogon ID:\t\t0x3E7\n\nObject:\n\tObject Server:\t\tSecurity\n\tHandle ID:\t\t0x660\n\nProcess Information:\n\tProcess ID:\t\t0x1114\n\tProcess Name:\t\tC:\\Program Files (x86)\\BigFix Enterprise\\BES Client\\BESClient.exe",
        "_bkt": "main~47~309B8BB8-F45C-44CE-ABE5-EF8B9EC8A780",
        "_cd": "47:2109039",
        "_indextime": "1541279658",
        "_pre_msg": "11/03/2018 09:14:17 PM\nLogName=Security\nSourceName=Microsoft Windows security auditing.\nEventCode=4658\nEventType=0\nType=Information\nComputerName=ad-00.corp.wheelzapp.com\nTaskCategory=File System\nOpCode=Info\nRecordNumber=857192\nKeywords=Audit Success",
        "_raw": "11/03/2018 09:14:17 PM\nLogName=Security\nSourceName=Microsoft Windows security auditing.\nEventCode=4658\nEventType=0\nType=Information\nComputerName=ad-00.corp.wheelzapp.com\nTaskCategory=File System\nOpCode=Info\nRecordNumber=857192\nKeywords=Audit Success\nMessage=The handle to an object was closed.\n\nSubject :\n\tSecurity ID:\t\tNT AUTHORITY\\SYSTEM\n\tAccount Name:\t\tAD-00$\n\tAccount Domain:\t\tCORP\n\tLogon ID:\t\t0x3E7\n\nObject:\n\tObject Server:\t\tSecurity\n\tHandle ID:\t\t0x660\n\nProcess Information:\n\tProcess ID:\t\t0x1114\n\tProcess Name:\t\tC:\\Program Files (x86)\\BigFix Enterprise\\BES Client\\BESClient.exe",
        "_serial": "300741",
        "_si": [
          "index01",
          "main"
        ],
        "_time": "2018-11-03 21:14:17.000 UTC",
        "host": "t1-corp-ad-00",
        "index": "main",
        "linecount": "26",
        "source": "WinEventLog:Security",
        "sourcetype": "WinEventLog",
        "splunk_server": "index01"
      },
      {
        "Message": "An attempt was made to duplicate a handle to an object.\n\nSubject:\n\tSecurity ID:\t\tNT AUTHORITY\\SYSTEM\n\tAccount Name:\t\tAD-00$\n\tAccount Domain:\t\tCORP\n\tLogon ID:\t\t0x3E7\n\nSource Handle Information:\n\tSource Handle ID:\t0x7a8\n\tSource Process ID:\t0x1114\n\nNew Handle Information:\n\tTarget Handle ID:\t0x660\n\tTarget Process ID:\t0x4",
        "_bkt": "main~47~309B8BB8-F45C-44CE-ABE5-EF8B9EC8A780",
        "_cd": "47:2109018",
        "_indextime": "1541279658",
        "_pre_msg": "11/03/2018 09:14:17 PM\nLogName=Security\nSourceName=Microsoft Windows security auditing.\nEventCode=4690\nEventType=0\nType=Information\nComputerName=ad-00.corp.wheelzapp.com\nTaskCategory=Handle Manipulation\nOpCode=Info\nRecordNumber=857191\nKeywords=Audit Success",
        "_raw": "11/03/2018 09:14:17 PM\nLogName=Security\nSourceName=Microsoft Windows security auditing.\nEventCode=4690\nEventType=0\nType=Information\nComputerName=ad-00.corp.wheelzapp.com\nTaskCategory=Handle Manipulation\nOpCode=Info\nRecordNumber=857191\nKeywords=Audit Success\nMessage=An attempt was made to duplicate a handle to an object.\n\nSubject:\n\tSecurity ID:\t\tNT AUTHORITY\\SYSTEM\n\tAccount Name:\t\tAD-00$\n\tAccount Domain:\t\tCORP\n\tLogon ID:\t\t0x3E7\n\nSource Handle Information:\n\tSource Handle ID:\t0x7a8\n\tSource Process ID:\t0x1114\n\nNew Handle Information:\n\tTarget Handle ID:\t0x660\n\tTarget Process ID:\t0x4",
        "_serial": "300742",
        "_si": [
          "index01",
          "main"
        ],
        "_time": "2018-11-03 21:14:17.000 UTC",
        "host": "t1-corp-ad-00",
        "index": "main",
        "linecount": "26",
        "source": "WinEventLog:Security",
        "sourcetype": "WinEventLog",
        "splunk_server": "index01"
      },
      {
        "Message": "The handle to an object was closed.\n\nSubject :\n\tSecurity ID:\t\tNT AUTHORITY\\SYSTEM\n\tAccount Name:\t\tAD-00$\n\tAccount Domain:\t\tCORP\n\tLogon ID:\t\t0x3E7\n\nObject:\n\tObject Server:\t\tSecurity\n\tHandle ID:\t\t0x7a8\n\nProcess Information:\n\tProcess ID:\t\t0x1114\n\tProcess Name:\t\tC:\\Program Files (x86)\\BigFix Enterprise\\BES Client\\BESClient.exe",
        "_bkt": "main~47~309B8BB8-F45C-44CE-ABE5-EF8B9EC8A780",
        "_cd": "47:2108997",
        "_indextime": "1541279658",
        "_pre_msg": "11/03/2018 09:14:17 PM\nLogName=Security\nSourceName=Microsoft Windows security auditing.\nEventCode=4658\nEventType=0\nType=Information\nComputerName=ad-00.corp.wheelzapp.com\nTaskCategory=Removable Storage\nOpCode=Info\nRecordNumber=857190\nKeywords=Audit Success",
        "_raw": "11/03/2018 09:14:17 PM\nLogName=Security\nSourceName=Microsoft Windows security auditing.\nEventCode=4658\nEventType=0\nType=Information\nComputerName=ad-00.corp.wheelzapp.com\nTaskCategory=Removable Storage\nOpCode=Info\nRecordNumber=857190\nKeywords=Audit Success\nMessage=The handle to an object was closed.\n\nSubject :\n\tSecurity ID:\t\tNT AUTHORITY\\SYSTEM\n\tAccount Name:\t\tAD-00$\n\tAccount Domain:\t\tCORP\n\tLogon ID:\t\t0x3E7\n\nObject:\n\tObject Server:\t\tSecurity\n\tHandle ID:\t\t0x7a8\n\nProcess Information:\n\tProcess ID:\t\t0x1114\n\tProcess Name:\t\tC:\\Program Files (x86)\\BigFix Enterprise\\BES Client\\BESClient.exe",
        "_serial": "300743",
        "_si": [
          "index01",
          "main"
        ],
        "_time": "2018-11-03 21:14:17.000 UTC",
        "host": "t1-corp-ad-00",
        "index": "main",
        "linecount": "26",
        "source": "WinEventLog:Security",
        "sourcetype": "WinEventLog",
        "splunk_server": "index01"
      },
      {
        "Message": "A handle to an object was requested.\n\nSubject:\n\tSecurity ID:\t\tNT AUTHORITY\\SYSTEM\n\tAccount Name:\t\tAD-00$\n\tAccount Domain:\t\tCORP\n\tLogon ID:\t\t0x3E7\n\nObject:\n\tObject Server:\t\tSecurity\n\tObject Type:\t\tFile\n\tObject Name:\t\t\\Device\\HarddiskVolume1\n\tHandle ID:\t\t0x7a8\n\tResource Attributes:\t-\n\nProcess Information:\n\tProcess ID:\t\t0x1114\n\tProcess Name:\t\tC:\\Program Files (x86)\\BigFix Enterprise\\BES Client\\BESClient.exe\n\nAccess Request Information:\n\tTransaction ID:\t\t{00000000-0000-0000-0000-000000000000}\n\tAccesses:\t\tSYNCHRONIZE\n\t\t\t\tReadAttributes\n\t\t\t\t\n\tAccess Reasons:\t\t-\n\tAccess Mask:\t\t0x100080\n\tPrivileges Used for Access Check:\t-\n\tRestricted SID Count:\t0",
        "_bkt": "main~47~309B8BB8-F45C-44CE-ABE5-EF8B9EC8A780",
        "_cd": "47:2108965",
        "_indextime": "1541279658",
        "_pre_msg": "11/03/2018 09:14:17 PM\nLogName=Security\nSourceName=Microsoft Windows security auditing.\nEventCode=4656\nEventType=0\nType=Information\nComputerName=ad-00.corp.wheelzapp.com\nTaskCategory=Removable Storage\nOpCode=Info\nRecordNumber=857189\nKeywords=Audit Success",
        "_raw": "11/03/2018 09:14:17 PM\nLogName=Security\nSourceName=Microsoft Windows security auditing.\nEventCode=4656\nEventType=0\nType=Information\nComputerName=ad-00.corp.wheelzapp.com\nTaskCategory=Removable Storage\nOpCode=Info\nRecordNumber=857189\nKeywords=Audit Success\nMessage=A handle to an object was requested.\n\nSubject:\n\tSecurity ID:\t\tNT AUTHORITY\\SYSTEM\n\tAccount Name:\t\tAD-00$\n\tAccount Domain:\t\tCORP\n\tLogon ID:\t\t0x3E7\n\nObject:\n\tObject Server:\t\tSecurity\n\tObject Type:\t\tFile\n\tObject Name:\t\t\\Device\\HarddiskVolume1\n\tHandle ID:\t\t0x7a8\n\tResource Attributes:\t-\n\nProcess Information:\n\tProcess ID:\t\t0x1114\n\tProcess Name:\t\tC:\\Program Files (x86)\\BigFix Enterprise\\BES Client\\BESClient.exe\n\nAccess Request Information:\n\tTransaction ID:\t\t{00000000-0000-0000-0000-000000000000}\n\tAccesses:\t\tSYNCHRONIZE\n\t\t\t\tReadAttributes\n\t\t\t\t\n\tAccess Reasons:\t\t-\n\tAccess Mask:\t\t0x100080\n\tPrivileges Used for Access Check:\t-\n\tRestricted SID Count:\t0",
        "_serial": "300744",
        "_si": [
          "index01",
          "main"
        ],
        "_time": "2018-11-03 21:14:17.000 UTC",
        "host": "t1-corp-ad-00",
        "index": "main",
        "linecount": "39",
        "source": "WinEventLog:Security",
        "sourcetype": "WinEventLog",
        "splunk_server": "index01"
      },
      {
        "Message": "The handle to an object was closed.\n\nSubject :\n\tSecurity ID:\t\tNT AUTHORITY\\SYSTEM\n\tAccount Name:\t\tAD-00$\n\tAccount Domain:\t\tCORP\n\tLogon ID:\t\t0x3E7\n\nObject:\n\tObject Server:\t\tSecurity\n\tHandle ID:\t\t0x660\n\nProcess Information:\n\tProcess ID:\t\t0x1114\n\tProcess Name:\t\tC:\\Program Files (x86)\\BigFix Enterprise\\BES Client\\BESClient.exe",
        "_bkt": "main~47~309B8BB8-F45C-44CE-ABE5-EF8B9EC8A780",
        "_cd": "47:2108944",
        "_indextime": "1541279658",
        "_pre_msg": "11/03/2018 09:14:17 PM\nLogName=Security\nSourceName=Microsoft Windows security auditing.\nEventCode=4658\nEventType=0\nType=Information\nComputerName=ad-00.corp.wheelzapp.com\nTaskCategory=Removable Storage\nOpCode=Info\nRecordNumber=857188\nKeywords=Audit Success",
        "_raw": "11/03/2018 09:14:17 PM\nLogName=Security\nSourceName=Microsoft Windows security auditing.\nEventCode=4658\nEventType=0\nType=Information\nComputerName=ad-00.corp.wheelzapp.com\nTaskCategory=Removable Storage\nOpCode=Info\nRecordNumber=857188\nKeywords=Audit Success\nMessage=The handle to an object was closed.\n\nSubject :\n\tSecurity ID:\t\tNT AUTHORITY\\SYSTEM\n\tAccount Name:\t\tAD-00$\n\tAccount Domain:\t\tCORP\n\tLogon ID:\t\t0x3E7\n\nObject:\n\tObject Server:\t\tSecurity\n\tHandle ID:\t\t0x660\n\nProcess Information:\n\tProcess ID:\t\t0x1114\n\tProcess Name:\t\tC:\\Program Files (x86)\\BigFix Enterprise\\BES Client\\BESClient.exe",
        "_serial": "300745",
        "_si": [
          "index01",
          "main"
        ],
        "_time": "2018-11-03 21:14:17.000 UTC",
        "host": "t1-corp-ad-00",
        "index": "main",
        "linecount": "26",
        "source": "WinEventLog:Security",
        "sourcetype": "WinEventLog",
        "splunk_server": "index01"
      },
      {
        "Message": "An attempt was made to duplicate a handle to an object.\n\nSubject:\n\tSecurity ID:\t\tNT AUTHORITY\\SYSTEM\n\tAccount Name:\t\tAD-00$\n\tAccount Domain:\t\tCORP\n\tLogon ID:\t\t0x3E7\n\nSource Handle Information:\n\tSource Handle ID:\t0x7a8\n\tSource Process ID:\t0x1114\n\nNew Handle Information:\n\tTarget Handle ID:\t0x660\n\tTarget Process ID:\t0x4",
        "_bkt": "main~47~309B8BB8-F45C-44CE-ABE5-EF8B9EC8A780",
        "_cd": "47:2102892",
        "_indextime": "1541279658",
        "_pre_msg": "11/03/2018 09:14:17 PM\nLogName=Security\nSourceName=Microsoft Windows security auditing.\nEventCode=4690\nEventType=0\nType=Information\nComputerName=ad-00.corp.wheelzapp.com\nTaskCategory=Handle Manipulation\nOpCode=Info\nRecordNumber=857187\nKeywords=Audit Success",
        "_raw": "11/03/2018 09:14:17 PM\nLogName=Security\nSourceName=Microsoft Windows security auditing.\nEventCode=4690\nEventType=0\nType=Information\nComputerName=ad-00.corp.wheelzapp.com\nTaskCategory=Handle Manipulation\nOpCode=Info\nRecordNumber=857187\nKeywords=Audit Success\nMessage=An attempt was made to duplicate a handle to an object.\n\nSubject:\n\tSecurity ID:\t\tNT AUTHORITY\\SYSTEM\n\tAccount Name:\t\tAD-00$\n\tAccount Domain:\t\tCORP\n\tLogon ID:\t\t0x3E7\n\nSource Handle Information:\n\tSource Handle ID:\t0x7a8\n\tSource Process ID:\t0x1114\n\nNew Handle Information:\n\tTarget Handle ID:\t0x660\n\tTarget Process ID:\t0x4",
        "_serial": "300746",
        "_si": [
          "index01",
          "main"
        ],
        "_time": "2018-11-03 21:14:17.000 UTC",
        "host": "t1-corp-ad-00",
        "index": "main",
        "linecount": "26",
        "source": "WinEventLog:Security",
        "sourcetype": "WinEventLog",
        "splunk_server": "index01"
      }
    ]
  },
  {
    "g": [
      {
        "_bkt": "ids~21~309B8BB8-F45C-44CE-ABE5-EF8B9EC8A780",
        "_cd": "21:28122349",
        "_indextime": "1541279581",
        "_raw": "{\"timestamp\":\"2018-11-03T21:13:01.000468+0000\",\"flow_id\":703062781738884,\"in_iface\":\"ens4\",\"event_type\":\"alert\",\"src_ip\":\"10.0.254.202\",\"src_port\":52881,\"dest_ip\":\"10.0.0.24\",\"dest_port\":9200,\"proto\":\"TCP\",\"tx_id\":0,\"alert\":{\"action\":\"allowed\",\"gid\":1,\"signature_id\":2012726,\"rev\":5,\"signature\":\"ET SCAN OpenVAS User-Agent Inbound\",\"category\":\"Attempted Information Leak\",\"severity\":2},\"http\":{\"hostname\":\"nationals-t1-corp-security-00.c.security-competitions.internal\",\"url\":\"\\/home.asp?state=0\",\"http_user_agent\":\"Mozilla\\/5.0 [en] (X11, U; OpenVAS-VT 9.0.3)\",\"http_content_type\":\"application\\/json\",\"http_method\":\"GET\",\"protocol\":\"HTTP\\/1.1\",\"status\":404,\"length\":315},\"app_proto\":\"http\",\"payload\":\"R0VUIC9ob21lLmFzcD9zdGF0ZT0wIEhUVFAvMS4xDQpDb25uZWN0aW9uOiBLZWVwLUFsaXZlDQpIb3N0OiBuYXRpb25hbHMtdDEtY29ycC1zZWN1cml0eS0wMC5jLnNlY3VyaXR5LWNvbXBldGl0aW9ucy5pbnRlcm5hbDo5MjAwDQpQcmFnbWE6IG5vLWNhY2hlDQpDYWNoZS1Db250cm9sOiBuby1jYWNoZQ0KVXNlci1BZ2VudDogTW96aWxsYS81LjAgW2VuXSAoWDExLCBVOyBPcGVuVkFTLVZUIDkuMC4zKQ0KQWNjZXB0OiBpbWFnZS9naWYsIGltYWdlL3gteGJpdG1hcCwgaW1hZ2UvanBlZywgaW1hZ2UvcGpwZWcsIGltYWdlL3BuZywgKi8qDQpBY2NlcHQtTGFuZ3VhZ2U6IGVuDQpBY2NlcHQtQ2hhcnNldDogaXNvLTg4NTktMSwqLHV0Zi04DQoNCg==\",\"stream\":1,\"packet\":\"QgEKAAAYQgEKAAABCABFAAA0t8lAAEAGcBgKAP7KCgAAGM6RI\\/Dae+6vOUDjRYAQAOd1tAAAAQEICvu7Bz46wtdP\",\"packet_info\":{\"linktype\":1}}",
        "_serial": "16632",
        "_si": [
          "index01",
          "ids"
        ],
        "_subsecond": ".000468",
        "_time": "2018-11-03 21:13:01.000 UTC",
        "host": "t1-corp-security-00",
        "index": "ids",
        "linecount": "1",
        "source": "/var/log/suricata/alert-json.log",
        "sourcetype": "suricata:alert",
        "splunk_server": "index01"
      }
    ],
    "e": [
      {
        "Message": "The handle to an object was closed.\n\nSubject :\n\tSecurity ID:\t\tNT AUTHORITY\\SYSTEM\n\tAccount Name:\t\tAD-00$\n\tAccount Domain:\t\tCORP\n\tLogon ID:\t\t0x3E7\n\nObject:\n\tObject Server:\t\tSecurity\n\tHandle ID:\t\t0x788\n\nProcess Information:\n\tProcess ID:\t\t0x1114\n\tProcess Name:\t\tC:\\Program Files (x86)\\BigFix Enterprise\\BES Client\\BESClient.exe",
        "_bkt": "main~45~B135F5F1-8761-4D6B-9993-723ECD8DFAF7",
        "_cd": "45:386073830",
        "_indextime": "1541279582",
        "_pre_msg": "11/03/2018 09:13:01 PM\nLogName=Security\nSourceName=Microsoft Windows security auditing.\nEventCode=4658\nEventType=0\nType=Information\nComputerName=ad-00.corp.wheelzapp.com\nTaskCategory=File System\nOpCode=Info\nRecordNumber=856824\nKeywords=Audit Success",
        "_raw": "11/03/2018 09:13:01 PM\nLogName=Security\nSourceName=Microsoft Windows security auditing.\nEventCode=4658\nEventType=0\nType=Information\nComputerName=ad-00.corp.wheelzapp.com\nTaskCategory=File System\nOpCode=Info\nRecordNumber=856824\nKeywords=Audit Success\nMessage=The handle to an object was closed.\n\nSubject :\n\tSecurity ID:\t\tNT AUTHORITY\\SYSTEM\n\tAccount Name:\t\tAD-00$\n\tAccount Domain:\t\tCORP\n\tLogon ID:\t\t0x3E7\n\nObject:\n\tObject Server:\t\tSecurity\n\tHandle ID:\t\t0x788\n\nProcess Information:\n\tProcess ID:\t\t0x1114\n\tProcess Name:\t\tC:\\Program Files (x86)\\BigFix Enterprise\\BES Client\\BESClient.exe",
        "_serial": "301605",
        "_si": [
          "index01",
          "main"
        ],
        "_time": "2018-11-03 21:13:01.000 UTC",
        "host": "t1-corp-ad-00",
        "index": "main",
        "linecount": "26",
        "source": "WinEventLog:Security",
        "sourcetype": "WinEventLog",
        "splunk_server": "index01"
      },
      {
        "Message": "A handle to an object was requested.\n\nSubject:\n\tSecurity ID:\t\tNT AUTHORITY\\SYSTEM\n\tAccount Name:\t\tAD-00$\n\tAccount Domain:\t\tCORP\n\tLogon ID:\t\t0x3E7\n\nObject:\n\tObject Server:\t\tSecurity\n\tObject Type:\t\tFile\n\tObject Name:\t\t\\DEVICE\\NETBT_TCPIP_{6E518B67-5D4A-42D2-92E8-03142CDA38BA}\n\tHandle ID:\t\t0x788\n\tResource Attributes:\t-\n\nProcess Information:\n\tProcess ID:\t\t0x1114\n\tProcess Name:\t\tC:\\Program Files (x86)\\BigFix Enterprise\\BES Client\\BESClient.exe\n\nAccess Request Information:\n\tTransaction ID:\t\t{00000000-0000-0000-0000-000000000000}\n\tAccesses:\t\tSYNCHRONIZE\n\t\t\t\tReadData (or ListDirectory)\n\t\t\t\t\n\tAccess Reasons:\t\t-\n\tAccess Mask:\t\t0x100001\n\tPrivileges Used for Access Check:\t-\n\tRestricted SID Count:\t0",
        "_bkt": "main~45~B135F5F1-8761-4D6B-9993-723ECD8DFAF7",
        "_cd": "45:386073797",
        "_indextime": "1541279582",
        "_pre_msg": "11/03/2018 09:13:01 PM\nLogName=Security\nSourceName=Microsoft Windows security auditing.\nEventCode=4656\nEventType=0\nType=Information\nComputerName=ad-00.corp.wheelzapp.com\nTaskCategory=File System\nOpCode=Info\nRecordNumber=856823\nKeywords=Audit Success",
        "_raw": "11/03/2018 09:13:01 PM\nLogName=Security\nSourceName=Microsoft Windows security auditing.\nEventCode=4656\nEventType=0\nType=Information\nComputerName=ad-00.corp.wheelzapp.com\nTaskCategory=File System\nOpCode=Info\nRecordNumber=856823\nKeywords=Audit Success\nMessage=A handle to an object was requested.\n\nSubject:\n\tSecurity ID:\t\tNT AUTHORITY\\SYSTEM\n\tAccount Name:\t\tAD-00$\n\tAccount Domain:\t\tCORP\n\tLogon ID:\t\t0x3E7\n\nObject:\n\tObject Server:\t\tSecurity\n\tObject Type:\t\tFile\n\tObject Name:\t\t\\DEVICE\\NETBT_TCPIP_{6E518B67-5D4A-42D2-92E8-03142CDA38BA}\n\tHandle ID:\t\t0x788\n\tResource Attributes:\t-\n\nProcess Information:\n\tProcess ID:\t\t0x1114\n\tProcess Name:\t\tC:\\Program Files (x86)\\BigFix Enterprise\\BES Client\\BESClient.exe\n\nAccess Request Information:\n\tTransaction ID:\t\t{00000000-0000-0000-0000-000000000000}\n\tAccesses:\t\tSYNCHRONIZE\n\t\t\t\tReadData (or ListDirectory)\n\t\t\t\t\n\tAccess Reasons:\t\t-\n\tAccess Mask:\t\t0x100001\n\tPrivileges Used for Access Check:\t-\n\tRestricted SID Count:\t0",
        "_serial": "301606",
        "_si": [
          "index01",
          "main"
        ],
        "_time": "2018-11-03 21:13:01.000 UTC",
        "host": "t1-corp-ad-00",
        "index": "main",
        "linecount": "39",
        "source": "WinEventLog:Security",
        "sourcetype": "WinEventLog",
        "splunk_server": "index01"
      },
      {
        "Message": "The handle to an object was closed.\n\nSubject :\n\tSecurity ID:\t\tNT AUTHORITY\\SYSTEM\n\tAccount Name:\t\tAD-00$\n\tAccount Domain:\t\tCORP\n\tLogon ID:\t\t0x3E7\n\nObject:\n\tObject Server:\t\tSecurity\n\tHandle ID:\t\t0x5b8\n\nProcess Information:\n\tProcess ID:\t\t0x1114\n\tProcess Name:\t\tC:\\Program Files (x86)\\BigFix Enterprise\\BES Client\\BESClient.exe",
        "_bkt": "main~45~B135F5F1-8761-4D6B-9993-723ECD8DFAF7",
        "_cd": "45:386073776",
        "_indextime": "1541279582",
        "_pre_msg": "11/03/2018 09:13:01 PM\nLogName=Security\nSourceName=Microsoft Windows security auditing.\nEventCode=4658\nEventType=0\nType=Information\nComputerName=ad-00.corp.wheelzapp.com\nTaskCategory=File System\nOpCode=Info\nRecordNumber=856822\nKeywords=Audit Success",
        "_raw": "11/03/2018 09:13:01 PM\nLogName=Security\nSourceName=Microsoft Windows security auditing.\nEventCode=4658\nEventType=0\nType=Information\nComputerName=ad-00.corp.wheelzapp.com\nTaskCategory=File System\nOpCode=Info\nRecordNumber=856822\nKeywords=Audit Success\nMessage=The handle to an object was closed.\n\nSubject :\n\tSecurity ID:\t\tNT AUTHORITY\\SYSTEM\n\tAccount Name:\t\tAD-00$\n\tAccount Domain:\t\tCORP\n\tLogon ID:\t\t0x3E7\n\nObject:\n\tObject Server:\t\tSecurity\n\tHandle ID:\t\t0x5b8\n\nProcess Information:\n\tProcess ID:\t\t0x1114\n\tProcess Name:\t\tC:\\Program Files (x86)\\BigFix Enterprise\\BES Client\\BESClient.exe",
        "_serial": "301607",
        "_si": [
          "index01",
          "main"
        ],
        "_time": "2018-11-03 21:13:01.000 UTC",
        "host": "t1-corp-ad-00",
        "index": "main",
        "linecount": "26",
        "source": "WinEventLog:Security",
        "sourcetype": "WinEventLog",
        "splunk_server": "index01"
      },
      {
        "Message": "An attempt was made to duplicate a handle to an object.\n\nSubject:\n\tSecurity ID:\t\tNT AUTHORITY\\SYSTEM\n\tAccount Name:\t\tAD-00$\n\tAccount Domain:\t\tCORP\n\tLogon ID:\t\t0x3E7\n\nSource Handle Information:\n\tSource Handle ID:\t0x788\n\tSource Process ID:\t0x1114\n\nNew Handle Information:\n\tTarget Handle ID:\t0x5b8\n\tTarget Process ID:\t0x4",
        "_bkt": "main~45~B135F5F1-8761-4D6B-9993-723ECD8DFAF7",
        "_cd": "45:386073755",
        "_indextime": "1541279582",
        "_pre_msg": "11/03/2018 09:13:01 PM\nLogName=Security\nSourceName=Microsoft Windows security auditing.\nEventCode=4690\nEventType=0\nType=Information\nComputerName=ad-00.corp.wheelzapp.com\nTaskCategory=Handle Manipulation\nOpCode=Info\nRecordNumber=856821\nKeywords=Audit Success",
        "_raw": "11/03/2018 09:13:01 PM\nLogName=Security\nSourceName=Microsoft Windows security auditing.\nEventCode=4690\nEventType=0\nType=Information\nComputerName=ad-00.corp.wheelzapp.com\nTaskCategory=Handle Manipulation\nOpCode=Info\nRecordNumber=856821\nKeywords=Audit Success\nMessage=An attempt was made to duplicate a handle to an object.\n\nSubject:\n\tSecurity ID:\t\tNT AUTHORITY\\SYSTEM\n\tAccount Name:\t\tAD-00$\n\tAccount Domain:\t\tCORP\n\tLogon ID:\t\t0x3E7\n\nSource Handle Information:\n\tSource Handle ID:\t0x788\n\tSource Process ID:\t0x1114\n\nNew Handle Information:\n\tTarget Handle ID:\t0x5b8\n\tTarget Process ID:\t0x4",
        "_serial": "301608",
        "_si": [
          "index01",
          "main"
        ],
        "_time": "2018-11-03 21:13:01.000 UTC",
        "host": "t1-corp-ad-00",
        "index": "main",
        "linecount": "26",
        "source": "WinEventLog:Security",
        "sourcetype": "WinEventLog",
        "splunk_server": "index01"
      },
      {
        "Message": "The handle to an object was closed.\n\nSubject :\n\tSecurity ID:\t\tNT AUTHORITY\\SYSTEM\n\tAccount Name:\t\tAD-00$\n\tAccount Domain:\t\tCORP\n\tLogon ID:\t\t0x3E7\n\nObject:\n\tObject Server:\t\tSecurity\n\tHandle ID:\t\t0x294\n\nProcess Information:\n\tProcess ID:\t\t0x1114\n\tProcess Name:\t\tC:\\Program Files (x86)\\BigFix Enterprise\\BES Client\\BESClient.exe",
        "_bkt": "main~45~B135F5F1-8761-4D6B-9993-723ECD8DFAF7",
        "_cd": "45:386073734",
        "_indextime": "1541279582",
        "_pre_msg": "11/03/2018 09:13:01 PM\nLogName=Security\nSourceName=Microsoft Windows security auditing.\nEventCode=4658\nEventType=0\nType=Information\nComputerName=ad-00.corp.wheelzapp.com\nTaskCategory=File System\nOpCode=Info\nRecordNumber=856820\nKeywords=Audit Success",
        "_raw": "11/03/2018 09:13:01 PM\nLogName=Security\nSourceName=Microsoft Windows security auditing.\nEventCode=4658\nEventType=0\nType=Information\nComputerName=ad-00.corp.wheelzapp.com\nTaskCategory=File System\nOpCode=Info\nRecordNumber=856820\nKeywords=Audit Success\nMessage=The handle to an object was closed.\n\nSubject :\n\tSecurity ID:\t\tNT AUTHORITY\\SYSTEM\n\tAccount Name:\t\tAD-00$\n\tAccount Domain:\t\tCORP\n\tLogon ID:\t\t0x3E7\n\nObject:\n\tObject Server:\t\tSecurity\n\tHandle ID:\t\t0x294\n\nProcess Information:\n\tProcess ID:\t\t0x1114\n\tProcess Name:\t\tC:\\Program Files (x86)\\BigFix Enterprise\\BES Client\\BESClient.exe",
        "_serial": "301609",
        "_si": [
          "index01",
          "main"
        ],
        "_time": "2018-11-03 21:13:01.000 UTC",
        "host": "t1-corp-ad-00",
        "index": "main",
        "linecount": "26",
        "source": "WinEventLog:Security",
        "sourcetype": "WinEventLog",
        "splunk_server": "index01"
      },
      {
        "Message": "A handle to an object was requested.\n\nSubject:\n\tSecurity ID:\t\tNT AUTHORITY\\SYSTEM\n\tAccount Name:\t\tAD-00$\n\tAccount Domain:\t\tCORP\n\tLogon ID:\t\t0x3E7\n\nObject:\n\tObject Server:\t\tSecurity\n\tObject Type:\t\tFile\n\tObject Name:\t\t\\DEVICE\\NETBT_TCPIP_{6E518B67-5D4A-42D2-92E8-03142CDA38BA}\n\tHandle ID:\t\t0x294\n\tResource Attributes:\t-\n\nProcess Information:\n\tProcess ID:\t\t0x1114\n\tProcess Name:\t\tC:\\Program Files (x86)\\BigFix Enterprise\\BES Client\\BESClient.exe\n\nAccess Request Information:\n\tTransaction ID:\t\t{00000000-0000-0000-0000-000000000000}\n\tAccesses:\t\tSYNCHRONIZE\n\t\t\t\tReadData (or ListDirectory)\n\t\t\t\t\n\tAccess Reasons:\t\t-\n\tAccess Mask:\t\t0x100001\n\tPrivileges Used for Access Check:\t-\n\tRestricted SID Count:\t0",
        "_bkt": "main~45~B135F5F1-8761-4D6B-9993-723ECD8DFAF7",
        "_cd": "45:386073701",
        "_indextime": "1541279582",
        "_pre_msg": "11/03/2018 09:13:01 PM\nLogName=Security\nSourceName=Microsoft Windows security auditing.\nEventCode=4656\nEventType=0\nType=Information\nComputerName=ad-00.corp.wheelzapp.com\nTaskCategory=File System\nOpCode=Info\nRecordNumber=856819\nKeywords=Audit Success",
        "_raw": "11/03/2018 09:13:01 PM\nLogName=Security\nSourceName=Microsoft Windows security auditing.\nEventCode=4656\nEventType=0\nType=Information\nComputerName=ad-00.corp.wheelzapp.com\nTaskCategory=File System\nOpCode=Info\nRecordNumber=856819\nKeywords=Audit Success\nMessage=A handle to an object was requested.\n\nSubject:\n\tSecurity ID:\t\tNT AUTHORITY\\SYSTEM\n\tAccount Name:\t\tAD-00$\n\tAccount Domain:\t\tCORP\n\tLogon ID:\t\t0x3E7\n\nObject:\n\tObject Server:\t\tSecurity\n\tObject Type:\t\tFile\n\tObject Name:\t\t\\DEVICE\\NETBT_TCPIP_{6E518B67-5D4A-42D2-92E8-03142CDA38BA}\n\tHandle ID:\t\t0x294\n\tResource Attributes:\t-\n\nProcess Information:\n\tProcess ID:\t\t0x1114\n\tProcess Name:\t\tC:\\Program Files (x86)\\BigFix Enterprise\\BES Client\\BESClient.exe\n\nAccess Request Information:\n\tTransaction ID:\t\t{00000000-0000-0000-0000-000000000000}\n\tAccesses:\t\tSYNCHRONIZE\n\t\t\t\tReadData (or ListDirectory)\n\t\t\t\t\n\tAccess Reasons:\t\t-\n\tAccess Mask:\t\t0x100001\n\tPrivileges Used for Access Check:\t-\n\tRestricted SID Count:\t0",
        "_serial": "301610",
        "_si": [
          "index01",
          "main"
        ],
        "_time": "2018-11-03 21:13:01.000 UTC",
        "host": "t1-corp-ad-00",
        "index": "main",
        "linecount": "39",
        "source": "WinEventLog:Security",
        "sourcetype": "WinEventLog",
        "splunk_server": "index01"
      },
      {
        "Message": "The handle to an object was closed.\n\nSubject :\n\tSecurity ID:\t\tNT AUTHORITY\\SYSTEM\n\tAccount Name:\t\tAD-00$\n\tAccount Domain:\t\tCORP\n\tLogon ID:\t\t0x3E7\n\nObject:\n\tObject Server:\t\tSecurity\n\tHandle ID:\t\t0x5b8\n\nProcess Information:\n\tProcess ID:\t\t0x1114\n\tProcess Name:\t\tC:\\Program Files (x86)\\BigFix Enterprise\\BES Client\\BESClient.exe",
        "_bkt": "main~45~B135F5F1-8761-4D6B-9993-723ECD8DFAF7",
        "_cd": "45:386073680",
        "_indextime": "1541279582",
        "_pre_msg": "11/03/2018 09:13:01 PM\nLogName=Security\nSourceName=Microsoft Windows security auditing.\nEventCode=4658\nEventType=0\nType=Information\nComputerName=ad-00.corp.wheelzapp.com\nTaskCategory=File System\nOpCode=Info\nRecordNumber=856818\nKeywords=Audit Success",
        "_raw": "11/03/2018 09:13:01 PM\nLogName=Security\nSourceName=Microsoft Windows security auditing.\nEventCode=4658\nEventType=0\nType=Information\nComputerName=ad-00.corp.wheelzapp.com\nTaskCategory=File System\nOpCode=Info\nRecordNumber=856818\nKeywords=Audit Success\nMessage=The handle to an object was closed.\n\nSubject :\n\tSecurity ID:\t\tNT AUTHORITY\\SYSTEM\n\tAccount Name:\t\tAD-00$\n\tAccount Domain:\t\tCORP\n\tLogon ID:\t\t0x3E7\n\nObject:\n\tObject Server:\t\tSecurity\n\tHandle ID:\t\t0x5b8\n\nProcess Information:\n\tProcess ID:\t\t0x1114\n\tProcess Name:\t\tC:\\Program Files (x86)\\BigFix Enterprise\\BES Client\\BESClient.exe",
        "_serial": "301611",
        "_si": [
          "index01",
          "main"
        ],
        "_time": "2018-11-03 21:13:01.000 UTC",
        "host": "t1-corp-ad-00",
        "index": "main",
        "linecount": "26",
        "source": "WinEventLog:Security",
        "sourcetype": "WinEventLog",
        "splunk_server": "index01"
      },
      {
        "Message": "An attempt was made to duplicate a handle to an object.\n\nSubject:\n\tSecurity ID:\t\tNT AUTHORITY\\SYSTEM\n\tAccount Name:\t\tAD-00$\n\tAccount Domain:\t\tCORP\n\tLogon ID:\t\t0x3E7\n\nSource Handle Information:\n\tSource Handle ID:\t0x294\n\tSource Process ID:\t0x1114\n\nNew Handle Information:\n\tTarget Handle ID:\t0x5b8\n\tTarget Process ID:\t0x4",
        "_bkt": "main~45~B135F5F1-8761-4D6B-9993-723ECD8DFAF7",
        "_cd": "45:386072940",
        "_indextime": "1541279582",
        "_pre_msg": "11/03/2018 09:13:01 PM\nLogName=Security\nSourceName=Microsoft Windows security auditing.\nEventCode=4690\nEventType=0\nType=Information\nComputerName=ad-00.corp.wheelzapp.com\nTaskCategory=Handle Manipulation\nOpCode=Info\nRecordNumber=856817\nKeywords=Audit Success",
        "_raw": "11/03/2018 09:13:01 PM\nLogName=Security\nSourceName=Microsoft Windows security auditing.\nEventCode=4690\nEventType=0\nType=Information\nComputerName=ad-00.corp.wheelzapp.com\nTaskCategory=Handle Manipulation\nOpCode=Info\nRecordNumber=856817\nKeywords=Audit Success\nMessage=An attempt was made to duplicate a handle to an object.\n\nSubject:\n\tSecurity ID:\t\tNT AUTHORITY\\SYSTEM\n\tAccount Name:\t\tAD-00$\n\tAccount Domain:\t\tCORP\n\tLogon ID:\t\t0x3E7\n\nSource Handle Information:\n\tSource Handle ID:\t0x294\n\tSource Process ID:\t0x1114\n\nNew Handle Information:\n\tTarget Handle ID:\t0x5b8\n\tTarget Process ID:\t0x4",
        "_serial": "301612",
        "_si": [
          "index01",
          "main"
        ],
        "_time": "2018-11-03 21:13:01.000 UTC",
        "host": "t1-corp-ad-00",
        "index": "main",
        "linecount": "26",
        "source": "WinEventLog:Security",
        "sourcetype": "WinEventLog",
        "splunk_server": "index01"
      }
    ]
  },
  {
    "g": [
      {
        "_bkt": "ids~21~309B8BB8-F45C-44CE-ABE5-EF8B9EC8A780",
        "_cd": "21:28014346",
        "_indextime": "1541279572",
        "_raw": "{\"timestamp\":\"2018-11-03T21:12:52.000835+0000\",\"flow_id\":2160010177250503,\"in_iface\":\"ens4\",\"event_type\":\"alert\",\"src_ip\":\"10.0.254.202\",\"src_port\":46321,\"dest_ip\":\"10.0.0.24\",\"dest_port\":9000,\"proto\":\"TCP\",\"tx_id\":10,\"alert\":{\"action\":\"allowed\",\"gid\":1,\"signature_id\":2012726,\"rev\":5,\"signature\":\"ET SCAN OpenVAS User-Agent Inbound\",\"category\":\"Attempted Information Leak\",\"severity\":2},\"http\":{\"hostname\":\"nationals-t1-corp-security-00.c.security-competitions.internal\",\"url\":\"\\/tao\\/install\\/\",\"http_user_agent\":\"Mozilla\\/5.0 [en] (X11, U; OpenVAS-VT 9.0.3)\",\"http_content_type\":\"text\\/html\",\"http_method\":\"GET\",\"protocol\":\"HTTP\\/1.1\",\"status\":200,\"length\":1290},\"app_proto\":\"http\",\"payload\":\"R0VUIC90YW8vaW5zdGFsbC8gSFRUUC8xLjENCkNvbm5lY3Rpb246IEtlZXAtQWxpdmUNCkhvc3Q6IG5hdGlvbmFscy10MS1jb3JwLXNlY3VyaXR5LTAwLmMuc2VjdXJpdHktY29tcGV0aXRpb25zLmludGVybmFsOjkwMDANClByYWdtYTogbm8tY2FjaGUNCkNhY2hlLUNvbnRyb2w6IG5vLWNhY2hlDQpVc2VyLUFnZW50OiBNb3ppbGxhLzUuMCBbZW5dIChYMTEsIFU7IE9wZW5WQVMtVlQgOS4wLjMpDQpBY2NlcHQ6IGltYWdlL2dpZiwgaW1hZ2UveC14Yml0bWFwLCBpbWFnZS9qcGVnLCBpbWFnZS9wanBlZywgaW1hZ2UvcG5nLCAqLyoNCkFjY2VwdC1MYW5ndWFnZTogZW4NCkFjY2VwdC1DaGFyc2V0OiBpc28tODg1OS0xLCosdXRmLTgNCg0K\",\"stream\":1,\"packet\":\"QgEKAAAYQgEKAAABCABFAAA0xtlAAEAGYQgKAP7KCgAAGLTxIyikg6S6rMcTIIAQAdyyAQAAAQEICvu65Bc6wrQo\",\"packet_info\":{\"linktype\":1}}",
        "_serial": "16878",
        "_si": [
          "index01",
          "ids"
        ],
        "_subsecond": ".000835",
        "_time": "2018-11-03 21:12:52.000 UTC",
        "host": "t1-corp-security-00",
        "index": "ids",
        "linecount": "1",
        "source": "/var/log/suricata/alert-json.log",
        "sourcetype": "suricata:alert",
        "splunk_server": "index01"
      }
    ],
    "e": [
      {
        "Message": "The Windows Filtering Platform has permitted a connection.\n\nApplication Information:\n\tProcess ID:\t\t864\n\tApplication Name:\t\\device\\harddiskvolume1\\windows\\system32\\svchost.exe\n\nNetwork Information:\n\tDirection:\t\tInbound\n\tSource Address:\t\t10.0.254.103\n\tSource Port:\t\t12418\n\tDestination Address:\t10.0.0.10\n\tDestination Port:\t\t135\n\tProtocol:\t\t6\n\nFilter Information:\n\tFilter Run-Time ID:\t0\n\tLayer Name:\t\tReceive/Accept\n\tLayer Run-Time ID:\t44",
        "_bkt": "main~45~B135F5F1-8761-4D6B-9993-723ECD8DFAF7",
        "_cd": "45:385329639",
        "_indextime": "1541279573",
        "_pre_msg": "11/03/2018 09:12:52 PM\nLogName=Security\nSourceName=Microsoft Windows security auditing.\nEventCode=5156\nEventType=0\nType=Information\nComputerName=ad-00.corp.wheelzapp.com\nTaskCategory=Filtering Platform Connection\nOpCode=Info\nRecordNumber=856798\nKeywords=Audit Success",
        "_raw": "11/03/2018 09:12:52 PM\nLogName=Security\nSourceName=Microsoft Windows security auditing.\nEventCode=5156\nEventType=0\nType=Information\nComputerName=ad-00.corp.wheelzapp.com\nTaskCategory=Filtering Platform Connection\nOpCode=Info\nRecordNumber=856798\nKeywords=Audit Success\nMessage=The Windows Filtering Platform has permitted a connection.\n\nApplication Information:\n\tProcess ID:\t\t864\n\tApplication Name:\t\\device\\harddiskvolume1\\windows\\system32\\svchost.exe\n\nNetwork Information:\n\tDirection:\t\tInbound\n\tSource Address:\t\t10.0.254.103\n\tSource Port:\t\t12418\n\tDestination Address:\t10.0.0.10\n\tDestination Port:\t\t135\n\tProtocol:\t\t6\n\nFilter Information:\n\tFilter Run-Time ID:\t0\n\tLayer Name:\t\tReceive/Accept\n\tLayer Run-Time ID:\t44",
        "_serial": "301664",
        "_si": [
          "index01",
          "main"
        ],
        "_time": "2018-11-03 21:12:52.000 UTC",
        "host": "t1-corp-ad-00",
        "index": "main",
        "linecount": "29",
        "source": "WinEventLog:Security",
        "sourcetype": "WinEventLog",
        "splunk_server": "index01"
      },
      {
        "Message": "The Windows Filtering Platform has permitted a connection.\n\nApplication Information:\n\tProcess ID:\t\t592\n\tApplication Name:\t\\device\\harddiskvolume1\\windows\\system32\\lsass.exe\n\nNetwork Information:\n\tDirection:\t\tInbound\n\tSource Address:\t\t10.0.254.103\n\tSource Port:\t\t12420\n\tDestination Address:\t10.0.0.10\n\tDestination Port:\t\t389\n\tProtocol:\t\t6\n\nFilter Information:\n\tFilter Run-Time ID:\t0\n\tLayer Name:\t\tReceive/Accept\n\tLayer Run-Time ID:\t44",
        "_bkt": "main~45~B135F5F1-8761-4D6B-9993-723ECD8DFAF7",
        "_cd": "45:385329614",
        "_indextime": "1541279573",
        "_pre_msg": "11/03/2018 09:12:52 PM\nLogName=Security\nSourceName=Microsoft Windows security auditing.\nEventCode=5156\nEventType=0\nType=Information\nComputerName=ad-00.corp.wheelzapp.com\nTaskCategory=Filtering Platform Connection\nOpCode=Info\nRecordNumber=856797\nKeywords=Audit Success",
        "_raw": "11/03/2018 09:12:52 PM\nLogName=Security\nSourceName=Microsoft Windows security auditing.\nEventCode=5156\nEventType=0\nType=Information\nComputerName=ad-00.corp.wheelzapp.com\nTaskCategory=Filtering Platform Connection\nOpCode=Info\nRecordNumber=856797\nKeywords=Audit Success\nMessage=The Windows Filtering Platform has permitted a connection.\n\nApplication Information:\n\tProcess ID:\t\t592\n\tApplication Name:\t\\device\\harddiskvolume1\\windows\\system32\\lsass.exe\n\nNetwork Information:\n\tDirection:\t\tInbound\n\tSource Address:\t\t10.0.254.103\n\tSource Port:\t\t12420\n\tDestination Address:\t10.0.0.10\n\tDestination Port:\t\t389\n\tProtocol:\t\t6\n\nFilter Information:\n\tFilter Run-Time ID:\t0\n\tLayer Name:\t\tReceive/Accept\n\tLayer Run-Time ID:\t44",
        "_serial": "301665",
        "_si": [
          "index01",
          "main"
        ],
        "_time": "2018-11-03 21:12:52.000 UTC",
        "host": "t1-corp-ad-00",
        "index": "main",
        "linecount": "29",
        "source": "WinEventLog:Security",
        "sourcetype": "WinEventLog",
        "splunk_server": "index01"
      },
      {
        "Message": "The Windows Filtering Platform has permitted a connection.\n\nApplication Information:\n\tProcess ID:\t\t4\n\tApplication Name:\tSystem\n\nNetwork Information:\n\tDirection:\t\tInbound\n\tSource Address:\t\t10.0.254.103\n\tSource Port:\t\t12421\n\tDestination Address:\t10.0.0.10\n\tDestination Port:\t\t445\n\tProtocol:\t\t6\n\nFilter Information:\n\tFilter Run-Time ID:\t0\n\tLayer Name:\t\tReceive/Accept\n\tLayer Run-Time ID:\t44",
        "_bkt": "main~45~B135F5F1-8761-4D6B-9993-723ECD8DFAF7",
        "_cd": "45:385329591",
        "_indextime": "1541279573",
        "_pre_msg": "11/03/2018 09:12:52 PM\nLogName=Security\nSourceName=Microsoft Windows security auditing.\nEventCode=5156\nEventType=0\nType=Information\nComputerName=ad-00.corp.wheelzapp.com\nTaskCategory=Filtering Platform Connection\nOpCode=Info\nRecordNumber=856796\nKeywords=Audit Success",
        "_raw": "11/03/2018 09:12:52 PM\nLogName=Security\nSourceName=Microsoft Windows security auditing.\nEventCode=5156\nEventType=0\nType=Information\nComputerName=ad-00.corp.wheelzapp.com\nTaskCategory=Filtering Platform Connection\nOpCode=Info\nRecordNumber=856796\nKeywords=Audit Success\nMessage=The Windows Filtering Platform has permitted a connection.\n\nApplication Information:\n\tProcess ID:\t\t4\n\tApplication Name:\tSystem\n\nNetwork Information:\n\tDirection:\t\tInbound\n\tSource Address:\t\t10.0.254.103\n\tSource Port:\t\t12421\n\tDestination Address:\t10.0.0.10\n\tDestination Port:\t\t445\n\tProtocol:\t\t6\n\nFilter Information:\n\tFilter Run-Time ID:\t0\n\tLayer Name:\t\tReceive/Accept\n\tLayer Run-Time ID:\t44",
        "_serial": "301666",
        "_si": [
          "index01",
          "main"
        ],
        "_time": "2018-11-03 21:12:52.000 UTC",
        "host": "t1-corp-ad-00",
        "index": "main",
        "linecount": "29",
        "source": "WinEventLog:Security",
        "sourcetype": "WinEventLog",
        "splunk_server": "index01"
      },
      {
        "Message": "The Windows Filtering Platform has permitted a connection.\n\nApplication Information:\n\tProcess ID:\t\t864\n\tApplication Name:\t\\device\\harddiskvolume1\\windows\\system32\\svchost.exe\n\nNetwork Information:\n\tDirection:\t\tInbound\n\tSource Address:\t\t10.0.254.103\n\tSource Port:\t\t12423\n\tDestination Address:\t10.0.0.10\n\tDestination Port:\t\t593\n\tProtocol:\t\t6\n\nFilter Information:\n\tFilter Run-Time ID:\t0\n\tLayer Name:\t\tReceive/Accept\n\tLayer Run-Time ID:\t44",
        "_bkt": "main~45~B135F5F1-8761-4D6B-9993-723ECD8DFAF7",
        "_cd": "45:385329566",
        "_indextime": "1541279573",
        "_pre_msg": "11/03/2018 09:12:52 PM\nLogName=Security\nSourceName=Microsoft Windows security auditing.\nEventCode=5156\nEventType=0\nType=Information\nComputerName=ad-00.corp.wheelzapp.com\nTaskCategory=Filtering Platform Connection\nOpCode=Info\nRecordNumber=856795\nKeywords=Audit Success",
