        "_raw": "11/03/2018 09:12:52 PM\nLogName=Security\nSourceName=Microsoft Windows security auditing.\nEventCode=5156\nEventType=0\nType=Information\nComputerName=ad-00.corp.wheelzapp.com\nTaskCategory=Filtering Platform Connection\nOpCode=Info\nRecordNumber=856795\nKeywords=Audit Success\nMessage=The Windows Filtering Platform has permitted a connection.\n\nApplication Information:\n\tProcess ID:\t\t864\n\tApplication Name:\t\\device\\harddiskvolume1\\windows\\system32\\svchost.exe\n\nNetwork Information:\n\tDirection:\t\tInbound\n\tSource Address:\t\t10.0.254.103\n\tSource Port:\t\t12423\n\tDestination Address:\t10.0.0.10\n\tDestination Port:\t\t593\n\tProtocol:\t\t6\n\nFilter Information:\n\tFilter Run-Time ID:\t0\n\tLayer Name:\t\tReceive/Accept\n\tLayer Run-Time ID:\t44",
        "_serial": "301667",
        "_si": [
          "index01",
          "main"
        ],
        "_time": "2018-11-03 21:12:52.000 UTC",
        "host": "t1-corp-ad-00",
        "index": "main",
        "linecount": "29",
        "source": "WinEventLog:Security",
        "sourcetype": "WinEventLog",
        "splunk_server": "index01"
      },
      {
        "Message": "The Windows Filtering Platform has permitted a connection.\n\nApplication Information:\n\tProcess ID:\t\t2592\n\tApplication Name:\t\\device\\harddiskvolume1\\windows\\system32\\dns.exe\n\nNetwork Information:\n\tDirection:\t\tInbound\n\tSource Address:\t\t10.0.254.103\n\tSource Port:\t\t12416\n\tDestination Address:\t10.0.0.10\n\tDestination Port:\t\t53\n\tProtocol:\t\t6\n\nFilter Information:\n\tFilter Run-Time ID:\t0\n\tLayer Name:\t\tReceive/Accept\n\tLayer Run-Time ID:\t44",
        "_bkt": "main~45~B135F5F1-8761-4D6B-9993-723ECD8DFAF7",
        "_cd": "45:385329541",
        "_indextime": "1541279573",
        "_pre_msg": "11/03/2018 09:12:52 PM\nLogName=Security\nSourceName=Microsoft Windows security auditing.\nEventCode=5156\nEventType=0\nType=Information\nComputerName=ad-00.corp.wheelzapp.com\nTaskCategory=Filtering Platform Connection\nOpCode=Info\nRecordNumber=856794\nKeywords=Audit Success",
        "_raw": "11/03/2018 09:12:52 PM\nLogName=Security\nSourceName=Microsoft Windows security auditing.\nEventCode=5156\nEventType=0\nType=Information\nComputerName=ad-00.corp.wheelzapp.com\nTaskCategory=Filtering Platform Connection\nOpCode=Info\nRecordNumber=856794\nKeywords=Audit Success\nMessage=The Windows Filtering Platform has permitted a connection.\n\nApplication Information:\n\tProcess ID:\t\t2592\n\tApplication Name:\t\\device\\harddiskvolume1\\windows\\system32\\dns.exe\n\nNetwork Information:\n\tDirection:\t\tInbound\n\tSource Address:\t\t10.0.254.103\n\tSource Port:\t\t12416\n\tDestination Address:\t10.0.0.10\n\tDestination Port:\t\t53\n\tProtocol:\t\t6\n\nFilter Information:\n\tFilter Run-Time ID:\t0\n\tLayer Name:\t\tReceive/Accept\n\tLayer Run-Time ID:\t44",
        "_serial": "301668",
        "_si": [
          "index01",
          "main"
        ],
        "_time": "2018-11-03 21:12:52.000 UTC",
        "host": "t1-corp-ad-00",
        "index": "main",
        "linecount": "29",
        "source": "WinEventLog:Security",
        "sourcetype": "WinEventLog",
        "splunk_server": "index01"
      },
      {
        "Message": "The Windows Filtering Platform has permitted a connection.\n\nApplication Information:\n\tProcess ID:\t\t592\n\tApplication Name:\t\\device\\harddiskvolume1\\windows\\system32\\lsass.exe\n\nNetwork Information:\n\tDirection:\t\tInbound\n\tSource Address:\t\t10.0.254.103\n\tSource Port:\t\t12417\n\tDestination Address:\t10.0.0.10\n\tDestination Port:\t\t88\n\tProtocol:\t\t6\n\nFilter Information:\n\tFilter Run-Time ID:\t0\n\tLayer Name:\t\tReceive/Accept\n\tLayer Run-Time ID:\t44",
        "_bkt": "main~45~B135F5F1-8761-4D6B-9993-723ECD8DFAF7",
        "_cd": "45:385329516",
        "_indextime": "1541279573",
        "_pre_msg": "11/03/2018 09:12:52 PM\nLogName=Security\nSourceName=Microsoft Windows security auditing.\nEventCode=5156\nEventType=0\nType=Information\nComputerName=ad-00.corp.wheelzapp.com\nTaskCategory=Filtering Platform Connection\nOpCode=Info\nRecordNumber=856793\nKeywords=Audit Success",
        "_raw": "11/03/2018 09:12:52 PM\nLogName=Security\nSourceName=Microsoft Windows security auditing.\nEventCode=5156\nEventType=0\nType=Information\nComputerName=ad-00.corp.wheelzapp.com\nTaskCategory=Filtering Platform Connection\nOpCode=Info\nRecordNumber=856793\nKeywords=Audit Success\nMessage=The Windows Filtering Platform has permitted a connection.\n\nApplication Information:\n\tProcess ID:\t\t592\n\tApplication Name:\t\\device\\harddiskvolume1\\windows\\system32\\lsass.exe\n\nNetwork Information:\n\tDirection:\t\tInbound\n\tSource Address:\t\t10.0.254.103\n\tSource Port:\t\t12417\n\tDestination Address:\t10.0.0.10\n\tDestination Port:\t\t88\n\tProtocol:\t\t6\n\nFilter Information:\n\tFilter Run-Time ID:\t0\n\tLayer Name:\t\tReceive/Accept\n\tLayer Run-Time ID:\t44",
        "_serial": "301669",
        "_si": [
          "index01",
          "main"
        ],
        "_time": "2018-11-03 21:12:52.000 UTC",
        "host": "t1-corp-ad-00",
        "index": "main",
        "linecount": "29",
        "source": "WinEventLog:Security",
        "sourcetype": "WinEventLog",
        "splunk_server": "index01"
      },
      {
        "Message": "The Windows Filtering Platform has permitted a connection.\n\nApplication Information:\n\tProcess ID:\t\t592\n\tApplication Name:\t\\device\\harddiskvolume1\\windows\\system32\\lsass.exe\n\nNetwork Information:\n\tDirection:\t\tInbound\n\tSource Address:\t\t10.0.254.103\n\tSource Port:\t\t12422\n\tDestination Address:\t10.0.0.10\n\tDestination Port:\t\t464\n\tProtocol:\t\t6\n\nFilter Information:\n\tFilter Run-Time ID:\t0\n\tLayer Name:\t\tReceive/Accept\n\tLayer Run-Time ID:\t44",
        "_bkt": "main~45~B135F5F1-8761-4D6B-9993-723ECD8DFAF7",
        "_cd": "45:385329491",
        "_indextime": "1541279573",
        "_pre_msg": "11/03/2018 09:12:52 PM\nLogName=Security\nSourceName=Microsoft Windows security auditing.\nEventCode=5156\nEventType=0\nType=Information\nComputerName=ad-00.corp.wheelzapp.com\nTaskCategory=Filtering Platform Connection\nOpCode=Info\nRecordNumber=856792\nKeywords=Audit Success",
        "_raw": "11/03/2018 09:12:52 PM\nLogName=Security\nSourceName=Microsoft Windows security auditing.\nEventCode=5156\nEventType=0\nType=Information\nComputerName=ad-00.corp.wheelzapp.com\nTaskCategory=Filtering Platform Connection\nOpCode=Info\nRecordNumber=856792\nKeywords=Audit Success\nMessage=The Windows Filtering Platform has permitted a connection.\n\nApplication Information:\n\tProcess ID:\t\t592\n\tApplication Name:\t\\device\\harddiskvolume1\\windows\\system32\\lsass.exe\n\nNetwork Information:\n\tDirection:\t\tInbound\n\tSource Address:\t\t10.0.254.103\n\tSource Port:\t\t12422\n\tDestination Address:\t10.0.0.10\n\tDestination Port:\t\t464\n\tProtocol:\t\t6\n\nFilter Information:\n\tFilter Run-Time ID:\t0\n\tLayer Name:\t\tReceive/Accept\n\tLayer Run-Time ID:\t44",
        "_serial": "301670",
        "_si": [
          "index01",
          "main"
        ],
        "_time": "2018-11-03 21:12:52.000 UTC",
        "host": "t1-corp-ad-00",
        "index": "main",
        "linecount": "29",
        "source": "WinEventLog:Security",
        "sourcetype": "WinEventLog",
        "splunk_server": "index01"
      },
      {
        "Message": "The Windows Filtering Platform has permitted a connection.\n\nApplication Information:\n\tProcess ID:\t\t4\n\tApplication Name:\tSystem\n\nNetwork Information:\n\tDirection:\t\tInbound\n\tSource Address:\t\t10.0.254.103\n\tSource Port:\t\t12419\n\tDestination Address:\t10.0.0.10\n\tDestination Port:\t\t139\n\tProtocol:\t\t6\n\nFilter Information:\n\tFilter Run-Time ID:\t0\n\tLayer Name:\t\tReceive/Accept\n\tLayer Run-Time ID:\t44",
        "_bkt": "main~45~B135F5F1-8761-4D6B-9993-723ECD8DFAF7",
        "_cd": "45:385329468",
        "_indextime": "1541279573",
        "_pre_msg": "11/03/2018 09:12:52 PM\nLogName=Security\nSourceName=Microsoft Windows security auditing.\nEventCode=5156\nEventType=0\nType=Information\nComputerName=ad-00.corp.wheelzapp.com\nTaskCategory=Filtering Platform Connection\nOpCode=Info\nRecordNumber=856791\nKeywords=Audit Success",
        "_raw": "11/03/2018 09:12:52 PM\nLogName=Security\nSourceName=Microsoft Windows security auditing.\nEventCode=5156\nEventType=0\nType=Information\nComputerName=ad-00.corp.wheelzapp.com\nTaskCategory=Filtering Platform Connection\nOpCode=Info\nRecordNumber=856791\nKeywords=Audit Success\nMessage=The Windows Filtering Platform has permitted a connection.\n\nApplication Information:\n\tProcess ID:\t\t4\n\tApplication Name:\tSystem\n\nNetwork Information:\n\tDirection:\t\tInbound\n\tSource Address:\t\t10.0.254.103\n\tSource Port:\t\t12419\n\tDestination Address:\t10.0.0.10\n\tDestination Port:\t\t139\n\tProtocol:\t\t6\n\nFilter Information:\n\tFilter Run-Time ID:\t0\n\tLayer Name:\t\tReceive/Accept\n\tLayer Run-Time ID:\t44",
        "_serial": "301671",
        "_si": [
          "index01",
          "main"
        ],
        "_time": "2018-11-03 21:12:52.000 UTC",
        "host": "t1-corp-ad-00",
        "index": "main",
        "linecount": "29",
        "source": "WinEventLog:Security",
        "sourcetype": "WinEventLog",
        "splunk_server": "index01"
      },
      {
        "Message": "The Windows Filtering Platform has permitted a connection.\n\nApplication Information:\n\tProcess ID:\t\t440\n\tApplication Name:\t\\device\\harddiskvolume1\\windows\\system32\\wininit.exe\n\nNetwork Information:\n\tDirection:\t\tInbound\n\tSource Address:\t\t10.0.254.103\n\tSource Port:\t\t12400\n\tDestination Address:\t10.0.0.240\n\tDestination Port:\t\t49664\n\tProtocol:\t\t6\n\nFilter Information:\n\tFilter Run-Time ID:\t0\n\tLayer Name:\t\tReceive/Accept\n\tLayer Run-Time ID:\t44",
        "_bkt": "main~45~B135F5F1-8761-4D6B-9993-723ECD8DFAF7",
        "_cd": "45:385315285",
        "_indextime": "1541279573",
        "_pre_msg": "11/03/2018 09:12:52 PM\nLogName=Security\nSourceName=Microsoft Windows security auditing.\nEventCode=5156\nEventType=0\nType=Information\nComputerName=employee-00.corp.wheelzapp.com\nTaskCategory=Filtering Platform Connection\nOpCode=Info\nRecordNumber=180983\nKeywords=Audit Success",
        "_raw": "11/03/2018 09:12:52 PM\nLogName=Security\nSourceName=Microsoft Windows security auditing.\nEventCode=5156\nEventType=0\nType=Information\nComputerName=employee-00.corp.wheelzapp.com\nTaskCategory=Filtering Platform Connection\nOpCode=Info\nRecordNumber=180983\nKeywords=Audit Success\nMessage=The Windows Filtering Platform has permitted a connection.\n\nApplication Information:\n\tProcess ID:\t\t440\n\tApplication Name:\t\\device\\harddiskvolume1\\windows\\system32\\wininit.exe\n\nNetwork Information:\n\tDirection:\t\tInbound\n\tSource Address:\t\t10.0.254.103\n\tSource Port:\t\t12400\n\tDestination Address:\t10.0.0.240\n\tDestination Port:\t\t49664\n\tProtocol:\t\t6\n\nFilter Information:\n\tFilter Run-Time ID:\t0\n\tLayer Name:\t\tReceive/Accept\n\tLayer Run-Time ID:\t44",
        "_serial": "301672",
        "_si": [
          "index01",
          "main"
        ],
        "_time": "2018-11-03 21:12:52.000 UTC",
        "host": "t1-corp-employee-00",
        "index": "main",
        "linecount": "29",
        "source": "WinEventLog:Security",
        "sourcetype": "WinEventLog",
        "splunk_server": "index01"
      },
      {
        "Message": "The Windows Filtering Platform has permitted a connection.\n\nApplication Information:\n\tProcess ID:\t\t4\n\tApplication Name:\tSystem\n\nNetwork Information:\n\tDirection:\t\tInbound\n\tSource Address:\t\t10.0.254.103\n\tSource Port:\t\t12399\n\tDestination Address:\t10.0.0.240\n\tDestination Port:\t\t47001\n\tProtocol:\t\t6\n\nFilter Information:\n\tFilter Run-Time ID:\t0\n\tLayer Name:\t\tReceive/Accept\n\tLayer Run-Time ID:\t44",
        "_bkt": "main~45~B135F5F1-8761-4D6B-9993-723ECD8DFAF7",
        "_cd": "45:385315261",
        "_indextime": "1541279573",
        "_pre_msg": "11/03/2018 09:12:52 PM\nLogName=Security\nSourceName=Microsoft Windows security auditing.\nEventCode=5156\nEventType=0\nType=Information\nComputerName=employee-00.corp.wheelzapp.com\nTaskCategory=Filtering Platform Connection\nOpCode=Info\nRecordNumber=180982\nKeywords=Audit Success",
        "_raw": "11/03/2018 09:12:52 PM\nLogName=Security\nSourceName=Microsoft Windows security auditing.\nEventCode=5156\nEventType=0\nType=Information\nComputerName=employee-00.corp.wheelzapp.com\nTaskCategory=Filtering Platform Connection\nOpCode=Info\nRecordNumber=180982\nKeywords=Audit Success\nMessage=The Windows Filtering Platform has permitted a connection.\n\nApplication Information:\n\tProcess ID:\t\t4\n\tApplication Name:\tSystem\n\nNetwork Information:\n\tDirection:\t\tInbound\n\tSource Address:\t\t10.0.254.103\n\tSource Port:\t\t12399\n\tDestination Address:\t10.0.0.240\n\tDestination Port:\t\t47001\n\tProtocol:\t\t6\n\nFilter Information:\n\tFilter Run-Time ID:\t0\n\tLayer Name:\t\tReceive/Accept\n\tLayer Run-Time ID:\t44",
        "_serial": "301673",
        "_si": [
          "index01",
          "main"
        ],
        "_time": "2018-11-03 21:12:52.000 UTC",
        "host": "t1-corp-employee-00",
        "index": "main",
        "linecount": "29",
        "source": "WinEventLog:Security",
        "sourcetype": "WinEventLog",
        "splunk_server": "index01"
      },
      {
        "Message": "The Windows Filtering Platform has permitted a connection.\n\nApplication Information:\n\tProcess ID:\t\t4\n\tApplication Name:\tSystem\n\nNetwork Information:\n\tDirection:\t\tInbound\n\tSource Address:\t\t10.0.254.103\n\tSource Port:\t\t12398\n\tDestination Address:\t10.0.0.240\n\tDestination Port:\t\t5986\n\tProtocol:\t\t6\n\nFilter Information:\n\tFilter Run-Time ID:\t0\n\tLayer Name:\t\tReceive/Accept\n\tLayer Run-Time ID:\t44",
        "_bkt": "main~45~B135F5F1-8761-4D6B-9993-723ECD8DFAF7",
        "_cd": "45:385315238",
        "_indextime": "1541279573",
        "_pre_msg": "11/03/2018 09:12:52 PM\nLogName=Security\nSourceName=Microsoft Windows security auditing.\nEventCode=5156\nEventType=0\nType=Information\nComputerName=employee-00.corp.wheelzapp.com\nTaskCategory=Filtering Platform Connection\nOpCode=Info\nRecordNumber=180981\nKeywords=Audit Success",
        "_raw": "11/03/2018 09:12:52 PM\nLogName=Security\nSourceName=Microsoft Windows security auditing.\nEventCode=5156\nEventType=0\nType=Information\nComputerName=employee-00.corp.wheelzapp.com\nTaskCategory=Filtering Platform Connection\nOpCode=Info\nRecordNumber=180981\nKeywords=Audit Success\nMessage=The Windows Filtering Platform has permitted a connection.\n\nApplication Information:\n\tProcess ID:\t\t4\n\tApplication Name:\tSystem\n\nNetwork Information:\n\tDirection:\t\tInbound\n\tSource Address:\t\t10.0.254.103\n\tSource Port:\t\t12398\n\tDestination Address:\t10.0.0.240\n\tDestination Port:\t\t5986\n\tProtocol:\t\t6\n\nFilter Information:\n\tFilter Run-Time ID:\t0\n\tLayer Name:\t\tReceive/Accept\n\tLayer Run-Time ID:\t44",
        "_serial": "301674",
        "_si": [
          "index01",
          "main"
        ],
        "_time": "2018-11-03 21:12:52.000 UTC",
        "host": "t1-corp-employee-00",
        "index": "main",
        "linecount": "29",
        "source": "WinEventLog:Security",
        "sourcetype": "WinEventLog",
        "splunk_server": "index01"
      },
      {
        "Message": "The Windows Filtering Platform has permitted a connection.\n\nApplication Information:\n\tProcess ID:\t\t4\n\tApplication Name:\tSystem\n\nNetwork Information:\n\tDirection:\t\tInbound\n\tSource Address:\t\t10.0.254.103\n\tSource Port:\t\t12397\n\tDestination Address:\t10.0.0.240\n\tDestination Port:\t\t5985\n\tProtocol:\t\t6\n\nFilter Information:\n\tFilter Run-Time ID:\t0\n\tLayer Name:\t\tReceive/Accept\n\tLayer Run-Time ID:\t44",
        "_bkt": "main~45~B135F5F1-8761-4D6B-9993-723ECD8DFAF7",
        "_cd": "45:385315215",
        "_indextime": "1541279573",
        "_pre_msg": "11/03/2018 09:12:52 PM\nLogName=Security\nSourceName=Microsoft Windows security auditing.\nEventCode=5156\nEventType=0\nType=Information\nComputerName=employee-00.corp.wheelzapp.com\nTaskCategory=Filtering Platform Connection\nOpCode=Info\nRecordNumber=180980\nKeywords=Audit Success",
        "_raw": "11/03/2018 09:12:52 PM\nLogName=Security\nSourceName=Microsoft Windows security auditing.\nEventCode=5156\nEventType=0\nType=Information\nComputerName=employee-00.corp.wheelzapp.com\nTaskCategory=Filtering Platform Connection\nOpCode=Info\nRecordNumber=180980\nKeywords=Audit Success\nMessage=The Windows Filtering Platform has permitted a connection.\n\nApplication Information:\n\tProcess ID:\t\t4\n\tApplication Name:\tSystem\n\nNetwork Information:\n\tDirection:\t\tInbound\n\tSource Address:\t\t10.0.254.103\n\tSource Port:\t\t12397\n\tDestination Address:\t10.0.0.240\n\tDestination Port:\t\t5985\n\tProtocol:\t\t6\n\nFilter Information:\n\tFilter Run-Time ID:\t0\n\tLayer Name:\t\tReceive/Accept\n\tLayer Run-Time ID:\t44",
        "_serial": "301675",
        "_si": [
          "index01",
          "main"
        ],
        "_time": "2018-11-03 21:12:52.000 UTC",
        "host": "t1-corp-employee-00",
        "index": "main",
        "linecount": "29",
        "source": "WinEventLog:Security",
        "sourcetype": "WinEventLog",
        "splunk_server": "index01"
      },
      {
        "Message": "The Windows Filtering Platform has permitted a connection.\n\nApplication Information:\n\tProcess ID:\t\t912\n\tApplication Name:\t\\device\\harddiskvolume1\\windows\\system32\\svchost.exe\n\nNetwork Information:\n\tDirection:\t\tInbound\n\tSource Address:\t\t10.0.254.103\n\tSource Port:\t\t12396\n\tDestination Address:\t10.0.0.240\n\tDestination Port:\t\t3389\n\tProtocol:\t\t6\n\nFilter Information:\n\tFilter Run-Time ID:\t0\n\tLayer Name:\t\tReceive/Accept\n\tLayer Run-Time ID:\t44",
        "_bkt": "main~45~B135F5F1-8761-4D6B-9993-723ECD8DFAF7",
        "_cd": "45:385315190",
        "_indextime": "1541279573",
        "_pre_msg": "11/03/2018 09:12:52 PM\nLogName=Security\nSourceName=Microsoft Windows security auditing.\nEventCode=5156\nEventType=0\nType=Information\nComputerName=employee-00.corp.wheelzapp.com\nTaskCategory=Filtering Platform Connection\nOpCode=Info\nRecordNumber=180979\nKeywords=Audit Success",
        "_raw": "11/03/2018 09:12:52 PM\nLogName=Security\nSourceName=Microsoft Windows security auditing.\nEventCode=5156\nEventType=0\nType=Information\nComputerName=employee-00.corp.wheelzapp.com\nTaskCategory=Filtering Platform Connection\nOpCode=Info\nRecordNumber=180979\nKeywords=Audit Success\nMessage=The Windows Filtering Platform has permitted a connection.\n\nApplication Information:\n\tProcess ID:\t\t912\n\tApplication Name:\t\\device\\harddiskvolume1\\windows\\system32\\svchost.exe\n\nNetwork Information:\n\tDirection:\t\tInbound\n\tSource Address:\t\t10.0.254.103\n\tSource Port:\t\t12396\n\tDestination Address:\t10.0.0.240\n\tDestination Port:\t\t3389\n\tProtocol:\t\t6\n\nFilter Information:\n\tFilter Run-Time ID:\t0\n\tLayer Name:\t\tReceive/Accept\n\tLayer Run-Time ID:\t44",
        "_serial": "301676",
        "_si": [
          "index01",
          "main"
        ],
        "_time": "2018-11-03 21:12:52.000 UTC",
        "host": "t1-corp-employee-00",
        "index": "main",
        "linecount": "29",
        "source": "WinEventLog:Security",
        "sourcetype": "WinEventLog",
        "splunk_server": "index01"
      },
      {
        "Message": "The Windows Filtering Platform has permitted a connection.\n\nApplication Information:\n\tProcess ID:\t\t4\n\tApplication Name:\tSystem\n\nNetwork Information:\n\tDirection:\t\tInbound\n\tSource Address:\t\t10.0.254.103\n\tSource Port:\t\t12395\n\tDestination Address:\t10.0.0.240\n\tDestination Port:\t\t445\n\tProtocol:\t\t6\n\nFilter Information:\n\tFilter Run-Time ID:\t0\n\tLayer Name:\t\tReceive/Accept\n\tLayer Run-Time ID:\t44",
        "_bkt": "main~45~B135F5F1-8761-4D6B-9993-723ECD8DFAF7",
        "_cd": "45:385315167",
        "_indextime": "1541279573",
        "_pre_msg": "11/03/2018 09:12:52 PM\nLogName=Security\nSourceName=Microsoft Windows security auditing.\nEventCode=5156\nEventType=0\nType=Information\nComputerName=employee-00.corp.wheelzapp.com\nTaskCategory=Filtering Platform Connection\nOpCode=Info\nRecordNumber=180978\nKeywords=Audit Success",
        "_raw": "11/03/2018 09:12:52 PM\nLogName=Security\nSourceName=Microsoft Windows security auditing.\nEventCode=5156\nEventType=0\nType=Information\nComputerName=employee-00.corp.wheelzapp.com\nTaskCategory=Filtering Platform Connection\nOpCode=Info\nRecordNumber=180978\nKeywords=Audit Success\nMessage=The Windows Filtering Platform has permitted a connection.\n\nApplication Information:\n\tProcess ID:\t\t4\n\tApplication Name:\tSystem\n\nNetwork Information:\n\tDirection:\t\tInbound\n\tSource Address:\t\t10.0.254.103\n\tSource Port:\t\t12395\n\tDestination Address:\t10.0.0.240\n\tDestination Port:\t\t445\n\tProtocol:\t\t6\n\nFilter Information:\n\tFilter Run-Time ID:\t0\n\tLayer Name:\t\tReceive/Accept\n\tLayer Run-Time ID:\t44",
        "_serial": "301677",
        "_si": [
          "index01",
          "main"
        ],
        "_time": "2018-11-03 21:12:52.000 UTC",
        "host": "t1-corp-employee-00",
        "index": "main",
        "linecount": "29",
        "source": "WinEventLog:Security",
        "sourcetype": "WinEventLog",
        "splunk_server": "index01"
      },
      {
        "Message": "The Windows Filtering Platform has permitted a connection.\n\nApplication Information:\n\tProcess ID:\t\t4\n\tApplication Name:\tSystem\n\nNetwork Information:\n\tDirection:\t\tInbound\n\tSource Address:\t\t10.0.254.103\n\tSource Port:\t\t12394\n\tDestination Address:\t10.0.0.240\n\tDestination Port:\t\t139\n\tProtocol:\t\t6\n\nFilter Information:\n\tFilter Run-Time ID:\t0\n\tLayer Name:\t\tReceive/Accept\n\tLayer Run-Time ID:\t44",
        "_bkt": "main~45~B135F5F1-8761-4D6B-9993-723ECD8DFAF7",
        "_cd": "45:385315144",
        "_indextime": "1541279573",
        "_pre_msg": "11/03/2018 09:12:52 PM\nLogName=Security\nSourceName=Microsoft Windows security auditing.\nEventCode=5156\nEventType=0\nType=Information\nComputerName=employee-00.corp.wheelzapp.com\nTaskCategory=Filtering Platform Connection\nOpCode=Info\nRecordNumber=180977\nKeywords=Audit Success",
        "_raw": "11/03/2018 09:12:52 PM\nLogName=Security\nSourceName=Microsoft Windows security auditing.\nEventCode=5156\nEventType=0\nType=Information\nComputerName=employee-00.corp.wheelzapp.com\nTaskCategory=Filtering Platform Connection\nOpCode=Info\nRecordNumber=180977\nKeywords=Audit Success\nMessage=The Windows Filtering Platform has permitted a connection.\n\nApplication Information:\n\tProcess ID:\t\t4\n\tApplication Name:\tSystem\n\nNetwork Information:\n\tDirection:\t\tInbound\n\tSource Address:\t\t10.0.254.103\n\tSource Port:\t\t12394\n\tDestination Address:\t10.0.0.240\n\tDestination Port:\t\t139\n\tProtocol:\t\t6\n\nFilter Information:\n\tFilter Run-Time ID:\t0\n\tLayer Name:\t\tReceive/Accept\n\tLayer Run-Time ID:\t44",
        "_serial": "301678",
        "_si": [
          "index01",
          "main"
        ],
        "_time": "2018-11-03 21:12:52.000 UTC",
        "host": "t1-corp-employee-00",
        "index": "main",
        "linecount": "29",
        "source": "WinEventLog:Security",
        "sourcetype": "WinEventLog",
        "splunk_server": "index01"
      },
      {
        "Message": "The Windows Filtering Platform has permitted a connection.\n\nApplication Information:\n\tProcess ID:\t\t760\n\tApplication Name:\t\\device\\harddiskvolume1\\windows\\system32\\svchost.exe\n\nNetwork Information:\n\tDirection:\t\tInbound\n\tSource Address:\t\t10.0.254.103\n\tSource Port:\t\t12393\n\tDestination Address:\t10.0.0.240\n\tDestination Port:\t\t135\n\tProtocol:\t\t6\n\nFilter Information:\n\tFilter Run-Time ID:\t0\n\tLayer Name:\t\tReceive/Accept\n\tLayer Run-Time ID:\t44",
        "_bkt": "main~45~B135F5F1-8761-4D6B-9993-723ECD8DFAF7",
        "_cd": "45:385313611",
        "_indextime": "1541279573",
        "_pre_msg": "11/03/2018 09:12:52 PM\nLogName=Security\nSourceName=Microsoft Windows security auditing.\nEventCode=5156\nEventType=0\nType=Information\nComputerName=employee-00.corp.wheelzapp.com\nTaskCategory=Filtering Platform Connection\nOpCode=Info\nRecordNumber=180976\nKeywords=Audit Success",
        "_raw": "11/03/2018 09:12:52 PM\nLogName=Security\nSourceName=Microsoft Windows security auditing.\nEventCode=5156\nEventType=0\nType=Information\nComputerName=employee-00.corp.wheelzapp.com\nTaskCategory=Filtering Platform Connection\nOpCode=Info\nRecordNumber=180976\nKeywords=Audit Success\nMessage=The Windows Filtering Platform has permitted a connection.\n\nApplication Information:\n\tProcess ID:\t\t760\n\tApplication Name:\t\\device\\harddiskvolume1\\windows\\system32\\svchost.exe\n\nNetwork Information:\n\tDirection:\t\tInbound\n\tSource Address:\t\t10.0.254.103\n\tSource Port:\t\t12393\n\tDestination Address:\t10.0.0.240\n\tDestination Port:\t\t135\n\tProtocol:\t\t6\n\nFilter Information:\n\tFilter Run-Time ID:\t0\n\tLayer Name:\t\tReceive/Accept\n\tLayer Run-Time ID:\t44",
        "_serial": "301679",
        "_si": [
          "index01",
          "main"
        ],
        "_time": "2018-11-03 21:12:52.000 UTC",
        "host": "t1-corp-employee-00",
        "index": "main",
        "linecount": "29",
        "source": "WinEventLog:Security",
        "sourcetype": "WinEventLog",
        "splunk_server": "index01"
      },
      {
        "Message": "The Windows Filtering Platform has permitted a connection.\n\nApplication Information:\n\tProcess ID:\t\t904\n\tApplication Name:\t\\device\\harddiskvolume1\\windows\\system32\\svchost.exe\n\nNetwork Information:\n\tDirection:\t\tInbound\n\tSource Address:\t\t10.0.254.103\n\tSource Port:\t\t12389\n\tDestination Address:\t10.0.0.241\n\tDestination Port:\t\t3389\n\tProtocol:\t\t6\n\nFilter Information:\n\tFilter Run-Time ID:\t0\n\tLayer Name:\t\tReceive/Accept\n\tLayer Run-Time ID:\t44",
        "_bkt": "main~46~309B8BB8-F45C-44CE-ABE5-EF8B9EC8A780",
        "_cd": "46:404245823",
        "_indextime": "1541279573",
        "_pre_msg": "11/03/2018 09:12:52 PM\nLogName=Security\nSourceName=Microsoft Windows security auditing.\nEventCode=5156\nEventType=0\nType=Information\nComputerName=employee-01.corp.wheelzapp.com\nTaskCategory=Filtering Platform Connection\nOpCode=Info\nRecordNumber=213791\nKeywords=Audit Success",
        "_raw": "11/03/2018 09:12:52 PM\nLogName=Security\nSourceName=Microsoft Windows security auditing.\nEventCode=5156\nEventType=0\nType=Information\nComputerName=employee-01.corp.wheelzapp.com\nTaskCategory=Filtering Platform Connection\nOpCode=Info\nRecordNumber=213791\nKeywords=Audit Success\nMessage=The Windows Filtering Platform has permitted a connection.\n\nApplication Information:\n\tProcess ID:\t\t904\n\tApplication Name:\t\\device\\harddiskvolume1\\windows\\system32\\svchost.exe\n\nNetwork Information:\n\tDirection:\t\tInbound\n\tSource Address:\t\t10.0.254.103\n\tSource Port:\t\t12389\n\tDestination Address:\t10.0.0.241\n\tDestination Port:\t\t3389\n\tProtocol:\t\t6\n\nFilter Information:\n\tFilter Run-Time ID:\t0\n\tLayer Name:\t\tReceive/Accept\n\tLayer Run-Time ID:\t44",
        "_serial": "301680",
        "_si": [
          "index01",
          "main"
        ],
        "_time": "2018-11-03 21:12:52.000 UTC",
        "host": "t1-corp-employee-01",
        "index": "main",
        "linecount": "29",
        "source": "WinEventLog:Security",
        "sourcetype": "WinEventLog",
        "splunk_server": "index01"
      },
      {
        "Message": "The Windows Filtering Platform has permitted a connection.\n\nApplication Information:\n\tProcess ID:\t\t752\n\tApplication Name:\t\\device\\harddiskvolume1\\windows\\system32\\svchost.exe\n\nNetwork Information:\n\tDirection:\t\tInbound\n\tSource Address:\t\t10.0.254.103\n\tSource Port:\t\t12386\n\tDestination Address:\t10.0.0.241\n\tDestination Port:\t\t135\n\tProtocol:\t\t6\n\nFilter Information:\n\tFilter Run-Time ID:\t0\n\tLayer Name:\t\tReceive/Accept\n\tLayer Run-Time ID:\t44",
        "_bkt": "main~46~309B8BB8-F45C-44CE-ABE5-EF8B9EC8A780",
        "_cd": "46:404245798",
        "_indextime": "1541279573",
        "_pre_msg": "11/03/2018 09:12:52 PM\nLogName=Security\nSourceName=Microsoft Windows security auditing.\nEventCode=5156\nEventType=0\nType=Information\nComputerName=employee-01.corp.wheelzapp.com\nTaskCategory=Filtering Platform Connection\nOpCode=Info\nRecordNumber=213790\nKeywords=Audit Success",
        "_raw": "11/03/2018 09:12:52 PM\nLogName=Security\nSourceName=Microsoft Windows security auditing.\nEventCode=5156\nEventType=0\nType=Information\nComputerName=employee-01.corp.wheelzapp.com\nTaskCategory=Filtering Platform Connection\nOpCode=Info\nRecordNumber=213790\nKeywords=Audit Success\nMessage=The Windows Filtering Platform has permitted a connection.\n\nApplication Information:\n\tProcess ID:\t\t752\n\tApplication Name:\t\\device\\harddiskvolume1\\windows\\system32\\svchost.exe\n\nNetwork Information:\n\tDirection:\t\tInbound\n\tSource Address:\t\t10.0.254.103\n\tSource Port:\t\t12386\n\tDestination Address:\t10.0.0.241\n\tDestination Port:\t\t135\n\tProtocol:\t\t6\n\nFilter Information:\n\tFilter Run-Time ID:\t0\n\tLayer Name:\t\tReceive/Accept\n\tLayer Run-Time ID:\t44",
        "_serial": "301681",
        "_si": [
          "index01",
          "main"
        ],
        "_time": "2018-11-03 21:12:52.000 UTC",
        "host": "t1-corp-employee-01",
        "index": "main",
        "linecount": "29",
        "source": "WinEventLog:Security",
        "sourcetype": "WinEventLog",
        "splunk_server": "index01"
      },
      {
        "Message": "The Windows Filtering Platform has permitted a connection.\n\nApplication Information:\n\tProcess ID:\t\t4\n\tApplication Name:\tSystem\n\nNetwork Information:\n\tDirection:\t\tInbound\n\tSource Address:\t\t10.0.254.103\n\tSource Port:\t\t12392\n\tDestination Address:\t10.0.0.241\n\tDestination Port:\t\t47001\n\tProtocol:\t\t6\n\nFilter Information:\n\tFilter Run-Time ID:\t0\n\tLayer Name:\t\tReceive/Accept\n\tLayer Run-Time ID:\t44",
        "_bkt": "main~46~309B8BB8-F45C-44CE-ABE5-EF8B9EC8A780",
        "_cd": "46:404245774",
        "_indextime": "1541279573",
        "_pre_msg": "11/03/2018 09:12:52 PM\nLogName=Security\nSourceName=Microsoft Windows security auditing.\nEventCode=5156\nEventType=0\nType=Information\nComputerName=employee-01.corp.wheelzapp.com\nTaskCategory=Filtering Platform Connection\nOpCode=Info\nRecordNumber=213789\nKeywords=Audit Success",
        "_raw": "11/03/2018 09:12:52 PM\nLogName=Security\nSourceName=Microsoft Windows security auditing.\nEventCode=5156\nEventType=0\nType=Information\nComputerName=employee-01.corp.wheelzapp.com\nTaskCategory=Filtering Platform Connection\nOpCode=Info\nRecordNumber=213789\nKeywords=Audit Success\nMessage=The Windows Filtering Platform has permitted a connection.\n\nApplication Information:\n\tProcess ID:\t\t4\n\tApplication Name:\tSystem\n\nNetwork Information:\n\tDirection:\t\tInbound\n\tSource Address:\t\t10.0.254.103\n\tSource Port:\t\t12392\n\tDestination Address:\t10.0.0.241\n\tDestination Port:\t\t47001\n\tProtocol:\t\t6\n\nFilter Information:\n\tFilter Run-Time ID:\t0\n\tLayer Name:\t\tReceive/Accept\n\tLayer Run-Time ID:\t44",
        "_serial": "301682",
        "_si": [
          "index01",
          "main"
        ],
        "_time": "2018-11-03 21:12:52.000 UTC",
        "host": "t1-corp-employee-01",
        "index": "main",
        "linecount": "29",
        "source": "WinEventLog:Security",
        "sourcetype": "WinEventLog",
        "splunk_server": "index01"
      },
      {
        "Message": "The Windows Filtering Platform has permitted a connection.\n\nApplication Information:\n\tProcess ID:\t\t4\n\tApplication Name:\tSystem\n\nNetwork Information:\n\tDirection:\t\tInbound\n\tSource Address:\t\t10.0.254.103\n\tSource Port:\t\t12391\n\tDestination Address:\t10.0.0.241\n\tDestination Port:\t\t5986\n\tProtocol:\t\t6\n\nFilter Information:\n\tFilter Run-Time ID:\t0\n\tLayer Name:\t\tReceive/Accept\n\tLayer Run-Time ID:\t44",
        "_bkt": "main~46~309B8BB8-F45C-44CE-ABE5-EF8B9EC8A780",
        "_cd": "46:404245751",
        "_indextime": "1541279573",
        "_pre_msg": "11/03/2018 09:12:52 PM\nLogName=Security\nSourceName=Microsoft Windows security auditing.\nEventCode=5156\nEventType=0\nType=Information\nComputerName=employee-01.corp.wheelzapp.com\nTaskCategory=Filtering Platform Connection\nOpCode=Info\nRecordNumber=213788\nKeywords=Audit Success",
        "_raw": "11/03/2018 09:12:52 PM\nLogName=Security\nSourceName=Microsoft Windows security auditing.\nEventCode=5156\nEventType=0\nType=Information\nComputerName=employee-01.corp.wheelzapp.com\nTaskCategory=Filtering Platform Connection\nOpCode=Info\nRecordNumber=213788\nKeywords=Audit Success\nMessage=The Windows Filtering Platform has permitted a connection.\n\nApplication Information:\n\tProcess ID:\t\t4\n\tApplication Name:\tSystem\n\nNetwork Information:\n\tDirection:\t\tInbound\n\tSource Address:\t\t10.0.254.103\n\tSource Port:\t\t12391\n\tDestination Address:\t10.0.0.241\n\tDestination Port:\t\t5986\n\tProtocol:\t\t6\n\nFilter Information:\n\tFilter Run-Time ID:\t0\n\tLayer Name:\t\tReceive/Accept\n\tLayer Run-Time ID:\t44",
        "_serial": "301683",
        "_si": [
          "index01",
          "main"
        ],
        "_time": "2018-11-03 21:12:52.000 UTC",
        "host": "t1-corp-employee-01",
        "index": "main",
        "linecount": "29",
        "source": "WinEventLog:Security",
        "sourcetype": "WinEventLog",
        "splunk_server": "index01"
      },
      {
        "Message": "The Windows Filtering Platform has permitted a connection.\n\nApplication Information:\n\tProcess ID:\t\t4\n\tApplication Name:\tSystem\n\nNetwork Information:\n\tDirection:\t\tInbound\n\tSource Address:\t\t10.0.254.103\n\tSource Port:\t\t12390\n\tDestination Address:\t10.0.0.241\n\tDestination Port:\t\t5985\n\tProtocol:\t\t6\n\nFilter Information:\n\tFilter Run-Time ID:\t0\n\tLayer Name:\t\tReceive/Accept\n\tLayer Run-Time ID:\t44",
        "_bkt": "main~46~309B8BB8-F45C-44CE-ABE5-EF8B9EC8A780",
        "_cd": "46:404245728",
        "_indextime": "1541279573",
        "_pre_msg": "11/03/2018 09:12:52 PM\nLogName=Security\nSourceName=Microsoft Windows security auditing.\nEventCode=5156\nEventType=0\nType=Information\nComputerName=employee-01.corp.wheelzapp.com\nTaskCategory=Filtering Platform Connection\nOpCode=Info\nRecordNumber=213787\nKeywords=Audit Success",
        "_raw": "11/03/2018 09:12:52 PM\nLogName=Security\nSourceName=Microsoft Windows security auditing.\nEventCode=5156\nEventType=0\nType=Information\nComputerName=employee-01.corp.wheelzapp.com\nTaskCategory=Filtering Platform Connection\nOpCode=Info\nRecordNumber=213787\nKeywords=Audit Success\nMessage=The Windows Filtering Platform has permitted a connection.\n\nApplication Information:\n\tProcess ID:\t\t4\n\tApplication Name:\tSystem\n\nNetwork Information:\n\tDirection:\t\tInbound\n\tSource Address:\t\t10.0.254.103\n\tSource Port:\t\t12390\n\tDestination Address:\t10.0.0.241\n\tDestination Port:\t\t5985\n\tProtocol:\t\t6\n\nFilter Information:\n\tFilter Run-Time ID:\t0\n\tLayer Name:\t\tReceive/Accept\n\tLayer Run-Time ID:\t44",
        "_serial": "301684",
        "_si": [
          "index01",
          "main"
        ],
        "_time": "2018-11-03 21:12:52.000 UTC",
        "host": "t1-corp-employee-01",
        "index": "main",
        "linecount": "29",
        "source": "WinEventLog:Security",
        "sourcetype": "WinEventLog",
        "splunk_server": "index01"
      },
      {
        "Message": "The Windows Filtering Platform has permitted a connection.\n\nApplication Information:\n\tProcess ID:\t\t4\n\tApplication Name:\tSystem\n\nNetwork Information:\n\tDirection:\t\tInbound\n\tSource Address:\t\t10.0.254.103\n\tSource Port:\t\t12388\n\tDestination Address:\t10.0.0.241\n\tDestination Port:\t\t445\n\tProtocol:\t\t6\n\nFilter Information:\n\tFilter Run-Time ID:\t0\n\tLayer Name:\t\tReceive/Accept\n\tLayer Run-Time ID:\t44",
        "_bkt": "main~46~309B8BB8-F45C-44CE-ABE5-EF8B9EC8A780",
        "_cd": "46:404245705",
        "_indextime": "1541279573",
        "_pre_msg": "11/03/2018 09:12:52 PM\nLogName=Security\nSourceName=Microsoft Windows security auditing.\nEventCode=5156\nEventType=0\nType=Information\nComputerName=employee-01.corp.wheelzapp.com\nTaskCategory=Filtering Platform Connection\nOpCode=Info\nRecordNumber=213786\nKeywords=Audit Success",
        "_raw": "11/03/2018 09:12:52 PM\nLogName=Security\nSourceName=Microsoft Windows security auditing.\nEventCode=5156\nEventType=0\nType=Information\nComputerName=employee-01.corp.wheelzapp.com\nTaskCategory=Filtering Platform Connection\nOpCode=Info\nRecordNumber=213786\nKeywords=Audit Success\nMessage=The Windows Filtering Platform has permitted a connection.\n\nApplication Information:\n\tProcess ID:\t\t4\n\tApplication Name:\tSystem\n\nNetwork Information:\n\tDirection:\t\tInbound\n\tSource Address:\t\t10.0.254.103\n\tSource Port:\t\t12388\n\tDestination Address:\t10.0.0.241\n\tDestination Port:\t\t445\n\tProtocol:\t\t6\n\nFilter Information:\n\tFilter Run-Time ID:\t0\n\tLayer Name:\t\tReceive/Accept\n\tLayer Run-Time ID:\t44",
        "_serial": "301685",
        "_si": [
          "index01",
          "main"
        ],
        "_time": "2018-11-03 21:12:52.000 UTC",
        "host": "t1-corp-employee-01",
        "index": "main",
        "linecount": "29",
        "source": "WinEventLog:Security",
        "sourcetype": "WinEventLog",
        "splunk_server": "index01"
      },
      {
        "Message": "The Windows Filtering Platform has permitted a connection.\n\nApplication Information:\n\tProcess ID:\t\t4\n\tApplication Name:\tSystem\n\nNetwork Information:\n\tDirection:\t\tInbound\n\tSource Address:\t\t10.0.254.103\n\tSource Port:\t\t12387\n\tDestination Address:\t10.0.0.241\n\tDestination Port:\t\t139\n\tProtocol:\t\t6\n\nFilter Information:\n\tFilter Run-Time ID:\t0\n\tLayer Name:\t\tReceive/Accept\n\tLayer Run-Time ID:\t44",
        "_bkt": "main~46~309B8BB8-F45C-44CE-ABE5-EF8B9EC8A780",
        "_cd": "46:404245682",
        "_indextime": "1541279573",
        "_pre_msg": "11/03/2018 09:12:52 PM\nLogName=Security\nSourceName=Microsoft Windows security auditing.\nEventCode=5156\nEventType=0\nType=Information\nComputerName=employee-01.corp.wheelzapp.com\nTaskCategory=Filtering Platform Connection\nOpCode=Info\nRecordNumber=213785\nKeywords=Audit Success",
        "_raw": "11/03/2018 09:12:52 PM\nLogName=Security\nSourceName=Microsoft Windows security auditing.\nEventCode=5156\nEventType=0\nType=Information\nComputerName=employee-01.corp.wheelzapp.com\nTaskCategory=Filtering Platform Connection\nOpCode=Info\nRecordNumber=213785\nKeywords=Audit Success\nMessage=The Windows Filtering Platform has permitted a connection.\n\nApplication Information:\n\tProcess ID:\t\t4\n\tApplication Name:\tSystem\n\nNetwork Information:\n\tDirection:\t\tInbound\n\tSource Address:\t\t10.0.254.103\n\tSource Port:\t\t12387\n\tDestination Address:\t10.0.0.241\n\tDestination Port:\t\t139\n\tProtocol:\t\t6\n\nFilter Information:\n\tFilter Run-Time ID:\t0\n\tLayer Name:\t\tReceive/Accept\n\tLayer Run-Time ID:\t44",
        "_serial": "301686",
        "_si": [
          "index01",
          "main"
        ],
        "_time": "2018-11-03 21:12:52.000 UTC",
        "host": "t1-corp-employee-01",
        "index": "main",
        "linecount": "29",
        "source": "WinEventLog:Security",
        "sourcetype": "WinEventLog",
        "splunk_server": "index01"
      },
      {
        "Message": "The Windows Filtering Platform has permitted a connection.\n\nApplication Information:\n\tProcess ID:\t\t4\n\tApplication Name:\tSystem\n\nNetwork Information:\n\tDirection:\t\tInbound\n\tSource Address:\t\t10.0.254.103\n\tSource Port:\t\t12385\n\tDestination Address:\t10.0.0.241\n\tDestination Port:\t\t80\n\tProtocol:\t\t6\n\nFilter Information:\n\tFilter Run-Time ID:\t0\n\tLayer Name:\t\tReceive/Accept\n\tLayer Run-Time ID:\t44",
        "_bkt": "main~46~309B8BB8-F45C-44CE-ABE5-EF8B9EC8A780",
        "_cd": "46:404245659",
        "_indextime": "1541279573",
        "_pre_msg": "11/03/2018 09:12:52 PM\nLogName=Security\nSourceName=Microsoft Windows security auditing.\nEventCode=5156\nEventType=0\nType=Information\nComputerName=employee-01.corp.wheelzapp.com\nTaskCategory=Filtering Platform Connection\nOpCode=Info\nRecordNumber=213784\nKeywords=Audit Success",
        "_raw": "11/03/2018 09:12:52 PM\nLogName=Security\nSourceName=Microsoft Windows security auditing.\nEventCode=5156\nEventType=0\nType=Information\nComputerName=employee-01.corp.wheelzapp.com\nTaskCategory=Filtering Platform Connection\nOpCode=Info\nRecordNumber=213784\nKeywords=Audit Success\nMessage=The Windows Filtering Platform has permitted a connection.\n\nApplication Information:\n\tProcess ID:\t\t4\n\tApplication Name:\tSystem\n\nNetwork Information:\n\tDirection:\t\tInbound\n\tSource Address:\t\t10.0.254.103\n\tSource Port:\t\t12385\n\tDestination Address:\t10.0.0.241\n\tDestination Port:\t\t80\n\tProtocol:\t\t6\n\nFilter Information:\n\tFilter Run-Time ID:\t0\n\tLayer Name:\t\tReceive/Accept\n\tLayer Run-Time ID:\t44",
        "_serial": "301687",
        "_si": [
          "index01",
          "main"
        ],
        "_time": "2018-11-03 21:12:52.000 UTC",
        "host": "t1-corp-employee-01",
        "index": "main",
        "linecount": "29",
        "source": "WinEventLog:Security",
        "sourcetype": "WinEventLog",
        "splunk_server": "index01"
      }
    ]
  },
  {
    "g": [
      {
        "_bkt": "ids~21~309B8BB8-F45C-44CE-ABE5-EF8B9EC8A780",
        "_cd": "21:27950576",
        "_indextime": "1541279563",
        "_raw": "{\"timestamp\":\"2018-11-03T21:12:42.000246+0000\",\"flow_id\":1432060464551851,\"in_iface\":\"ens4\",\"event_type\":\"alert\",\"src_ip\":\"10.0.254.202\",\"src_port\":53491,\"dest_ip\":\"10.0.0.24\",\"dest_port\":9000,\"proto\":\"TCP\",\"tx_id\":58,\"alert\":{\"action\":\"allowed\",\"gid\":1,\"signature_id\":2012726,\"rev\":5,\"signature\":\"ET SCAN OpenVAS User-Agent Inbound\",\"category\":\"Attempted Information Leak\",\"severity\":2},\"http\":{\"hostname\":\"nationals-t1-corp-security-00.c.security-competitions.internal\",\"url\":\"\\/internal.security-competitions.c.pem\",\"http_user_agent\":\"Mozilla\\/5.0 [en] (X11, U; OpenVAS-VT 9.0.3)\",\"http_content_type\":\"text\\/html\",\"http_method\":\"GET\",\"protocol\":\"HTTP\\/1.1\",\"status\":200,\"length\":1290},\"app_proto\":\"http\",\"payload\":\"R0VUIC9pbnRlcm5hbC5zZWN1cml0eS1jb21wZXRpdGlvbnMuYy5wZW0gSFRUUC8xLjENCkNvbm5lY3Rpb246IEtlZXAtQWxpdmUNCkhvc3Q6IG5hdGlvbmFscy10MS1jb3JwLXNlY3VyaXR5LTAwLmMuc2VjdXJpdHktY29tcGV0aXRpb25zLmludGVybmFsOjkwMDANClByYWdtYTogbm8tY2FjaGUNCkNhY2hlLUNvbnRyb2w6IG5vLWNhY2hlDQpVc2VyLUFnZW50OiBNb3ppbGxhLzUuMCBbZW5dIChYMTEsIFU7IE9wZW5WQVMtVlQgOS4wLjMpDQpBY2NlcHQ6IGltYWdlL2dpZiwgaW1hZ2UveC14Yml0bWFwLCBpbWFnZS9qcGVnLCBpbWFnZS9wanBlZywgaW1hZ2UvcG5nLCAqLyoNCkFjY2VwdC1MYW5ndWFnZTogZW4NCkFjY2VwdC1DaGFyc2V0OiBpc28tODg1OS0xLCosdXRmLTgNCg0K\",\"stream\":1,\"packet\":\"QgEKAAAYQgEKAAABCABFAAA0F9JAAEAGEBAKAP7KCgAAGNDzIyiw47WfrKBBQ4AQBYaVNAAAAQEICvu6vQc6wo0Y\",\"packet_info\":{\"linktype\":1}}",
        "_serial": "17425",
        "_si": [
          "index01",
          "ids"
        ],
        "_subsecond": ".000246",
        "_time": "2018-11-03 21:12:42.000 UTC",
        "host": "t1-corp-security-00",
        "index": "ids",
        "linecount": "1",
        "source": "/var/log/suricata/alert-json.log",
        "sourcetype": "suricata:alert",
        "splunk_server": "index01"
      }
    ],
    "e": [
      {
        "Message": "A process has exited.\n\nSubject:\n\tSecurity ID:\t\tNT AUTHORITY\\SYSTEM\n\tAccount Name:\t\tAD-00$\n\tAccount Domain:\t\tCORP\n\tLogon ID:\t\t0x3E7\n\nProcess Information:\n\tProcess ID:\t0x688\n\tProcess Name:\tC:\\Program Files\\SplunkUniversalForwarder\\bin\\splunk-MonitorNoHandle.exe\n\tExit Status:\t0x1",
        "_bkt": "main~45~B135F5F1-8761-4D6B-9993-723ECD8DFAF7",
        "_cd": "45:384219450",
        "_indextime": "1541279563",
        "_pre_msg": "11/03/2018 09:12:42 PM\nLogName=Security\nSourceName=Microsoft Windows security auditing.\nEventCode=4689\nEventType=0\nType=Information\nComputerName=ad-00.corp.wheelzapp.com\nTaskCategory=Process Termination\nOpCode=Info\nRecordNumber=856764\nKeywords=Audit Success",
        "_raw": "11/03/2018 09:12:42 PM\nLogName=Security\nSourceName=Microsoft Windows security auditing.\nEventCode=4689\nEventType=0\nType=Information\nComputerName=ad-00.corp.wheelzapp.com\nTaskCategory=Process Termination\nOpCode=Info\nRecordNumber=856764\nKeywords=Audit Success\nMessage=A process has exited.\n\nSubject:\n\tSecurity ID:\t\tNT AUTHORITY\\SYSTEM\n\tAccount Name:\t\tAD-00$\n\tAccount Domain:\t\tCORP\n\tLogon ID:\t\t0x3E7\n\nProcess Information:\n\tProcess ID:\t0x688\n\tProcess Name:\tC:\\Program Files\\SplunkUniversalForwarder\\bin\\splunk-MonitorNoHandle.exe\n\tExit Status:\t0x1",
        "_serial": "301748",
        "_si": [
          "index01",
          "main"
        ],
        "_time": "2018-11-03 21:12:42.000 UTC",
        "host": "t1-corp-ad-00",
        "index": "main",
        "linecount": "23",
        "source": "WinEventLog:Security",
        "sourcetype": "WinEventLog",
        "splunk_server": "index01"
      },
      {
        "Message": "A new process has been created.\n\nCreator Subject:\n\tSecurity ID:\t\tNT AUTHORITY\\SYSTEM\n\tAccount Name:\t\tAD-00$\n\tAccount Domain:\t\tCORP\n\tLogon ID:\t\t0x3E7\n\nTarget Subject:\n\tSecurity ID:\t\tNULL SID\n\tAccount Name:\t\t-\n\tAccount Domain:\t\t-\n\tLogon ID:\t\t0x0\n\nProcess Information:\n\tNew Process ID:\t\t0x688\n\tNew Process Name:\tC:\\Program Files\\SplunkUniversalForwarder\\bin\\splunk-MonitorNoHandle.exe\n\tToken Elevation Type:\t%%1936\n\tMandatory Label:\t\tMandatory Label\\System Mandatory Level\n\tCreator Process ID:\t0xd28\n\tCreator Process Name:\tC:\\Program Files\\SplunkUniversalForwarder\\bin\\splunkd.exe\n\tProcess Command Line:\t\n\nToken Elevation Type indicates the type of token that was assigned to the new process in accordance with User Account Control policy.\n\nType 1 is a full token with no privileges removed or groups disabled.  A full token is only used if User Account Control is disabled or if the user is the built-in Administrator account or a service account.\n\nType 2 is an elevated token with no privileges removed or groups disabled.  An elevated token is used when User Account Control is enabled and the user chooses to start the program using Run as administrator.  An elevated token is also used when an application is configured to always require administrative privilege or to always require maximum privilege, and the user is a member of the Administrators group.\n\nType 3 is a limited token with administrative privileges removed and administrative groups disabled.  The limited token is used when User Account Control is enabled, the application does not require administrative privilege, and the user does not choose to start the program using Run as administrator.",
        "_bkt": "main~45~B135F5F1-8761-4D6B-9993-723ECD8DFAF7",
        "_cd": "45:384219387",
        "_indextime": "1541279563",
        "_pre_msg": "11/03/2018 09:12:42 PM\nLogName=Security\nSourceName=Microsoft Windows security auditing.\nEventCode=4688\nEventType=0\nType=Information\nComputerName=ad-00.corp.wheelzapp.com\nTaskCategory=Process Creation\nOpCode=Info\nRecordNumber=856763\nKeywords=Audit Success",
